[2024-07-10T01:38:18.634+0000] {processor.py:161} INFO - Started process (PID=110) to work on /opt/airflow/dags/__pycache__/segundadag.py
[2024-07-10T01:38:18.635+0000] {processor.py:830} INFO - Processing file /opt/airflow/dags/__pycache__/segundadag.py for tasks to queue
[2024-07-10T01:38:18.636+0000] {logging_mixin.py:188} INFO - [2024-07-10T01:38:18.636+0000] {dagbag.py:545} INFO - Filling up the DagBag from /opt/airflow/dags/__pycache__/segundadag.py
[2024-07-10T01:38:18.666+0000] {processor.py:840} INFO - DAG(s) 'primeira_dag' retrieved from /opt/airflow/dags/__pycache__/segundadag.py
[2024-07-10T01:38:18.786+0000] {logging_mixin.py:188} INFO - [2024-07-10T01:38:18.785+0000] {dag.py:3096} INFO - Sync 1 DAGs
[2024-07-10T01:38:18.800+0000] {logging_mixin.py:188} INFO - [2024-07-10T01:38:18.800+0000] {dag.py:3954} INFO - Setting next_dagrun for primeira_dag to None, run_after=None
[2024-07-10T01:38:18.826+0000] {processor.py:183} INFO - Processing /opt/airflow/dags/__pycache__/segundadag.py took 0.196 seconds
[2024-07-10T01:38:48.931+0000] {processor.py:161} INFO - Started process (PID=118) to work on /opt/airflow/dags/__pycache__/segundadag.py
[2024-07-10T01:38:48.932+0000] {processor.py:830} INFO - Processing file /opt/airflow/dags/__pycache__/segundadag.py for tasks to queue
[2024-07-10T01:38:48.934+0000] {logging_mixin.py:188} INFO - [2024-07-10T01:38:48.934+0000] {dagbag.py:545} INFO - Filling up the DagBag from /opt/airflow/dags/__pycache__/segundadag.py
[2024-07-10T01:38:48.957+0000] {processor.py:840} INFO - DAG(s) 'primeira_dag' retrieved from /opt/airflow/dags/__pycache__/segundadag.py
[2024-07-10T01:38:48.988+0000] {logging_mixin.py:188} INFO - [2024-07-10T01:38:48.988+0000] {dag.py:3096} INFO - Sync 1 DAGs
[2024-07-10T01:38:49.003+0000] {logging_mixin.py:188} INFO - [2024-07-10T01:38:49.002+0000] {dag.py:3954} INFO - Setting next_dagrun for primeira_dag to None, run_after=None
[2024-07-10T01:38:49.022+0000] {processor.py:183} INFO - Processing /opt/airflow/dags/__pycache__/segundadag.py took 0.096 seconds
[2024-07-10T01:39:01.142+0000] {processor.py:161} INFO - Started process (PID=126) to work on /opt/airflow/dags/__pycache__/segundadag.py
[2024-07-10T01:39:01.143+0000] {processor.py:830} INFO - Processing file /opt/airflow/dags/__pycache__/segundadag.py for tasks to queue
[2024-07-10T01:39:01.145+0000] {logging_mixin.py:188} INFO - [2024-07-10T01:39:01.145+0000] {dagbag.py:545} INFO - Filling up the DagBag from /opt/airflow/dags/__pycache__/segundadag.py
[2024-07-10T01:39:01.184+0000] {processor.py:840} INFO - DAG(s) 'segu_dag' retrieved from /opt/airflow/dags/__pycache__/segundadag.py
[2024-07-10T01:39:01.291+0000] {logging_mixin.py:188} INFO - [2024-07-10T01:39:01.291+0000] {override.py:1829} INFO - Created Permission View: can read on DAG:segu_dag
[2024-07-10T01:39:01.302+0000] {logging_mixin.py:188} INFO - [2024-07-10T01:39:01.302+0000] {override.py:1829} INFO - Created Permission View: can edit on DAG:segu_dag
[2024-07-10T01:39:01.309+0000] {logging_mixin.py:188} INFO - [2024-07-10T01:39:01.309+0000] {override.py:1829} INFO - Created Permission View: can delete on DAG:segu_dag
[2024-07-10T01:39:01.310+0000] {logging_mixin.py:188} INFO - [2024-07-10T01:39:01.310+0000] {dag.py:3096} INFO - Sync 1 DAGs
[2024-07-10T01:39:01.322+0000] {logging_mixin.py:188} INFO - [2024-07-10T01:39:01.322+0000] {dag.py:3118} INFO - Creating ORM DAG for segu_dag
[2024-07-10T01:39:01.323+0000] {logging_mixin.py:188} INFO - [2024-07-10T01:39:01.323+0000] {dag.py:3954} INFO - Setting next_dagrun for segu_dag to None, run_after=None
[2024-07-10T01:39:01.343+0000] {processor.py:183} INFO - Processing /opt/airflow/dags/__pycache__/segundadag.py took 0.206 seconds
[2024-07-10T01:39:02.401+0000] {processor.py:161} INFO - Started process (PID=127) to work on /opt/airflow/dags/__pycache__/segundadag.py
[2024-07-10T01:39:02.402+0000] {processor.py:830} INFO - Processing file /opt/airflow/dags/__pycache__/segundadag.py for tasks to queue
[2024-07-10T01:39:02.404+0000] {logging_mixin.py:188} INFO - [2024-07-10T01:39:02.404+0000] {dagbag.py:545} INFO - Filling up the DagBag from /opt/airflow/dags/__pycache__/segundadag.py
[2024-07-10T01:39:02.444+0000] {processor.py:840} INFO - DAG(s) 'segunda_dag' retrieved from /opt/airflow/dags/__pycache__/segundadag.py
[2024-07-10T01:39:02.560+0000] {logging_mixin.py:188} INFO - [2024-07-10T01:39:02.559+0000] {override.py:1829} INFO - Created Permission View: can read on DAG:segunda_dag
[2024-07-10T01:39:02.571+0000] {logging_mixin.py:188} INFO - [2024-07-10T01:39:02.571+0000] {override.py:1829} INFO - Created Permission View: can edit on DAG:segunda_dag
[2024-07-10T01:39:02.579+0000] {logging_mixin.py:188} INFO - [2024-07-10T01:39:02.579+0000] {override.py:1829} INFO - Created Permission View: can delete on DAG:segunda_dag
[2024-07-10T01:39:02.580+0000] {logging_mixin.py:188} INFO - [2024-07-10T01:39:02.579+0000] {dag.py:3096} INFO - Sync 1 DAGs
[2024-07-10T01:39:02.592+0000] {logging_mixin.py:188} INFO - [2024-07-10T01:39:02.592+0000] {dag.py:3118} INFO - Creating ORM DAG for segunda_dag
[2024-07-10T01:39:02.593+0000] {logging_mixin.py:188} INFO - [2024-07-10T01:39:02.593+0000] {dag.py:3954} INFO - Setting next_dagrun for segunda_dag to None, run_after=None
[2024-07-10T01:39:02.613+0000] {processor.py:183} INFO - Processing /opt/airflow/dags/__pycache__/segundadag.py took 0.218 seconds
[2024-07-10T01:39:06.682+0000] {processor.py:161} INFO - Started process (PID=128) to work on /opt/airflow/dags/__pycache__/segundadag.py
[2024-07-10T01:39:06.684+0000] {processor.py:830} INFO - Processing file /opt/airflow/dags/__pycache__/segundadag.py for tasks to queue
[2024-07-10T01:39:06.689+0000] {logging_mixin.py:188} INFO - [2024-07-10T01:39:06.689+0000] {dagbag.py:545} INFO - Filling up the DagBag from /opt/airflow/dags/__pycache__/segundadag.py
[2024-07-10T01:39:06.728+0000] {processor.py:840} INFO - DAG(s) 'segunda_dag' retrieved from /opt/airflow/dags/__pycache__/segundadag.py
[2024-07-10T01:39:06.739+0000] {logging_mixin.py:188} INFO - [2024-07-10T01:39:06.739+0000] {dag.py:3096} INFO - Sync 1 DAGs
[2024-07-10T01:39:06.754+0000] {logging_mixin.py:188} INFO - [2024-07-10T01:39:06.753+0000] {dag.py:3954} INFO - Setting next_dagrun for segunda_dag to None, run_after=None
[2024-07-10T01:39:06.779+0000] {processor.py:183} INFO - Processing /opt/airflow/dags/__pycache__/segundadag.py took 0.102 seconds
[2024-07-10T01:39:36.866+0000] {processor.py:161} INFO - Started process (PID=136) to work on /opt/airflow/dags/__pycache__/segundadag.py
[2024-07-10T01:39:36.867+0000] {processor.py:830} INFO - Processing file /opt/airflow/dags/__pycache__/segundadag.py for tasks to queue
[2024-07-10T01:39:36.869+0000] {logging_mixin.py:188} INFO - [2024-07-10T01:39:36.868+0000] {dagbag.py:545} INFO - Filling up the DagBag from /opt/airflow/dags/__pycache__/segundadag.py
[2024-07-10T01:39:36.889+0000] {processor.py:840} INFO - DAG(s) 'segunda_dag' retrieved from /opt/airflow/dags/__pycache__/segundadag.py
[2024-07-10T01:39:36.997+0000] {logging_mixin.py:188} INFO - [2024-07-10T01:39:36.997+0000] {dag.py:3096} INFO - Sync 1 DAGs
[2024-07-10T01:39:37.007+0000] {logging_mixin.py:188} INFO - [2024-07-10T01:39:37.007+0000] {dag.py:3954} INFO - Setting next_dagrun for segunda_dag to None, run_after=None
[2024-07-10T01:39:37.025+0000] {processor.py:183} INFO - Processing /opt/airflow/dags/__pycache__/segundadag.py took 0.164 seconds
[2024-07-10T01:39:57.176+0000] {processor.py:161} INFO - Started process (PID=144) to work on /opt/airflow/dags/__pycache__/segundadag.py
[2024-07-10T01:39:57.177+0000] {processor.py:830} INFO - Processing file /opt/airflow/dags/__pycache__/segundadag.py for tasks to queue
[2024-07-10T01:39:57.178+0000] {logging_mixin.py:188} INFO - [2024-07-10T01:39:57.178+0000] {dagbag.py:545} INFO - Filling up the DagBag from /opt/airflow/dags/__pycache__/segundadag.py
[2024-07-10T01:39:57.215+0000] {processor.py:840} INFO - DAG(s) 'segunda_dag' retrieved from /opt/airflow/dags/__pycache__/segundadag.py
[2024-07-10T01:39:57.225+0000] {logging_mixin.py:188} INFO - [2024-07-10T01:39:57.225+0000] {dag.py:3096} INFO - Sync 1 DAGs
[2024-07-10T01:39:57.239+0000] {logging_mixin.py:188} INFO - [2024-07-10T01:39:57.238+0000] {dag.py:3954} INFO - Setting next_dagrun for segunda_dag to None, run_after=None
[2024-07-10T01:39:57.262+0000] {processor.py:183} INFO - Processing /opt/airflow/dags/__pycache__/segundadag.py took 0.091 seconds
[2024-07-10T01:40:01.239+0000] {processor.py:161} INFO - Started process (PID=145) to work on /opt/airflow/dags/__pycache__/segundadag.py
[2024-07-10T01:40:01.240+0000] {processor.py:830} INFO - Processing file /opt/airflow/dags/__pycache__/segundadag.py for tasks to queue
[2024-07-10T01:40:01.241+0000] {logging_mixin.py:188} INFO - [2024-07-10T01:40:01.241+0000] {dagbag.py:545} INFO - Filling up the DagBag from /opt/airflow/dags/__pycache__/segundadag.py
[2024-07-10T01:40:01.272+0000] {logging_mixin.py:188} INFO - [2024-07-10T01:40:01.267+0000] {dagbag.py:355} ERROR - Failed to import: /opt/airflow/dags/__pycache__/segundadag.py
Traceback (most recent call last):
  File "/home/airflow/.local/lib/python3.12/site-packages/airflow/models/dagbag.py", line 351, in parse
    loader.exec_module(new_module)
  File "<frozen importlib._bootstrap_external>", line 995, in exec_module
  File "<frozen importlib._bootstrap>", line 488, in _call_with_frames_removed
  File "/opt/airflow/dags/__pycache__/segundadag.py", line 8, in <module>
    schedule_interval=None, start_date=datetime(2024, 7, ),
                                     ^^^^^^^^^^^^^^^^^^^
TypeError: function missing required argument 'day' (pos 3)
[2024-07-10T01:40:01.273+0000] {processor.py:842} WARNING - No viable dags retrieved from /opt/airflow/dags/__pycache__/segundadag.py
[2024-07-10T01:40:01.290+0000] {processor.py:183} INFO - Processing /opt/airflow/dags/__pycache__/segundadag.py took 0.055 seconds
[2024-07-10T01:40:02.328+0000] {processor.py:161} INFO - Started process (PID=146) to work on /opt/airflow/dags/__pycache__/segundadag.py
[2024-07-10T01:40:02.329+0000] {processor.py:830} INFO - Processing file /opt/airflow/dags/__pycache__/segundadag.py for tasks to queue
[2024-07-10T01:40:02.330+0000] {logging_mixin.py:188} INFO - [2024-07-10T01:40:02.330+0000] {dagbag.py:545} INFO - Filling up the DagBag from /opt/airflow/dags/__pycache__/segundadag.py
[2024-07-10T01:40:02.357+0000] {processor.py:840} INFO - DAG(s) 'segunda_dag' retrieved from /opt/airflow/dags/__pycache__/segundadag.py
[2024-07-10T01:40:02.367+0000] {logging_mixin.py:188} INFO - [2024-07-10T01:40:02.366+0000] {dag.py:3096} INFO - Sync 1 DAGs
[2024-07-10T01:40:02.380+0000] {logging_mixin.py:188} INFO - [2024-07-10T01:40:02.379+0000] {dag.py:3954} INFO - Setting next_dagrun for segunda_dag to None, run_after=None
[2024-07-10T01:40:02.403+0000] {processor.py:183} INFO - Processing /opt/airflow/dags/__pycache__/segundadag.py took 0.079 seconds
[2024-07-10T01:40:21.745+0000] {processor.py:161} INFO - Started process (PID=149) to work on /opt/airflow/dags/__pycache__/segundadag.py
[2024-07-10T01:40:21.746+0000] {processor.py:830} INFO - Processing file /opt/airflow/dags/__pycache__/segundadag.py for tasks to queue
[2024-07-10T01:40:21.746+0000] {logging_mixin.py:188} INFO - [2024-07-10T01:40:21.746+0000] {dagbag.py:545} INFO - Filling up the DagBag from /opt/airflow/dags/__pycache__/segundadag.py
[2024-07-10T01:40:21.768+0000] {logging_mixin.py:188} INFO - [2024-07-10T01:40:21.767+0000] {dagbag.py:355} ERROR - Failed to import: /opt/airflow/dags/__pycache__/segundadag.py
Traceback (most recent call last):
  File "/home/airflow/.local/lib/python3.12/site-packages/airflow/models/dagbag.py", line 351, in parse
    loader.exec_module(new_module)
  File "<frozen importlib._bootstrap_external>", line 991, in exec_module
  File "<frozen importlib._bootstrap_external>", line 1129, in get_code
  File "<frozen importlib._bootstrap_external>", line 1059, in source_to_code
  File "<frozen importlib._bootstrap>", line 488, in _call_with_frames_removed
  File "/opt/airflow/dags/__pycache__/segundadag.py", line 20
    task1 >> task2 task3
                   ^^^^^
SyntaxError: invalid syntax
[2024-07-10T01:40:21.769+0000] {processor.py:842} WARNING - No viable dags retrieved from /opt/airflow/dags/__pycache__/segundadag.py
[2024-07-10T01:40:21.785+0000] {processor.py:183} INFO - Processing /opt/airflow/dags/__pycache__/segundadag.py took 0.045 seconds
[2024-07-10T01:40:25.788+0000] {processor.py:161} INFO - Started process (PID=156) to work on /opt/airflow/dags/__pycache__/segundadag.py
[2024-07-10T01:40:25.788+0000] {processor.py:830} INFO - Processing file /opt/airflow/dags/__pycache__/segundadag.py for tasks to queue
[2024-07-10T01:40:25.789+0000] {logging_mixin.py:188} INFO - [2024-07-10T01:40:25.789+0000] {dagbag.py:545} INFO - Filling up the DagBag from /opt/airflow/dags/__pycache__/segundadag.py
[2024-07-10T01:40:25.805+0000] {logging_mixin.py:188} INFO - [2024-07-10T01:40:25.804+0000] {dagbag.py:355} ERROR - Failed to import: /opt/airflow/dags/__pycache__/segundadag.py
Traceback (most recent call last):
  File "/home/airflow/.local/lib/python3.12/site-packages/airflow/models/dagbag.py", line 351, in parse
    loader.exec_module(new_module)
  File "<frozen importlib._bootstrap_external>", line 991, in exec_module
  File "<frozen importlib._bootstrap_external>", line 1129, in get_code
  File "<frozen importlib._bootstrap_external>", line 1059, in source_to_code
  File "<frozen importlib._bootstrap>", line 488, in _call_with_frames_removed
  File "/opt/airflow/dags/__pycache__/segundadag.py", line 20
    task1 >> [task2 task3
             ^
SyntaxError: '[' was never closed
[2024-07-10T01:40:25.806+0000] {processor.py:842} WARNING - No viable dags retrieved from /opt/airflow/dags/__pycache__/segundadag.py
[2024-07-10T01:40:25.824+0000] {processor.py:183} INFO - Processing /opt/airflow/dags/__pycache__/segundadag.py took 0.041 seconds
[2024-07-10T01:40:29.880+0000] {processor.py:161} INFO - Started process (PID=157) to work on /opt/airflow/dags/__pycache__/segundadag.py
[2024-07-10T01:40:29.881+0000] {processor.py:830} INFO - Processing file /opt/airflow/dags/__pycache__/segundadag.py for tasks to queue
[2024-07-10T01:40:29.882+0000] {logging_mixin.py:188} INFO - [2024-07-10T01:40:29.882+0000] {dagbag.py:545} INFO - Filling up the DagBag from /opt/airflow/dags/__pycache__/segundadag.py
[2024-07-10T01:40:29.905+0000] {logging_mixin.py:188} INFO - [2024-07-10T01:40:29.904+0000] {dagbag.py:355} ERROR - Failed to import: /opt/airflow/dags/__pycache__/segundadag.py
Traceback (most recent call last):
  File "/home/airflow/.local/lib/python3.12/site-packages/airflow/models/dagbag.py", line 351, in parse
    loader.exec_module(new_module)
  File "<frozen importlib._bootstrap_external>", line 991, in exec_module
  File "<frozen importlib._bootstrap_external>", line 1129, in get_code
  File "<frozen importlib._bootstrap_external>", line 1059, in source_to_code
  File "<frozen importlib._bootstrap>", line 488, in _call_with_frames_removed
  File "/opt/airflow/dags/__pycache__/segundadag.py", line 20
    task1 >> [task2, task3
             ^
SyntaxError: '[' was never closed
[2024-07-10T01:40:29.906+0000] {processor.py:842} WARNING - No viable dags retrieved from /opt/airflow/dags/__pycache__/segundadag.py
[2024-07-10T01:40:29.923+0000] {processor.py:183} INFO - Processing /opt/airflow/dags/__pycache__/segundadag.py took 0.048 seconds
[2024-07-10T01:40:32.921+0000] {processor.py:161} INFO - Started process (PID=158) to work on /opt/airflow/dags/__pycache__/segundadag.py
[2024-07-10T01:40:32.922+0000] {processor.py:830} INFO - Processing file /opt/airflow/dags/__pycache__/segundadag.py for tasks to queue
[2024-07-10T01:40:32.923+0000] {logging_mixin.py:188} INFO - [2024-07-10T01:40:32.923+0000] {dagbag.py:545} INFO - Filling up the DagBag from /opt/airflow/dags/__pycache__/segundadag.py
[2024-07-10T01:40:32.961+0000] {processor.py:840} INFO - DAG(s) 'segunda_dag' retrieved from /opt/airflow/dags/__pycache__/segundadag.py
[2024-07-10T01:40:33.078+0000] {logging_mixin.py:188} INFO - [2024-07-10T01:40:33.078+0000] {dag.py:3096} INFO - Sync 1 DAGs
[2024-07-10T01:40:33.090+0000] {logging_mixin.py:188} INFO - [2024-07-10T01:40:33.090+0000] {dag.py:3954} INFO - Setting next_dagrun for segunda_dag to None, run_after=None
[2024-07-10T01:40:33.119+0000] {processor.py:183} INFO - Processing /opt/airflow/dags/__pycache__/segundadag.py took 0.205 seconds
[2024-07-10T01:40:33.991+0000] {processor.py:161} INFO - Started process (PID=159) to work on /opt/airflow/dags/__pycache__/segundadag.py
[2024-07-10T01:40:33.992+0000] {processor.py:830} INFO - Processing file /opt/airflow/dags/__pycache__/segundadag.py for tasks to queue
[2024-07-10T01:40:33.993+0000] {logging_mixin.py:188} INFO - [2024-07-10T01:40:33.993+0000] {dagbag.py:545} INFO - Filling up the DagBag from /opt/airflow/dags/__pycache__/segundadag.py
[2024-07-10T01:40:34.029+0000] {processor.py:840} INFO - DAG(s) 'segunda_dag' retrieved from /opt/airflow/dags/__pycache__/segundadag.py
[2024-07-10T01:40:34.040+0000] {logging_mixin.py:188} INFO - [2024-07-10T01:40:34.040+0000] {dag.py:3096} INFO - Sync 1 DAGs
[2024-07-10T01:40:34.055+0000] {logging_mixin.py:188} INFO - [2024-07-10T01:40:34.054+0000] {dag.py:3954} INFO - Setting next_dagrun for segunda_dag to None, run_after=None
[2024-07-10T01:40:34.082+0000] {processor.py:183} INFO - Processing /opt/airflow/dags/__pycache__/segundadag.py took 0.096 seconds
[2024-07-10T01:40:35.137+0000] {processor.py:161} INFO - Started process (PID=160) to work on /opt/airflow/dags/__pycache__/segundadag.py
[2024-07-10T01:40:35.138+0000] {processor.py:830} INFO - Processing file /opt/airflow/dags/__pycache__/segundadag.py for tasks to queue
[2024-07-10T01:40:35.139+0000] {logging_mixin.py:188} INFO - [2024-07-10T01:40:35.139+0000] {dagbag.py:545} INFO - Filling up the DagBag from /opt/airflow/dags/__pycache__/segundadag.py
[2024-07-10T01:40:35.175+0000] {processor.py:840} INFO - DAG(s) 'segunda_dag' retrieved from /opt/airflow/dags/__pycache__/segundadag.py
[2024-07-10T01:40:35.186+0000] {logging_mixin.py:188} INFO - [2024-07-10T01:40:35.186+0000] {dag.py:3096} INFO - Sync 1 DAGs
[2024-07-10T01:40:35.200+0000] {logging_mixin.py:188} INFO - [2024-07-10T01:40:35.200+0000] {dag.py:3954} INFO - Setting next_dagrun for segunda_dag to None, run_after=None
[2024-07-10T01:40:35.224+0000] {processor.py:183} INFO - Processing /opt/airflow/dags/__pycache__/segundadag.py took 0.094 seconds
[2024-07-10T01:40:37.165+0000] {processor.py:161} INFO - Started process (PID=161) to work on /opt/airflow/dags/__pycache__/segundadag.py
[2024-07-10T01:40:37.166+0000] {processor.py:830} INFO - Processing file /opt/airflow/dags/__pycache__/segundadag.py for tasks to queue
[2024-07-10T01:40:37.167+0000] {logging_mixin.py:188} INFO - [2024-07-10T01:40:37.167+0000] {dagbag.py:545} INFO - Filling up the DagBag from /opt/airflow/dags/__pycache__/segundadag.py
[2024-07-10T01:40:37.211+0000] {processor.py:840} INFO - DAG(s) 'segunda_dag' retrieved from /opt/airflow/dags/__pycache__/segundadag.py
[2024-07-10T01:40:37.222+0000] {logging_mixin.py:188} INFO - [2024-07-10T01:40:37.221+0000] {dag.py:3096} INFO - Sync 1 DAGs
[2024-07-10T01:40:37.237+0000] {logging_mixin.py:188} INFO - [2024-07-10T01:40:37.236+0000] {dag.py:3954} INFO - Setting next_dagrun for segunda_dag to None, run_after=None
[2024-07-10T01:40:37.266+0000] {processor.py:183} INFO - Processing /opt/airflow/dags/__pycache__/segundadag.py took 0.106 seconds
[2024-07-10T01:40:40.334+0000] {processor.py:161} INFO - Started process (PID=162) to work on /opt/airflow/dags/__pycache__/segundadag.py
[2024-07-10T01:40:40.335+0000] {processor.py:830} INFO - Processing file /opt/airflow/dags/__pycache__/segundadag.py for tasks to queue
[2024-07-10T01:40:40.336+0000] {logging_mixin.py:188} INFO - [2024-07-10T01:40:40.336+0000] {dagbag.py:545} INFO - Filling up the DagBag from /opt/airflow/dags/__pycache__/segundadag.py
[2024-07-10T01:40:40.374+0000] {processor.py:840} INFO - DAG(s) 'segunda_dag' retrieved from /opt/airflow/dags/__pycache__/segundadag.py
[2024-07-10T01:40:40.387+0000] {logging_mixin.py:188} INFO - [2024-07-10T01:40:40.387+0000] {dag.py:3096} INFO - Sync 1 DAGs
[2024-07-10T01:40:40.402+0000] {logging_mixin.py:188} INFO - [2024-07-10T01:40:40.402+0000] {dag.py:3954} INFO - Setting next_dagrun for segunda_dag to None, run_after=None
[2024-07-10T01:40:40.429+0000] {processor.py:183} INFO - Processing /opt/airflow/dags/__pycache__/segundadag.py took 0.100 seconds
[2024-07-10T01:40:49.517+0000] {processor.py:161} INFO - Started process (PID=164) to work on /opt/airflow/dags/__pycache__/segundadag.py
[2024-07-10T01:40:49.518+0000] {processor.py:830} INFO - Processing file /opt/airflow/dags/__pycache__/segundadag.py for tasks to queue
[2024-07-10T01:40:49.519+0000] {logging_mixin.py:188} INFO - [2024-07-10T01:40:49.518+0000] {dagbag.py:545} INFO - Filling up the DagBag from /opt/airflow/dags/__pycache__/segundadag.py
[2024-07-10T01:40:49.557+0000] {processor.py:840} INFO - DAG(s) 'segunda_dag' retrieved from /opt/airflow/dags/__pycache__/segundadag.py
[2024-07-10T01:40:49.570+0000] {logging_mixin.py:188} INFO - [2024-07-10T01:40:49.569+0000] {dag.py:3096} INFO - Sync 1 DAGs
[2024-07-10T01:40:49.585+0000] {logging_mixin.py:188} INFO - [2024-07-10T01:40:49.585+0000] {dag.py:3954} INFO - Setting next_dagrun for segunda_dag to None, run_after=None
[2024-07-10T01:40:49.610+0000] {processor.py:183} INFO - Processing /opt/airflow/dags/__pycache__/segundadag.py took 0.099 seconds
[2024-07-10T01:41:19.823+0000] {processor.py:161} INFO - Started process (PID=172) to work on /opt/airflow/dags/__pycache__/segundadag.py
[2024-07-10T01:41:19.824+0000] {processor.py:830} INFO - Processing file /opt/airflow/dags/__pycache__/segundadag.py for tasks to queue
[2024-07-10T01:41:19.825+0000] {logging_mixin.py:188} INFO - [2024-07-10T01:41:19.825+0000] {dagbag.py:545} INFO - Filling up the DagBag from /opt/airflow/dags/__pycache__/segundadag.py
[2024-07-10T01:41:19.854+0000] {processor.py:840} INFO - DAG(s) 'segunda_dag' retrieved from /opt/airflow/dags/__pycache__/segundadag.py
[2024-07-10T01:41:19.889+0000] {logging_mixin.py:188} INFO - [2024-07-10T01:41:19.889+0000] {dag.py:3096} INFO - Sync 1 DAGs
[2024-07-10T01:41:19.904+0000] {logging_mixin.py:188} INFO - [2024-07-10T01:41:19.903+0000] {dag.py:3954} INFO - Setting next_dagrun for segunda_dag to None, run_after=None
[2024-07-10T01:41:19.927+0000] {processor.py:183} INFO - Processing /opt/airflow/dags/__pycache__/segundadag.py took 0.111 seconds
[2024-07-10T01:41:50.128+0000] {processor.py:161} INFO - Started process (PID=180) to work on /opt/airflow/dags/__pycache__/segundadag.py
[2024-07-10T01:41:50.129+0000] {processor.py:830} INFO - Processing file /opt/airflow/dags/__pycache__/segundadag.py for tasks to queue
[2024-07-10T01:41:50.130+0000] {logging_mixin.py:188} INFO - [2024-07-10T01:41:50.130+0000] {dagbag.py:545} INFO - Filling up the DagBag from /opt/airflow/dags/__pycache__/segundadag.py
[2024-07-10T01:41:50.153+0000] {processor.py:840} INFO - DAG(s) 'segunda_dag' retrieved from /opt/airflow/dags/__pycache__/segundadag.py
[2024-07-10T01:41:50.179+0000] {logging_mixin.py:188} INFO - [2024-07-10T01:41:50.178+0000] {dag.py:3096} INFO - Sync 1 DAGs
[2024-07-10T01:41:50.192+0000] {logging_mixin.py:188} INFO - [2024-07-10T01:41:50.191+0000] {dag.py:3954} INFO - Setting next_dagrun for segunda_dag to None, run_after=None
[2024-07-10T01:41:50.214+0000] {processor.py:183} INFO - Processing /opt/airflow/dags/__pycache__/segundadag.py took 0.090 seconds
[2024-07-10T01:42:20.410+0000] {processor.py:161} INFO - Started process (PID=188) to work on /opt/airflow/dags/__pycache__/segundadag.py
[2024-07-10T01:42:20.411+0000] {processor.py:830} INFO - Processing file /opt/airflow/dags/__pycache__/segundadag.py for tasks to queue
[2024-07-10T01:42:20.412+0000] {logging_mixin.py:188} INFO - [2024-07-10T01:42:20.412+0000] {dagbag.py:545} INFO - Filling up the DagBag from /opt/airflow/dags/__pycache__/segundadag.py
[2024-07-10T01:42:20.444+0000] {processor.py:840} INFO - DAG(s) 'segunda_dag' retrieved from /opt/airflow/dags/__pycache__/segundadag.py
[2024-07-10T01:42:20.471+0000] {logging_mixin.py:188} INFO - [2024-07-10T01:42:20.471+0000] {dag.py:3096} INFO - Sync 1 DAGs
[2024-07-10T01:42:20.494+0000] {logging_mixin.py:188} INFO - [2024-07-10T01:42:20.493+0000] {dag.py:3954} INFO - Setting next_dagrun for segunda_dag to None, run_after=None
[2024-07-10T01:42:20.514+0000] {processor.py:183} INFO - Processing /opt/airflow/dags/__pycache__/segundadag.py took 0.109 seconds
[2024-07-10T01:42:50.715+0000] {processor.py:161} INFO - Started process (PID=196) to work on /opt/airflow/dags/__pycache__/segundadag.py
[2024-07-10T01:42:50.716+0000] {processor.py:830} INFO - Processing file /opt/airflow/dags/__pycache__/segundadag.py for tasks to queue
[2024-07-10T01:42:50.717+0000] {logging_mixin.py:188} INFO - [2024-07-10T01:42:50.717+0000] {dagbag.py:545} INFO - Filling up the DagBag from /opt/airflow/dags/__pycache__/segundadag.py
[2024-07-10T01:42:50.739+0000] {processor.py:840} INFO - DAG(s) 'segunda_dag' retrieved from /opt/airflow/dags/__pycache__/segundadag.py
[2024-07-10T01:42:50.767+0000] {logging_mixin.py:188} INFO - [2024-07-10T01:42:50.767+0000] {dag.py:3096} INFO - Sync 1 DAGs
[2024-07-10T01:42:50.781+0000] {logging_mixin.py:188} INFO - [2024-07-10T01:42:50.781+0000] {dag.py:3954} INFO - Setting next_dagrun for segunda_dag to None, run_after=None
[2024-07-10T01:42:50.800+0000] {processor.py:183} INFO - Processing /opt/airflow/dags/__pycache__/segundadag.py took 0.089 seconds
