[2024-07-10T01:48:19.833+0000] {processor.py:161} INFO - Started process (PID=297) to work on /opt/airflow/dags/quartadag.py
[2024-07-10T01:48:19.834+0000] {processor.py:830} INFO - Processing file /opt/airflow/dags/quartadag.py for tasks to queue
[2024-07-10T01:48:19.836+0000] {logging_mixin.py:188} INFO - [2024-07-10T01:48:19.836+0000] {dagbag.py:545} INFO - Filling up the DagBag from /opt/airflow/dags/quartadag.py
[2024-07-10T01:48:19.858+0000] {logging_mixin.py:188} INFO - [2024-07-10T01:48:19.857+0000] {dagbag.py:355} ERROR - Failed to import: /opt/airflow/dags/quartadag.py
Traceback (most recent call last):
  File "/home/airflow/.local/lib/python3.12/site-packages/airflow/models/dagbag.py", line 351, in parse
    loader.exec_module(new_module)
  File "<frozen importlib._bootstrap_external>", line 991, in exec_module
  File "<frozen importlib._bootstrap_external>", line 1129, in get_code
  File "<frozen importlib._bootstrap_external>", line 1059, in source_to_code
  File "<frozen importlib._bootstrap>", line 488, in _call_with_frames_removed
  File "/opt/airflow/dags/quartadag.py", line 8
    catchup=False) as dag
                         ^
SyntaxError: expected ':'
[2024-07-10T01:48:19.860+0000] {processor.py:842} WARNING - No viable dags retrieved from /opt/airflow/dags/quartadag.py
[2024-07-10T01:48:19.885+0000] {processor.py:183} INFO - Processing /opt/airflow/dags/quartadag.py took 0.061 seconds
[2024-07-10T01:48:25.021+0000] {processor.py:161} INFO - Started process (PID=306) to work on /opt/airflow/dags/quartadag.py
[2024-07-10T01:48:25.022+0000] {processor.py:830} INFO - Processing file /opt/airflow/dags/quartadag.py for tasks to queue
[2024-07-10T01:48:25.023+0000] {logging_mixin.py:188} INFO - [2024-07-10T01:48:25.023+0000] {dagbag.py:545} INFO - Filling up the DagBag from /opt/airflow/dags/quartadag.py
[2024-07-10T01:48:25.040+0000] {logging_mixin.py:188} INFO - [2024-07-10T01:48:25.039+0000] {dagbag.py:355} ERROR - Failed to import: /opt/airflow/dags/quartadag.py
Traceback (most recent call last):
  File "/home/airflow/.local/lib/python3.12/site-packages/airflow/models/dagbag.py", line 351, in parse
    loader.exec_module(new_module)
  File "<frozen importlib._bootstrap_external>", line 991, in exec_module
  File "<frozen importlib._bootstrap_external>", line 1129, in get_code
  File "<frozen importlib._bootstrap_external>", line 1059, in source_to_code
  File "<frozen importlib._bootstrap>", line 488, in _call_with_frames_removed
  File "/opt/airflow/dags/quartadag.py", line 8
    catchup=False) as dag
                         ^
SyntaxError: expected ':'
[2024-07-10T01:48:25.041+0000] {processor.py:842} WARNING - No viable dags retrieved from /opt/airflow/dags/quartadag.py
[2024-07-10T01:48:25.064+0000] {processor.py:183} INFO - Processing /opt/airflow/dags/quartadag.py took 0.049 seconds
[2024-07-10T01:48:27.076+0000] {processor.py:161} INFO - Started process (PID=307) to work on /opt/airflow/dags/quartadag.py
[2024-07-10T01:48:27.077+0000] {processor.py:830} INFO - Processing file /opt/airflow/dags/quartadag.py for tasks to queue
[2024-07-10T01:48:27.078+0000] {logging_mixin.py:188} INFO - [2024-07-10T01:48:27.078+0000] {dagbag.py:545} INFO - Filling up the DagBag from /opt/airflow/dags/quartadag.py
[2024-07-10T01:48:27.091+0000] {logging_mixin.py:188} INFO - [2024-07-10T01:48:27.090+0000] {dagbag.py:355} ERROR - Failed to import: /opt/airflow/dags/quartadag.py
Traceback (most recent call last):
  File "/home/airflow/.local/lib/python3.12/site-packages/airflow/models/dagbag.py", line 351, in parse
    loader.exec_module(new_module)
  File "<frozen importlib._bootstrap_external>", line 991, in exec_module
  File "<frozen importlib._bootstrap_external>", line 1129, in get_code
  File "<frozen importlib._bootstrap_external>", line 1059, in source_to_code
  File "<frozen importlib._bootstrap>", line 488, in _call_with_frames_removed
  File "/opt/airflow/dags/quartadag.py", line 8
    catchup=False) as dag
                         ^
SyntaxError: expected ':'
[2024-07-10T01:48:27.092+0000] {processor.py:842} WARNING - No viable dags retrieved from /opt/airflow/dags/quartadag.py
[2024-07-10T01:48:27.107+0000] {processor.py:183} INFO - Processing /opt/airflow/dags/quartadag.py took 0.035 seconds
[2024-07-10T01:48:28.128+0000] {processor.py:161} INFO - Started process (PID=308) to work on /opt/airflow/dags/quartadag.py
[2024-07-10T01:48:28.129+0000] {processor.py:830} INFO - Processing file /opt/airflow/dags/quartadag.py for tasks to queue
[2024-07-10T01:48:28.130+0000] {logging_mixin.py:188} INFO - [2024-07-10T01:48:28.130+0000] {dagbag.py:545} INFO - Filling up the DagBag from /opt/airflow/dags/quartadag.py
[2024-07-10T01:48:28.147+0000] {logging_mixin.py:188} INFO - [2024-07-10T01:48:28.146+0000] {dagbag.py:355} ERROR - Failed to import: /opt/airflow/dags/quartadag.py
Traceback (most recent call last):
  File "/home/airflow/.local/lib/python3.12/site-packages/airflow/models/dagbag.py", line 351, in parse
    loader.exec_module(new_module)
  File "<frozen importlib._bootstrap_external>", line 991, in exec_module
  File "<frozen importlib._bootstrap_external>", line 1129, in get_code
  File "<frozen importlib._bootstrap_external>", line 1059, in source_to_code
  File "<frozen importlib._bootstrap>", line 488, in _call_with_frames_removed
  File "/opt/airflow/dags/quartadag.py", line 8
    catchup=False) as dag
                         ^
SyntaxError: expected ':'
[2024-07-10T01:48:28.148+0000] {processor.py:842} WARNING - No viable dags retrieved from /opt/airflow/dags/quartadag.py
[2024-07-10T01:48:28.163+0000] {processor.py:183} INFO - Processing /opt/airflow/dags/quartadag.py took 0.039 seconds
[2024-07-10T01:48:50.346+0000] {processor.py:161} INFO - Started process (PID=310) to work on /opt/airflow/dags/quartadag.py
[2024-07-10T01:48:50.347+0000] {processor.py:830} INFO - Processing file /opt/airflow/dags/quartadag.py for tasks to queue
[2024-07-10T01:48:50.348+0000] {logging_mixin.py:188} INFO - [2024-07-10T01:48:50.347+0000] {dagbag.py:545} INFO - Filling up the DagBag from /opt/airflow/dags/quartadag.py
[2024-07-10T01:48:50.360+0000] {logging_mixin.py:188} INFO - [2024-07-10T01:48:50.358+0000] {dagbag.py:355} ERROR - Failed to import: /opt/airflow/dags/quartadag.py
Traceback (most recent call last):
  File "/home/airflow/.local/lib/python3.12/site-packages/airflow/models/dagbag.py", line 351, in parse
    loader.exec_module(new_module)
  File "<frozen importlib._bootstrap_external>", line 991, in exec_module
  File "<frozen importlib._bootstrap_external>", line 1129, in get_code
  File "<frozen importlib._bootstrap_external>", line 1059, in source_to_code
  File "<frozen importlib._bootstrap>", line 488, in _call_with_frames_removed
  File "/opt/airflow/dags/quartadag.py", line 8
    catchup=False) as dag
                         ^
SyntaxError: expected ':'
[2024-07-10T01:48:50.361+0000] {processor.py:842} WARNING - No viable dags retrieved from /opt/airflow/dags/quartadag.py
[2024-07-10T01:48:50.378+0000] {processor.py:183} INFO - Processing /opt/airflow/dags/quartadag.py took 0.038 seconds
[2024-07-10T01:48:52.436+0000] {processor.py:161} INFO - Started process (PID=312) to work on /opt/airflow/dags/quartadag.py
[2024-07-10T01:48:52.437+0000] {processor.py:830} INFO - Processing file /opt/airflow/dags/quartadag.py for tasks to queue
[2024-07-10T01:48:52.438+0000] {logging_mixin.py:188} INFO - [2024-07-10T01:48:52.438+0000] {dagbag.py:545} INFO - Filling up the DagBag from /opt/airflow/dags/quartadag.py
[2024-07-10T01:48:52.453+0000] {logging_mixin.py:188} INFO - [2024-07-10T01:48:52.452+0000] {dagbag.py:355} ERROR - Failed to import: /opt/airflow/dags/quartadag.py
Traceback (most recent call last):
  File "/home/airflow/.local/lib/python3.12/site-packages/airflow/models/dagbag.py", line 351, in parse
    loader.exec_module(new_module)
  File "<frozen importlib._bootstrap_external>", line 991, in exec_module
  File "<frozen importlib._bootstrap_external>", line 1129, in get_code
  File "<frozen importlib._bootstrap_external>", line 1059, in source_to_code
  File "<frozen importlib._bootstrap>", line 488, in _call_with_frames_removed
  File "/opt/airflow/dags/quartadag.py", line 8
    catchup=False) as dag
                         ^
SyntaxError: expected ':'
[2024-07-10T01:48:52.454+0000] {processor.py:842} WARNING - No viable dags retrieved from /opt/airflow/dags/quartadag.py
[2024-07-10T01:48:52.476+0000] {processor.py:183} INFO - Processing /opt/airflow/dags/quartadag.py took 0.045 seconds
[2024-07-10T01:48:55.537+0000] {processor.py:161} INFO - Started process (PID=320) to work on /opt/airflow/dags/quartadag.py
[2024-07-10T01:48:55.538+0000] {processor.py:830} INFO - Processing file /opt/airflow/dags/quartadag.py for tasks to queue
[2024-07-10T01:48:55.539+0000] {logging_mixin.py:188} INFO - [2024-07-10T01:48:55.539+0000] {dagbag.py:545} INFO - Filling up the DagBag from /opt/airflow/dags/quartadag.py
[2024-07-10T01:48:55.552+0000] {logging_mixin.py:188} INFO - [2024-07-10T01:48:55.551+0000] {dagbag.py:355} ERROR - Failed to import: /opt/airflow/dags/quartadag.py
Traceback (most recent call last):
  File "/home/airflow/.local/lib/python3.12/site-packages/airflow/models/dagbag.py", line 351, in parse
    loader.exec_module(new_module)
  File "<frozen importlib._bootstrap_external>", line 991, in exec_module
  File "<frozen importlib._bootstrap_external>", line 1129, in get_code
  File "<frozen importlib._bootstrap_external>", line 1059, in source_to_code
  File "<frozen importlib._bootstrap>", line 488, in _call_with_frames_removed
  File "/opt/airflow/dags/quartadag.py", line 8
    catchup=False) as dag
                         ^
SyntaxError: expected ':'
[2024-07-10T01:48:55.553+0000] {processor.py:842} WARNING - No viable dags retrieved from /opt/airflow/dags/quartadag.py
[2024-07-10T01:48:55.569+0000] {processor.py:183} INFO - Processing /opt/airflow/dags/quartadag.py took 0.036 seconds
[2024-07-10T01:49:01.600+0000] {processor.py:161} INFO - Started process (PID=321) to work on /opt/airflow/dags/quartadag.py
[2024-07-10T01:49:01.601+0000] {processor.py:830} INFO - Processing file /opt/airflow/dags/quartadag.py for tasks to queue
[2024-07-10T01:49:01.602+0000] {logging_mixin.py:188} INFO - [2024-07-10T01:49:01.602+0000] {dagbag.py:545} INFO - Filling up the DagBag from /opt/airflow/dags/quartadag.py
[2024-07-10T01:49:01.616+0000] {logging_mixin.py:188} INFO - [2024-07-10T01:49:01.614+0000] {dagbag.py:355} ERROR - Failed to import: /opt/airflow/dags/quartadag.py
Traceback (most recent call last):
  File "/home/airflow/.local/lib/python3.12/site-packages/airflow/models/dagbag.py", line 351, in parse
    loader.exec_module(new_module)
  File "<frozen importlib._bootstrap_external>", line 991, in exec_module
  File "<frozen importlib._bootstrap_external>", line 1129, in get_code
  File "<frozen importlib._bootstrap_external>", line 1059, in source_to_code
  File "<frozen importlib._bootstrap>", line 488, in _call_with_frames_removed
  File "/opt/airflow/dags/quartadag.py", line 8
    catchup=False) as dag
                         ^
SyntaxError: expected ':'
[2024-07-10T01:49:01.617+0000] {processor.py:842} WARNING - No viable dags retrieved from /opt/airflow/dags/quartadag.py
[2024-07-10T01:49:01.632+0000] {processor.py:183} INFO - Processing /opt/airflow/dags/quartadag.py took 0.038 seconds
[2024-07-10T01:49:03.686+0000] {processor.py:161} INFO - Started process (PID=323) to work on /opt/airflow/dags/quartadag.py
[2024-07-10T01:49:03.688+0000] {processor.py:830} INFO - Processing file /opt/airflow/dags/quartadag.py for tasks to queue
[2024-07-10T01:49:03.689+0000] {logging_mixin.py:188} INFO - [2024-07-10T01:49:03.689+0000] {dagbag.py:545} INFO - Filling up the DagBag from /opt/airflow/dags/quartadag.py
[2024-07-10T01:49:03.700+0000] {logging_mixin.py:188} INFO - [2024-07-10T01:49:03.699+0000] {dagbag.py:355} ERROR - Failed to import: /opt/airflow/dags/quartadag.py
Traceback (most recent call last):
  File "/home/airflow/.local/lib/python3.12/site-packages/airflow/models/dagbag.py", line 351, in parse
    loader.exec_module(new_module)
  File "<frozen importlib._bootstrap_external>", line 991, in exec_module
  File "<frozen importlib._bootstrap_external>", line 1129, in get_code
  File "<frozen importlib._bootstrap_external>", line 1059, in source_to_code
  File "<frozen importlib._bootstrap>", line 488, in _call_with_frames_removed
  File "/opt/airflow/dags/quartadag.py", line 8
    catchup=False) as dag
                         ^
SyntaxError: expected ':'
[2024-07-10T01:49:03.701+0000] {processor.py:842} WARNING - No viable dags retrieved from /opt/airflow/dags/quartadag.py
[2024-07-10T01:49:03.717+0000] {processor.py:183} INFO - Processing /opt/airflow/dags/quartadag.py took 0.035 seconds
[2024-07-10T01:49:04.711+0000] {processor.py:161} INFO - Started process (PID=324) to work on /opt/airflow/dags/quartadag.py
[2024-07-10T01:49:04.712+0000] {processor.py:830} INFO - Processing file /opt/airflow/dags/quartadag.py for tasks to queue
[2024-07-10T01:49:04.713+0000] {logging_mixin.py:188} INFO - [2024-07-10T01:49:04.713+0000] {dagbag.py:545} INFO - Filling up the DagBag from /opt/airflow/dags/quartadag.py
[2024-07-10T01:49:04.735+0000] {logging_mixin.py:188} INFO - [2024-07-10T01:49:04.733+0000] {dagbag.py:355} ERROR - Failed to import: /opt/airflow/dags/quartadag.py
Traceback (most recent call last):
  File "/home/airflow/.local/lib/python3.12/site-packages/airflow/models/dagbag.py", line 351, in parse
    loader.exec_module(new_module)
  File "<frozen importlib._bootstrap_external>", line 991, in exec_module
  File "<frozen importlib._bootstrap_external>", line 1129, in get_code
  File "<frozen importlib._bootstrap_external>", line 1059, in source_to_code
  File "<frozen importlib._bootstrap>", line 488, in _call_with_frames_removed
  File "/opt/airflow/dags/quartadag.py", line 8
    catchup=False) as dag
                         ^
SyntaxError: expected ':'
[2024-07-10T01:49:04.736+0000] {processor.py:842} WARNING - No viable dags retrieved from /opt/airflow/dags/quartadag.py
[2024-07-10T01:49:04.753+0000] {processor.py:183} INFO - Processing /opt/airflow/dags/quartadag.py took 0.046 seconds
[2024-07-10T01:49:05.771+0000] {processor.py:161} INFO - Started process (PID=325) to work on /opt/airflow/dags/quartadag.py
[2024-07-10T01:49:05.772+0000] {processor.py:830} INFO - Processing file /opt/airflow/dags/quartadag.py for tasks to queue
[2024-07-10T01:49:05.773+0000] {logging_mixin.py:188} INFO - [2024-07-10T01:49:05.773+0000] {dagbag.py:545} INFO - Filling up the DagBag from /opt/airflow/dags/quartadag.py
[2024-07-10T01:49:05.784+0000] {logging_mixin.py:188} INFO - [2024-07-10T01:49:05.783+0000] {dagbag.py:355} ERROR - Failed to import: /opt/airflow/dags/quartadag.py
Traceback (most recent call last):
  File "/home/airflow/.local/lib/python3.12/site-packages/airflow/models/dagbag.py", line 351, in parse
    loader.exec_module(new_module)
  File "<frozen importlib._bootstrap_external>", line 991, in exec_module
  File "<frozen importlib._bootstrap_external>", line 1129, in get_code
  File "<frozen importlib._bootstrap_external>", line 1059, in source_to_code
  File "<frozen importlib._bootstrap>", line 488, in _call_with_frames_removed
  File "/opt/airflow/dags/quartadag.py", line 8
    catchup=False) as dag
                         ^
SyntaxError: expected ':'
[2024-07-10T01:49:05.785+0000] {processor.py:842} WARNING - No viable dags retrieved from /opt/airflow/dags/quartadag.py
[2024-07-10T01:49:05.801+0000] {processor.py:183} INFO - Processing /opt/airflow/dags/quartadag.py took 0.034 seconds
[2024-07-10T01:49:23.972+0000] {processor.py:161} INFO - Started process (PID=327) to work on /opt/airflow/dags/quartadag.py
[2024-07-10T01:49:23.974+0000] {processor.py:830} INFO - Processing file /opt/airflow/dags/quartadag.py for tasks to queue
[2024-07-10T01:49:23.976+0000] {logging_mixin.py:188} INFO - [2024-07-10T01:49:23.975+0000] {dagbag.py:545} INFO - Filling up the DagBag from /opt/airflow/dags/quartadag.py
[2024-07-10T01:49:24.026+0000] {processor.py:840} INFO - DAG(s) 'quarta_dag' retrieved from /opt/airflow/dags/quartadag.py
[2024-07-10T01:49:24.171+0000] {logging_mixin.py:188} INFO - [2024-07-10T01:49:24.170+0000] {override.py:1829} INFO - Created Permission View: can read on DAG:quarta_dag
[2024-07-10T01:49:24.182+0000] {logging_mixin.py:188} INFO - [2024-07-10T01:49:24.182+0000] {override.py:1829} INFO - Created Permission View: can edit on DAG:quarta_dag
[2024-07-10T01:49:24.190+0000] {logging_mixin.py:188} INFO - [2024-07-10T01:49:24.190+0000] {override.py:1829} INFO - Created Permission View: can delete on DAG:quarta_dag
[2024-07-10T01:49:24.191+0000] {logging_mixin.py:188} INFO - [2024-07-10T01:49:24.191+0000] {dag.py:3096} INFO - Sync 1 DAGs
[2024-07-10T01:49:24.206+0000] {logging_mixin.py:188} INFO - [2024-07-10T01:49:24.206+0000] {dag.py:3118} INFO - Creating ORM DAG for quarta_dag
[2024-07-10T01:49:24.207+0000] {logging_mixin.py:188} INFO - [2024-07-10T01:49:24.207+0000] {dag.py:3954} INFO - Setting next_dagrun for quarta_dag to None, run_after=None
[2024-07-10T01:49:24.232+0000] {processor.py:183} INFO - Processing /opt/airflow/dags/quartadag.py took 0.265 seconds
[2024-07-10T01:49:54.497+0000] {processor.py:161} INFO - Started process (PID=343) to work on /opt/airflow/dags/quartadag.py
[2024-07-10T01:49:54.498+0000] {processor.py:830} INFO - Processing file /opt/airflow/dags/quartadag.py for tasks to queue
[2024-07-10T01:49:54.499+0000] {logging_mixin.py:188} INFO - [2024-07-10T01:49:54.499+0000] {dagbag.py:545} INFO - Filling up the DagBag from /opt/airflow/dags/quartadag.py
[2024-07-10T01:49:54.520+0000] {processor.py:840} INFO - DAG(s) 'quarta_dag' retrieved from /opt/airflow/dags/quartadag.py
[2024-07-10T01:49:54.551+0000] {logging_mixin.py:188} INFO - [2024-07-10T01:49:54.551+0000] {dag.py:3096} INFO - Sync 1 DAGs
[2024-07-10T01:49:54.565+0000] {logging_mixin.py:188} INFO - [2024-07-10T01:49:54.564+0000] {dag.py:3954} INFO - Setting next_dagrun for quarta_dag to None, run_after=None
[2024-07-10T01:49:54.586+0000] {processor.py:183} INFO - Processing /opt/airflow/dags/quartadag.py took 0.094 seconds
[2024-07-10T01:50:24.939+0000] {processor.py:161} INFO - Started process (PID=353) to work on /opt/airflow/dags/quartadag.py
[2024-07-10T01:50:24.940+0000] {processor.py:830} INFO - Processing file /opt/airflow/dags/quartadag.py for tasks to queue
[2024-07-10T01:50:24.941+0000] {logging_mixin.py:188} INFO - [2024-07-10T01:50:24.941+0000] {dagbag.py:545} INFO - Filling up the DagBag from /opt/airflow/dags/quartadag.py
[2024-07-10T01:50:24.960+0000] {processor.py:840} INFO - DAG(s) 'quarta_dag' retrieved from /opt/airflow/dags/quartadag.py
[2024-07-10T01:50:24.986+0000] {logging_mixin.py:188} INFO - [2024-07-10T01:50:24.986+0000] {dag.py:3096} INFO - Sync 1 DAGs
[2024-07-10T01:50:24.998+0000] {logging_mixin.py:188} INFO - [2024-07-10T01:50:24.998+0000] {dag.py:3954} INFO - Setting next_dagrun for quarta_dag to None, run_after=None
[2024-07-10T01:50:25.015+0000] {processor.py:183} INFO - Processing /opt/airflow/dags/quartadag.py took 0.081 seconds
[2024-07-10T01:50:55.339+0000] {processor.py:161} INFO - Started process (PID=363) to work on /opt/airflow/dags/quartadag.py
[2024-07-10T01:50:55.340+0000] {processor.py:830} INFO - Processing file /opt/airflow/dags/quartadag.py for tasks to queue
[2024-07-10T01:50:55.340+0000] {logging_mixin.py:188} INFO - [2024-07-10T01:50:55.340+0000] {dagbag.py:545} INFO - Filling up the DagBag from /opt/airflow/dags/quartadag.py
[2024-07-10T01:50:55.363+0000] {processor.py:840} INFO - DAG(s) 'quarta_dag' retrieved from /opt/airflow/dags/quartadag.py
[2024-07-10T01:50:55.389+0000] {logging_mixin.py:188} INFO - [2024-07-10T01:50:55.389+0000] {dag.py:3096} INFO - Sync 1 DAGs
[2024-07-10T01:50:55.401+0000] {logging_mixin.py:188} INFO - [2024-07-10T01:50:55.401+0000] {dag.py:3954} INFO - Setting next_dagrun for quarta_dag to None, run_after=None
[2024-07-10T01:50:55.419+0000] {processor.py:183} INFO - Processing /opt/airflow/dags/quartadag.py took 0.085 seconds
[2024-07-10T01:51:25.664+0000] {processor.py:161} INFO - Started process (PID=373) to work on /opt/airflow/dags/quartadag.py
[2024-07-10T01:51:25.665+0000] {processor.py:830} INFO - Processing file /opt/airflow/dags/quartadag.py for tasks to queue
[2024-07-10T01:51:25.666+0000] {logging_mixin.py:188} INFO - [2024-07-10T01:51:25.665+0000] {dagbag.py:545} INFO - Filling up the DagBag from /opt/airflow/dags/quartadag.py
[2024-07-10T01:51:25.685+0000] {processor.py:840} INFO - DAG(s) 'quarta_dag' retrieved from /opt/airflow/dags/quartadag.py
[2024-07-10T01:51:25.710+0000] {logging_mixin.py:188} INFO - [2024-07-10T01:51:25.710+0000] {dag.py:3096} INFO - Sync 1 DAGs
[2024-07-10T01:51:25.723+0000] {logging_mixin.py:188} INFO - [2024-07-10T01:51:25.722+0000] {dag.py:3954} INFO - Setting next_dagrun for quarta_dag to None, run_after=None
[2024-07-10T01:51:25.741+0000] {processor.py:183} INFO - Processing /opt/airflow/dags/quartadag.py took 0.084 seconds
[2024-07-10T01:51:56.065+0000] {processor.py:161} INFO - Started process (PID=383) to work on /opt/airflow/dags/quartadag.py
[2024-07-10T01:51:56.066+0000] {processor.py:830} INFO - Processing file /opt/airflow/dags/quartadag.py for tasks to queue
[2024-07-10T01:51:56.067+0000] {logging_mixin.py:188} INFO - [2024-07-10T01:51:56.067+0000] {dagbag.py:545} INFO - Filling up the DagBag from /opt/airflow/dags/quartadag.py
[2024-07-10T01:51:56.086+0000] {processor.py:840} INFO - DAG(s) 'quarta_dag' retrieved from /opt/airflow/dags/quartadag.py
[2024-07-10T01:51:56.113+0000] {logging_mixin.py:188} INFO - [2024-07-10T01:51:56.113+0000] {dag.py:3096} INFO - Sync 1 DAGs
[2024-07-10T01:51:56.127+0000] {logging_mixin.py:188} INFO - [2024-07-10T01:51:56.126+0000] {dag.py:3954} INFO - Setting next_dagrun for quarta_dag to None, run_after=None
[2024-07-10T01:51:56.144+0000] {processor.py:183} INFO - Processing /opt/airflow/dags/quartadag.py took 0.083 seconds
[2024-07-10T01:52:26.393+0000] {processor.py:161} INFO - Started process (PID=393) to work on /opt/airflow/dags/quartadag.py
[2024-07-10T01:52:26.393+0000] {processor.py:830} INFO - Processing file /opt/airflow/dags/quartadag.py for tasks to queue
[2024-07-10T01:52:26.394+0000] {logging_mixin.py:188} INFO - [2024-07-10T01:52:26.394+0000] {dagbag.py:545} INFO - Filling up the DagBag from /opt/airflow/dags/quartadag.py
[2024-07-10T01:52:26.415+0000] {processor.py:840} INFO - DAG(s) 'quarta_dag' retrieved from /opt/airflow/dags/quartadag.py
[2024-07-10T01:52:26.441+0000] {logging_mixin.py:188} INFO - [2024-07-10T01:52:26.441+0000] {dag.py:3096} INFO - Sync 1 DAGs
[2024-07-10T01:52:26.454+0000] {logging_mixin.py:188} INFO - [2024-07-10T01:52:26.453+0000] {dag.py:3954} INFO - Setting next_dagrun for quarta_dag to None, run_after=None
[2024-07-10T01:52:26.471+0000] {processor.py:183} INFO - Processing /opt/airflow/dags/quartadag.py took 0.084 seconds
[2024-07-10T01:52:56.780+0000] {processor.py:161} INFO - Started process (PID=403) to work on /opt/airflow/dags/quartadag.py
[2024-07-10T01:52:56.781+0000] {processor.py:830} INFO - Processing file /opt/airflow/dags/quartadag.py for tasks to queue
[2024-07-10T01:52:56.782+0000] {logging_mixin.py:188} INFO - [2024-07-10T01:52:56.782+0000] {dagbag.py:545} INFO - Filling up the DagBag from /opt/airflow/dags/quartadag.py
[2024-07-10T01:52:56.804+0000] {processor.py:840} INFO - DAG(s) 'quarta_dag' retrieved from /opt/airflow/dags/quartadag.py
[2024-07-10T01:52:56.830+0000] {logging_mixin.py:188} INFO - [2024-07-10T01:52:56.830+0000] {dag.py:3096} INFO - Sync 1 DAGs
[2024-07-10T01:52:56.843+0000] {logging_mixin.py:188} INFO - [2024-07-10T01:52:56.842+0000] {dag.py:3954} INFO - Setting next_dagrun for quarta_dag to None, run_after=None
[2024-07-10T01:52:56.861+0000] {processor.py:183} INFO - Processing /opt/airflow/dags/quartadag.py took 0.086 seconds
[2024-07-10T01:53:27.169+0000] {processor.py:161} INFO - Started process (PID=413) to work on /opt/airflow/dags/quartadag.py
[2024-07-10T01:53:27.170+0000] {processor.py:830} INFO - Processing file /opt/airflow/dags/quartadag.py for tasks to queue
[2024-07-10T01:53:27.171+0000] {logging_mixin.py:188} INFO - [2024-07-10T01:53:27.170+0000] {dagbag.py:545} INFO - Filling up the DagBag from /opt/airflow/dags/quartadag.py
[2024-07-10T01:53:27.192+0000] {processor.py:840} INFO - DAG(s) 'quarta_dag' retrieved from /opt/airflow/dags/quartadag.py
[2024-07-10T01:53:27.218+0000] {logging_mixin.py:188} INFO - [2024-07-10T01:53:27.217+0000] {dag.py:3096} INFO - Sync 1 DAGs
[2024-07-10T01:53:27.230+0000] {logging_mixin.py:188} INFO - [2024-07-10T01:53:27.230+0000] {dag.py:3954} INFO - Setting next_dagrun for quarta_dag to None, run_after=None
[2024-07-10T01:53:27.248+0000] {processor.py:183} INFO - Processing /opt/airflow/dags/quartadag.py took 0.083 seconds
[2024-07-10T01:53:57.605+0000] {processor.py:161} INFO - Started process (PID=423) to work on /opt/airflow/dags/quartadag.py
[2024-07-10T01:53:57.606+0000] {processor.py:830} INFO - Processing file /opt/airflow/dags/quartadag.py for tasks to queue
[2024-07-10T01:53:57.607+0000] {logging_mixin.py:188} INFO - [2024-07-10T01:53:57.607+0000] {dagbag.py:545} INFO - Filling up the DagBag from /opt/airflow/dags/quartadag.py
[2024-07-10T01:53:57.631+0000] {processor.py:840} INFO - DAG(s) 'quarta_dag' retrieved from /opt/airflow/dags/quartadag.py
[2024-07-10T01:53:57.660+0000] {logging_mixin.py:188} INFO - [2024-07-10T01:53:57.660+0000] {dag.py:3096} INFO - Sync 1 DAGs
[2024-07-10T01:53:57.676+0000] {logging_mixin.py:188} INFO - [2024-07-10T01:53:57.676+0000] {dag.py:3954} INFO - Setting next_dagrun for quarta_dag to None, run_after=None
[2024-07-10T01:53:57.698+0000] {processor.py:183} INFO - Processing /opt/airflow/dags/quartadag.py took 0.099 seconds
[2024-07-10T01:54:28.063+0000] {processor.py:161} INFO - Started process (PID=433) to work on /opt/airflow/dags/quartadag.py
[2024-07-10T01:54:28.064+0000] {processor.py:830} INFO - Processing file /opt/airflow/dags/quartadag.py for tasks to queue
[2024-07-10T01:54:28.065+0000] {logging_mixin.py:188} INFO - [2024-07-10T01:54:28.065+0000] {dagbag.py:545} INFO - Filling up the DagBag from /opt/airflow/dags/quartadag.py
[2024-07-10T01:54:28.089+0000] {processor.py:840} INFO - DAG(s) 'quarta_dag' retrieved from /opt/airflow/dags/quartadag.py
[2024-07-10T01:54:28.136+0000] {logging_mixin.py:188} INFO - [2024-07-10T01:54:28.135+0000] {dag.py:3096} INFO - Sync 1 DAGs
[2024-07-10T01:54:28.155+0000] {logging_mixin.py:188} INFO - [2024-07-10T01:54:28.155+0000] {dag.py:3954} INFO - Setting next_dagrun for quarta_dag to None, run_after=None
[2024-07-10T01:54:28.182+0000] {processor.py:183} INFO - Processing /opt/airflow/dags/quartadag.py took 0.124 seconds
[2024-07-10T01:54:58.397+0000] {processor.py:161} INFO - Started process (PID=443) to work on /opt/airflow/dags/quartadag.py
[2024-07-10T01:54:58.398+0000] {processor.py:830} INFO - Processing file /opt/airflow/dags/quartadag.py for tasks to queue
[2024-07-10T01:54:58.398+0000] {logging_mixin.py:188} INFO - [2024-07-10T01:54:58.398+0000] {dagbag.py:545} INFO - Filling up the DagBag from /opt/airflow/dags/quartadag.py
[2024-07-10T01:54:58.418+0000] {processor.py:840} INFO - DAG(s) 'quarta_dag' retrieved from /opt/airflow/dags/quartadag.py
[2024-07-10T01:54:58.445+0000] {logging_mixin.py:188} INFO - [2024-07-10T01:54:58.445+0000] {dag.py:3096} INFO - Sync 1 DAGs
[2024-07-10T01:54:58.458+0000] {logging_mixin.py:188} INFO - [2024-07-10T01:54:58.458+0000] {dag.py:3954} INFO - Setting next_dagrun for quarta_dag to None, run_after=None
[2024-07-10T01:54:58.476+0000] {processor.py:183} INFO - Processing /opt/airflow/dags/quartadag.py took 0.085 seconds
[2024-07-10T01:55:28.818+0000] {processor.py:161} INFO - Started process (PID=453) to work on /opt/airflow/dags/quartadag.py
[2024-07-10T01:55:28.819+0000] {processor.py:830} INFO - Processing file /opt/airflow/dags/quartadag.py for tasks to queue
[2024-07-10T01:55:28.821+0000] {logging_mixin.py:188} INFO - [2024-07-10T01:55:28.820+0000] {dagbag.py:545} INFO - Filling up the DagBag from /opt/airflow/dags/quartadag.py
[2024-07-10T01:55:28.845+0000] {processor.py:840} INFO - DAG(s) 'quarta_dag' retrieved from /opt/airflow/dags/quartadag.py
[2024-07-10T01:55:28.878+0000] {logging_mixin.py:188} INFO - [2024-07-10T01:55:28.877+0000] {dag.py:3096} INFO - Sync 1 DAGs
[2024-07-10T01:55:28.895+0000] {logging_mixin.py:188} INFO - [2024-07-10T01:55:28.895+0000] {dag.py:3954} INFO - Setting next_dagrun for quarta_dag to None, run_after=None
[2024-07-10T01:55:28.914+0000] {processor.py:183} INFO - Processing /opt/airflow/dags/quartadag.py took 0.101 seconds
[2024-07-10T01:55:59.260+0000] {processor.py:161} INFO - Started process (PID=463) to work on /opt/airflow/dags/quartadag.py
[2024-07-10T01:55:59.261+0000] {processor.py:830} INFO - Processing file /opt/airflow/dags/quartadag.py for tasks to queue
[2024-07-10T01:55:59.262+0000] {logging_mixin.py:188} INFO - [2024-07-10T01:55:59.261+0000] {dagbag.py:545} INFO - Filling up the DagBag from /opt/airflow/dags/quartadag.py
[2024-07-10T01:55:59.284+0000] {processor.py:840} INFO - DAG(s) 'quarta_dag' retrieved from /opt/airflow/dags/quartadag.py
[2024-07-10T01:55:59.311+0000] {logging_mixin.py:188} INFO - [2024-07-10T01:55:59.311+0000] {dag.py:3096} INFO - Sync 1 DAGs
[2024-07-10T01:55:59.325+0000] {logging_mixin.py:188} INFO - [2024-07-10T01:55:59.325+0000] {dag.py:3954} INFO - Setting next_dagrun for quarta_dag to None, run_after=None
[2024-07-10T01:55:59.344+0000] {processor.py:183} INFO - Processing /opt/airflow/dags/quartadag.py took 0.090 seconds
[2024-07-10T01:56:29.604+0000] {processor.py:161} INFO - Started process (PID=473) to work on /opt/airflow/dags/quartadag.py
[2024-07-10T01:56:29.605+0000] {processor.py:830} INFO - Processing file /opt/airflow/dags/quartadag.py for tasks to queue
[2024-07-10T01:56:29.606+0000] {logging_mixin.py:188} INFO - [2024-07-10T01:56:29.606+0000] {dagbag.py:545} INFO - Filling up the DagBag from /opt/airflow/dags/quartadag.py
[2024-07-10T01:56:29.627+0000] {processor.py:840} INFO - DAG(s) 'quarta_dag' retrieved from /opt/airflow/dags/quartadag.py
[2024-07-10T01:56:29.655+0000] {logging_mixin.py:188} INFO - [2024-07-10T01:56:29.654+0000] {dag.py:3096} INFO - Sync 1 DAGs
[2024-07-10T01:56:29.668+0000] {logging_mixin.py:188} INFO - [2024-07-10T01:56:29.667+0000] {dag.py:3954} INFO - Setting next_dagrun for quarta_dag to None, run_after=None
[2024-07-10T01:56:29.687+0000] {processor.py:183} INFO - Processing /opt/airflow/dags/quartadag.py took 0.088 seconds
[2024-07-10T01:56:59.972+0000] {processor.py:161} INFO - Started process (PID=483) to work on /opt/airflow/dags/quartadag.py
[2024-07-10T01:56:59.973+0000] {processor.py:830} INFO - Processing file /opt/airflow/dags/quartadag.py for tasks to queue
[2024-07-10T01:56:59.975+0000] {logging_mixin.py:188} INFO - [2024-07-10T01:56:59.974+0000] {dagbag.py:545} INFO - Filling up the DagBag from /opt/airflow/dags/quartadag.py
[2024-07-10T01:56:59.994+0000] {processor.py:840} INFO - DAG(s) 'quarta_dag' retrieved from /opt/airflow/dags/quartadag.py
[2024-07-10T01:57:00.025+0000] {logging_mixin.py:188} INFO - [2024-07-10T01:57:00.025+0000] {dag.py:3096} INFO - Sync 1 DAGs
[2024-07-10T01:57:00.039+0000] {logging_mixin.py:188} INFO - [2024-07-10T01:57:00.039+0000] {dag.py:3954} INFO - Setting next_dagrun for quarta_dag to None, run_after=None
[2024-07-10T01:57:00.059+0000] {processor.py:183} INFO - Processing /opt/airflow/dags/quartadag.py took 0.091 seconds
[2024-07-10T01:57:30.313+0000] {processor.py:161} INFO - Started process (PID=493) to work on /opt/airflow/dags/quartadag.py
[2024-07-10T01:57:30.314+0000] {processor.py:830} INFO - Processing file /opt/airflow/dags/quartadag.py for tasks to queue
[2024-07-10T01:57:30.315+0000] {logging_mixin.py:188} INFO - [2024-07-10T01:57:30.315+0000] {dagbag.py:545} INFO - Filling up the DagBag from /opt/airflow/dags/quartadag.py
[2024-07-10T01:57:30.334+0000] {processor.py:840} INFO - DAG(s) 'quarta_dag' retrieved from /opt/airflow/dags/quartadag.py
[2024-07-10T01:57:30.366+0000] {logging_mixin.py:188} INFO - [2024-07-10T01:57:30.366+0000] {dag.py:3096} INFO - Sync 1 DAGs
[2024-07-10T01:57:30.380+0000] {logging_mixin.py:188} INFO - [2024-07-10T01:57:30.380+0000] {dag.py:3954} INFO - Setting next_dagrun for quarta_dag to None, run_after=None
[2024-07-10T01:57:30.400+0000] {processor.py:183} INFO - Processing /opt/airflow/dags/quartadag.py took 0.091 seconds
[2024-07-10T01:58:00.746+0000] {processor.py:161} INFO - Started process (PID=503) to work on /opt/airflow/dags/quartadag.py
[2024-07-10T01:58:00.746+0000] {processor.py:830} INFO - Processing file /opt/airflow/dags/quartadag.py for tasks to queue
[2024-07-10T01:58:00.748+0000] {logging_mixin.py:188} INFO - [2024-07-10T01:58:00.748+0000] {dagbag.py:545} INFO - Filling up the DagBag from /opt/airflow/dags/quartadag.py
[2024-07-10T01:58:00.770+0000] {processor.py:840} INFO - DAG(s) 'quarta_dag' retrieved from /opt/airflow/dags/quartadag.py
[2024-07-10T01:58:00.801+0000] {logging_mixin.py:188} INFO - [2024-07-10T01:58:00.801+0000] {dag.py:3096} INFO - Sync 1 DAGs
[2024-07-10T01:58:00.816+0000] {logging_mixin.py:188} INFO - [2024-07-10T01:58:00.816+0000] {dag.py:3954} INFO - Setting next_dagrun for quarta_dag to None, run_after=None
[2024-07-10T01:58:00.837+0000] {processor.py:183} INFO - Processing /opt/airflow/dags/quartadag.py took 0.096 seconds
[2024-07-10T01:58:31.161+0000] {processor.py:161} INFO - Started process (PID=513) to work on /opt/airflow/dags/quartadag.py
[2024-07-10T01:58:31.162+0000] {processor.py:830} INFO - Processing file /opt/airflow/dags/quartadag.py for tasks to queue
[2024-07-10T01:58:31.163+0000] {logging_mixin.py:188} INFO - [2024-07-10T01:58:31.163+0000] {dagbag.py:545} INFO - Filling up the DagBag from /opt/airflow/dags/quartadag.py
[2024-07-10T01:58:31.181+0000] {processor.py:840} INFO - DAG(s) 'quarta_dag' retrieved from /opt/airflow/dags/quartadag.py
[2024-07-10T01:58:31.208+0000] {logging_mixin.py:188} INFO - [2024-07-10T01:58:31.207+0000] {dag.py:3096} INFO - Sync 1 DAGs
[2024-07-10T01:58:31.219+0000] {logging_mixin.py:188} INFO - [2024-07-10T01:58:31.219+0000] {dag.py:3954} INFO - Setting next_dagrun for quarta_dag to None, run_after=None
[2024-07-10T01:58:31.236+0000] {processor.py:183} INFO - Processing /opt/airflow/dags/quartadag.py took 0.081 seconds
[2024-07-10T01:59:01.570+0000] {processor.py:161} INFO - Started process (PID=523) to work on /opt/airflow/dags/quartadag.py
[2024-07-10T01:59:01.571+0000] {processor.py:830} INFO - Processing file /opt/airflow/dags/quartadag.py for tasks to queue
[2024-07-10T01:59:01.572+0000] {logging_mixin.py:188} INFO - [2024-07-10T01:59:01.571+0000] {dagbag.py:545} INFO - Filling up the DagBag from /opt/airflow/dags/quartadag.py
[2024-07-10T01:59:01.593+0000] {processor.py:840} INFO - DAG(s) 'quarta_dag' retrieved from /opt/airflow/dags/quartadag.py
[2024-07-10T01:59:01.617+0000] {logging_mixin.py:188} INFO - [2024-07-10T01:59:01.617+0000] {dag.py:3096} INFO - Sync 1 DAGs
[2024-07-10T01:59:01.629+0000] {logging_mixin.py:188} INFO - [2024-07-10T01:59:01.629+0000] {dag.py:3954} INFO - Setting next_dagrun for quarta_dag to None, run_after=None
[2024-07-10T01:59:01.646+0000] {processor.py:183} INFO - Processing /opt/airflow/dags/quartadag.py took 0.085 seconds
[2024-07-10T01:59:31.883+0000] {processor.py:161} INFO - Started process (PID=533) to work on /opt/airflow/dags/quartadag.py
[2024-07-10T01:59:31.884+0000] {processor.py:830} INFO - Processing file /opt/airflow/dags/quartadag.py for tasks to queue
[2024-07-10T01:59:31.885+0000] {logging_mixin.py:188} INFO - [2024-07-10T01:59:31.885+0000] {dagbag.py:545} INFO - Filling up the DagBag from /opt/airflow/dags/quartadag.py
[2024-07-10T01:59:31.904+0000] {processor.py:840} INFO - DAG(s) 'quarta_dag' retrieved from /opt/airflow/dags/quartadag.py
[2024-07-10T01:59:31.933+0000] {logging_mixin.py:188} INFO - [2024-07-10T01:59:31.932+0000] {dag.py:3096} INFO - Sync 1 DAGs
[2024-07-10T01:59:31.947+0000] {logging_mixin.py:188} INFO - [2024-07-10T01:59:31.946+0000] {dag.py:3954} INFO - Setting next_dagrun for quarta_dag to None, run_after=None
[2024-07-10T01:59:31.965+0000] {processor.py:183} INFO - Processing /opt/airflow/dags/quartadag.py took 0.087 seconds
[2024-07-10T02:00:02.263+0000] {processor.py:161} INFO - Started process (PID=543) to work on /opt/airflow/dags/quartadag.py
[2024-07-10T02:00:02.264+0000] {processor.py:830} INFO - Processing file /opt/airflow/dags/quartadag.py for tasks to queue
[2024-07-10T02:00:02.265+0000] {logging_mixin.py:188} INFO - [2024-07-10T02:00:02.265+0000] {dagbag.py:545} INFO - Filling up the DagBag from /opt/airflow/dags/quartadag.py
[2024-07-10T02:00:02.285+0000] {processor.py:840} INFO - DAG(s) 'quarta_dag' retrieved from /opt/airflow/dags/quartadag.py
[2024-07-10T02:00:02.311+0000] {logging_mixin.py:188} INFO - [2024-07-10T02:00:02.311+0000] {dag.py:3096} INFO - Sync 1 DAGs
[2024-07-10T02:00:02.325+0000] {logging_mixin.py:188} INFO - [2024-07-10T02:00:02.325+0000] {dag.py:3954} INFO - Setting next_dagrun for quarta_dag to None, run_after=None
[2024-07-10T02:00:02.345+0000] {processor.py:183} INFO - Processing /opt/airflow/dags/quartadag.py took 0.088 seconds
[2024-07-10T02:00:32.622+0000] {processor.py:161} INFO - Started process (PID=553) to work on /opt/airflow/dags/quartadag.py
[2024-07-10T02:00:32.623+0000] {processor.py:830} INFO - Processing file /opt/airflow/dags/quartadag.py for tasks to queue
[2024-07-10T02:00:32.624+0000] {logging_mixin.py:188} INFO - [2024-07-10T02:00:32.624+0000] {dagbag.py:545} INFO - Filling up the DagBag from /opt/airflow/dags/quartadag.py
[2024-07-10T02:00:32.648+0000] {processor.py:840} INFO - DAG(s) 'quarta_dag' retrieved from /opt/airflow/dags/quartadag.py
[2024-07-10T02:00:32.681+0000] {logging_mixin.py:188} INFO - [2024-07-10T02:00:32.681+0000] {dag.py:3096} INFO - Sync 1 DAGs
[2024-07-10T02:00:32.700+0000] {logging_mixin.py:188} INFO - [2024-07-10T02:00:32.699+0000] {dag.py:3954} INFO - Setting next_dagrun for quarta_dag to None, run_after=None
[2024-07-10T02:00:32.719+0000] {processor.py:183} INFO - Processing /opt/airflow/dags/quartadag.py took 0.104 seconds
[2024-07-10T02:01:03.044+0000] {processor.py:161} INFO - Started process (PID=563) to work on /opt/airflow/dags/quartadag.py
[2024-07-10T02:01:03.045+0000] {processor.py:830} INFO - Processing file /opt/airflow/dags/quartadag.py for tasks to queue
[2024-07-10T02:01:03.046+0000] {logging_mixin.py:188} INFO - [2024-07-10T02:01:03.045+0000] {dagbag.py:545} INFO - Filling up the DagBag from /opt/airflow/dags/quartadag.py
[2024-07-10T02:01:03.067+0000] {processor.py:840} INFO - DAG(s) 'quarta_dag' retrieved from /opt/airflow/dags/quartadag.py
[2024-07-10T02:01:03.098+0000] {logging_mixin.py:188} INFO - [2024-07-10T02:01:03.098+0000] {dag.py:3096} INFO - Sync 1 DAGs
[2024-07-10T02:01:03.112+0000] {logging_mixin.py:188} INFO - [2024-07-10T02:01:03.112+0000] {dag.py:3954} INFO - Setting next_dagrun for quarta_dag to None, run_after=None
[2024-07-10T02:01:03.131+0000] {processor.py:183} INFO - Processing /opt/airflow/dags/quartadag.py took 0.093 seconds
[2024-07-10T02:01:33.376+0000] {processor.py:161} INFO - Started process (PID=573) to work on /opt/airflow/dags/quartadag.py
[2024-07-10T02:01:33.377+0000] {processor.py:830} INFO - Processing file /opt/airflow/dags/quartadag.py for tasks to queue
[2024-07-10T02:01:33.378+0000] {logging_mixin.py:188} INFO - [2024-07-10T02:01:33.377+0000] {dagbag.py:545} INFO - Filling up the DagBag from /opt/airflow/dags/quartadag.py
[2024-07-10T02:01:33.397+0000] {processor.py:840} INFO - DAG(s) 'quarta_dag' retrieved from /opt/airflow/dags/quartadag.py
[2024-07-10T02:01:33.423+0000] {logging_mixin.py:188} INFO - [2024-07-10T02:01:33.422+0000] {dag.py:3096} INFO - Sync 1 DAGs
[2024-07-10T02:01:33.435+0000] {logging_mixin.py:188} INFO - [2024-07-10T02:01:33.435+0000] {dag.py:3954} INFO - Setting next_dagrun for quarta_dag to None, run_after=None
[2024-07-10T02:01:33.453+0000] {processor.py:183} INFO - Processing /opt/airflow/dags/quartadag.py took 0.084 seconds
[2024-07-10T02:02:03.767+0000] {processor.py:161} INFO - Started process (PID=583) to work on /opt/airflow/dags/quartadag.py
[2024-07-10T02:02:03.768+0000] {processor.py:830} INFO - Processing file /opt/airflow/dags/quartadag.py for tasks to queue
[2024-07-10T02:02:03.769+0000] {logging_mixin.py:188} INFO - [2024-07-10T02:02:03.769+0000] {dagbag.py:545} INFO - Filling up the DagBag from /opt/airflow/dags/quartadag.py
[2024-07-10T02:02:03.790+0000] {processor.py:840} INFO - DAG(s) 'quarta_dag' retrieved from /opt/airflow/dags/quartadag.py
[2024-07-10T02:02:03.818+0000] {logging_mixin.py:188} INFO - [2024-07-10T02:02:03.817+0000] {dag.py:3096} INFO - Sync 1 DAGs
[2024-07-10T02:02:03.832+0000] {logging_mixin.py:188} INFO - [2024-07-10T02:02:03.831+0000] {dag.py:3954} INFO - Setting next_dagrun for quarta_dag to None, run_after=None
[2024-07-10T02:02:03.850+0000] {processor.py:183} INFO - Processing /opt/airflow/dags/quartadag.py took 0.088 seconds
[2024-07-10T02:02:34.177+0000] {processor.py:161} INFO - Started process (PID=593) to work on /opt/airflow/dags/quartadag.py
[2024-07-10T02:02:34.178+0000] {processor.py:830} INFO - Processing file /opt/airflow/dags/quartadag.py for tasks to queue
[2024-07-10T02:02:34.179+0000] {logging_mixin.py:188} INFO - [2024-07-10T02:02:34.179+0000] {dagbag.py:545} INFO - Filling up the DagBag from /opt/airflow/dags/quartadag.py
[2024-07-10T02:02:34.200+0000] {processor.py:840} INFO - DAG(s) 'quarta_dag' retrieved from /opt/airflow/dags/quartadag.py
[2024-07-10T02:02:34.237+0000] {logging_mixin.py:188} INFO - [2024-07-10T02:02:34.237+0000] {dag.py:3096} INFO - Sync 1 DAGs
[2024-07-10T02:02:34.253+0000] {logging_mixin.py:188} INFO - [2024-07-10T02:02:34.252+0000] {dag.py:3954} INFO - Setting next_dagrun for quarta_dag to None, run_after=None
[2024-07-10T02:02:34.283+0000] {processor.py:183} INFO - Processing /opt/airflow/dags/quartadag.py took 0.111 seconds
[2024-07-10T02:03:04.511+0000] {processor.py:161} INFO - Started process (PID=603) to work on /opt/airflow/dags/quartadag.py
[2024-07-10T02:03:04.517+0000] {processor.py:830} INFO - Processing file /opt/airflow/dags/quartadag.py for tasks to queue
[2024-07-10T02:03:04.519+0000] {logging_mixin.py:188} INFO - [2024-07-10T02:03:04.518+0000] {dagbag.py:545} INFO - Filling up the DagBag from /opt/airflow/dags/quartadag.py
[2024-07-10T02:03:04.541+0000] {processor.py:840} INFO - DAG(s) 'quarta_dag' retrieved from /opt/airflow/dags/quartadag.py
[2024-07-10T02:03:04.571+0000] {logging_mixin.py:188} INFO - [2024-07-10T02:03:04.571+0000] {dag.py:3096} INFO - Sync 1 DAGs
[2024-07-10T02:03:04.585+0000] {logging_mixin.py:188} INFO - [2024-07-10T02:03:04.585+0000] {dag.py:3954} INFO - Setting next_dagrun for quarta_dag to None, run_after=None
[2024-07-10T02:03:04.607+0000] {processor.py:183} INFO - Processing /opt/airflow/dags/quartadag.py took 0.101 seconds
