[2024-07-10T01:43:19.065+0000] {processor.py:161} INFO - Started process (PID=205) to work on /opt/airflow/dags/segundadag.py
[2024-07-10T01:43:19.066+0000] {processor.py:830} INFO - Processing file /opt/airflow/dags/segundadag.py for tasks to queue
[2024-07-10T01:43:19.067+0000] {logging_mixin.py:188} INFO - [2024-07-10T01:43:19.067+0000] {dagbag.py:545} INFO - Filling up the DagBag from /opt/airflow/dags/segundadag.py
[2024-07-10T01:43:19.103+0000] {processor.py:840} INFO - DAG(s) 'segunda_dag' retrieved from /opt/airflow/dags/segundadag.py
[2024-07-10T01:43:19.226+0000] {logging_mixin.py:188} INFO - [2024-07-10T01:43:19.226+0000] {dag.py:3096} INFO - Sync 1 DAGs
[2024-07-10T01:43:19.239+0000] {logging_mixin.py:188} INFO - [2024-07-10T01:43:19.239+0000] {dag.py:3954} INFO - Setting next_dagrun for segunda_dag to None, run_after=None
[2024-07-10T01:43:19.266+0000] {processor.py:183} INFO - Processing /opt/airflow/dags/segundadag.py took 0.206 seconds
[2024-07-10T01:43:49.595+0000] {processor.py:161} INFO - Started process (PID=214) to work on /opt/airflow/dags/segundadag.py
[2024-07-10T01:43:49.596+0000] {processor.py:830} INFO - Processing file /opt/airflow/dags/segundadag.py for tasks to queue
[2024-07-10T01:43:49.597+0000] {logging_mixin.py:188} INFO - [2024-07-10T01:43:49.596+0000] {dagbag.py:545} INFO - Filling up the DagBag from /opt/airflow/dags/segundadag.py
[2024-07-10T01:43:49.614+0000] {processor.py:840} INFO - DAG(s) 'segunda_dag' retrieved from /opt/airflow/dags/segundadag.py
[2024-07-10T01:43:49.639+0000] {logging_mixin.py:188} INFO - [2024-07-10T01:43:49.639+0000] {dag.py:3096} INFO - Sync 1 DAGs
[2024-07-10T01:43:49.651+0000] {logging_mixin.py:188} INFO - [2024-07-10T01:43:49.651+0000] {dag.py:3954} INFO - Setting next_dagrun for segunda_dag to None, run_after=None
[2024-07-10T01:43:49.670+0000] {processor.py:183} INFO - Processing /opt/airflow/dags/segundadag.py took 0.080 seconds
[2024-07-10T01:44:19.927+0000] {processor.py:161} INFO - Started process (PID=226) to work on /opt/airflow/dags/segundadag.py
[2024-07-10T01:44:19.927+0000] {processor.py:830} INFO - Processing file /opt/airflow/dags/segundadag.py for tasks to queue
[2024-07-10T01:44:19.928+0000] {logging_mixin.py:188} INFO - [2024-07-10T01:44:19.928+0000] {dagbag.py:545} INFO - Filling up the DagBag from /opt/airflow/dags/segundadag.py
[2024-07-10T01:44:19.947+0000] {processor.py:840} INFO - DAG(s) 'segunda_dag' retrieved from /opt/airflow/dags/segundadag.py
[2024-07-10T01:44:19.975+0000] {logging_mixin.py:188} INFO - [2024-07-10T01:44:19.975+0000] {dag.py:3096} INFO - Sync 1 DAGs
[2024-07-10T01:44:19.989+0000] {logging_mixin.py:188} INFO - [2024-07-10T01:44:19.989+0000] {dag.py:3954} INFO - Setting next_dagrun for segunda_dag to None, run_after=None
[2024-07-10T01:44:20.008+0000] {processor.py:183} INFO - Processing /opt/airflow/dags/segundadag.py took 0.086 seconds
[2024-07-10T01:44:50.366+0000] {processor.py:161} INFO - Started process (PID=235) to work on /opt/airflow/dags/segundadag.py
[2024-07-10T01:44:50.367+0000] {processor.py:830} INFO - Processing file /opt/airflow/dags/segundadag.py for tasks to queue
[2024-07-10T01:44:50.368+0000] {logging_mixin.py:188} INFO - [2024-07-10T01:44:50.368+0000] {dagbag.py:545} INFO - Filling up the DagBag from /opt/airflow/dags/segundadag.py
[2024-07-10T01:44:50.388+0000] {processor.py:840} INFO - DAG(s) 'segunda_dag' retrieved from /opt/airflow/dags/segundadag.py
[2024-07-10T01:44:50.413+0000] {logging_mixin.py:188} INFO - [2024-07-10T01:44:50.412+0000] {dag.py:3096} INFO - Sync 1 DAGs
[2024-07-10T01:44:50.426+0000] {logging_mixin.py:188} INFO - [2024-07-10T01:44:50.425+0000] {dag.py:3954} INFO - Setting next_dagrun for segunda_dag to None, run_after=None
[2024-07-10T01:44:50.444+0000] {processor.py:183} INFO - Processing /opt/airflow/dags/segundadag.py took 0.083 seconds
[2024-07-10T01:45:20.682+0000] {processor.py:161} INFO - Started process (PID=244) to work on /opt/airflow/dags/segundadag.py
[2024-07-10T01:45:20.683+0000] {processor.py:830} INFO - Processing file /opt/airflow/dags/segundadag.py for tasks to queue
[2024-07-10T01:45:20.684+0000] {logging_mixin.py:188} INFO - [2024-07-10T01:45:20.684+0000] {dagbag.py:545} INFO - Filling up the DagBag from /opt/airflow/dags/segundadag.py
[2024-07-10T01:45:20.701+0000] {processor.py:840} INFO - DAG(s) 'segunda_dag' retrieved from /opt/airflow/dags/segundadag.py
[2024-07-10T01:45:20.727+0000] {logging_mixin.py:188} INFO - [2024-07-10T01:45:20.727+0000] {dag.py:3096} INFO - Sync 1 DAGs
[2024-07-10T01:45:20.740+0000] {logging_mixin.py:188} INFO - [2024-07-10T01:45:20.740+0000] {dag.py:3954} INFO - Setting next_dagrun for segunda_dag to None, run_after=None
[2024-07-10T01:45:20.760+0000] {processor.py:183} INFO - Processing /opt/airflow/dags/segundadag.py took 0.083 seconds
[2024-07-10T01:45:51.068+0000] {processor.py:161} INFO - Started process (PID=253) to work on /opt/airflow/dags/segundadag.py
[2024-07-10T01:45:51.069+0000] {processor.py:830} INFO - Processing file /opt/airflow/dags/segundadag.py for tasks to queue
[2024-07-10T01:45:51.070+0000] {logging_mixin.py:188} INFO - [2024-07-10T01:45:51.070+0000] {dagbag.py:545} INFO - Filling up the DagBag from /opt/airflow/dags/segundadag.py
[2024-07-10T01:45:51.091+0000] {processor.py:840} INFO - DAG(s) 'segunda_dag' retrieved from /opt/airflow/dags/segundadag.py
[2024-07-10T01:45:51.121+0000] {logging_mixin.py:188} INFO - [2024-07-10T01:45:51.120+0000] {dag.py:3096} INFO - Sync 1 DAGs
[2024-07-10T01:45:51.135+0000] {logging_mixin.py:188} INFO - [2024-07-10T01:45:51.134+0000] {dag.py:3954} INFO - Setting next_dagrun for segunda_dag to None, run_after=None
[2024-07-10T01:45:51.156+0000] {processor.py:183} INFO - Processing /opt/airflow/dags/segundadag.py took 0.093 seconds
[2024-07-10T01:46:21.409+0000] {processor.py:161} INFO - Started process (PID=262) to work on /opt/airflow/dags/segundadag.py
[2024-07-10T01:46:21.410+0000] {processor.py:830} INFO - Processing file /opt/airflow/dags/segundadag.py for tasks to queue
[2024-07-10T01:46:21.411+0000] {logging_mixin.py:188} INFO - [2024-07-10T01:46:21.411+0000] {dagbag.py:545} INFO - Filling up the DagBag from /opt/airflow/dags/segundadag.py
[2024-07-10T01:46:21.426+0000] {processor.py:840} INFO - DAG(s) 'segunda_dag' retrieved from /opt/airflow/dags/segundadag.py
[2024-07-10T01:46:21.454+0000] {logging_mixin.py:188} INFO - [2024-07-10T01:46:21.453+0000] {dag.py:3096} INFO - Sync 1 DAGs
[2024-07-10T01:46:21.468+0000] {logging_mixin.py:188} INFO - [2024-07-10T01:46:21.468+0000] {dag.py:3954} INFO - Setting next_dagrun for segunda_dag to None, run_after=None
[2024-07-10T01:46:21.486+0000] {processor.py:183} INFO - Processing /opt/airflow/dags/segundadag.py took 0.081 seconds
[2024-07-10T01:46:51.781+0000] {processor.py:161} INFO - Started process (PID=271) to work on /opt/airflow/dags/segundadag.py
[2024-07-10T01:46:51.782+0000] {processor.py:830} INFO - Processing file /opt/airflow/dags/segundadag.py for tasks to queue
[2024-07-10T01:46:51.783+0000] {logging_mixin.py:188} INFO - [2024-07-10T01:46:51.782+0000] {dagbag.py:545} INFO - Filling up the DagBag from /opt/airflow/dags/segundadag.py
[2024-07-10T01:46:51.800+0000] {processor.py:840} INFO - DAG(s) 'segunda_dag' retrieved from /opt/airflow/dags/segundadag.py
[2024-07-10T01:46:51.825+0000] {logging_mixin.py:188} INFO - [2024-07-10T01:46:51.825+0000] {dag.py:3096} INFO - Sync 1 DAGs
[2024-07-10T01:46:51.837+0000] {logging_mixin.py:188} INFO - [2024-07-10T01:46:51.837+0000] {dag.py:3954} INFO - Setting next_dagrun for segunda_dag to None, run_after=None
[2024-07-10T01:46:51.853+0000] {processor.py:183} INFO - Processing /opt/airflow/dags/segundadag.py took 0.076 seconds
[2024-07-10T01:47:22.095+0000] {processor.py:161} INFO - Started process (PID=280) to work on /opt/airflow/dags/segundadag.py
[2024-07-10T01:47:22.096+0000] {processor.py:830} INFO - Processing file /opt/airflow/dags/segundadag.py for tasks to queue
[2024-07-10T01:47:22.097+0000] {logging_mixin.py:188} INFO - [2024-07-10T01:47:22.097+0000] {dagbag.py:545} INFO - Filling up the DagBag from /opt/airflow/dags/segundadag.py
[2024-07-10T01:47:22.114+0000] {processor.py:840} INFO - DAG(s) 'segunda_dag' retrieved from /opt/airflow/dags/segundadag.py
[2024-07-10T01:47:22.141+0000] {logging_mixin.py:188} INFO - [2024-07-10T01:47:22.141+0000] {dag.py:3096} INFO - Sync 1 DAGs
[2024-07-10T01:47:22.155+0000] {logging_mixin.py:188} INFO - [2024-07-10T01:47:22.154+0000] {dag.py:3954} INFO - Setting next_dagrun for segunda_dag to None, run_after=None
[2024-07-10T01:47:22.173+0000] {processor.py:183} INFO - Processing /opt/airflow/dags/segundadag.py took 0.084 seconds
[2024-07-10T01:47:52.481+0000] {processor.py:161} INFO - Started process (PID=289) to work on /opt/airflow/dags/segundadag.py
[2024-07-10T01:47:52.482+0000] {processor.py:830} INFO - Processing file /opt/airflow/dags/segundadag.py for tasks to queue
[2024-07-10T01:47:52.483+0000] {logging_mixin.py:188} INFO - [2024-07-10T01:47:52.482+0000] {dagbag.py:545} INFO - Filling up the DagBag from /opt/airflow/dags/segundadag.py
[2024-07-10T01:47:52.503+0000] {processor.py:840} INFO - DAG(s) 'segunda_dag' retrieved from /opt/airflow/dags/segundadag.py
[2024-07-10T01:47:52.528+0000] {logging_mixin.py:188} INFO - [2024-07-10T01:47:52.528+0000] {dag.py:3096} INFO - Sync 1 DAGs
[2024-07-10T01:47:52.542+0000] {logging_mixin.py:188} INFO - [2024-07-10T01:47:52.541+0000] {dag.py:3954} INFO - Setting next_dagrun for segunda_dag to None, run_after=None
[2024-07-10T01:47:52.559+0000] {processor.py:183} INFO - Processing /opt/airflow/dags/segundadag.py took 0.084 seconds
[2024-07-10T01:48:22.938+0000] {processor.py:161} INFO - Started process (PID=299) to work on /opt/airflow/dags/segundadag.py
[2024-07-10T01:48:22.939+0000] {processor.py:830} INFO - Processing file /opt/airflow/dags/segundadag.py for tasks to queue
[2024-07-10T01:48:22.939+0000] {logging_mixin.py:188} INFO - [2024-07-10T01:48:22.939+0000] {dagbag.py:545} INFO - Filling up the DagBag from /opt/airflow/dags/segundadag.py
[2024-07-10T01:48:22.955+0000] {processor.py:840} INFO - DAG(s) 'segunda_dag' retrieved from /opt/airflow/dags/segundadag.py
[2024-07-10T01:48:22.981+0000] {logging_mixin.py:188} INFO - [2024-07-10T01:48:22.980+0000] {dag.py:3096} INFO - Sync 1 DAGs
[2024-07-10T01:48:22.992+0000] {logging_mixin.py:188} INFO - [2024-07-10T01:48:22.992+0000] {dag.py:3954} INFO - Setting next_dagrun for segunda_dag to None, run_after=None
[2024-07-10T01:48:23.008+0000] {processor.py:183} INFO - Processing /opt/airflow/dags/segundadag.py took 0.074 seconds
[2024-07-10T01:48:53.494+0000] {processor.py:161} INFO - Started process (PID=313) to work on /opt/airflow/dags/segundadag.py
[2024-07-10T01:48:53.494+0000] {processor.py:830} INFO - Processing file /opt/airflow/dags/segundadag.py for tasks to queue
[2024-07-10T01:48:53.495+0000] {logging_mixin.py:188} INFO - [2024-07-10T01:48:53.495+0000] {dagbag.py:545} INFO - Filling up the DagBag from /opt/airflow/dags/segundadag.py
[2024-07-10T01:48:53.515+0000] {processor.py:840} INFO - DAG(s) 'segunda_dag' retrieved from /opt/airflow/dags/segundadag.py
[2024-07-10T01:48:53.542+0000] {logging_mixin.py:188} INFO - [2024-07-10T01:48:53.541+0000] {dag.py:3096} INFO - Sync 1 DAGs
[2024-07-10T01:48:53.557+0000] {logging_mixin.py:188} INFO - [2024-07-10T01:48:53.557+0000] {dag.py:3954} INFO - Setting next_dagrun for segunda_dag to None, run_after=None
[2024-07-10T01:48:53.578+0000] {processor.py:183} INFO - Processing /opt/airflow/dags/segundadag.py took 0.090 seconds
[2024-07-10T01:49:23.986+0000] {processor.py:161} INFO - Started process (PID=328) to work on /opt/airflow/dags/segundadag.py
[2024-07-10T01:49:23.988+0000] {processor.py:830} INFO - Processing file /opt/airflow/dags/segundadag.py for tasks to queue
[2024-07-10T01:49:23.991+0000] {logging_mixin.py:188} INFO - [2024-07-10T01:49:23.990+0000] {dagbag.py:545} INFO - Filling up the DagBag from /opt/airflow/dags/segundadag.py
[2024-07-10T01:49:24.027+0000] {processor.py:840} INFO - DAG(s) 'segunda_dag' retrieved from /opt/airflow/dags/segundadag.py
[2024-07-10T01:49:24.061+0000] {logging_mixin.py:188} INFO - [2024-07-10T01:49:24.061+0000] {dag.py:3096} INFO - Sync 1 DAGs
[2024-07-10T01:49:24.082+0000] {logging_mixin.py:188} INFO - [2024-07-10T01:49:24.081+0000] {dag.py:3954} INFO - Setting next_dagrun for segunda_dag to None, run_after=None
[2024-07-10T01:49:24.110+0000] {processor.py:183} INFO - Processing /opt/airflow/dags/segundadag.py took 0.135 seconds
[2024-07-10T01:49:54.503+0000] {processor.py:161} INFO - Started process (PID=344) to work on /opt/airflow/dags/segundadag.py
[2024-07-10T01:49:54.504+0000] {processor.py:830} INFO - Processing file /opt/airflow/dags/segundadag.py for tasks to queue
[2024-07-10T01:49:54.505+0000] {logging_mixin.py:188} INFO - [2024-07-10T01:49:54.505+0000] {dagbag.py:545} INFO - Filling up the DagBag from /opt/airflow/dags/segundadag.py
[2024-07-10T01:49:54.526+0000] {processor.py:840} INFO - DAG(s) 'segunda_dag' retrieved from /opt/airflow/dags/segundadag.py
[2024-07-10T01:49:54.559+0000] {logging_mixin.py:188} INFO - [2024-07-10T01:49:54.558+0000] {dag.py:3096} INFO - Sync 1 DAGs
[2024-07-10T01:49:54.575+0000] {logging_mixin.py:188} INFO - [2024-07-10T01:49:54.575+0000] {dag.py:3954} INFO - Setting next_dagrun for segunda_dag to None, run_after=None
[2024-07-10T01:49:54.596+0000] {processor.py:183} INFO - Processing /opt/airflow/dags/segundadag.py took 0.099 seconds
[2024-07-10T01:50:24.945+0000] {processor.py:161} INFO - Started process (PID=354) to work on /opt/airflow/dags/segundadag.py
[2024-07-10T01:50:24.946+0000] {processor.py:830} INFO - Processing file /opt/airflow/dags/segundadag.py for tasks to queue
[2024-07-10T01:50:24.946+0000] {logging_mixin.py:188} INFO - [2024-07-10T01:50:24.946+0000] {dagbag.py:545} INFO - Filling up the DagBag from /opt/airflow/dags/segundadag.py
[2024-07-10T01:50:24.965+0000] {processor.py:840} INFO - DAG(s) 'segunda_dag' retrieved from /opt/airflow/dags/segundadag.py
[2024-07-10T01:50:24.993+0000] {logging_mixin.py:188} INFO - [2024-07-10T01:50:24.993+0000] {dag.py:3096} INFO - Sync 1 DAGs
[2024-07-10T01:50:25.007+0000] {logging_mixin.py:188} INFO - [2024-07-10T01:50:25.007+0000] {dag.py:3954} INFO - Setting next_dagrun for segunda_dag to None, run_after=None
[2024-07-10T01:50:25.027+0000] {processor.py:183} INFO - Processing /opt/airflow/dags/segundadag.py took 0.087 seconds
[2024-07-10T01:50:55.344+0000] {processor.py:161} INFO - Started process (PID=364) to work on /opt/airflow/dags/segundadag.py
[2024-07-10T01:50:55.345+0000] {processor.py:830} INFO - Processing file /opt/airflow/dags/segundadag.py for tasks to queue
[2024-07-10T01:50:55.346+0000] {logging_mixin.py:188} INFO - [2024-07-10T01:50:55.346+0000] {dagbag.py:545} INFO - Filling up the DagBag from /opt/airflow/dags/segundadag.py
[2024-07-10T01:50:55.365+0000] {processor.py:840} INFO - DAG(s) 'segunda_dag' retrieved from /opt/airflow/dags/segundadag.py
[2024-07-10T01:50:55.391+0000] {logging_mixin.py:188} INFO - [2024-07-10T01:50:55.391+0000] {dag.py:3096} INFO - Sync 1 DAGs
[2024-07-10T01:50:55.403+0000] {logging_mixin.py:188} INFO - [2024-07-10T01:50:55.403+0000] {dag.py:3954} INFO - Setting next_dagrun for segunda_dag to None, run_after=None
[2024-07-10T01:50:55.419+0000] {processor.py:183} INFO - Processing /opt/airflow/dags/segundadag.py took 0.080 seconds
[2024-07-10T01:51:25.668+0000] {processor.py:161} INFO - Started process (PID=374) to work on /opt/airflow/dags/segundadag.py
[2024-07-10T01:51:25.668+0000] {processor.py:830} INFO - Processing file /opt/airflow/dags/segundadag.py for tasks to queue
[2024-07-10T01:51:25.669+0000] {logging_mixin.py:188} INFO - [2024-07-10T01:51:25.669+0000] {dagbag.py:545} INFO - Filling up the DagBag from /opt/airflow/dags/segundadag.py
[2024-07-10T01:51:25.688+0000] {processor.py:840} INFO - DAG(s) 'segunda_dag' retrieved from /opt/airflow/dags/segundadag.py
[2024-07-10T01:51:25.717+0000] {logging_mixin.py:188} INFO - [2024-07-10T01:51:25.717+0000] {dag.py:3096} INFO - Sync 1 DAGs
[2024-07-10T01:51:25.731+0000] {logging_mixin.py:188} INFO - [2024-07-10T01:51:25.731+0000] {dag.py:3954} INFO - Setting next_dagrun for segunda_dag to None, run_after=None
[2024-07-10T01:51:25.751+0000] {processor.py:183} INFO - Processing /opt/airflow/dags/segundadag.py took 0.088 seconds
[2024-07-10T01:51:56.071+0000] {processor.py:161} INFO - Started process (PID=384) to work on /opt/airflow/dags/segundadag.py
[2024-07-10T01:51:56.072+0000] {processor.py:830} INFO - Processing file /opt/airflow/dags/segundadag.py for tasks to queue
[2024-07-10T01:51:56.073+0000] {logging_mixin.py:188} INFO - [2024-07-10T01:51:56.073+0000] {dagbag.py:545} INFO - Filling up the DagBag from /opt/airflow/dags/segundadag.py
[2024-07-10T01:51:56.092+0000] {processor.py:840} INFO - DAG(s) 'segunda_dag' retrieved from /opt/airflow/dags/segundadag.py
[2024-07-10T01:51:56.119+0000] {logging_mixin.py:188} INFO - [2024-07-10T01:51:56.119+0000] {dag.py:3096} INFO - Sync 1 DAGs
[2024-07-10T01:51:56.134+0000] {logging_mixin.py:188} INFO - [2024-07-10T01:51:56.133+0000] {dag.py:3954} INFO - Setting next_dagrun for segunda_dag to None, run_after=None
[2024-07-10T01:51:56.152+0000] {processor.py:183} INFO - Processing /opt/airflow/dags/segundadag.py took 0.085 seconds
[2024-07-10T01:52:26.397+0000] {processor.py:161} INFO - Started process (PID=394) to work on /opt/airflow/dags/segundadag.py
[2024-07-10T01:52:26.398+0000] {processor.py:830} INFO - Processing file /opt/airflow/dags/segundadag.py for tasks to queue
[2024-07-10T01:52:26.398+0000] {logging_mixin.py:188} INFO - [2024-07-10T01:52:26.398+0000] {dagbag.py:545} INFO - Filling up the DagBag from /opt/airflow/dags/segundadag.py
[2024-07-10T01:52:26.420+0000] {processor.py:840} INFO - DAG(s) 'segunda_dag' retrieved from /opt/airflow/dags/segundadag.py
[2024-07-10T01:52:26.447+0000] {logging_mixin.py:188} INFO - [2024-07-10T01:52:26.447+0000] {dag.py:3096} INFO - Sync 1 DAGs
[2024-07-10T01:52:26.459+0000] {logging_mixin.py:188} INFO - [2024-07-10T01:52:26.459+0000] {dag.py:3954} INFO - Setting next_dagrun for segunda_dag to None, run_after=None
[2024-07-10T01:52:26.476+0000] {processor.py:183} INFO - Processing /opt/airflow/dags/segundadag.py took 0.083 seconds
[2024-07-10T01:52:56.784+0000] {processor.py:161} INFO - Started process (PID=404) to work on /opt/airflow/dags/segundadag.py
[2024-07-10T01:52:56.785+0000] {processor.py:830} INFO - Processing file /opt/airflow/dags/segundadag.py for tasks to queue
[2024-07-10T01:52:56.786+0000] {logging_mixin.py:188} INFO - [2024-07-10T01:52:56.786+0000] {dagbag.py:545} INFO - Filling up the DagBag from /opt/airflow/dags/segundadag.py
[2024-07-10T01:52:56.807+0000] {processor.py:840} INFO - DAG(s) 'segunda_dag' retrieved from /opt/airflow/dags/segundadag.py
[2024-07-10T01:52:56.832+0000] {logging_mixin.py:188} INFO - [2024-07-10T01:52:56.831+0000] {dag.py:3096} INFO - Sync 1 DAGs
[2024-07-10T01:52:56.844+0000] {logging_mixin.py:188} INFO - [2024-07-10T01:52:56.844+0000] {dag.py:3954} INFO - Setting next_dagrun for segunda_dag to None, run_after=None
[2024-07-10T01:52:56.861+0000] {processor.py:183} INFO - Processing /opt/airflow/dags/segundadag.py took 0.082 seconds
[2024-07-10T01:53:27.179+0000] {processor.py:161} INFO - Started process (PID=414) to work on /opt/airflow/dags/segundadag.py
[2024-07-10T01:53:27.179+0000] {processor.py:830} INFO - Processing file /opt/airflow/dags/segundadag.py for tasks to queue
[2024-07-10T01:53:27.180+0000] {logging_mixin.py:188} INFO - [2024-07-10T01:53:27.180+0000] {dagbag.py:545} INFO - Filling up the DagBag from /opt/airflow/dags/segundadag.py
[2024-07-10T01:53:27.199+0000] {processor.py:840} INFO - DAG(s) 'segunda_dag' retrieved from /opt/airflow/dags/segundadag.py
[2024-07-10T01:53:27.225+0000] {logging_mixin.py:188} INFO - [2024-07-10T01:53:27.224+0000] {dag.py:3096} INFO - Sync 1 DAGs
[2024-07-10T01:53:27.237+0000] {logging_mixin.py:188} INFO - [2024-07-10T01:53:27.236+0000] {dag.py:3954} INFO - Setting next_dagrun for segunda_dag to None, run_after=None
[2024-07-10T01:53:27.255+0000] {processor.py:183} INFO - Processing /opt/airflow/dags/segundadag.py took 0.080 seconds
[2024-07-10T01:53:57.613+0000] {processor.py:161} INFO - Started process (PID=424) to work on /opt/airflow/dags/segundadag.py
[2024-07-10T01:53:57.614+0000] {processor.py:830} INFO - Processing file /opt/airflow/dags/segundadag.py for tasks to queue
[2024-07-10T01:53:57.615+0000] {logging_mixin.py:188} INFO - [2024-07-10T01:53:57.615+0000] {dagbag.py:545} INFO - Filling up the DagBag from /opt/airflow/dags/segundadag.py
[2024-07-10T01:53:57.638+0000] {processor.py:840} INFO - DAG(s) 'segunda_dag' retrieved from /opt/airflow/dags/segundadag.py
[2024-07-10T01:53:57.667+0000] {logging_mixin.py:188} INFO - [2024-07-10T01:53:57.666+0000] {dag.py:3096} INFO - Sync 1 DAGs
[2024-07-10T01:53:57.681+0000] {logging_mixin.py:188} INFO - [2024-07-10T01:53:57.681+0000] {dag.py:3954} INFO - Setting next_dagrun for segunda_dag to None, run_after=None
[2024-07-10T01:53:57.705+0000] {processor.py:183} INFO - Processing /opt/airflow/dags/segundadag.py took 0.098 seconds
[2024-07-10T01:54:28.070+0000] {processor.py:161} INFO - Started process (PID=434) to work on /opt/airflow/dags/segundadag.py
[2024-07-10T01:54:28.071+0000] {processor.py:830} INFO - Processing file /opt/airflow/dags/segundadag.py for tasks to queue
[2024-07-10T01:54:28.072+0000] {logging_mixin.py:188} INFO - [2024-07-10T01:54:28.072+0000] {dagbag.py:545} INFO - Filling up the DagBag from /opt/airflow/dags/segundadag.py
[2024-07-10T01:54:28.095+0000] {processor.py:840} INFO - DAG(s) 'segunda_dag' retrieved from /opt/airflow/dags/segundadag.py
[2024-07-10T01:54:28.136+0000] {logging_mixin.py:188} INFO - [2024-07-10T01:54:28.135+0000] {dag.py:3096} INFO - Sync 1 DAGs
[2024-07-10T01:54:28.153+0000] {logging_mixin.py:188} INFO - [2024-07-10T01:54:28.152+0000] {dag.py:3954} INFO - Setting next_dagrun for segunda_dag to None, run_after=None
[2024-07-10T01:54:28.176+0000] {processor.py:183} INFO - Processing /opt/airflow/dags/segundadag.py took 0.112 seconds
[2024-07-10T01:54:58.402+0000] {processor.py:161} INFO - Started process (PID=444) to work on /opt/airflow/dags/segundadag.py
[2024-07-10T01:54:58.403+0000] {processor.py:830} INFO - Processing file /opt/airflow/dags/segundadag.py for tasks to queue
[2024-07-10T01:54:58.404+0000] {logging_mixin.py:188} INFO - [2024-07-10T01:54:58.403+0000] {dagbag.py:545} INFO - Filling up the DagBag from /opt/airflow/dags/segundadag.py
[2024-07-10T01:54:58.426+0000] {processor.py:840} INFO - DAG(s) 'segunda_dag' retrieved from /opt/airflow/dags/segundadag.py
[2024-07-10T01:54:58.454+0000] {logging_mixin.py:188} INFO - [2024-07-10T01:54:58.453+0000] {dag.py:3096} INFO - Sync 1 DAGs
[2024-07-10T01:54:58.468+0000] {logging_mixin.py:188} INFO - [2024-07-10T01:54:58.468+0000] {dag.py:3954} INFO - Setting next_dagrun for segunda_dag to None, run_after=None
[2024-07-10T01:54:58.488+0000] {processor.py:183} INFO - Processing /opt/airflow/dags/segundadag.py took 0.092 seconds
[2024-07-10T01:55:28.831+0000] {processor.py:161} INFO - Started process (PID=454) to work on /opt/airflow/dags/segundadag.py
[2024-07-10T01:55:28.832+0000] {processor.py:830} INFO - Processing file /opt/airflow/dags/segundadag.py for tasks to queue
[2024-07-10T01:55:28.834+0000] {logging_mixin.py:188} INFO - [2024-07-10T01:55:28.833+0000] {dagbag.py:545} INFO - Filling up the DagBag from /opt/airflow/dags/segundadag.py
[2024-07-10T01:55:28.856+0000] {processor.py:840} INFO - DAG(s) 'segunda_dag' retrieved from /opt/airflow/dags/segundadag.py
[2024-07-10T01:55:28.893+0000] {logging_mixin.py:188} INFO - [2024-07-10T01:55:28.893+0000] {dag.py:3096} INFO - Sync 1 DAGs
[2024-07-10T01:55:28.911+0000] {logging_mixin.py:188} INFO - [2024-07-10T01:55:28.911+0000] {dag.py:3954} INFO - Setting next_dagrun for segunda_dag to None, run_after=None
[2024-07-10T01:55:28.933+0000] {processor.py:183} INFO - Processing /opt/airflow/dags/segundadag.py took 0.108 seconds
[2024-07-10T01:55:59.263+0000] {processor.py:161} INFO - Started process (PID=464) to work on /opt/airflow/dags/segundadag.py
[2024-07-10T01:55:59.264+0000] {processor.py:830} INFO - Processing file /opt/airflow/dags/segundadag.py for tasks to queue
[2024-07-10T01:55:59.265+0000] {logging_mixin.py:188} INFO - [2024-07-10T01:55:59.265+0000] {dagbag.py:545} INFO - Filling up the DagBag from /opt/airflow/dags/segundadag.py
[2024-07-10T01:55:59.286+0000] {processor.py:840} INFO - DAG(s) 'segunda_dag' retrieved from /opt/airflow/dags/segundadag.py
[2024-07-10T01:55:59.313+0000] {logging_mixin.py:188} INFO - [2024-07-10T01:55:59.313+0000] {dag.py:3096} INFO - Sync 1 DAGs
[2024-07-10T01:55:59.327+0000] {logging_mixin.py:188} INFO - [2024-07-10T01:55:59.327+0000] {dag.py:3954} INFO - Setting next_dagrun for segunda_dag to None, run_after=None
[2024-07-10T01:55:59.344+0000] {processor.py:183} INFO - Processing /opt/airflow/dags/segundadag.py took 0.086 seconds
[2024-07-10T01:56:29.609+0000] {processor.py:161} INFO - Started process (PID=474) to work on /opt/airflow/dags/segundadag.py
[2024-07-10T01:56:29.610+0000] {processor.py:830} INFO - Processing file /opt/airflow/dags/segundadag.py for tasks to queue
[2024-07-10T01:56:29.610+0000] {logging_mixin.py:188} INFO - [2024-07-10T01:56:29.610+0000] {dagbag.py:545} INFO - Filling up the DagBag from /opt/airflow/dags/segundadag.py
[2024-07-10T01:56:29.631+0000] {processor.py:840} INFO - DAG(s) 'segunda_dag' retrieved from /opt/airflow/dags/segundadag.py
[2024-07-10T01:56:29.659+0000] {logging_mixin.py:188} INFO - [2024-07-10T01:56:29.658+0000] {dag.py:3096} INFO - Sync 1 DAGs
[2024-07-10T01:56:29.672+0000] {logging_mixin.py:188} INFO - [2024-07-10T01:56:29.672+0000] {dag.py:3954} INFO - Setting next_dagrun for segunda_dag to None, run_after=None
[2024-07-10T01:56:29.691+0000] {processor.py:183} INFO - Processing /opt/airflow/dags/segundadag.py took 0.086 seconds
[2024-07-10T01:56:59.983+0000] {processor.py:161} INFO - Started process (PID=484) to work on /opt/airflow/dags/segundadag.py
[2024-07-10T01:56:59.983+0000] {processor.py:830} INFO - Processing file /opt/airflow/dags/segundadag.py for tasks to queue
[2024-07-10T01:56:59.984+0000] {logging_mixin.py:188} INFO - [2024-07-10T01:56:59.984+0000] {dagbag.py:545} INFO - Filling up the DagBag from /opt/airflow/dags/segundadag.py
[2024-07-10T01:57:00.001+0000] {processor.py:840} INFO - DAG(s) 'segunda_dag' retrieved from /opt/airflow/dags/segundadag.py
[2024-07-10T01:57:00.028+0000] {logging_mixin.py:188} INFO - [2024-07-10T01:57:00.028+0000] {dag.py:3096} INFO - Sync 1 DAGs
[2024-07-10T01:57:00.041+0000] {logging_mixin.py:188} INFO - [2024-07-10T01:57:00.041+0000] {dag.py:3954} INFO - Setting next_dagrun for segunda_dag to None, run_after=None
[2024-07-10T01:57:00.060+0000] {processor.py:183} INFO - Processing /opt/airflow/dags/segundadag.py took 0.082 seconds
[2024-07-10T01:57:30.319+0000] {processor.py:161} INFO - Started process (PID=494) to work on /opt/airflow/dags/segundadag.py
[2024-07-10T01:57:30.320+0000] {processor.py:830} INFO - Processing file /opt/airflow/dags/segundadag.py for tasks to queue
[2024-07-10T01:57:30.322+0000] {logging_mixin.py:188} INFO - [2024-07-10T01:57:30.321+0000] {dagbag.py:545} INFO - Filling up the DagBag from /opt/airflow/dags/segundadag.py
[2024-07-10T01:57:30.340+0000] {processor.py:840} INFO - DAG(s) 'segunda_dag' retrieved from /opt/airflow/dags/segundadag.py
[2024-07-10T01:57:30.372+0000] {logging_mixin.py:188} INFO - [2024-07-10T01:57:30.372+0000] {dag.py:3096} INFO - Sync 1 DAGs
[2024-07-10T01:57:30.389+0000] {logging_mixin.py:188} INFO - [2024-07-10T01:57:30.389+0000] {dag.py:3954} INFO - Setting next_dagrun for segunda_dag to None, run_after=None
[2024-07-10T01:57:30.412+0000] {processor.py:183} INFO - Processing /opt/airflow/dags/segundadag.py took 0.099 seconds
[2024-07-10T01:58:00.756+0000] {processor.py:161} INFO - Started process (PID=504) to work on /opt/airflow/dags/segundadag.py
[2024-07-10T01:58:00.757+0000] {processor.py:830} INFO - Processing file /opt/airflow/dags/segundadag.py for tasks to queue
[2024-07-10T01:58:00.758+0000] {logging_mixin.py:188} INFO - [2024-07-10T01:58:00.758+0000] {dagbag.py:545} INFO - Filling up the DagBag from /opt/airflow/dags/segundadag.py
[2024-07-10T01:58:00.777+0000] {processor.py:840} INFO - DAG(s) 'segunda_dag' retrieved from /opt/airflow/dags/segundadag.py
[2024-07-10T01:58:00.806+0000] {logging_mixin.py:188} INFO - [2024-07-10T01:58:00.806+0000] {dag.py:3096} INFO - Sync 1 DAGs
[2024-07-10T01:58:00.821+0000] {logging_mixin.py:188} INFO - [2024-07-10T01:58:00.821+0000] {dag.py:3954} INFO - Setting next_dagrun for segunda_dag to None, run_after=None
[2024-07-10T01:58:00.841+0000] {processor.py:183} INFO - Processing /opt/airflow/dags/segundadag.py took 0.090 seconds
[2024-07-10T01:58:31.167+0000] {processor.py:161} INFO - Started process (PID=514) to work on /opt/airflow/dags/segundadag.py
[2024-07-10T01:58:31.167+0000] {processor.py:830} INFO - Processing file /opt/airflow/dags/segundadag.py for tasks to queue
[2024-07-10T01:58:31.168+0000] {logging_mixin.py:188} INFO - [2024-07-10T01:58:31.168+0000] {dagbag.py:545} INFO - Filling up the DagBag from /opt/airflow/dags/segundadag.py
[2024-07-10T01:58:31.186+0000] {processor.py:840} INFO - DAG(s) 'segunda_dag' retrieved from /opt/airflow/dags/segundadag.py
[2024-07-10T01:58:31.211+0000] {logging_mixin.py:188} INFO - [2024-07-10T01:58:31.211+0000] {dag.py:3096} INFO - Sync 1 DAGs
[2024-07-10T01:58:31.223+0000] {logging_mixin.py:188} INFO - [2024-07-10T01:58:31.223+0000] {dag.py:3954} INFO - Setting next_dagrun for segunda_dag to None, run_after=None
[2024-07-10T01:58:31.241+0000] {processor.py:183} INFO - Processing /opt/airflow/dags/segundadag.py took 0.079 seconds
[2024-07-10T01:59:01.574+0000] {processor.py:161} INFO - Started process (PID=524) to work on /opt/airflow/dags/segundadag.py
[2024-07-10T01:59:01.575+0000] {processor.py:830} INFO - Processing file /opt/airflow/dags/segundadag.py for tasks to queue
[2024-07-10T01:59:01.575+0000] {logging_mixin.py:188} INFO - [2024-07-10T01:59:01.575+0000] {dagbag.py:545} INFO - Filling up the DagBag from /opt/airflow/dags/segundadag.py
[2024-07-10T01:59:01.593+0000] {processor.py:840} INFO - DAG(s) 'segunda_dag' retrieved from /opt/airflow/dags/segundadag.py
[2024-07-10T01:59:01.619+0000] {logging_mixin.py:188} INFO - [2024-07-10T01:59:01.619+0000] {dag.py:3096} INFO - Sync 1 DAGs
[2024-07-10T01:59:01.632+0000] {logging_mixin.py:188} INFO - [2024-07-10T01:59:01.632+0000] {dag.py:3954} INFO - Setting next_dagrun for segunda_dag to None, run_after=None
[2024-07-10T01:59:01.649+0000] {processor.py:183} INFO - Processing /opt/airflow/dags/segundadag.py took 0.081 seconds
[2024-07-10T01:59:31.894+0000] {processor.py:161} INFO - Started process (PID=534) to work on /opt/airflow/dags/segundadag.py
[2024-07-10T01:59:31.894+0000] {processor.py:830} INFO - Processing file /opt/airflow/dags/segundadag.py for tasks to queue
[2024-07-10T01:59:31.895+0000] {logging_mixin.py:188} INFO - [2024-07-10T01:59:31.895+0000] {dagbag.py:545} INFO - Filling up the DagBag from /opt/airflow/dags/segundadag.py
[2024-07-10T01:59:31.912+0000] {processor.py:840} INFO - DAG(s) 'segunda_dag' retrieved from /opt/airflow/dags/segundadag.py
[2024-07-10T01:59:31.936+0000] {logging_mixin.py:188} INFO - [2024-07-10T01:59:31.936+0000] {dag.py:3096} INFO - Sync 1 DAGs
[2024-07-10T01:59:31.948+0000] {logging_mixin.py:188} INFO - [2024-07-10T01:59:31.948+0000] {dag.py:3954} INFO - Setting next_dagrun for segunda_dag to None, run_after=None
[2024-07-10T01:59:31.966+0000] {processor.py:183} INFO - Processing /opt/airflow/dags/segundadag.py took 0.077 seconds
[2024-07-10T02:00:02.269+0000] {processor.py:161} INFO - Started process (PID=544) to work on /opt/airflow/dags/segundadag.py
[2024-07-10T02:00:02.270+0000] {processor.py:830} INFO - Processing file /opt/airflow/dags/segundadag.py for tasks to queue
[2024-07-10T02:00:02.271+0000] {logging_mixin.py:188} INFO - [2024-07-10T02:00:02.270+0000] {dagbag.py:545} INFO - Filling up the DagBag from /opt/airflow/dags/segundadag.py
[2024-07-10T02:00:02.290+0000] {processor.py:840} INFO - DAG(s) 'segunda_dag' retrieved from /opt/airflow/dags/segundadag.py
[2024-07-10T02:00:02.316+0000] {logging_mixin.py:188} INFO - [2024-07-10T02:00:02.316+0000] {dag.py:3096} INFO - Sync 1 DAGs
[2024-07-10T02:00:02.329+0000] {logging_mixin.py:188} INFO - [2024-07-10T02:00:02.328+0000] {dag.py:3954} INFO - Setting next_dagrun for segunda_dag to None, run_after=None
[2024-07-10T02:00:02.347+0000] {processor.py:183} INFO - Processing /opt/airflow/dags/segundadag.py took 0.083 seconds
[2024-07-10T02:00:32.632+0000] {processor.py:161} INFO - Started process (PID=554) to work on /opt/airflow/dags/segundadag.py
[2024-07-10T02:00:32.633+0000] {processor.py:830} INFO - Processing file /opt/airflow/dags/segundadag.py for tasks to queue
[2024-07-10T02:00:32.635+0000] {logging_mixin.py:188} INFO - [2024-07-10T02:00:32.634+0000] {dagbag.py:545} INFO - Filling up the DagBag from /opt/airflow/dags/segundadag.py
[2024-07-10T02:00:32.655+0000] {processor.py:840} INFO - DAG(s) 'segunda_dag' retrieved from /opt/airflow/dags/segundadag.py
[2024-07-10T02:00:32.690+0000] {logging_mixin.py:188} INFO - [2024-07-10T02:00:32.689+0000] {dag.py:3096} INFO - Sync 1 DAGs
[2024-07-10T02:00:32.706+0000] {logging_mixin.py:188} INFO - [2024-07-10T02:00:32.706+0000] {dag.py:3954} INFO - Setting next_dagrun for segunda_dag to None, run_after=None
[2024-07-10T02:00:32.727+0000] {processor.py:183} INFO - Processing /opt/airflow/dags/segundadag.py took 0.103 seconds
[2024-07-10T02:01:03.047+0000] {processor.py:161} INFO - Started process (PID=564) to work on /opt/airflow/dags/segundadag.py
[2024-07-10T02:01:03.048+0000] {processor.py:830} INFO - Processing file /opt/airflow/dags/segundadag.py for tasks to queue
[2024-07-10T02:01:03.049+0000] {logging_mixin.py:188} INFO - [2024-07-10T02:01:03.049+0000] {dagbag.py:545} INFO - Filling up the DagBag from /opt/airflow/dags/segundadag.py
[2024-07-10T02:01:03.069+0000] {processor.py:840} INFO - DAG(s) 'segunda_dag' retrieved from /opt/airflow/dags/segundadag.py
[2024-07-10T02:01:03.100+0000] {logging_mixin.py:188} INFO - [2024-07-10T02:01:03.100+0000] {dag.py:3096} INFO - Sync 1 DAGs
[2024-07-10T02:01:03.115+0000] {logging_mixin.py:188} INFO - [2024-07-10T02:01:03.115+0000] {dag.py:3954} INFO - Setting next_dagrun for segunda_dag to None, run_after=None
[2024-07-10T02:01:03.133+0000] {processor.py:183} INFO - Processing /opt/airflow/dags/segundadag.py took 0.091 seconds
[2024-07-10T02:01:33.380+0000] {processor.py:161} INFO - Started process (PID=574) to work on /opt/airflow/dags/segundadag.py
[2024-07-10T02:01:33.381+0000] {processor.py:830} INFO - Processing file /opt/airflow/dags/segundadag.py for tasks to queue
[2024-07-10T02:01:33.381+0000] {logging_mixin.py:188} INFO - [2024-07-10T02:01:33.381+0000] {dagbag.py:545} INFO - Filling up the DagBag from /opt/airflow/dags/segundadag.py
[2024-07-10T02:01:33.401+0000] {processor.py:840} INFO - DAG(s) 'segunda_dag' retrieved from /opt/airflow/dags/segundadag.py
[2024-07-10T02:01:33.428+0000] {logging_mixin.py:188} INFO - [2024-07-10T02:01:33.427+0000] {dag.py:3096} INFO - Sync 1 DAGs
[2024-07-10T02:01:33.441+0000] {logging_mixin.py:188} INFO - [2024-07-10T02:01:33.440+0000] {dag.py:3954} INFO - Setting next_dagrun for segunda_dag to None, run_after=None
[2024-07-10T02:01:33.458+0000] {processor.py:183} INFO - Processing /opt/airflow/dags/segundadag.py took 0.083 seconds
[2024-07-10T02:02:03.776+0000] {processor.py:161} INFO - Started process (PID=584) to work on /opt/airflow/dags/segundadag.py
[2024-07-10T02:02:03.777+0000] {processor.py:830} INFO - Processing file /opt/airflow/dags/segundadag.py for tasks to queue
[2024-07-10T02:02:03.779+0000] {logging_mixin.py:188} INFO - [2024-07-10T02:02:03.778+0000] {dagbag.py:545} INFO - Filling up the DagBag from /opt/airflow/dags/segundadag.py
[2024-07-10T02:02:03.798+0000] {processor.py:840} INFO - DAG(s) 'segunda_dag' retrieved from /opt/airflow/dags/segundadag.py
[2024-07-10T02:02:03.828+0000] {logging_mixin.py:188} INFO - [2024-07-10T02:02:03.827+0000] {dag.py:3096} INFO - Sync 1 DAGs
[2024-07-10T02:02:03.842+0000] {logging_mixin.py:188} INFO - [2024-07-10T02:02:03.842+0000] {dag.py:3954} INFO - Setting next_dagrun for segunda_dag to None, run_after=None
[2024-07-10T02:02:03.862+0000] {processor.py:183} INFO - Processing /opt/airflow/dags/segundadag.py took 0.092 seconds
[2024-07-10T02:02:34.186+0000] {processor.py:161} INFO - Started process (PID=594) to work on /opt/airflow/dags/segundadag.py
[2024-07-10T02:02:34.187+0000] {processor.py:830} INFO - Processing file /opt/airflow/dags/segundadag.py for tasks to queue
[2024-07-10T02:02:34.189+0000] {logging_mixin.py:188} INFO - [2024-07-10T02:02:34.188+0000] {dagbag.py:545} INFO - Filling up the DagBag from /opt/airflow/dags/segundadag.py
[2024-07-10T02:02:34.211+0000] {processor.py:840} INFO - DAG(s) 'segunda_dag' retrieved from /opt/airflow/dags/segundadag.py
[2024-07-10T02:02:34.245+0000] {logging_mixin.py:188} INFO - [2024-07-10T02:02:34.245+0000] {dag.py:3096} INFO - Sync 1 DAGs
[2024-07-10T02:02:34.260+0000] {logging_mixin.py:188} INFO - [2024-07-10T02:02:34.260+0000] {dag.py:3954} INFO - Setting next_dagrun for segunda_dag to None, run_after=None
[2024-07-10T02:02:34.288+0000] {processor.py:183} INFO - Processing /opt/airflow/dags/segundadag.py took 0.111 seconds
[2024-07-10T02:03:04.516+0000] {processor.py:161} INFO - Started process (PID=604) to work on /opt/airflow/dags/segundadag.py
[2024-07-10T02:03:04.518+0000] {processor.py:830} INFO - Processing file /opt/airflow/dags/segundadag.py for tasks to queue
[2024-07-10T02:03:04.520+0000] {logging_mixin.py:188} INFO - [2024-07-10T02:03:04.519+0000] {dagbag.py:545} INFO - Filling up the DagBag from /opt/airflow/dags/segundadag.py
[2024-07-10T02:03:04.544+0000] {processor.py:840} INFO - DAG(s) 'segunda_dag' retrieved from /opt/airflow/dags/segundadag.py
[2024-07-10T02:03:04.575+0000] {logging_mixin.py:188} INFO - [2024-07-10T02:03:04.575+0000] {dag.py:3096} INFO - Sync 1 DAGs
[2024-07-10T02:03:04.592+0000] {logging_mixin.py:188} INFO - [2024-07-10T02:03:04.592+0000] {dag.py:3954} INFO - Setting next_dagrun for segunda_dag to None, run_after=None
[2024-07-10T02:03:04.618+0000] {processor.py:183} INFO - Processing /opt/airflow/dags/segundadag.py took 0.108 seconds
