[2024-07-10T01:43:19.060+0000] {processor.py:161} INFO - Started process (PID=204) to work on /opt/airflow/dags/terceiradag.py
[2024-07-10T01:43:19.061+0000] {processor.py:830} INFO - Processing file /opt/airflow/dags/terceiradag.py for tasks to queue
[2024-07-10T01:43:19.061+0000] {logging_mixin.py:188} INFO - [2024-07-10T01:43:19.061+0000] {dagbag.py:545} INFO - Filling up the DagBag from /opt/airflow/dags/terceiradag.py
[2024-07-10T01:43:19.096+0000] {processor.py:840} INFO - DAG(s) 'terceira_dag' retrieved from /opt/airflow/dags/terceiradag.py
[2024-07-10T01:43:19.226+0000] {logging_mixin.py:188} INFO - [2024-07-10T01:43:19.225+0000] {override.py:1829} INFO - Created Permission View: can read on DAG:terceira_dag
[2024-07-10T01:43:19.238+0000] {logging_mixin.py:188} INFO - [2024-07-10T01:43:19.238+0000] {override.py:1829} INFO - Created Permission View: can edit on DAG:terceira_dag
[2024-07-10T01:43:19.246+0000] {logging_mixin.py:188} INFO - [2024-07-10T01:43:19.245+0000] {override.py:1829} INFO - Created Permission View: can delete on DAG:terceira_dag
[2024-07-10T01:43:19.247+0000] {logging_mixin.py:188} INFO - [2024-07-10T01:43:19.246+0000] {dag.py:3096} INFO - Sync 1 DAGs
[2024-07-10T01:43:19.260+0000] {logging_mixin.py:188} INFO - [2024-07-10T01:43:19.260+0000] {dag.py:3118} INFO - Creating ORM DAG for terceira_dag
[2024-07-10T01:43:19.261+0000] {logging_mixin.py:188} INFO - [2024-07-10T01:43:19.261+0000] {dag.py:3954} INFO - Setting next_dagrun for terceira_dag to None, run_after=None
[2024-07-10T01:43:19.283+0000] {processor.py:183} INFO - Processing /opt/airflow/dags/terceiradag.py took 0.228 seconds
[2024-07-10T01:43:48.503+0000] {processor.py:161} INFO - Started process (PID=213) to work on /opt/airflow/dags/terceiradag.py
[2024-07-10T01:43:48.504+0000] {processor.py:830} INFO - Processing file /opt/airflow/dags/terceiradag.py for tasks to queue
[2024-07-10T01:43:48.505+0000] {logging_mixin.py:188} INFO - [2024-07-10T01:43:48.504+0000] {dagbag.py:545} INFO - Filling up the DagBag from /opt/airflow/dags/terceiradag.py
[2024-07-10T01:43:48.536+0000] {processor.py:840} INFO - DAG(s) 'terceira_dag' retrieved from /opt/airflow/dags/terceiradag.py
[2024-07-10T01:43:48.546+0000] {logging_mixin.py:188} INFO - [2024-07-10T01:43:48.546+0000] {dag.py:3096} INFO - Sync 1 DAGs
[2024-07-10T01:43:48.561+0000] {logging_mixin.py:188} INFO - [2024-07-10T01:43:48.561+0000] {dag.py:3954} INFO - Setting next_dagrun for terceira_dag to None, run_after=None
[2024-07-10T01:43:48.583+0000] {processor.py:183} INFO - Processing /opt/airflow/dags/terceiradag.py took 0.084 seconds
[2024-07-10T01:43:51.636+0000] {processor.py:161} INFO - Started process (PID=215) to work on /opt/airflow/dags/terceiradag.py
[2024-07-10T01:43:51.637+0000] {processor.py:830} INFO - Processing file /opt/airflow/dags/terceiradag.py for tasks to queue
[2024-07-10T01:43:51.638+0000] {logging_mixin.py:188} INFO - [2024-07-10T01:43:51.638+0000] {dagbag.py:545} INFO - Filling up the DagBag from /opt/airflow/dags/terceiradag.py
[2024-07-10T01:43:51.650+0000] {logging_mixin.py:188} INFO - [2024-07-10T01:43:51.649+0000] {dagbag.py:355} ERROR - Failed to import: /opt/airflow/dags/terceiradag.py
Traceback (most recent call last):
  File "/home/airflow/.local/lib/python3.12/site-packages/airflow/models/dagbag.py", line 351, in parse
    loader.exec_module(new_module)
  File "<frozen importlib._bootstrap_external>", line 991, in exec_module
  File "<frozen importlib._bootstrap_external>", line 1129, in get_code
  File "<frozen importlib._bootstrap_external>", line 1059, in source_to_code
  File "<frozen importlib._bootstrap>", line 488, in _call_with_frames_removed
  File "/opt/airflow/dags/terceiradag.py", line 18
    [task1 >> task3
    ^
SyntaxError: '[' was never closed
[2024-07-10T01:43:51.650+0000] {processor.py:842} WARNING - No viable dags retrieved from /opt/airflow/dags/terceiradag.py
[2024-07-10T01:43:51.667+0000] {processor.py:183} INFO - Processing /opt/airflow/dags/terceiradag.py took 0.035 seconds
[2024-07-10T01:43:54.672+0000] {processor.py:161} INFO - Started process (PID=222) to work on /opt/airflow/dags/terceiradag.py
[2024-07-10T01:43:54.673+0000] {processor.py:830} INFO - Processing file /opt/airflow/dags/terceiradag.py for tasks to queue
[2024-07-10T01:43:54.674+0000] {logging_mixin.py:188} INFO - [2024-07-10T01:43:54.674+0000] {dagbag.py:545} INFO - Filling up the DagBag from /opt/airflow/dags/terceiradag.py
[2024-07-10T01:43:54.690+0000] {logging_mixin.py:188} INFO - [2024-07-10T01:43:54.688+0000] {dagbag.py:355} ERROR - Failed to import: /opt/airflow/dags/terceiradag.py
Traceback (most recent call last):
  File "/home/airflow/.local/lib/python3.12/site-packages/airflow/models/dagbag.py", line 351, in parse
    loader.exec_module(new_module)
  File "<frozen importlib._bootstrap_external>", line 991, in exec_module
  File "<frozen importlib._bootstrap_external>", line 1129, in get_code
  File "<frozen importlib._bootstrap_external>", line 1059, in source_to_code
  File "<frozen importlib._bootstrap>", line 488, in _call_with_frames_removed
  File "/opt/airflow/dags/terceiradag.py", line 18
    [task1,task2 >> task3
    ^
SyntaxError: '[' was never closed
[2024-07-10T01:43:54.690+0000] {processor.py:842} WARNING - No viable dags retrieved from /opt/airflow/dags/terceiradag.py
[2024-07-10T01:43:54.707+0000] {processor.py:183} INFO - Processing /opt/airflow/dags/terceiradag.py took 0.039 seconds
[2024-07-10T01:43:56.732+0000] {processor.py:161} INFO - Started process (PID=223) to work on /opt/airflow/dags/terceiradag.py
[2024-07-10T01:43:56.733+0000] {processor.py:830} INFO - Processing file /opt/airflow/dags/terceiradag.py for tasks to queue
[2024-07-10T01:43:56.735+0000] {logging_mixin.py:188} INFO - [2024-07-10T01:43:56.734+0000] {dagbag.py:545} INFO - Filling up the DagBag from /opt/airflow/dags/terceiradag.py
[2024-07-10T01:43:56.758+0000] {processor.py:840} INFO - DAG(s) 'terceira_dag' retrieved from /opt/airflow/dags/terceiradag.py
[2024-07-10T01:43:56.868+0000] {logging_mixin.py:188} INFO - [2024-07-10T01:43:56.867+0000] {dag.py:3096} INFO - Sync 1 DAGs
[2024-07-10T01:43:56.879+0000] {logging_mixin.py:188} INFO - [2024-07-10T01:43:56.879+0000] {dag.py:3954} INFO - Setting next_dagrun for terceira_dag to None, run_after=None
[2024-07-10T01:43:56.899+0000] {processor.py:183} INFO - Processing /opt/airflow/dags/terceiradag.py took 0.172 seconds
[2024-07-10T01:43:58.782+0000] {processor.py:161} INFO - Started process (PID=224) to work on /opt/airflow/dags/terceiradag.py
[2024-07-10T01:43:58.783+0000] {processor.py:830} INFO - Processing file /opt/airflow/dags/terceiradag.py for tasks to queue
[2024-07-10T01:43:58.784+0000] {logging_mixin.py:188} INFO - [2024-07-10T01:43:58.784+0000] {dagbag.py:545} INFO - Filling up the DagBag from /opt/airflow/dags/terceiradag.py
[2024-07-10T01:43:58.819+0000] {processor.py:840} INFO - DAG(s) 'terceira_dag' retrieved from /opt/airflow/dags/terceiradag.py
[2024-07-10T01:43:58.832+0000] {logging_mixin.py:188} INFO - [2024-07-10T01:43:58.832+0000] {dag.py:3096} INFO - Sync 1 DAGs
[2024-07-10T01:43:58.848+0000] {logging_mixin.py:188} INFO - [2024-07-10T01:43:58.848+0000] {dag.py:3954} INFO - Setting next_dagrun for terceira_dag to None, run_after=None
[2024-07-10T01:43:58.879+0000] {processor.py:183} INFO - Processing /opt/airflow/dags/terceiradag.py took 0.104 seconds
[2024-07-10T01:44:29.129+0000] {processor.py:161} INFO - Started process (PID=233) to work on /opt/airflow/dags/terceiradag.py
[2024-07-10T01:44:29.130+0000] {processor.py:830} INFO - Processing file /opt/airflow/dags/terceiradag.py for tasks to queue
[2024-07-10T01:44:29.131+0000] {logging_mixin.py:188} INFO - [2024-07-10T01:44:29.131+0000] {dagbag.py:545} INFO - Filling up the DagBag from /opt/airflow/dags/terceiradag.py
[2024-07-10T01:44:29.151+0000] {processor.py:840} INFO - DAG(s) 'terceira_dag' retrieved from /opt/airflow/dags/terceiradag.py
[2024-07-10T01:44:29.179+0000] {logging_mixin.py:188} INFO - [2024-07-10T01:44:29.178+0000] {dag.py:3096} INFO - Sync 1 DAGs
[2024-07-10T01:44:29.192+0000] {logging_mixin.py:188} INFO - [2024-07-10T01:44:29.192+0000] {dag.py:3954} INFO - Setting next_dagrun for terceira_dag to None, run_after=None
[2024-07-10T01:44:29.214+0000] {processor.py:183} INFO - Processing /opt/airflow/dags/terceiradag.py took 0.091 seconds
[2024-07-10T01:44:59.454+0000] {processor.py:161} INFO - Started process (PID=242) to work on /opt/airflow/dags/terceiradag.py
[2024-07-10T01:44:59.455+0000] {processor.py:830} INFO - Processing file /opt/airflow/dags/terceiradag.py for tasks to queue
[2024-07-10T01:44:59.456+0000] {logging_mixin.py:188} INFO - [2024-07-10T01:44:59.456+0000] {dagbag.py:545} INFO - Filling up the DagBag from /opt/airflow/dags/terceiradag.py
[2024-07-10T01:44:59.475+0000] {processor.py:840} INFO - DAG(s) 'terceira_dag' retrieved from /opt/airflow/dags/terceiradag.py
[2024-07-10T01:44:59.503+0000] {logging_mixin.py:188} INFO - [2024-07-10T01:44:59.503+0000] {dag.py:3096} INFO - Sync 1 DAGs
[2024-07-10T01:44:59.516+0000] {logging_mixin.py:188} INFO - [2024-07-10T01:44:59.515+0000] {dag.py:3954} INFO - Setting next_dagrun for terceira_dag to None, run_after=None
[2024-07-10T01:44:59.533+0000] {processor.py:183} INFO - Processing /opt/airflow/dags/terceiradag.py took 0.084 seconds
[2024-07-10T01:45:29.835+0000] {processor.py:161} INFO - Started process (PID=251) to work on /opt/airflow/dags/terceiradag.py
[2024-07-10T01:45:29.835+0000] {processor.py:830} INFO - Processing file /opt/airflow/dags/terceiradag.py for tasks to queue
[2024-07-10T01:45:29.836+0000] {logging_mixin.py:188} INFO - [2024-07-10T01:45:29.836+0000] {dagbag.py:545} INFO - Filling up the DagBag from /opt/airflow/dags/terceiradag.py
[2024-07-10T01:45:29.855+0000] {processor.py:840} INFO - DAG(s) 'terceira_dag' retrieved from /opt/airflow/dags/terceiradag.py
[2024-07-10T01:45:29.880+0000] {logging_mixin.py:188} INFO - [2024-07-10T01:45:29.880+0000] {dag.py:3096} INFO - Sync 1 DAGs
[2024-07-10T01:45:29.893+0000] {logging_mixin.py:188} INFO - [2024-07-10T01:45:29.892+0000] {dag.py:3954} INFO - Setting next_dagrun for terceira_dag to None, run_after=None
[2024-07-10T01:45:29.913+0000] {processor.py:183} INFO - Processing /opt/airflow/dags/terceiradag.py took 0.083 seconds
[2024-07-10T01:46:00.181+0000] {processor.py:161} INFO - Started process (PID=260) to work on /opt/airflow/dags/terceiradag.py
[2024-07-10T01:46:00.181+0000] {processor.py:830} INFO - Processing file /opt/airflow/dags/terceiradag.py for tasks to queue
[2024-07-10T01:46:00.182+0000] {logging_mixin.py:188} INFO - [2024-07-10T01:46:00.182+0000] {dagbag.py:545} INFO - Filling up the DagBag from /opt/airflow/dags/terceiradag.py
[2024-07-10T01:46:00.202+0000] {processor.py:840} INFO - DAG(s) 'terceira_dag' retrieved from /opt/airflow/dags/terceiradag.py
[2024-07-10T01:46:00.228+0000] {logging_mixin.py:188} INFO - [2024-07-10T01:46:00.228+0000] {dag.py:3096} INFO - Sync 1 DAGs
[2024-07-10T01:46:00.242+0000] {logging_mixin.py:188} INFO - [2024-07-10T01:46:00.241+0000] {dag.py:3954} INFO - Setting next_dagrun for terceira_dag to None, run_after=None
[2024-07-10T01:46:00.260+0000] {processor.py:183} INFO - Processing /opt/airflow/dags/terceiradag.py took 0.084 seconds
[2024-07-10T01:46:30.562+0000] {processor.py:161} INFO - Started process (PID=269) to work on /opt/airflow/dags/terceiradag.py
[2024-07-10T01:46:30.562+0000] {processor.py:830} INFO - Processing file /opt/airflow/dags/terceiradag.py for tasks to queue
[2024-07-10T01:46:30.563+0000] {logging_mixin.py:188} INFO - [2024-07-10T01:46:30.563+0000] {dagbag.py:545} INFO - Filling up the DagBag from /opt/airflow/dags/terceiradag.py
[2024-07-10T01:46:30.582+0000] {processor.py:840} INFO - DAG(s) 'terceira_dag' retrieved from /opt/airflow/dags/terceiradag.py
[2024-07-10T01:46:30.606+0000] {logging_mixin.py:188} INFO - [2024-07-10T01:46:30.606+0000] {dag.py:3096} INFO - Sync 1 DAGs
[2024-07-10T01:46:30.619+0000] {logging_mixin.py:188} INFO - [2024-07-10T01:46:30.619+0000] {dag.py:3954} INFO - Setting next_dagrun for terceira_dag to None, run_after=None
[2024-07-10T01:46:30.638+0000] {processor.py:183} INFO - Processing /opt/airflow/dags/terceiradag.py took 0.081 seconds
[2024-07-10T01:47:00.861+0000] {processor.py:161} INFO - Started process (PID=278) to work on /opt/airflow/dags/terceiradag.py
[2024-07-10T01:47:00.863+0000] {processor.py:830} INFO - Processing file /opt/airflow/dags/terceiradag.py for tasks to queue
[2024-07-10T01:47:00.864+0000] {logging_mixin.py:188} INFO - [2024-07-10T01:47:00.863+0000] {dagbag.py:545} INFO - Filling up the DagBag from /opt/airflow/dags/terceiradag.py
[2024-07-10T01:47:00.884+0000] {processor.py:840} INFO - DAG(s) 'terceira_dag' retrieved from /opt/airflow/dags/terceiradag.py
[2024-07-10T01:47:00.909+0000] {logging_mixin.py:188} INFO - [2024-07-10T01:47:00.909+0000] {dag.py:3096} INFO - Sync 1 DAGs
[2024-07-10T01:47:00.923+0000] {logging_mixin.py:188} INFO - [2024-07-10T01:47:00.922+0000] {dag.py:3954} INFO - Setting next_dagrun for terceira_dag to None, run_after=None
[2024-07-10T01:47:00.943+0000] {processor.py:183} INFO - Processing /opt/airflow/dags/terceiradag.py took 0.089 seconds
[2024-07-10T01:47:31.249+0000] {processor.py:161} INFO - Started process (PID=287) to work on /opt/airflow/dags/terceiradag.py
[2024-07-10T01:47:31.250+0000] {processor.py:830} INFO - Processing file /opt/airflow/dags/terceiradag.py for tasks to queue
[2024-07-10T01:47:31.251+0000] {logging_mixin.py:188} INFO - [2024-07-10T01:47:31.250+0000] {dagbag.py:545} INFO - Filling up the DagBag from /opt/airflow/dags/terceiradag.py
[2024-07-10T01:47:31.270+0000] {processor.py:840} INFO - DAG(s) 'terceira_dag' retrieved from /opt/airflow/dags/terceiradag.py
[2024-07-10T01:47:31.298+0000] {logging_mixin.py:188} INFO - [2024-07-10T01:47:31.298+0000] {dag.py:3096} INFO - Sync 1 DAGs
[2024-07-10T01:47:31.312+0000] {logging_mixin.py:188} INFO - [2024-07-10T01:47:31.311+0000] {dag.py:3954} INFO - Setting next_dagrun for terceira_dag to None, run_after=None
[2024-07-10T01:47:31.330+0000] {processor.py:183} INFO - Processing /opt/airflow/dags/terceiradag.py took 0.086 seconds
[2024-07-10T01:48:01.556+0000] {processor.py:161} INFO - Started process (PID=296) to work on /opt/airflow/dags/terceiradag.py
[2024-07-10T01:48:01.557+0000] {processor.py:830} INFO - Processing file /opt/airflow/dags/terceiradag.py for tasks to queue
[2024-07-10T01:48:01.558+0000] {logging_mixin.py:188} INFO - [2024-07-10T01:48:01.558+0000] {dagbag.py:545} INFO - Filling up the DagBag from /opt/airflow/dags/terceiradag.py
[2024-07-10T01:48:01.577+0000] {processor.py:840} INFO - DAG(s) 'terceira_dag' retrieved from /opt/airflow/dags/terceiradag.py
[2024-07-10T01:48:01.605+0000] {logging_mixin.py:188} INFO - [2024-07-10T01:48:01.605+0000] {dag.py:3096} INFO - Sync 1 DAGs
[2024-07-10T01:48:01.620+0000] {logging_mixin.py:188} INFO - [2024-07-10T01:48:01.620+0000] {dag.py:3954} INFO - Setting next_dagrun for terceira_dag to None, run_after=None
[2024-07-10T01:48:01.639+0000] {processor.py:183} INFO - Processing /opt/airflow/dags/terceiradag.py took 0.087 seconds
[2024-07-10T01:48:32.180+0000] {processor.py:161} INFO - Started process (PID=309) to work on /opt/airflow/dags/terceiradag.py
[2024-07-10T01:48:32.181+0000] {processor.py:830} INFO - Processing file /opt/airflow/dags/terceiradag.py for tasks to queue
[2024-07-10T01:48:32.182+0000] {logging_mixin.py:188} INFO - [2024-07-10T01:48:32.182+0000] {dagbag.py:545} INFO - Filling up the DagBag from /opt/airflow/dags/terceiradag.py
[2024-07-10T01:48:32.200+0000] {processor.py:840} INFO - DAG(s) 'terceira_dag' retrieved from /opt/airflow/dags/terceiradag.py
[2024-07-10T01:48:32.226+0000] {logging_mixin.py:188} INFO - [2024-07-10T01:48:32.225+0000] {dag.py:3096} INFO - Sync 1 DAGs
[2024-07-10T01:48:32.238+0000] {logging_mixin.py:188} INFO - [2024-07-10T01:48:32.238+0000] {dag.py:3954} INFO - Setting next_dagrun for terceira_dag to None, run_after=None
[2024-07-10T01:48:32.257+0000] {processor.py:183} INFO - Processing /opt/airflow/dags/terceiradag.py took 0.080 seconds
[2024-07-10T01:49:02.645+0000] {processor.py:161} INFO - Started process (PID=322) to work on /opt/airflow/dags/terceiradag.py
[2024-07-10T01:49:02.646+0000] {processor.py:830} INFO - Processing file /opt/airflow/dags/terceiradag.py for tasks to queue
[2024-07-10T01:49:02.647+0000] {logging_mixin.py:188} INFO - [2024-07-10T01:49:02.646+0000] {dagbag.py:545} INFO - Filling up the DagBag from /opt/airflow/dags/terceiradag.py
[2024-07-10T01:49:02.664+0000] {processor.py:840} INFO - DAG(s) 'terceira_dag' retrieved from /opt/airflow/dags/terceiradag.py
[2024-07-10T01:49:02.689+0000] {logging_mixin.py:188} INFO - [2024-07-10T01:49:02.689+0000] {dag.py:3096} INFO - Sync 1 DAGs
[2024-07-10T01:49:02.703+0000] {logging_mixin.py:188} INFO - [2024-07-10T01:49:02.702+0000] {dag.py:3954} INFO - Setting next_dagrun for terceira_dag to None, run_after=None
[2024-07-10T01:49:02.720+0000] {processor.py:183} INFO - Processing /opt/airflow/dags/terceiradag.py took 0.080 seconds
[2024-07-10T01:49:33.229+0000] {processor.py:161} INFO - Started process (PID=335) to work on /opt/airflow/dags/terceiradag.py
[2024-07-10T01:49:33.231+0000] {processor.py:830} INFO - Processing file /opt/airflow/dags/terceiradag.py for tasks to queue
[2024-07-10T01:49:33.232+0000] {logging_mixin.py:188} INFO - [2024-07-10T01:49:33.232+0000] {dagbag.py:545} INFO - Filling up the DagBag from /opt/airflow/dags/terceiradag.py
[2024-07-10T01:49:33.258+0000] {processor.py:840} INFO - DAG(s) 'terceira_dag' retrieved from /opt/airflow/dags/terceiradag.py
[2024-07-10T01:49:33.288+0000] {logging_mixin.py:188} INFO - [2024-07-10T01:49:33.288+0000] {dag.py:3096} INFO - Sync 1 DAGs
[2024-07-10T01:49:33.304+0000] {logging_mixin.py:188} INFO - [2024-07-10T01:49:33.304+0000] {dag.py:3954} INFO - Setting next_dagrun for terceira_dag to None, run_after=None
[2024-07-10T01:49:33.329+0000] {processor.py:183} INFO - Processing /opt/airflow/dags/terceiradag.py took 0.105 seconds
[2024-07-10T01:50:03.684+0000] {processor.py:161} INFO - Started process (PID=345) to work on /opt/airflow/dags/terceiradag.py
[2024-07-10T01:50:03.685+0000] {processor.py:830} INFO - Processing file /opt/airflow/dags/terceiradag.py for tasks to queue
[2024-07-10T01:50:03.686+0000] {logging_mixin.py:188} INFO - [2024-07-10T01:50:03.686+0000] {dagbag.py:545} INFO - Filling up the DagBag from /opt/airflow/dags/terceiradag.py
[2024-07-10T01:50:03.705+0000] {processor.py:840} INFO - DAG(s) 'terceira_dag' retrieved from /opt/airflow/dags/terceiradag.py
[2024-07-10T01:50:03.737+0000] {logging_mixin.py:188} INFO - [2024-07-10T01:50:03.736+0000] {dag.py:3096} INFO - Sync 1 DAGs
[2024-07-10T01:50:03.751+0000] {logging_mixin.py:188} INFO - [2024-07-10T01:50:03.751+0000] {dag.py:3954} INFO - Setting next_dagrun for terceira_dag to None, run_after=None
[2024-07-10T01:50:03.771+0000] {processor.py:183} INFO - Processing /opt/airflow/dags/terceiradag.py took 0.091 seconds
[2024-07-10T01:50:34.117+0000] {processor.py:161} INFO - Started process (PID=355) to work on /opt/airflow/dags/terceiradag.py
[2024-07-10T01:50:34.118+0000] {processor.py:830} INFO - Processing file /opt/airflow/dags/terceiradag.py for tasks to queue
[2024-07-10T01:50:34.118+0000] {logging_mixin.py:188} INFO - [2024-07-10T01:50:34.118+0000] {dagbag.py:545} INFO - Filling up the DagBag from /opt/airflow/dags/terceiradag.py
[2024-07-10T01:50:34.136+0000] {processor.py:840} INFO - DAG(s) 'terceira_dag' retrieved from /opt/airflow/dags/terceiradag.py
[2024-07-10T01:50:34.160+0000] {logging_mixin.py:188} INFO - [2024-07-10T01:50:34.160+0000] {dag.py:3096} INFO - Sync 1 DAGs
[2024-07-10T01:50:34.172+0000] {logging_mixin.py:188} INFO - [2024-07-10T01:50:34.171+0000] {dag.py:3954} INFO - Setting next_dagrun for terceira_dag to None, run_after=None
[2024-07-10T01:50:34.187+0000] {processor.py:183} INFO - Processing /opt/airflow/dags/terceiradag.py took 0.074 seconds
[2024-07-10T01:51:04.432+0000] {processor.py:161} INFO - Started process (PID=365) to work on /opt/airflow/dags/terceiradag.py
[2024-07-10T01:51:04.433+0000] {processor.py:830} INFO - Processing file /opt/airflow/dags/terceiradag.py for tasks to queue
[2024-07-10T01:51:04.434+0000] {logging_mixin.py:188} INFO - [2024-07-10T01:51:04.434+0000] {dagbag.py:545} INFO - Filling up the DagBag from /opt/airflow/dags/terceiradag.py
[2024-07-10T01:51:04.453+0000] {processor.py:840} INFO - DAG(s) 'terceira_dag' retrieved from /opt/airflow/dags/terceiradag.py
[2024-07-10T01:51:04.479+0000] {logging_mixin.py:188} INFO - [2024-07-10T01:51:04.479+0000] {dag.py:3096} INFO - Sync 1 DAGs
[2024-07-10T01:51:04.491+0000] {logging_mixin.py:188} INFO - [2024-07-10T01:51:04.491+0000] {dag.py:3954} INFO - Setting next_dagrun for terceira_dag to None, run_after=None
[2024-07-10T01:51:04.511+0000] {processor.py:183} INFO - Processing /opt/airflow/dags/terceiradag.py took 0.083 seconds
[2024-07-10T01:51:34.831+0000] {processor.py:161} INFO - Started process (PID=375) to work on /opt/airflow/dags/terceiradag.py
[2024-07-10T01:51:34.832+0000] {processor.py:830} INFO - Processing file /opt/airflow/dags/terceiradag.py for tasks to queue
[2024-07-10T01:51:34.833+0000] {logging_mixin.py:188} INFO - [2024-07-10T01:51:34.832+0000] {dagbag.py:545} INFO - Filling up the DagBag from /opt/airflow/dags/terceiradag.py
[2024-07-10T01:51:34.850+0000] {processor.py:840} INFO - DAG(s) 'terceira_dag' retrieved from /opt/airflow/dags/terceiradag.py
[2024-07-10T01:51:34.877+0000] {logging_mixin.py:188} INFO - [2024-07-10T01:51:34.877+0000] {dag.py:3096} INFO - Sync 1 DAGs
[2024-07-10T01:51:34.889+0000] {logging_mixin.py:188} INFO - [2024-07-10T01:51:34.888+0000] {dag.py:3954} INFO - Setting next_dagrun for terceira_dag to None, run_after=None
[2024-07-10T01:51:34.908+0000] {processor.py:183} INFO - Processing /opt/airflow/dags/terceiradag.py took 0.082 seconds
[2024-07-10T01:52:05.238+0000] {processor.py:161} INFO - Started process (PID=385) to work on /opt/airflow/dags/terceiradag.py
[2024-07-10T01:52:05.240+0000] {processor.py:830} INFO - Processing file /opt/airflow/dags/terceiradag.py for tasks to queue
[2024-07-10T01:52:05.241+0000] {logging_mixin.py:188} INFO - [2024-07-10T01:52:05.241+0000] {dagbag.py:545} INFO - Filling up the DagBag from /opt/airflow/dags/terceiradag.py
[2024-07-10T01:52:05.261+0000] {processor.py:840} INFO - DAG(s) 'terceira_dag' retrieved from /opt/airflow/dags/terceiradag.py
[2024-07-10T01:52:05.299+0000] {logging_mixin.py:188} INFO - [2024-07-10T01:52:05.299+0000] {dag.py:3096} INFO - Sync 1 DAGs
[2024-07-10T01:52:05.317+0000] {logging_mixin.py:188} INFO - [2024-07-10T01:52:05.317+0000] {dag.py:3954} INFO - Setting next_dagrun for terceira_dag to None, run_after=None
[2024-07-10T01:52:05.341+0000] {processor.py:183} INFO - Processing /opt/airflow/dags/terceiradag.py took 0.108 seconds
[2024-07-10T01:52:35.550+0000] {processor.py:161} INFO - Started process (PID=395) to work on /opt/airflow/dags/terceiradag.py
[2024-07-10T01:52:35.550+0000] {processor.py:830} INFO - Processing file /opt/airflow/dags/terceiradag.py for tasks to queue
[2024-07-10T01:52:35.551+0000] {logging_mixin.py:188} INFO - [2024-07-10T01:52:35.551+0000] {dagbag.py:545} INFO - Filling up the DagBag from /opt/airflow/dags/terceiradag.py
[2024-07-10T01:52:35.573+0000] {processor.py:840} INFO - DAG(s) 'terceira_dag' retrieved from /opt/airflow/dags/terceiradag.py
[2024-07-10T01:52:35.600+0000] {logging_mixin.py:188} INFO - [2024-07-10T01:52:35.599+0000] {dag.py:3096} INFO - Sync 1 DAGs
[2024-07-10T01:52:35.611+0000] {logging_mixin.py:188} INFO - [2024-07-10T01:52:35.611+0000] {dag.py:3954} INFO - Setting next_dagrun for terceira_dag to None, run_after=None
[2024-07-10T01:52:35.627+0000] {processor.py:183} INFO - Processing /opt/airflow/dags/terceiradag.py took 0.084 seconds
[2024-07-10T01:53:05.863+0000] {processor.py:161} INFO - Started process (PID=405) to work on /opt/airflow/dags/terceiradag.py
[2024-07-10T01:53:05.863+0000] {processor.py:830} INFO - Processing file /opt/airflow/dags/terceiradag.py for tasks to queue
[2024-07-10T01:53:05.864+0000] {logging_mixin.py:188} INFO - [2024-07-10T01:53:05.864+0000] {dagbag.py:545} INFO - Filling up the DagBag from /opt/airflow/dags/terceiradag.py
[2024-07-10T01:53:05.881+0000] {processor.py:840} INFO - DAG(s) 'terceira_dag' retrieved from /opt/airflow/dags/terceiradag.py
[2024-07-10T01:53:05.904+0000] {logging_mixin.py:188} INFO - [2024-07-10T01:53:05.904+0000] {dag.py:3096} INFO - Sync 1 DAGs
[2024-07-10T01:53:05.916+0000] {logging_mixin.py:188} INFO - [2024-07-10T01:53:05.916+0000] {dag.py:3954} INFO - Setting next_dagrun for terceira_dag to None, run_after=None
[2024-07-10T01:53:05.931+0000] {processor.py:183} INFO - Processing /opt/airflow/dags/terceiradag.py took 0.073 seconds
[2024-07-10T01:53:36.339+0000] {processor.py:161} INFO - Started process (PID=415) to work on /opt/airflow/dags/terceiradag.py
[2024-07-10T01:53:36.340+0000] {processor.py:830} INFO - Processing file /opt/airflow/dags/terceiradag.py for tasks to queue
[2024-07-10T01:53:36.341+0000] {logging_mixin.py:188} INFO - [2024-07-10T01:53:36.340+0000] {dagbag.py:545} INFO - Filling up the DagBag from /opt/airflow/dags/terceiradag.py
[2024-07-10T01:53:36.355+0000] {processor.py:840} INFO - DAG(s) 'terceira_dag' retrieved from /opt/airflow/dags/terceiradag.py
[2024-07-10T01:53:36.383+0000] {logging_mixin.py:188} INFO - [2024-07-10T01:53:36.382+0000] {dag.py:3096} INFO - Sync 1 DAGs
[2024-07-10T01:53:36.395+0000] {logging_mixin.py:188} INFO - [2024-07-10T01:53:36.395+0000] {dag.py:3954} INFO - Setting next_dagrun for terceira_dag to None, run_after=None
[2024-07-10T01:53:36.413+0000] {processor.py:183} INFO - Processing /opt/airflow/dags/terceiradag.py took 0.078 seconds
[2024-07-10T01:54:06.801+0000] {processor.py:161} INFO - Started process (PID=425) to work on /opt/airflow/dags/terceiradag.py
[2024-07-10T01:54:06.801+0000] {processor.py:830} INFO - Processing file /opt/airflow/dags/terceiradag.py for tasks to queue
[2024-07-10T01:54:06.802+0000] {logging_mixin.py:188} INFO - [2024-07-10T01:54:06.802+0000] {dagbag.py:545} INFO - Filling up the DagBag from /opt/airflow/dags/terceiradag.py
[2024-07-10T01:54:06.836+0000] {processor.py:840} INFO - DAG(s) 'terceira_dag' retrieved from /opt/airflow/dags/terceiradag.py
[2024-07-10T01:54:06.864+0000] {logging_mixin.py:188} INFO - [2024-07-10T01:54:06.863+0000] {dag.py:3096} INFO - Sync 1 DAGs
[2024-07-10T01:54:06.876+0000] {logging_mixin.py:188} INFO - [2024-07-10T01:54:06.876+0000] {dag.py:3954} INFO - Setting next_dagrun for terceira_dag to None, run_after=None
[2024-07-10T01:54:06.895+0000] {processor.py:183} INFO - Processing /opt/airflow/dags/terceiradag.py took 0.098 seconds
[2024-07-10T01:54:37.156+0000] {processor.py:161} INFO - Started process (PID=435) to work on /opt/airflow/dags/terceiradag.py
[2024-07-10T01:54:37.157+0000] {processor.py:830} INFO - Processing file /opt/airflow/dags/terceiradag.py for tasks to queue
[2024-07-10T01:54:37.158+0000] {logging_mixin.py:188} INFO - [2024-07-10T01:54:37.158+0000] {dagbag.py:545} INFO - Filling up the DagBag from /opt/airflow/dags/terceiradag.py
[2024-07-10T01:54:37.177+0000] {processor.py:840} INFO - DAG(s) 'terceira_dag' retrieved from /opt/airflow/dags/terceiradag.py
[2024-07-10T01:54:37.204+0000] {logging_mixin.py:188} INFO - [2024-07-10T01:54:37.204+0000] {dag.py:3096} INFO - Sync 1 DAGs
[2024-07-10T01:54:37.217+0000] {logging_mixin.py:188} INFO - [2024-07-10T01:54:37.217+0000] {dag.py:3954} INFO - Setting next_dagrun for terceira_dag to None, run_after=None
[2024-07-10T01:54:37.236+0000] {processor.py:183} INFO - Processing /opt/airflow/dags/terceiradag.py took 0.085 seconds
[2024-07-10T01:55:07.574+0000] {processor.py:161} INFO - Started process (PID=445) to work on /opt/airflow/dags/terceiradag.py
[2024-07-10T01:55:07.575+0000] {processor.py:830} INFO - Processing file /opt/airflow/dags/terceiradag.py for tasks to queue
[2024-07-10T01:55:07.576+0000] {logging_mixin.py:188} INFO - [2024-07-10T01:55:07.576+0000] {dagbag.py:545} INFO - Filling up the DagBag from /opt/airflow/dags/terceiradag.py
[2024-07-10T01:55:07.592+0000] {processor.py:840} INFO - DAG(s) 'terceira_dag' retrieved from /opt/airflow/dags/terceiradag.py
[2024-07-10T01:55:07.618+0000] {logging_mixin.py:188} INFO - [2024-07-10T01:55:07.618+0000] {dag.py:3096} INFO - Sync 1 DAGs
[2024-07-10T01:55:07.632+0000] {logging_mixin.py:188} INFO - [2024-07-10T01:55:07.632+0000] {dag.py:3954} INFO - Setting next_dagrun for terceira_dag to None, run_after=None
[2024-07-10T01:55:07.660+0000] {processor.py:183} INFO - Processing /opt/airflow/dags/terceiradag.py took 0.090 seconds
[2024-07-10T01:55:38.013+0000] {processor.py:161} INFO - Started process (PID=455) to work on /opt/airflow/dags/terceiradag.py
[2024-07-10T01:55:38.014+0000] {processor.py:830} INFO - Processing file /opt/airflow/dags/terceiradag.py for tasks to queue
[2024-07-10T01:55:38.015+0000] {logging_mixin.py:188} INFO - [2024-07-10T01:55:38.014+0000] {dagbag.py:545} INFO - Filling up the DagBag from /opt/airflow/dags/terceiradag.py
[2024-07-10T01:55:38.033+0000] {processor.py:840} INFO - DAG(s) 'terceira_dag' retrieved from /opt/airflow/dags/terceiradag.py
[2024-07-10T01:55:38.060+0000] {logging_mixin.py:188} INFO - [2024-07-10T01:55:38.060+0000] {dag.py:3096} INFO - Sync 1 DAGs
[2024-07-10T01:55:38.073+0000] {logging_mixin.py:188} INFO - [2024-07-10T01:55:38.073+0000] {dag.py:3954} INFO - Setting next_dagrun for terceira_dag to None, run_after=None
[2024-07-10T01:55:38.096+0000] {processor.py:183} INFO - Processing /opt/airflow/dags/terceiradag.py took 0.087 seconds
[2024-07-10T01:56:08.349+0000] {processor.py:161} INFO - Started process (PID=465) to work on /opt/airflow/dags/terceiradag.py
[2024-07-10T01:56:08.350+0000] {processor.py:830} INFO - Processing file /opt/airflow/dags/terceiradag.py for tasks to queue
[2024-07-10T01:56:08.351+0000] {logging_mixin.py:188} INFO - [2024-07-10T01:56:08.350+0000] {dagbag.py:545} INFO - Filling up the DagBag from /opt/airflow/dags/terceiradag.py
[2024-07-10T01:56:08.371+0000] {processor.py:840} INFO - DAG(s) 'terceira_dag' retrieved from /opt/airflow/dags/terceiradag.py
[2024-07-10T01:56:08.399+0000] {logging_mixin.py:188} INFO - [2024-07-10T01:56:08.399+0000] {dag.py:3096} INFO - Sync 1 DAGs
[2024-07-10T01:56:08.414+0000] {logging_mixin.py:188} INFO - [2024-07-10T01:56:08.414+0000] {dag.py:3954} INFO - Setting next_dagrun for terceira_dag to None, run_after=None
[2024-07-10T01:56:08.432+0000] {processor.py:183} INFO - Processing /opt/airflow/dags/terceiradag.py took 0.090 seconds
[2024-07-10T01:56:38.741+0000] {processor.py:161} INFO - Started process (PID=475) to work on /opt/airflow/dags/terceiradag.py
[2024-07-10T01:56:38.742+0000] {processor.py:830} INFO - Processing file /opt/airflow/dags/terceiradag.py for tasks to queue
[2024-07-10T01:56:38.743+0000] {logging_mixin.py:188} INFO - [2024-07-10T01:56:38.743+0000] {dagbag.py:545} INFO - Filling up the DagBag from /opt/airflow/dags/terceiradag.py
[2024-07-10T01:56:38.762+0000] {processor.py:840} INFO - DAG(s) 'terceira_dag' retrieved from /opt/airflow/dags/terceiradag.py
[2024-07-10T01:56:38.789+0000] {logging_mixin.py:188} INFO - [2024-07-10T01:56:38.788+0000] {dag.py:3096} INFO - Sync 1 DAGs
[2024-07-10T01:56:38.801+0000] {logging_mixin.py:188} INFO - [2024-07-10T01:56:38.801+0000] {dag.py:3954} INFO - Setting next_dagrun for terceira_dag to None, run_after=None
[2024-07-10T01:56:38.819+0000] {processor.py:183} INFO - Processing /opt/airflow/dags/terceiradag.py took 0.082 seconds
[2024-07-10T01:57:09.075+0000] {processor.py:161} INFO - Started process (PID=485) to work on /opt/airflow/dags/terceiradag.py
[2024-07-10T01:57:09.076+0000] {processor.py:830} INFO - Processing file /opt/airflow/dags/terceiradag.py for tasks to queue
[2024-07-10T01:57:09.077+0000] {logging_mixin.py:188} INFO - [2024-07-10T01:57:09.076+0000] {dagbag.py:545} INFO - Filling up the DagBag from /opt/airflow/dags/terceiradag.py
[2024-07-10T01:57:09.095+0000] {processor.py:840} INFO - DAG(s) 'terceira_dag' retrieved from /opt/airflow/dags/terceiradag.py
[2024-07-10T01:57:09.120+0000] {logging_mixin.py:188} INFO - [2024-07-10T01:57:09.120+0000] {dag.py:3096} INFO - Sync 1 DAGs
[2024-07-10T01:57:09.133+0000] {logging_mixin.py:188} INFO - [2024-07-10T01:57:09.132+0000] {dag.py:3954} INFO - Setting next_dagrun for terceira_dag to None, run_after=None
[2024-07-10T01:57:09.149+0000] {processor.py:183} INFO - Processing /opt/airflow/dags/terceiradag.py took 0.079 seconds
[2024-07-10T01:57:39.505+0000] {processor.py:161} INFO - Started process (PID=495) to work on /opt/airflow/dags/terceiradag.py
[2024-07-10T01:57:39.506+0000] {processor.py:830} INFO - Processing file /opt/airflow/dags/terceiradag.py for tasks to queue
[2024-07-10T01:57:39.507+0000] {logging_mixin.py:188} INFO - [2024-07-10T01:57:39.507+0000] {dagbag.py:545} INFO - Filling up the DagBag from /opt/airflow/dags/terceiradag.py
[2024-07-10T01:57:39.526+0000] {processor.py:840} INFO - DAG(s) 'terceira_dag' retrieved from /opt/airflow/dags/terceiradag.py
[2024-07-10T01:57:39.551+0000] {logging_mixin.py:188} INFO - [2024-07-10T01:57:39.551+0000] {dag.py:3096} INFO - Sync 1 DAGs
[2024-07-10T01:57:39.567+0000] {logging_mixin.py:188} INFO - [2024-07-10T01:57:39.567+0000] {dag.py:3954} INFO - Setting next_dagrun for terceira_dag to None, run_after=None
[2024-07-10T01:57:39.585+0000] {processor.py:183} INFO - Processing /opt/airflow/dags/terceiradag.py took 0.084 seconds
[2024-07-10T01:58:09.842+0000] {processor.py:161} INFO - Started process (PID=505) to work on /opt/airflow/dags/terceiradag.py
[2024-07-10T01:58:09.843+0000] {processor.py:830} INFO - Processing file /opt/airflow/dags/terceiradag.py for tasks to queue
[2024-07-10T01:58:09.844+0000] {logging_mixin.py:188} INFO - [2024-07-10T01:58:09.844+0000] {dagbag.py:545} INFO - Filling up the DagBag from /opt/airflow/dags/terceiradag.py
[2024-07-10T01:58:09.859+0000] {processor.py:840} INFO - DAG(s) 'terceira_dag' retrieved from /opt/airflow/dags/terceiradag.py
[2024-07-10T01:58:09.886+0000] {logging_mixin.py:188} INFO - [2024-07-10T01:58:09.886+0000] {dag.py:3096} INFO - Sync 1 DAGs
[2024-07-10T01:58:09.899+0000] {logging_mixin.py:188} INFO - [2024-07-10T01:58:09.899+0000] {dag.py:3954} INFO - Setting next_dagrun for terceira_dag to None, run_after=None
[2024-07-10T01:58:09.919+0000] {processor.py:183} INFO - Processing /opt/airflow/dags/terceiradag.py took 0.081 seconds
[2024-07-10T01:58:40.333+0000] {processor.py:161} INFO - Started process (PID=515) to work on /opt/airflow/dags/terceiradag.py
[2024-07-10T01:58:40.334+0000] {processor.py:830} INFO - Processing file /opt/airflow/dags/terceiradag.py for tasks to queue
[2024-07-10T01:58:40.334+0000] {logging_mixin.py:188} INFO - [2024-07-10T01:58:40.334+0000] {dagbag.py:545} INFO - Filling up the DagBag from /opt/airflow/dags/terceiradag.py
[2024-07-10T01:58:40.356+0000] {processor.py:840} INFO - DAG(s) 'terceira_dag' retrieved from /opt/airflow/dags/terceiradag.py
[2024-07-10T01:58:40.385+0000] {logging_mixin.py:188} INFO - [2024-07-10T01:58:40.385+0000] {dag.py:3096} INFO - Sync 1 DAGs
[2024-07-10T01:58:40.398+0000] {logging_mixin.py:188} INFO - [2024-07-10T01:58:40.398+0000] {dag.py:3954} INFO - Setting next_dagrun for terceira_dag to None, run_after=None
[2024-07-10T01:58:40.415+0000] {processor.py:183} INFO - Processing /opt/airflow/dags/terceiradag.py took 0.087 seconds
[2024-07-10T01:59:10.647+0000] {processor.py:161} INFO - Started process (PID=525) to work on /opt/airflow/dags/terceiradag.py
[2024-07-10T01:59:10.648+0000] {processor.py:830} INFO - Processing file /opt/airflow/dags/terceiradag.py for tasks to queue
[2024-07-10T01:59:10.649+0000] {logging_mixin.py:188} INFO - [2024-07-10T01:59:10.648+0000] {dagbag.py:545} INFO - Filling up the DagBag from /opt/airflow/dags/terceiradag.py
[2024-07-10T01:59:10.664+0000] {processor.py:840} INFO - DAG(s) 'terceira_dag' retrieved from /opt/airflow/dags/terceiradag.py
[2024-07-10T01:59:10.694+0000] {logging_mixin.py:188} INFO - [2024-07-10T01:59:10.693+0000] {dag.py:3096} INFO - Sync 1 DAGs
[2024-07-10T01:59:10.709+0000] {logging_mixin.py:188} INFO - [2024-07-10T01:59:10.709+0000] {dag.py:3954} INFO - Setting next_dagrun for terceira_dag to None, run_after=None
[2024-07-10T01:59:10.730+0000] {processor.py:183} INFO - Processing /opt/airflow/dags/terceiradag.py took 0.087 seconds
[2024-07-10T01:59:41.028+0000] {processor.py:161} INFO - Started process (PID=535) to work on /opt/airflow/dags/terceiradag.py
[2024-07-10T01:59:41.028+0000] {processor.py:830} INFO - Processing file /opt/airflow/dags/terceiradag.py for tasks to queue
[2024-07-10T01:59:41.029+0000] {logging_mixin.py:188} INFO - [2024-07-10T01:59:41.029+0000] {dagbag.py:545} INFO - Filling up the DagBag from /opt/airflow/dags/terceiradag.py
[2024-07-10T01:59:41.047+0000] {processor.py:840} INFO - DAG(s) 'terceira_dag' retrieved from /opt/airflow/dags/terceiradag.py
[2024-07-10T01:59:41.074+0000] {logging_mixin.py:188} INFO - [2024-07-10T01:59:41.074+0000] {dag.py:3096} INFO - Sync 1 DAGs
[2024-07-10T01:59:41.087+0000] {logging_mixin.py:188} INFO - [2024-07-10T01:59:41.086+0000] {dag.py:3954} INFO - Setting next_dagrun for terceira_dag to None, run_after=None
[2024-07-10T01:59:41.104+0000] {processor.py:183} INFO - Processing /opt/airflow/dags/terceiradag.py took 0.080 seconds
[2024-07-10T02:00:11.366+0000] {processor.py:161} INFO - Started process (PID=545) to work on /opt/airflow/dags/terceiradag.py
[2024-07-10T02:00:11.367+0000] {processor.py:830} INFO - Processing file /opt/airflow/dags/terceiradag.py for tasks to queue
[2024-07-10T02:00:11.368+0000] {logging_mixin.py:188} INFO - [2024-07-10T02:00:11.368+0000] {dagbag.py:545} INFO - Filling up the DagBag from /opt/airflow/dags/terceiradag.py
[2024-07-10T02:00:11.391+0000] {processor.py:840} INFO - DAG(s) 'terceira_dag' retrieved from /opt/airflow/dags/terceiradag.py
[2024-07-10T02:00:11.425+0000] {logging_mixin.py:188} INFO - [2024-07-10T02:00:11.425+0000] {dag.py:3096} INFO - Sync 1 DAGs
[2024-07-10T02:00:11.443+0000] {logging_mixin.py:188} INFO - [2024-07-10T02:00:11.442+0000] {dag.py:3954} INFO - Setting next_dagrun for terceira_dag to None, run_after=None
[2024-07-10T02:00:11.463+0000] {processor.py:183} INFO - Processing /opt/airflow/dags/terceiradag.py took 0.104 seconds
[2024-07-10T02:00:41.812+0000] {processor.py:161} INFO - Started process (PID=555) to work on /opt/airflow/dags/terceiradag.py
[2024-07-10T02:00:41.812+0000] {processor.py:830} INFO - Processing file /opt/airflow/dags/terceiradag.py for tasks to queue
[2024-07-10T02:00:41.813+0000] {logging_mixin.py:188} INFO - [2024-07-10T02:00:41.813+0000] {dagbag.py:545} INFO - Filling up the DagBag from /opt/airflow/dags/terceiradag.py
[2024-07-10T02:00:41.830+0000] {processor.py:840} INFO - DAG(s) 'terceira_dag' retrieved from /opt/airflow/dags/terceiradag.py
[2024-07-10T02:00:41.854+0000] {logging_mixin.py:188} INFO - [2024-07-10T02:00:41.853+0000] {dag.py:3096} INFO - Sync 1 DAGs
[2024-07-10T02:00:41.866+0000] {logging_mixin.py:188} INFO - [2024-07-10T02:00:41.866+0000] {dag.py:3954} INFO - Setting next_dagrun for terceira_dag to None, run_after=None
[2024-07-10T02:00:41.882+0000] {processor.py:183} INFO - Processing /opt/airflow/dags/terceiradag.py took 0.075 seconds
[2024-07-10T02:01:12.140+0000] {processor.py:161} INFO - Started process (PID=565) to work on /opt/airflow/dags/terceiradag.py
[2024-07-10T02:01:12.141+0000] {processor.py:830} INFO - Processing file /opt/airflow/dags/terceiradag.py for tasks to queue
[2024-07-10T02:01:12.142+0000] {logging_mixin.py:188} INFO - [2024-07-10T02:01:12.142+0000] {dagbag.py:545} INFO - Filling up the DagBag from /opt/airflow/dags/terceiradag.py
[2024-07-10T02:01:12.158+0000] {processor.py:840} INFO - DAG(s) 'terceira_dag' retrieved from /opt/airflow/dags/terceiradag.py
[2024-07-10T02:01:12.188+0000] {logging_mixin.py:188} INFO - [2024-07-10T02:01:12.188+0000] {dag.py:3096} INFO - Sync 1 DAGs
[2024-07-10T02:01:12.203+0000] {logging_mixin.py:188} INFO - [2024-07-10T02:01:12.203+0000] {dag.py:3954} INFO - Setting next_dagrun for terceira_dag to None, run_after=None
[2024-07-10T02:01:12.220+0000] {processor.py:183} INFO - Processing /opt/airflow/dags/terceiradag.py took 0.086 seconds
[2024-07-10T02:01:42.530+0000] {processor.py:161} INFO - Started process (PID=575) to work on /opt/airflow/dags/terceiradag.py
[2024-07-10T02:01:42.531+0000] {processor.py:830} INFO - Processing file /opt/airflow/dags/terceiradag.py for tasks to queue
[2024-07-10T02:01:42.532+0000] {logging_mixin.py:188} INFO - [2024-07-10T02:01:42.531+0000] {dagbag.py:545} INFO - Filling up the DagBag from /opt/airflow/dags/terceiradag.py
[2024-07-10T02:01:42.549+0000] {processor.py:840} INFO - DAG(s) 'terceira_dag' retrieved from /opt/airflow/dags/terceiradag.py
[2024-07-10T02:01:42.573+0000] {logging_mixin.py:188} INFO - [2024-07-10T02:01:42.573+0000] {dag.py:3096} INFO - Sync 1 DAGs
[2024-07-10T02:01:42.586+0000] {logging_mixin.py:188} INFO - [2024-07-10T02:01:42.586+0000] {dag.py:3954} INFO - Setting next_dagrun for terceira_dag to None, run_after=None
[2024-07-10T02:01:42.604+0000] {processor.py:183} INFO - Processing /opt/airflow/dags/terceiradag.py took 0.079 seconds
[2024-07-10T02:02:12.943+0000] {processor.py:161} INFO - Started process (PID=585) to work on /opt/airflow/dags/terceiradag.py
[2024-07-10T02:02:12.944+0000] {processor.py:830} INFO - Processing file /opt/airflow/dags/terceiradag.py for tasks to queue
[2024-07-10T02:02:12.945+0000] {logging_mixin.py:188} INFO - [2024-07-10T02:02:12.945+0000] {dagbag.py:545} INFO - Filling up the DagBag from /opt/airflow/dags/terceiradag.py
[2024-07-10T02:02:12.964+0000] {processor.py:840} INFO - DAG(s) 'terceira_dag' retrieved from /opt/airflow/dags/terceiradag.py
[2024-07-10T02:02:12.989+0000] {logging_mixin.py:188} INFO - [2024-07-10T02:02:12.988+0000] {dag.py:3096} INFO - Sync 1 DAGs
[2024-07-10T02:02:13.001+0000] {logging_mixin.py:188} INFO - [2024-07-10T02:02:13.001+0000] {dag.py:3954} INFO - Setting next_dagrun for terceira_dag to None, run_after=None
[2024-07-10T02:02:13.018+0000] {processor.py:183} INFO - Processing /opt/airflow/dags/terceiradag.py took 0.080 seconds
[2024-07-10T02:02:43.263+0000] {processor.py:161} INFO - Started process (PID=595) to work on /opt/airflow/dags/terceiradag.py
[2024-07-10T02:02:43.264+0000] {processor.py:830} INFO - Processing file /opt/airflow/dags/terceiradag.py for tasks to queue
[2024-07-10T02:02:43.264+0000] {logging_mixin.py:188} INFO - [2024-07-10T02:02:43.264+0000] {dagbag.py:545} INFO - Filling up the DagBag from /opt/airflow/dags/terceiradag.py
[2024-07-10T02:02:43.282+0000] {processor.py:840} INFO - DAG(s) 'terceira_dag' retrieved from /opt/airflow/dags/terceiradag.py
[2024-07-10T02:02:43.306+0000] {logging_mixin.py:188} INFO - [2024-07-10T02:02:43.306+0000] {dag.py:3096} INFO - Sync 1 DAGs
[2024-07-10T02:02:43.318+0000] {logging_mixin.py:188} INFO - [2024-07-10T02:02:43.318+0000] {dag.py:3954} INFO - Setting next_dagrun for terceira_dag to None, run_after=None
[2024-07-10T02:02:43.334+0000] {processor.py:183} INFO - Processing /opt/airflow/dags/terceiradag.py took 0.076 seconds
[2024-07-10T02:03:13.744+0000] {processor.py:161} INFO - Started process (PID=605) to work on /opt/airflow/dags/terceiradag.py
[2024-07-10T02:03:13.746+0000] {processor.py:830} INFO - Processing file /opt/airflow/dags/terceiradag.py for tasks to queue
[2024-07-10T02:03:13.748+0000] {logging_mixin.py:188} INFO - [2024-07-10T02:03:13.747+0000] {dagbag.py:545} INFO - Filling up the DagBag from /opt/airflow/dags/terceiradag.py
[2024-07-10T02:03:13.792+0000] {processor.py:840} INFO - DAG(s) 'terceira_dag' retrieved from /opt/airflow/dags/terceiradag.py
[2024-07-10T02:03:13.863+0000] {logging_mixin.py:188} INFO - [2024-07-10T02:03:13.862+0000] {dag.py:3096} INFO - Sync 1 DAGs
[2024-07-10T02:03:13.893+0000] {logging_mixin.py:188} INFO - [2024-07-10T02:03:13.893+0000] {dag.py:3954} INFO - Setting next_dagrun for terceira_dag to None, run_after=None
[2024-07-10T02:03:13.932+0000] {processor.py:183} INFO - Processing /opt/airflow/dags/terceiradag.py took 0.204 seconds
