[2024-07-10T01:04:33.169+0000] {processor.py:161} INFO - Started process (PID=46) to work on /home/airflow/.local/lib/python3.12/site-packages/airflow/example_dags/example_branch_operator.py
[2024-07-10T01:04:33.171+0000] {processor.py:830} INFO - Processing file /home/airflow/.local/lib/python3.12/site-packages/airflow/example_dags/example_branch_operator.py for tasks to queue
[2024-07-10T01:04:33.172+0000] {logging_mixin.py:188} INFO - [2024-07-10T01:04:33.172+0000] {dagbag.py:545} INFO - Filling up the DagBag from /home/airflow/.local/lib/python3.12/site-packages/airflow/example_dags/example_branch_operator.py
[2024-07-10T01:04:33.240+0000] {processor.py:840} INFO - DAG(s) 'example_branch_operator' retrieved from /home/airflow/.local/lib/python3.12/site-packages/airflow/example_dags/example_branch_operator.py
[2024-07-10T01:04:33.978+0000] {logging_mixin.py:188} INFO - [2024-07-10T01:04:33.977+0000] {override.py:1829} INFO - Created Permission View: can read on DAG:example_branch_operator
[2024-07-10T01:04:34.373+0000] {logging_mixin.py:188} INFO - [2024-07-10T01:04:34.373+0000] {override.py:1829} INFO - Created Permission View: can edit on DAG:example_branch_operator
[2024-07-10T01:04:34.725+0000] {logging_mixin.py:188} INFO - [2024-07-10T01:04:34.724+0000] {override.py:1829} INFO - Created Permission View: can delete on DAG:example_branch_operator
[2024-07-10T01:04:34.726+0000] {logging_mixin.py:188} INFO - [2024-07-10T01:04:34.726+0000] {dag.py:3096} INFO - Sync 1 DAGs
[2024-07-10T01:04:34.754+0000] {logging_mixin.py:188} INFO - [2024-07-10T01:04:34.754+0000] {dag.py:3118} INFO - Creating ORM DAG for example_branch_operator
[2024-07-10T01:04:34.790+0000] {logging_mixin.py:188} INFO - [2024-07-10T01:04:34.789+0000] {dag.py:3954} INFO - Setting next_dagrun for example_branch_operator to 2024-07-09 00:00:00+00:00, run_after=2024-07-10 00:00:00+00:00
[2024-07-10T01:04:34.921+0000] {processor.py:183} INFO - Processing /home/airflow/.local/lib/python3.12/site-packages/airflow/example_dags/example_branch_operator.py took 1.757 seconds
[2024-07-10T01:05:18.021+0000] {processor.py:161} INFO - Started process (PID=111) to work on /home/airflow/.local/lib/python3.12/site-packages/airflow/example_dags/example_branch_operator.py
[2024-07-10T01:05:18.022+0000] {processor.py:830} INFO - Processing file /home/airflow/.local/lib/python3.12/site-packages/airflow/example_dags/example_branch_operator.py for tasks to queue
[2024-07-10T01:05:18.024+0000] {logging_mixin.py:188} INFO - [2024-07-10T01:05:18.024+0000] {dagbag.py:545} INFO - Filling up the DagBag from /home/airflow/.local/lib/python3.12/site-packages/airflow/example_dags/example_branch_operator.py
[2024-07-10T01:05:18.043+0000] {processor.py:840} INFO - DAG(s) 'example_branch_operator' retrieved from /home/airflow/.local/lib/python3.12/site-packages/airflow/example_dags/example_branch_operator.py
[2024-07-10T01:05:18.077+0000] {logging_mixin.py:188} INFO - [2024-07-10T01:05:18.077+0000] {dag.py:3096} INFO - Sync 1 DAGs
[2024-07-10T01:05:18.104+0000] {logging_mixin.py:188} INFO - [2024-07-10T01:05:18.103+0000] {dag.py:3954} INFO - Setting next_dagrun for example_branch_operator to 2024-07-09 00:00:00+00:00, run_after=2024-07-10 00:00:00+00:00
[2024-07-10T01:05:18.127+0000] {processor.py:183} INFO - Processing /home/airflow/.local/lib/python3.12/site-packages/airflow/example_dags/example_branch_operator.py took 0.113 seconds
[2024-07-10T01:05:48.610+0000] {processor.py:161} INFO - Started process (PID=167) to work on /home/airflow/.local/lib/python3.12/site-packages/airflow/example_dags/example_branch_operator.py
[2024-07-10T01:05:48.611+0000] {processor.py:830} INFO - Processing file /home/airflow/.local/lib/python3.12/site-packages/airflow/example_dags/example_branch_operator.py for tasks to queue
[2024-07-10T01:05:48.613+0000] {logging_mixin.py:188} INFO - [2024-07-10T01:05:48.613+0000] {dagbag.py:545} INFO - Filling up the DagBag from /home/airflow/.local/lib/python3.12/site-packages/airflow/example_dags/example_branch_operator.py
[2024-07-10T01:05:48.631+0000] {processor.py:840} INFO - DAG(s) 'example_branch_operator' retrieved from /home/airflow/.local/lib/python3.12/site-packages/airflow/example_dags/example_branch_operator.py
[2024-07-10T01:05:48.665+0000] {logging_mixin.py:188} INFO - [2024-07-10T01:05:48.665+0000] {dag.py:3096} INFO - Sync 1 DAGs
[2024-07-10T01:05:48.690+0000] {logging_mixin.py:188} INFO - [2024-07-10T01:05:48.689+0000] {dag.py:3954} INFO - Setting next_dagrun for example_branch_operator to 2024-07-09 00:00:00+00:00, run_after=2024-07-10 00:00:00+00:00
[2024-07-10T01:05:48.727+0000] {processor.py:183} INFO - Processing /home/airflow/.local/lib/python3.12/site-packages/airflow/example_dags/example_branch_operator.py took 0.123 seconds
[2024-07-10T01:06:19.129+0000] {processor.py:161} INFO - Started process (PID=223) to work on /home/airflow/.local/lib/python3.12/site-packages/airflow/example_dags/example_branch_operator.py
[2024-07-10T01:06:19.131+0000] {processor.py:830} INFO - Processing file /home/airflow/.local/lib/python3.12/site-packages/airflow/example_dags/example_branch_operator.py for tasks to queue
[2024-07-10T01:06:19.132+0000] {logging_mixin.py:188} INFO - [2024-07-10T01:06:19.132+0000] {dagbag.py:545} INFO - Filling up the DagBag from /home/airflow/.local/lib/python3.12/site-packages/airflow/example_dags/example_branch_operator.py
[2024-07-10T01:06:19.151+0000] {processor.py:840} INFO - DAG(s) 'example_branch_operator' retrieved from /home/airflow/.local/lib/python3.12/site-packages/airflow/example_dags/example_branch_operator.py
[2024-07-10T01:06:19.183+0000] {logging_mixin.py:188} INFO - [2024-07-10T01:06:19.183+0000] {dag.py:3096} INFO - Sync 1 DAGs
[2024-07-10T01:06:19.208+0000] {logging_mixin.py:188} INFO - [2024-07-10T01:06:19.208+0000] {dag.py:3954} INFO - Setting next_dagrun for example_branch_operator to 2024-07-09 00:00:00+00:00, run_after=2024-07-10 00:00:00+00:00
[2024-07-10T01:06:19.302+0000] {processor.py:183} INFO - Processing /home/airflow/.local/lib/python3.12/site-packages/airflow/example_dags/example_branch_operator.py took 0.178 seconds
[2024-07-10T01:06:49.349+0000] {processor.py:161} INFO - Started process (PID=282) to work on /home/airflow/.local/lib/python3.12/site-packages/airflow/example_dags/example_branch_operator.py
[2024-07-10T01:06:49.350+0000] {processor.py:830} INFO - Processing file /home/airflow/.local/lib/python3.12/site-packages/airflow/example_dags/example_branch_operator.py for tasks to queue
[2024-07-10T01:06:49.351+0000] {logging_mixin.py:188} INFO - [2024-07-10T01:06:49.351+0000] {dagbag.py:545} INFO - Filling up the DagBag from /home/airflow/.local/lib/python3.12/site-packages/airflow/example_dags/example_branch_operator.py
[2024-07-10T01:06:49.368+0000] {processor.py:840} INFO - DAG(s) 'example_branch_operator' retrieved from /home/airflow/.local/lib/python3.12/site-packages/airflow/example_dags/example_branch_operator.py
[2024-07-10T01:06:49.400+0000] {logging_mixin.py:188} INFO - [2024-07-10T01:06:49.400+0000] {dag.py:3096} INFO - Sync 1 DAGs
[2024-07-10T01:06:49.428+0000] {logging_mixin.py:188} INFO - [2024-07-10T01:06:49.427+0000] {dag.py:3954} INFO - Setting next_dagrun for example_branch_operator to 2024-07-09 00:00:00+00:00, run_after=2024-07-10 00:00:00+00:00
[2024-07-10T01:06:49.450+0000] {processor.py:183} INFO - Processing /home/airflow/.local/lib/python3.12/site-packages/airflow/example_dags/example_branch_operator.py took 0.106 seconds
[2024-07-10T01:07:19.552+0000] {processor.py:161} INFO - Started process (PID=339) to work on /home/airflow/.local/lib/python3.12/site-packages/airflow/example_dags/example_branch_operator.py
[2024-07-10T01:07:19.553+0000] {processor.py:830} INFO - Processing file /home/airflow/.local/lib/python3.12/site-packages/airflow/example_dags/example_branch_operator.py for tasks to queue
[2024-07-10T01:07:19.555+0000] {logging_mixin.py:188} INFO - [2024-07-10T01:07:19.555+0000] {dagbag.py:545} INFO - Filling up the DagBag from /home/airflow/.local/lib/python3.12/site-packages/airflow/example_dags/example_branch_operator.py
[2024-07-10T01:07:19.571+0000] {processor.py:840} INFO - DAG(s) 'example_branch_operator' retrieved from /home/airflow/.local/lib/python3.12/site-packages/airflow/example_dags/example_branch_operator.py
[2024-07-10T01:07:19.607+0000] {logging_mixin.py:188} INFO - [2024-07-10T01:07:19.606+0000] {dag.py:3096} INFO - Sync 1 DAGs
[2024-07-10T01:07:19.632+0000] {logging_mixin.py:188} INFO - [2024-07-10T01:07:19.632+0000] {dag.py:3954} INFO - Setting next_dagrun for example_branch_operator to 2024-07-09 00:00:00+00:00, run_after=2024-07-10 00:00:00+00:00
[2024-07-10T01:07:19.654+0000] {processor.py:183} INFO - Processing /home/airflow/.local/lib/python3.12/site-packages/airflow/example_dags/example_branch_operator.py took 0.107 seconds
[2024-07-10T01:07:49.690+0000] {processor.py:161} INFO - Started process (PID=397) to work on /home/airflow/.local/lib/python3.12/site-packages/airflow/example_dags/example_branch_operator.py
[2024-07-10T01:07:49.691+0000] {processor.py:830} INFO - Processing file /home/airflow/.local/lib/python3.12/site-packages/airflow/example_dags/example_branch_operator.py for tasks to queue
[2024-07-10T01:07:49.693+0000] {logging_mixin.py:188} INFO - [2024-07-10T01:07:49.693+0000] {dagbag.py:545} INFO - Filling up the DagBag from /home/airflow/.local/lib/python3.12/site-packages/airflow/example_dags/example_branch_operator.py
[2024-07-10T01:07:49.710+0000] {processor.py:840} INFO - DAG(s) 'example_branch_operator' retrieved from /home/airflow/.local/lib/python3.12/site-packages/airflow/example_dags/example_branch_operator.py
[2024-07-10T01:07:49.741+0000] {logging_mixin.py:188} INFO - [2024-07-10T01:07:49.741+0000] {dag.py:3096} INFO - Sync 1 DAGs
[2024-07-10T01:07:49.766+0000] {logging_mixin.py:188} INFO - [2024-07-10T01:07:49.766+0000] {dag.py:3954} INFO - Setting next_dagrun for example_branch_operator to 2024-07-09 00:00:00+00:00, run_after=2024-07-10 00:00:00+00:00
[2024-07-10T01:07:49.785+0000] {processor.py:183} INFO - Processing /home/airflow/.local/lib/python3.12/site-packages/airflow/example_dags/example_branch_operator.py took 0.101 seconds
[2024-07-10T01:08:20.291+0000] {processor.py:161} INFO - Started process (PID=454) to work on /home/airflow/.local/lib/python3.12/site-packages/airflow/example_dags/example_branch_operator.py
[2024-07-10T01:08:20.292+0000] {processor.py:830} INFO - Processing file /home/airflow/.local/lib/python3.12/site-packages/airflow/example_dags/example_branch_operator.py for tasks to queue
[2024-07-10T01:08:20.293+0000] {logging_mixin.py:188} INFO - [2024-07-10T01:08:20.293+0000] {dagbag.py:545} INFO - Filling up the DagBag from /home/airflow/.local/lib/python3.12/site-packages/airflow/example_dags/example_branch_operator.py
[2024-07-10T01:08:20.316+0000] {processor.py:840} INFO - DAG(s) 'example_branch_operator' retrieved from /home/airflow/.local/lib/python3.12/site-packages/airflow/example_dags/example_branch_operator.py
[2024-07-10T01:08:20.351+0000] {logging_mixin.py:188} INFO - [2024-07-10T01:08:20.351+0000] {dag.py:3096} INFO - Sync 1 DAGs
[2024-07-10T01:08:20.375+0000] {logging_mixin.py:188} INFO - [2024-07-10T01:08:20.375+0000] {dag.py:3954} INFO - Setting next_dagrun for example_branch_operator to 2024-07-09 00:00:00+00:00, run_after=2024-07-10 00:00:00+00:00
[2024-07-10T01:08:20.396+0000] {processor.py:183} INFO - Processing /home/airflow/.local/lib/python3.12/site-packages/airflow/example_dags/example_branch_operator.py took 0.111 seconds
[2024-07-10T01:08:50.999+0000] {processor.py:161} INFO - Started process (PID=505) to work on /home/airflow/.local/lib/python3.12/site-packages/airflow/example_dags/example_branch_operator.py
[2024-07-10T01:08:51.000+0000] {processor.py:830} INFO - Processing file /home/airflow/.local/lib/python3.12/site-packages/airflow/example_dags/example_branch_operator.py for tasks to queue
[2024-07-10T01:08:51.001+0000] {logging_mixin.py:188} INFO - [2024-07-10T01:08:51.001+0000] {dagbag.py:545} INFO - Filling up the DagBag from /home/airflow/.local/lib/python3.12/site-packages/airflow/example_dags/example_branch_operator.py
[2024-07-10T01:08:51.018+0000] {processor.py:840} INFO - DAG(s) 'example_branch_operator' retrieved from /home/airflow/.local/lib/python3.12/site-packages/airflow/example_dags/example_branch_operator.py
[2024-07-10T01:08:51.050+0000] {logging_mixin.py:188} INFO - [2024-07-10T01:08:51.050+0000] {dag.py:3096} INFO - Sync 1 DAGs
[2024-07-10T01:08:51.075+0000] {logging_mixin.py:188} INFO - [2024-07-10T01:08:51.075+0000] {dag.py:3954} INFO - Setting next_dagrun for example_branch_operator to 2024-07-09 00:00:00+00:00, run_after=2024-07-10 00:00:00+00:00
[2024-07-10T01:08:51.099+0000] {processor.py:183} INFO - Processing /home/airflow/.local/lib/python3.12/site-packages/airflow/example_dags/example_branch_operator.py took 0.107 seconds
[2024-07-10T01:09:21.489+0000] {processor.py:161} INFO - Started process (PID=563) to work on /home/airflow/.local/lib/python3.12/site-packages/airflow/example_dags/example_branch_operator.py
[2024-07-10T01:09:21.490+0000] {processor.py:830} INFO - Processing file /home/airflow/.local/lib/python3.12/site-packages/airflow/example_dags/example_branch_operator.py for tasks to queue
[2024-07-10T01:09:21.492+0000] {logging_mixin.py:188} INFO - [2024-07-10T01:09:21.491+0000] {dagbag.py:545} INFO - Filling up the DagBag from /home/airflow/.local/lib/python3.12/site-packages/airflow/example_dags/example_branch_operator.py
[2024-07-10T01:09:21.511+0000] {processor.py:840} INFO - DAG(s) 'example_branch_operator' retrieved from /home/airflow/.local/lib/python3.12/site-packages/airflow/example_dags/example_branch_operator.py
[2024-07-10T01:09:21.550+0000] {logging_mixin.py:188} INFO - [2024-07-10T01:09:21.550+0000] {dag.py:3096} INFO - Sync 1 DAGs
[2024-07-10T01:09:21.587+0000] {logging_mixin.py:188} INFO - [2024-07-10T01:09:21.586+0000] {dag.py:3954} INFO - Setting next_dagrun for example_branch_operator to 2024-07-09 00:00:00+00:00, run_after=2024-07-10 00:00:00+00:00
[2024-07-10T01:09:21.624+0000] {processor.py:183} INFO - Processing /home/airflow/.local/lib/python3.12/site-packages/airflow/example_dags/example_branch_operator.py took 0.139 seconds
[2024-07-10T01:09:51.716+0000] {processor.py:161} INFO - Started process (PID=621) to work on /home/airflow/.local/lib/python3.12/site-packages/airflow/example_dags/example_branch_operator.py
[2024-07-10T01:09:51.717+0000] {processor.py:830} INFO - Processing file /home/airflow/.local/lib/python3.12/site-packages/airflow/example_dags/example_branch_operator.py for tasks to queue
[2024-07-10T01:09:51.719+0000] {logging_mixin.py:188} INFO - [2024-07-10T01:09:51.719+0000] {dagbag.py:545} INFO - Filling up the DagBag from /home/airflow/.local/lib/python3.12/site-packages/airflow/example_dags/example_branch_operator.py
[2024-07-10T01:09:51.738+0000] {processor.py:840} INFO - DAG(s) 'example_branch_operator' retrieved from /home/airflow/.local/lib/python3.12/site-packages/airflow/example_dags/example_branch_operator.py
[2024-07-10T01:09:51.786+0000] {logging_mixin.py:188} INFO - [2024-07-10T01:09:51.786+0000] {dag.py:3096} INFO - Sync 1 DAGs
[2024-07-10T01:09:51.822+0000] {logging_mixin.py:188} INFO - [2024-07-10T01:09:51.822+0000] {dag.py:3954} INFO - Setting next_dagrun for example_branch_operator to 2024-07-09 00:00:00+00:00, run_after=2024-07-10 00:00:00+00:00
[2024-07-10T01:09:51.852+0000] {processor.py:183} INFO - Processing /home/airflow/.local/lib/python3.12/site-packages/airflow/example_dags/example_branch_operator.py took 0.142 seconds
