[2024-07-10T01:05:15.596+0000] {processor.py:161} INFO - Started process (PID=89) to work on /home/airflow/.local/lib/python3.12/site-packages/airflow/example_dags/example_branch_labels.py
[2024-07-10T01:05:15.597+0000] {processor.py:830} INFO - Processing file /home/airflow/.local/lib/python3.12/site-packages/airflow/example_dags/example_branch_labels.py for tasks to queue
[2024-07-10T01:05:15.599+0000] {logging_mixin.py:188} INFO - [2024-07-10T01:05:15.599+0000] {dagbag.py:545} INFO - Filling up the DagBag from /home/airflow/.local/lib/python3.12/site-packages/airflow/example_dags/example_branch_labels.py
[2024-07-10T01:05:15.609+0000] {processor.py:840} INFO - DAG(s) 'example_branch_labels' retrieved from /home/airflow/.local/lib/python3.12/site-packages/airflow/example_dags/example_branch_labels.py
[2024-07-10T01:05:15.741+0000] {logging_mixin.py:188} INFO - [2024-07-10T01:05:15.740+0000] {override.py:1829} INFO - Created Permission View: can read on DAG:example_branch_labels
[2024-07-10T01:05:15.755+0000] {logging_mixin.py:188} INFO - [2024-07-10T01:05:15.755+0000] {override.py:1829} INFO - Created Permission View: can edit on DAG:example_branch_labels
[2024-07-10T01:05:15.765+0000] {logging_mixin.py:188} INFO - [2024-07-10T01:05:15.765+0000] {override.py:1829} INFO - Created Permission View: can delete on DAG:example_branch_labels
[2024-07-10T01:05:15.767+0000] {logging_mixin.py:188} INFO - [2024-07-10T01:05:15.766+0000] {dag.py:3096} INFO - Sync 1 DAGs
[2024-07-10T01:05:15.793+0000] {logging_mixin.py:188} INFO - [2024-07-10T01:05:15.792+0000] {dag.py:3118} INFO - Creating ORM DAG for example_branch_labels
[2024-07-10T01:05:15.812+0000] {logging_mixin.py:188} INFO - [2024-07-10T01:05:15.812+0000] {dag.py:3954} INFO - Setting next_dagrun for example_branch_labels to 2024-07-09 00:00:00+00:00, run_after=2024-07-10 00:00:00+00:00
[2024-07-10T01:05:15.840+0000] {processor.py:183} INFO - Processing /home/airflow/.local/lib/python3.12/site-packages/airflow/example_dags/example_branch_labels.py took 0.250 seconds
[2024-07-10T01:05:46.250+0000] {processor.py:161} INFO - Started process (PID=147) to work on /home/airflow/.local/lib/python3.12/site-packages/airflow/example_dags/example_branch_labels.py
[2024-07-10T01:05:46.251+0000] {processor.py:830} INFO - Processing file /home/airflow/.local/lib/python3.12/site-packages/airflow/example_dags/example_branch_labels.py for tasks to queue
[2024-07-10T01:05:46.253+0000] {logging_mixin.py:188} INFO - [2024-07-10T01:05:46.252+0000] {dagbag.py:545} INFO - Filling up the DagBag from /home/airflow/.local/lib/python3.12/site-packages/airflow/example_dags/example_branch_labels.py
[2024-07-10T01:05:46.260+0000] {processor.py:840} INFO - DAG(s) 'example_branch_labels' retrieved from /home/airflow/.local/lib/python3.12/site-packages/airflow/example_dags/example_branch_labels.py
[2024-07-10T01:05:46.285+0000] {logging_mixin.py:188} INFO - [2024-07-10T01:05:46.285+0000] {dag.py:3096} INFO - Sync 1 DAGs
[2024-07-10T01:05:46.310+0000] {logging_mixin.py:188} INFO - [2024-07-10T01:05:46.310+0000] {dag.py:3954} INFO - Setting next_dagrun for example_branch_labels to 2024-07-09 00:00:00+00:00, run_after=2024-07-10 00:00:00+00:00
[2024-07-10T01:05:46.363+0000] {processor.py:183} INFO - Processing /home/airflow/.local/lib/python3.12/site-packages/airflow/example_dags/example_branch_labels.py took 0.118 seconds
[2024-07-10T01:06:16.922+0000] {processor.py:161} INFO - Started process (PID=205) to work on /home/airflow/.local/lib/python3.12/site-packages/airflow/example_dags/example_branch_labels.py
[2024-07-10T01:06:16.923+0000] {processor.py:830} INFO - Processing file /home/airflow/.local/lib/python3.12/site-packages/airflow/example_dags/example_branch_labels.py for tasks to queue
[2024-07-10T01:06:16.926+0000] {logging_mixin.py:188} INFO - [2024-07-10T01:06:16.926+0000] {dagbag.py:545} INFO - Filling up the DagBag from /home/airflow/.local/lib/python3.12/site-packages/airflow/example_dags/example_branch_labels.py
[2024-07-10T01:06:16.936+0000] {processor.py:840} INFO - DAG(s) 'example_branch_labels' retrieved from /home/airflow/.local/lib/python3.12/site-packages/airflow/example_dags/example_branch_labels.py
[2024-07-10T01:06:16.961+0000] {logging_mixin.py:188} INFO - [2024-07-10T01:06:16.961+0000] {dag.py:3096} INFO - Sync 1 DAGs
[2024-07-10T01:06:16.990+0000] {logging_mixin.py:188} INFO - [2024-07-10T01:06:16.989+0000] {dag.py:3954} INFO - Setting next_dagrun for example_branch_labels to 2024-07-09 00:00:00+00:00, run_after=2024-07-10 00:00:00+00:00
[2024-07-10T01:06:17.019+0000] {processor.py:183} INFO - Processing /home/airflow/.local/lib/python3.12/site-packages/airflow/example_dags/example_branch_labels.py took 0.104 seconds
[2024-07-10T01:06:47.680+0000] {processor.py:161} INFO - Started process (PID=263) to work on /home/airflow/.local/lib/python3.12/site-packages/airflow/example_dags/example_branch_labels.py
[2024-07-10T01:06:47.681+0000] {processor.py:830} INFO - Processing file /home/airflow/.local/lib/python3.12/site-packages/airflow/example_dags/example_branch_labels.py for tasks to queue
[2024-07-10T01:06:47.682+0000] {logging_mixin.py:188} INFO - [2024-07-10T01:06:47.682+0000] {dagbag.py:545} INFO - Filling up the DagBag from /home/airflow/.local/lib/python3.12/site-packages/airflow/example_dags/example_branch_labels.py
[2024-07-10T01:06:47.690+0000] {processor.py:840} INFO - DAG(s) 'example_branch_labels' retrieved from /home/airflow/.local/lib/python3.12/site-packages/airflow/example_dags/example_branch_labels.py
[2024-07-10T01:06:47.710+0000] {logging_mixin.py:188} INFO - [2024-07-10T01:06:47.710+0000] {dag.py:3096} INFO - Sync 1 DAGs
[2024-07-10T01:06:47.736+0000] {logging_mixin.py:188} INFO - [2024-07-10T01:06:47.736+0000] {dag.py:3954} INFO - Setting next_dagrun for example_branch_labels to 2024-07-09 00:00:00+00:00, run_after=2024-07-10 00:00:00+00:00
[2024-07-10T01:06:48.265+0000] {processor.py:183} INFO - Processing /home/airflow/.local/lib/python3.12/site-packages/airflow/example_dags/example_branch_labels.py took 0.590 seconds
[2024-07-10T01:07:18.561+0000] {processor.py:161} INFO - Started process (PID=321) to work on /home/airflow/.local/lib/python3.12/site-packages/airflow/example_dags/example_branch_labels.py
[2024-07-10T01:07:18.562+0000] {processor.py:830} INFO - Processing file /home/airflow/.local/lib/python3.12/site-packages/airflow/example_dags/example_branch_labels.py for tasks to queue
[2024-07-10T01:07:18.564+0000] {logging_mixin.py:188} INFO - [2024-07-10T01:07:18.564+0000] {dagbag.py:545} INFO - Filling up the DagBag from /home/airflow/.local/lib/python3.12/site-packages/airflow/example_dags/example_branch_labels.py
[2024-07-10T01:07:18.571+0000] {processor.py:840} INFO - DAG(s) 'example_branch_labels' retrieved from /home/airflow/.local/lib/python3.12/site-packages/airflow/example_dags/example_branch_labels.py
[2024-07-10T01:07:18.593+0000] {logging_mixin.py:188} INFO - [2024-07-10T01:07:18.593+0000] {dag.py:3096} INFO - Sync 1 DAGs
[2024-07-10T01:07:18.618+0000] {logging_mixin.py:188} INFO - [2024-07-10T01:07:18.618+0000] {dag.py:3954} INFO - Setting next_dagrun for example_branch_labels to 2024-07-09 00:00:00+00:00, run_after=2024-07-10 00:00:00+00:00
[2024-07-10T01:07:18.637+0000] {processor.py:183} INFO - Processing /home/airflow/.local/lib/python3.12/site-packages/airflow/example_dags/example_branch_labels.py took 0.081 seconds
[2024-07-10T01:07:48.715+0000] {processor.py:161} INFO - Started process (PID=379) to work on /home/airflow/.local/lib/python3.12/site-packages/airflow/example_dags/example_branch_labels.py
[2024-07-10T01:07:48.717+0000] {processor.py:830} INFO - Processing file /home/airflow/.local/lib/python3.12/site-packages/airflow/example_dags/example_branch_labels.py for tasks to queue
[2024-07-10T01:07:48.718+0000] {logging_mixin.py:188} INFO - [2024-07-10T01:07:48.718+0000] {dagbag.py:545} INFO - Filling up the DagBag from /home/airflow/.local/lib/python3.12/site-packages/airflow/example_dags/example_branch_labels.py
[2024-07-10T01:07:48.726+0000] {processor.py:840} INFO - DAG(s) 'example_branch_labels' retrieved from /home/airflow/.local/lib/python3.12/site-packages/airflow/example_dags/example_branch_labels.py
[2024-07-10T01:07:48.749+0000] {logging_mixin.py:188} INFO - [2024-07-10T01:07:48.749+0000] {dag.py:3096} INFO - Sync 1 DAGs
[2024-07-10T01:07:48.774+0000] {logging_mixin.py:188} INFO - [2024-07-10T01:07:48.774+0000] {dag.py:3954} INFO - Setting next_dagrun for example_branch_labels to 2024-07-09 00:00:00+00:00, run_after=2024-07-10 00:00:00+00:00
[2024-07-10T01:07:48.797+0000] {processor.py:183} INFO - Processing /home/airflow/.local/lib/python3.12/site-packages/airflow/example_dags/example_branch_labels.py took 0.088 seconds
[2024-07-10T01:08:19.093+0000] {processor.py:161} INFO - Started process (PID=437) to work on /home/airflow/.local/lib/python3.12/site-packages/airflow/example_dags/example_branch_labels.py
[2024-07-10T01:08:19.094+0000] {processor.py:830} INFO - Processing file /home/airflow/.local/lib/python3.12/site-packages/airflow/example_dags/example_branch_labels.py for tasks to queue
[2024-07-10T01:08:19.097+0000] {logging_mixin.py:188} INFO - [2024-07-10T01:08:19.096+0000] {dagbag.py:545} INFO - Filling up the DagBag from /home/airflow/.local/lib/python3.12/site-packages/airflow/example_dags/example_branch_labels.py
[2024-07-10T01:08:19.105+0000] {processor.py:840} INFO - DAG(s) 'example_branch_labels' retrieved from /home/airflow/.local/lib/python3.12/site-packages/airflow/example_dags/example_branch_labels.py
[2024-07-10T01:08:19.135+0000] {logging_mixin.py:188} INFO - [2024-07-10T01:08:19.134+0000] {dag.py:3096} INFO - Sync 1 DAGs
[2024-07-10T01:08:19.162+0000] {logging_mixin.py:188} INFO - [2024-07-10T01:08:19.162+0000] {dag.py:3954} INFO - Setting next_dagrun for example_branch_labels to 2024-07-09 00:00:00+00:00, run_after=2024-07-10 00:00:00+00:00
[2024-07-10T01:08:19.189+0000] {processor.py:183} INFO - Processing /home/airflow/.local/lib/python3.12/site-packages/airflow/example_dags/example_branch_labels.py took 0.104 seconds
[2024-07-10T01:08:49.396+0000] {processor.py:161} INFO - Started process (PID=495) to work on /home/airflow/.local/lib/python3.12/site-packages/airflow/example_dags/example_branch_labels.py
[2024-07-10T01:08:49.397+0000] {processor.py:830} INFO - Processing file /home/airflow/.local/lib/python3.12/site-packages/airflow/example_dags/example_branch_labels.py for tasks to queue
[2024-07-10T01:08:49.399+0000] {logging_mixin.py:188} INFO - [2024-07-10T01:08:49.399+0000] {dagbag.py:545} INFO - Filling up the DagBag from /home/airflow/.local/lib/python3.12/site-packages/airflow/example_dags/example_branch_labels.py
[2024-07-10T01:08:49.407+0000] {processor.py:840} INFO - DAG(s) 'example_branch_labels' retrieved from /home/airflow/.local/lib/python3.12/site-packages/airflow/example_dags/example_branch_labels.py
[2024-07-10T01:08:49.428+0000] {logging_mixin.py:188} INFO - [2024-07-10T01:08:49.428+0000] {dag.py:3096} INFO - Sync 1 DAGs
[2024-07-10T01:08:49.454+0000] {logging_mixin.py:188} INFO - [2024-07-10T01:08:49.454+0000] {dag.py:3954} INFO - Setting next_dagrun for example_branch_labels to 2024-07-09 00:00:00+00:00, run_after=2024-07-10 00:00:00+00:00
[2024-07-10T01:08:49.474+0000] {processor.py:183} INFO - Processing /home/airflow/.local/lib/python3.12/site-packages/airflow/example_dags/example_branch_labels.py took 0.084 seconds
[2024-07-10T01:09:19.729+0000] {processor.py:161} INFO - Started process (PID=553) to work on /home/airflow/.local/lib/python3.12/site-packages/airflow/example_dags/example_branch_labels.py
[2024-07-10T01:09:19.730+0000] {processor.py:830} INFO - Processing file /home/airflow/.local/lib/python3.12/site-packages/airflow/example_dags/example_branch_labels.py for tasks to queue
[2024-07-10T01:09:19.733+0000] {logging_mixin.py:188} INFO - [2024-07-10T01:09:19.732+0000] {dagbag.py:545} INFO - Filling up the DagBag from /home/airflow/.local/lib/python3.12/site-packages/airflow/example_dags/example_branch_labels.py
[2024-07-10T01:09:19.742+0000] {processor.py:840} INFO - DAG(s) 'example_branch_labels' retrieved from /home/airflow/.local/lib/python3.12/site-packages/airflow/example_dags/example_branch_labels.py
[2024-07-10T01:09:19.768+0000] {logging_mixin.py:188} INFO - [2024-07-10T01:09:19.768+0000] {dag.py:3096} INFO - Sync 1 DAGs
[2024-07-10T01:09:19.802+0000] {logging_mixin.py:188} INFO - [2024-07-10T01:09:19.802+0000] {dag.py:3954} INFO - Setting next_dagrun for example_branch_labels to 2024-07-09 00:00:00+00:00, run_after=2024-07-10 00:00:00+00:00
[2024-07-10T01:09:19.831+0000] {processor.py:183} INFO - Processing /home/airflow/.local/lib/python3.12/site-packages/airflow/example_dags/example_branch_labels.py took 0.111 seconds
[2024-07-10T01:09:50.064+0000] {processor.py:161} INFO - Started process (PID=611) to work on /home/airflow/.local/lib/python3.12/site-packages/airflow/example_dags/example_branch_labels.py
[2024-07-10T01:09:50.065+0000] {processor.py:830} INFO - Processing file /home/airflow/.local/lib/python3.12/site-packages/airflow/example_dags/example_branch_labels.py for tasks to queue
[2024-07-10T01:09:50.067+0000] {logging_mixin.py:188} INFO - [2024-07-10T01:09:50.067+0000] {dagbag.py:545} INFO - Filling up the DagBag from /home/airflow/.local/lib/python3.12/site-packages/airflow/example_dags/example_branch_labels.py
[2024-07-10T01:09:50.075+0000] {processor.py:840} INFO - DAG(s) 'example_branch_labels' retrieved from /home/airflow/.local/lib/python3.12/site-packages/airflow/example_dags/example_branch_labels.py
[2024-07-10T01:09:50.097+0000] {logging_mixin.py:188} INFO - [2024-07-10T01:09:50.096+0000] {dag.py:3096} INFO - Sync 1 DAGs
[2024-07-10T01:09:50.123+0000] {logging_mixin.py:188} INFO - [2024-07-10T01:09:50.123+0000] {dag.py:3954} INFO - Setting next_dagrun for example_branch_labels to 2024-07-09 00:00:00+00:00, run_after=2024-07-10 00:00:00+00:00
[2024-07-10T01:09:50.144+0000] {processor.py:183} INFO - Processing /home/airflow/.local/lib/python3.12/site-packages/airflow/example_dags/example_branch_labels.py took 0.086 seconds
