[2024-07-10T01:04:40.849+0000] {processor.py:161} INFO - Started process (PID=60) to work on /home/airflow/.local/lib/python3.12/site-packages/airflow/example_dags/example_bash_operator.py
[2024-07-10T01:04:40.853+0000] {processor.py:830} INFO - Processing file /home/airflow/.local/lib/python3.12/site-packages/airflow/example_dags/example_bash_operator.py for tasks to queue
[2024-07-10T01:04:40.855+0000] {logging_mixin.py:188} INFO - [2024-07-10T01:04:40.855+0000] {dagbag.py:545} INFO - Filling up the DagBag from /home/airflow/.local/lib/python3.12/site-packages/airflow/example_dags/example_bash_operator.py
[2024-07-10T01:04:41.357+0000] {processor.py:840} INFO - DAG(s) 'example_bash_operator' retrieved from /home/airflow/.local/lib/python3.12/site-packages/airflow/example_dags/example_bash_operator.py
[2024-07-10T01:04:44.286+0000] {logging_mixin.py:188} INFO - [2024-07-10T01:04:44.285+0000] {override.py:1829} INFO - Created Permission View: can read on DAG:example_bash_operator
[2024-07-10T01:04:45.125+0000] {logging_mixin.py:188} INFO - [2024-07-10T01:04:45.125+0000] {override.py:1829} INFO - Created Permission View: can edit on DAG:example_bash_operator
[2024-07-10T01:04:45.689+0000] {logging_mixin.py:188} INFO - [2024-07-10T01:04:45.689+0000] {override.py:1829} INFO - Created Permission View: can delete on DAG:example_bash_operator
[2024-07-10T01:04:45.690+0000] {logging_mixin.py:188} INFO - [2024-07-10T01:04:45.690+0000] {dag.py:3096} INFO - Sync 1 DAGs
[2024-07-10T01:04:46.266+0000] {logging_mixin.py:188} INFO - [2024-07-10T01:04:46.266+0000] {dag.py:3118} INFO - Creating ORM DAG for example_bash_operator
[2024-07-10T01:04:47.050+0000] {logging_mixin.py:188} INFO - [2024-07-10T01:04:47.049+0000] {dag.py:3954} INFO - Setting next_dagrun for example_bash_operator to 2024-07-09 00:00:00+00:00, run_after=2024-07-10 00:00:00+00:00
[2024-07-10T01:04:48.109+0000] {processor.py:183} INFO - Processing /home/airflow/.local/lib/python3.12/site-packages/airflow/example_dags/example_bash_operator.py took 7.515 seconds
[2024-07-10T01:05:18.876+0000] {processor.py:161} INFO - Started process (PID=117) to work on /home/airflow/.local/lib/python3.12/site-packages/airflow/example_dags/example_bash_operator.py
[2024-07-10T01:05:18.877+0000] {processor.py:830} INFO - Processing file /home/airflow/.local/lib/python3.12/site-packages/airflow/example_dags/example_bash_operator.py for tasks to queue
[2024-07-10T01:05:18.879+0000] {logging_mixin.py:188} INFO - [2024-07-10T01:05:18.879+0000] {dagbag.py:545} INFO - Filling up the DagBag from /home/airflow/.local/lib/python3.12/site-packages/airflow/example_dags/example_bash_operator.py
[2024-07-10T01:05:18.892+0000] {processor.py:840} INFO - DAG(s) 'example_bash_operator' retrieved from /home/airflow/.local/lib/python3.12/site-packages/airflow/example_dags/example_bash_operator.py
[2024-07-10T01:05:18.930+0000] {logging_mixin.py:188} INFO - [2024-07-10T01:05:18.930+0000] {dag.py:3096} INFO - Sync 1 DAGs
[2024-07-10T01:05:18.962+0000] {logging_mixin.py:188} INFO - [2024-07-10T01:05:18.961+0000] {dag.py:3954} INFO - Setting next_dagrun for example_bash_operator to 2024-07-09 00:00:00+00:00, run_after=2024-07-10 00:00:00+00:00
[2024-07-10T01:05:19.005+0000] {processor.py:183} INFO - Processing /home/airflow/.local/lib/python3.12/site-packages/airflow/example_dags/example_bash_operator.py took 0.136 seconds
[2024-07-10T01:05:49.192+0000] {processor.py:161} INFO - Started process (PID=173) to work on /home/airflow/.local/lib/python3.12/site-packages/airflow/example_dags/example_bash_operator.py
[2024-07-10T01:05:49.193+0000] {processor.py:830} INFO - Processing file /home/airflow/.local/lib/python3.12/site-packages/airflow/example_dags/example_bash_operator.py for tasks to queue
[2024-07-10T01:05:49.195+0000] {logging_mixin.py:188} INFO - [2024-07-10T01:05:49.194+0000] {dagbag.py:545} INFO - Filling up the DagBag from /home/airflow/.local/lib/python3.12/site-packages/airflow/example_dags/example_bash_operator.py
[2024-07-10T01:05:49.206+0000] {processor.py:840} INFO - DAG(s) 'example_bash_operator' retrieved from /home/airflow/.local/lib/python3.12/site-packages/airflow/example_dags/example_bash_operator.py
[2024-07-10T01:05:49.238+0000] {logging_mixin.py:188} INFO - [2024-07-10T01:05:49.238+0000] {dag.py:3096} INFO - Sync 1 DAGs
[2024-07-10T01:05:49.265+0000] {logging_mixin.py:188} INFO - [2024-07-10T01:05:49.265+0000] {dag.py:3954} INFO - Setting next_dagrun for example_bash_operator to 2024-07-09 00:00:00+00:00, run_after=2024-07-10 00:00:00+00:00
[2024-07-10T01:05:49.292+0000] {processor.py:183} INFO - Processing /home/airflow/.local/lib/python3.12/site-packages/airflow/example_dags/example_bash_operator.py took 0.105 seconds
[2024-07-10T01:06:19.783+0000] {processor.py:161} INFO - Started process (PID=231) to work on /home/airflow/.local/lib/python3.12/site-packages/airflow/example_dags/example_bash_operator.py
[2024-07-10T01:06:19.784+0000] {processor.py:830} INFO - Processing file /home/airflow/.local/lib/python3.12/site-packages/airflow/example_dags/example_bash_operator.py for tasks to queue
[2024-07-10T01:06:19.786+0000] {logging_mixin.py:188} INFO - [2024-07-10T01:06:19.786+0000] {dagbag.py:545} INFO - Filling up the DagBag from /home/airflow/.local/lib/python3.12/site-packages/airflow/example_dags/example_bash_operator.py
[2024-07-10T01:06:19.798+0000] {processor.py:840} INFO - DAG(s) 'example_bash_operator' retrieved from /home/airflow/.local/lib/python3.12/site-packages/airflow/example_dags/example_bash_operator.py
[2024-07-10T01:06:19.829+0000] {logging_mixin.py:188} INFO - [2024-07-10T01:06:19.828+0000] {dag.py:3096} INFO - Sync 1 DAGs
[2024-07-10T01:06:19.853+0000] {logging_mixin.py:188} INFO - [2024-07-10T01:06:19.852+0000] {dag.py:3954} INFO - Setting next_dagrun for example_bash_operator to 2024-07-09 00:00:00+00:00, run_after=2024-07-10 00:00:00+00:00
[2024-07-10T01:06:19.896+0000] {processor.py:183} INFO - Processing /home/airflow/.local/lib/python3.12/site-packages/airflow/example_dags/example_bash_operator.py took 0.119 seconds
[2024-07-10T01:06:49.994+0000] {processor.py:161} INFO - Started process (PID=289) to work on /home/airflow/.local/lib/python3.12/site-packages/airflow/example_dags/example_bash_operator.py
[2024-07-10T01:06:49.995+0000] {processor.py:830} INFO - Processing file /home/airflow/.local/lib/python3.12/site-packages/airflow/example_dags/example_bash_operator.py for tasks to queue
[2024-07-10T01:06:49.997+0000] {logging_mixin.py:188} INFO - [2024-07-10T01:06:49.997+0000] {dagbag.py:545} INFO - Filling up the DagBag from /home/airflow/.local/lib/python3.12/site-packages/airflow/example_dags/example_bash_operator.py
[2024-07-10T01:06:50.009+0000] {processor.py:840} INFO - DAG(s) 'example_bash_operator' retrieved from /home/airflow/.local/lib/python3.12/site-packages/airflow/example_dags/example_bash_operator.py
[2024-07-10T01:06:50.041+0000] {logging_mixin.py:188} INFO - [2024-07-10T01:06:50.041+0000] {dag.py:3096} INFO - Sync 1 DAGs
[2024-07-10T01:06:50.067+0000] {logging_mixin.py:188} INFO - [2024-07-10T01:06:50.067+0000] {dag.py:3954} INFO - Setting next_dagrun for example_bash_operator to 2024-07-09 00:00:00+00:00, run_after=2024-07-10 00:00:00+00:00
[2024-07-10T01:06:50.094+0000] {processor.py:183} INFO - Processing /home/airflow/.local/lib/python3.12/site-packages/airflow/example_dags/example_bash_operator.py took 0.108 seconds
[2024-07-10T01:07:20.148+0000] {processor.py:161} INFO - Started process (PID=347) to work on /home/airflow/.local/lib/python3.12/site-packages/airflow/example_dags/example_bash_operator.py
[2024-07-10T01:07:20.149+0000] {processor.py:830} INFO - Processing file /home/airflow/.local/lib/python3.12/site-packages/airflow/example_dags/example_bash_operator.py for tasks to queue
[2024-07-10T01:07:20.151+0000] {logging_mixin.py:188} INFO - [2024-07-10T01:07:20.150+0000] {dagbag.py:545} INFO - Filling up the DagBag from /home/airflow/.local/lib/python3.12/site-packages/airflow/example_dags/example_bash_operator.py
[2024-07-10T01:07:20.161+0000] {processor.py:840} INFO - DAG(s) 'example_bash_operator' retrieved from /home/airflow/.local/lib/python3.12/site-packages/airflow/example_dags/example_bash_operator.py
[2024-07-10T01:07:20.192+0000] {logging_mixin.py:188} INFO - [2024-07-10T01:07:20.191+0000] {dag.py:3096} INFO - Sync 1 DAGs
[2024-07-10T01:07:20.215+0000] {logging_mixin.py:188} INFO - [2024-07-10T01:07:20.215+0000] {dag.py:3954} INFO - Setting next_dagrun for example_bash_operator to 2024-07-09 00:00:00+00:00, run_after=2024-07-10 00:00:00+00:00
[2024-07-10T01:07:20.235+0000] {processor.py:183} INFO - Processing /home/airflow/.local/lib/python3.12/site-packages/airflow/example_dags/example_bash_operator.py took 0.092 seconds
[2024-07-10T01:07:50.341+0000] {processor.py:161} INFO - Started process (PID=405) to work on /home/airflow/.local/lib/python3.12/site-packages/airflow/example_dags/example_bash_operator.py
[2024-07-10T01:07:50.342+0000] {processor.py:830} INFO - Processing file /home/airflow/.local/lib/python3.12/site-packages/airflow/example_dags/example_bash_operator.py for tasks to queue
[2024-07-10T01:07:50.343+0000] {logging_mixin.py:188} INFO - [2024-07-10T01:07:50.343+0000] {dagbag.py:545} INFO - Filling up the DagBag from /home/airflow/.local/lib/python3.12/site-packages/airflow/example_dags/example_bash_operator.py
[2024-07-10T01:07:50.354+0000] {processor.py:840} INFO - DAG(s) 'example_bash_operator' retrieved from /home/airflow/.local/lib/python3.12/site-packages/airflow/example_dags/example_bash_operator.py
[2024-07-10T01:07:50.384+0000] {logging_mixin.py:188} INFO - [2024-07-10T01:07:50.383+0000] {dag.py:3096} INFO - Sync 1 DAGs
[2024-07-10T01:07:50.410+0000] {logging_mixin.py:188} INFO - [2024-07-10T01:07:50.409+0000] {dag.py:3954} INFO - Setting next_dagrun for example_bash_operator to 2024-07-09 00:00:00+00:00, run_after=2024-07-10 00:00:00+00:00
[2024-07-10T01:07:50.429+0000] {processor.py:183} INFO - Processing /home/airflow/.local/lib/python3.12/site-packages/airflow/example_dags/example_bash_operator.py took 0.094 seconds
[2024-07-10T01:08:20.726+0000] {processor.py:161} INFO - Started process (PID=461) to work on /home/airflow/.local/lib/python3.12/site-packages/airflow/example_dags/example_bash_operator.py
[2024-07-10T01:08:20.727+0000] {processor.py:830} INFO - Processing file /home/airflow/.local/lib/python3.12/site-packages/airflow/example_dags/example_bash_operator.py for tasks to queue
[2024-07-10T01:08:20.728+0000] {logging_mixin.py:188} INFO - [2024-07-10T01:08:20.728+0000] {dagbag.py:545} INFO - Filling up the DagBag from /home/airflow/.local/lib/python3.12/site-packages/airflow/example_dags/example_bash_operator.py
[2024-07-10T01:08:20.741+0000] {processor.py:840} INFO - DAG(s) 'example_bash_operator' retrieved from /home/airflow/.local/lib/python3.12/site-packages/airflow/example_dags/example_bash_operator.py
[2024-07-10T01:08:20.770+0000] {logging_mixin.py:188} INFO - [2024-07-10T01:08:20.770+0000] {dag.py:3096} INFO - Sync 1 DAGs
[2024-07-10T01:08:20.795+0000] {logging_mixin.py:188} INFO - [2024-07-10T01:08:20.795+0000] {dag.py:3954} INFO - Setting next_dagrun for example_bash_operator to 2024-07-09 00:00:00+00:00, run_after=2024-07-10 00:00:00+00:00
[2024-07-10T01:08:20.813+0000] {processor.py:183} INFO - Processing /home/airflow/.local/lib/python3.12/site-packages/airflow/example_dags/example_bash_operator.py took 0.094 seconds
[2024-07-10T01:08:51.824+0000] {processor.py:161} INFO - Started process (PID=519) to work on /home/airflow/.local/lib/python3.12/site-packages/airflow/example_dags/example_bash_operator.py
[2024-07-10T01:08:51.826+0000] {processor.py:830} INFO - Processing file /home/airflow/.local/lib/python3.12/site-packages/airflow/example_dags/example_bash_operator.py for tasks to queue
[2024-07-10T01:08:51.828+0000] {logging_mixin.py:188} INFO - [2024-07-10T01:08:51.828+0000] {dagbag.py:545} INFO - Filling up the DagBag from /home/airflow/.local/lib/python3.12/site-packages/airflow/example_dags/example_bash_operator.py
[2024-07-10T01:08:51.841+0000] {processor.py:840} INFO - DAG(s) 'example_bash_operator' retrieved from /home/airflow/.local/lib/python3.12/site-packages/airflow/example_dags/example_bash_operator.py
[2024-07-10T01:08:51.878+0000] {logging_mixin.py:188} INFO - [2024-07-10T01:08:51.878+0000] {dag.py:3096} INFO - Sync 1 DAGs
[2024-07-10T01:08:51.912+0000] {logging_mixin.py:188} INFO - [2024-07-10T01:08:51.912+0000] {dag.py:3954} INFO - Setting next_dagrun for example_bash_operator to 2024-07-09 00:00:00+00:00, run_after=2024-07-10 00:00:00+00:00
[2024-07-10T01:08:51.935+0000] {processor.py:183} INFO - Processing /home/airflow/.local/lib/python3.12/site-packages/airflow/example_dags/example_bash_operator.py took 0.119 seconds
[2024-07-10T01:09:22.212+0000] {processor.py:161} INFO - Started process (PID=572) to work on /home/airflow/.local/lib/python3.12/site-packages/airflow/example_dags/example_bash_operator.py
[2024-07-10T01:09:22.214+0000] {processor.py:830} INFO - Processing file /home/airflow/.local/lib/python3.12/site-packages/airflow/example_dags/example_bash_operator.py for tasks to queue
[2024-07-10T01:09:22.218+0000] {logging_mixin.py:188} INFO - [2024-07-10T01:09:22.217+0000] {dagbag.py:545} INFO - Filling up the DagBag from /home/airflow/.local/lib/python3.12/site-packages/airflow/example_dags/example_bash_operator.py
[2024-07-10T01:09:22.236+0000] {processor.py:840} INFO - DAG(s) 'example_bash_operator' retrieved from /home/airflow/.local/lib/python3.12/site-packages/airflow/example_dags/example_bash_operator.py
[2024-07-10T01:09:22.283+0000] {logging_mixin.py:188} INFO - [2024-07-10T01:09:22.282+0000] {dag.py:3096} INFO - Sync 1 DAGs
[2024-07-10T01:09:22.314+0000] {logging_mixin.py:188} INFO - [2024-07-10T01:09:22.314+0000] {dag.py:3954} INFO - Setting next_dagrun for example_bash_operator to 2024-07-09 00:00:00+00:00, run_after=2024-07-10 00:00:00+00:00
[2024-07-10T01:09:22.363+0000] {processor.py:183} INFO - Processing /home/airflow/.local/lib/python3.12/site-packages/airflow/example_dags/example_bash_operator.py took 0.161 seconds
[2024-07-10T01:09:52.407+0000] {processor.py:161} INFO - Started process (PID=630) to work on /home/airflow/.local/lib/python3.12/site-packages/airflow/example_dags/example_bash_operator.py
[2024-07-10T01:09:52.408+0000] {processor.py:830} INFO - Processing file /home/airflow/.local/lib/python3.12/site-packages/airflow/example_dags/example_bash_operator.py for tasks to queue
[2024-07-10T01:09:52.410+0000] {logging_mixin.py:188} INFO - [2024-07-10T01:09:52.410+0000] {dagbag.py:545} INFO - Filling up the DagBag from /home/airflow/.local/lib/python3.12/site-packages/airflow/example_dags/example_bash_operator.py
[2024-07-10T01:09:52.422+0000] {processor.py:840} INFO - DAG(s) 'example_bash_operator' retrieved from /home/airflow/.local/lib/python3.12/site-packages/airflow/example_dags/example_bash_operator.py
[2024-07-10T01:09:52.453+0000] {logging_mixin.py:188} INFO - [2024-07-10T01:09:52.453+0000] {dag.py:3096} INFO - Sync 1 DAGs
[2024-07-10T01:09:52.478+0000] {logging_mixin.py:188} INFO - [2024-07-10T01:09:52.478+0000] {dag.py:3954} INFO - Setting next_dagrun for example_bash_operator to 2024-07-09 00:00:00+00:00, run_after=2024-07-10 00:00:00+00:00
[2024-07-10T01:09:52.498+0000] {processor.py:183} INFO - Processing /home/airflow/.local/lib/python3.12/site-packages/airflow/example_dags/example_bash_operator.py took 0.097 seconds
