[2024-07-10T01:04:49.000+0000] {processor.py:161} INFO - Started process (PID=61) to work on /home/airflow/.local/lib/python3.12/site-packages/airflow/example_dags/example_sla_dag.py
[2024-07-10T01:04:49.053+0000] {processor.py:830} INFO - Processing file /home/airflow/.local/lib/python3.12/site-packages/airflow/example_dags/example_sla_dag.py for tasks to queue
[2024-07-10T01:04:49.410+0000] {logging_mixin.py:188} INFO - [2024-07-10T01:04:49.406+0000] {dagbag.py:545} INFO - Filling up the DagBag from /home/airflow/.local/lib/python3.12/site-packages/airflow/example_dags/example_sla_dag.py
[2024-07-10T01:04:49.918+0000] {processor.py:840} INFO - DAG(s) 'example_sla_dag' retrieved from /home/airflow/.local/lib/python3.12/site-packages/airflow/example_dags/example_sla_dag.py
[2024-07-10T01:04:51.023+0000] {logging_mixin.py:188} INFO - [2024-07-10T01:04:51.022+0000] {override.py:1829} INFO - Created Permission View: can read on DAG:example_sla_dag
[2024-07-10T01:04:51.105+0000] {logging_mixin.py:188} INFO - [2024-07-10T01:04:51.105+0000] {override.py:1829} INFO - Created Permission View: can edit on DAG:example_sla_dag
[2024-07-10T01:04:51.231+0000] {logging_mixin.py:188} INFO - [2024-07-10T01:04:51.231+0000] {override.py:1829} INFO - Created Permission View: can delete on DAG:example_sla_dag
[2024-07-10T01:04:51.233+0000] {logging_mixin.py:188} INFO - [2024-07-10T01:04:51.233+0000] {dag.py:3096} INFO - Sync 1 DAGs
[2024-07-10T01:04:51.422+0000] {logging_mixin.py:188} INFO - [2024-07-10T01:04:51.422+0000] {dag.py:3118} INFO - Creating ORM DAG for example_sla_dag
[2024-07-10T01:04:51.577+0000] {logging_mixin.py:188} INFO - [2024-07-10T01:04:51.576+0000] {dag.py:3954} INFO - Setting next_dagrun for example_sla_dag to 2024-07-10 01:02:00+00:00, run_after=2024-07-10 01:04:00+00:00
[2024-07-10T01:04:51.657+0000] {processor.py:183} INFO - Processing /home/airflow/.local/lib/python3.12/site-packages/airflow/example_dags/example_sla_dag.py took 3.108 seconds
[2024-07-10T01:05:22.082+0000] {processor.py:161} INFO - Started process (PID=119) to work on /home/airflow/.local/lib/python3.12/site-packages/airflow/example_dags/example_sla_dag.py
[2024-07-10T01:05:22.083+0000] {processor.py:830} INFO - Processing file /home/airflow/.local/lib/python3.12/site-packages/airflow/example_dags/example_sla_dag.py for tasks to queue
[2024-07-10T01:05:22.089+0000] {logging_mixin.py:188} INFO - [2024-07-10T01:05:22.088+0000] {dagbag.py:545} INFO - Filling up the DagBag from /home/airflow/.local/lib/python3.12/site-packages/airflow/example_dags/example_sla_dag.py
[2024-07-10T01:05:22.118+0000] {processor.py:840} INFO - DAG(s) 'example_sla_dag' retrieved from /home/airflow/.local/lib/python3.12/site-packages/airflow/example_dags/example_sla_dag.py
[2024-07-10T01:05:22.142+0000] {logging_mixin.py:188} INFO - [2024-07-10T01:05:22.142+0000] {dag.py:3096} INFO - Sync 1 DAGs
[2024-07-10T01:05:22.173+0000] {logging_mixin.py:188} INFO - [2024-07-10T01:05:22.172+0000] {dag.py:3954} INFO - Setting next_dagrun for example_sla_dag to 2024-07-10 01:02:00+00:00, run_after=2024-07-10 01:04:00+00:00
[2024-07-10T01:05:22.220+0000] {processor.py:183} INFO - Processing /home/airflow/.local/lib/python3.12/site-packages/airflow/example_dags/example_sla_dag.py took 0.152 seconds
[2024-07-10T01:05:52.351+0000] {processor.py:161} INFO - Started process (PID=177) to work on /home/airflow/.local/lib/python3.12/site-packages/airflow/example_dags/example_sla_dag.py
[2024-07-10T01:05:52.352+0000] {processor.py:830} INFO - Processing file /home/airflow/.local/lib/python3.12/site-packages/airflow/example_dags/example_sla_dag.py for tasks to queue
[2024-07-10T01:05:52.354+0000] {logging_mixin.py:188} INFO - [2024-07-10T01:05:52.354+0000] {dagbag.py:545} INFO - Filling up the DagBag from /home/airflow/.local/lib/python3.12/site-packages/airflow/example_dags/example_sla_dag.py
[2024-07-10T01:05:52.362+0000] {processor.py:840} INFO - DAG(s) 'example_sla_dag' retrieved from /home/airflow/.local/lib/python3.12/site-packages/airflow/example_dags/example_sla_dag.py
[2024-07-10T01:05:52.381+0000] {logging_mixin.py:188} INFO - [2024-07-10T01:05:52.381+0000] {dag.py:3096} INFO - Sync 1 DAGs
[2024-07-10T01:05:52.406+0000] {logging_mixin.py:188} INFO - [2024-07-10T01:05:52.406+0000] {dag.py:3954} INFO - Setting next_dagrun for example_sla_dag to 2024-07-10 01:02:00+00:00, run_after=2024-07-10 01:04:00+00:00
[2024-07-10T01:05:52.468+0000] {processor.py:183} INFO - Processing /home/airflow/.local/lib/python3.12/site-packages/airflow/example_dags/example_sla_dag.py took 0.122 seconds
[2024-07-10T01:06:22.952+0000] {processor.py:161} INFO - Started process (PID=235) to work on /home/airflow/.local/lib/python3.12/site-packages/airflow/example_dags/example_sla_dag.py
[2024-07-10T01:06:22.953+0000] {processor.py:830} INFO - Processing file /home/airflow/.local/lib/python3.12/site-packages/airflow/example_dags/example_sla_dag.py for tasks to queue
[2024-07-10T01:06:22.955+0000] {logging_mixin.py:188} INFO - [2024-07-10T01:06:22.954+0000] {dagbag.py:545} INFO - Filling up the DagBag from /home/airflow/.local/lib/python3.12/site-packages/airflow/example_dags/example_sla_dag.py
[2024-07-10T01:06:22.962+0000] {processor.py:840} INFO - DAG(s) 'example_sla_dag' retrieved from /home/airflow/.local/lib/python3.12/site-packages/airflow/example_dags/example_sla_dag.py
[2024-07-10T01:06:22.981+0000] {logging_mixin.py:188} INFO - [2024-07-10T01:06:22.981+0000] {dag.py:3096} INFO - Sync 1 DAGs
[2024-07-10T01:06:23.009+0000] {logging_mixin.py:188} INFO - [2024-07-10T01:06:23.009+0000] {dag.py:3954} INFO - Setting next_dagrun for example_sla_dag to 2024-07-10 01:04:00+00:00, run_after=2024-07-10 01:06:00+00:00
[2024-07-10T01:06:23.054+0000] {processor.py:183} INFO - Processing /home/airflow/.local/lib/python3.12/site-packages/airflow/example_dags/example_sla_dag.py took 0.107 seconds
[2024-07-10T01:06:53.232+0000] {processor.py:161} INFO - Started process (PID=293) to work on /home/airflow/.local/lib/python3.12/site-packages/airflow/example_dags/example_sla_dag.py
[2024-07-10T01:06:53.233+0000] {processor.py:830} INFO - Processing file /home/airflow/.local/lib/python3.12/site-packages/airflow/example_dags/example_sla_dag.py for tasks to queue
[2024-07-10T01:06:53.235+0000] {logging_mixin.py:188} INFO - [2024-07-10T01:06:53.235+0000] {dagbag.py:545} INFO - Filling up the DagBag from /home/airflow/.local/lib/python3.12/site-packages/airflow/example_dags/example_sla_dag.py
[2024-07-10T01:06:53.243+0000] {processor.py:840} INFO - DAG(s) 'example_sla_dag' retrieved from /home/airflow/.local/lib/python3.12/site-packages/airflow/example_dags/example_sla_dag.py
[2024-07-10T01:06:53.265+0000] {logging_mixin.py:188} INFO - [2024-07-10T01:06:53.265+0000] {dag.py:3096} INFO - Sync 1 DAGs
[2024-07-10T01:06:53.294+0000] {logging_mixin.py:188} INFO - [2024-07-10T01:06:53.293+0000] {dag.py:3954} INFO - Setting next_dagrun for example_sla_dag to 2024-07-10 01:04:00+00:00, run_after=2024-07-10 01:06:00+00:00
[2024-07-10T01:06:53.314+0000] {processor.py:183} INFO - Processing /home/airflow/.local/lib/python3.12/site-packages/airflow/example_dags/example_sla_dag.py took 0.087 seconds
[2024-07-10T01:07:23.368+0000] {processor.py:161} INFO - Started process (PID=351) to work on /home/airflow/.local/lib/python3.12/site-packages/airflow/example_dags/example_sla_dag.py
[2024-07-10T01:07:23.369+0000] {processor.py:830} INFO - Processing file /home/airflow/.local/lib/python3.12/site-packages/airflow/example_dags/example_sla_dag.py for tasks to queue
[2024-07-10T01:07:23.371+0000] {logging_mixin.py:188} INFO - [2024-07-10T01:07:23.371+0000] {dagbag.py:545} INFO - Filling up the DagBag from /home/airflow/.local/lib/python3.12/site-packages/airflow/example_dags/example_sla_dag.py
[2024-07-10T01:07:23.378+0000] {processor.py:840} INFO - DAG(s) 'example_sla_dag' retrieved from /home/airflow/.local/lib/python3.12/site-packages/airflow/example_dags/example_sla_dag.py
[2024-07-10T01:07:23.400+0000] {logging_mixin.py:188} INFO - [2024-07-10T01:07:23.399+0000] {dag.py:3096} INFO - Sync 1 DAGs
[2024-07-10T01:07:23.424+0000] {logging_mixin.py:188} INFO - [2024-07-10T01:07:23.423+0000] {dag.py:3954} INFO - Setting next_dagrun for example_sla_dag to 2024-07-10 01:04:00+00:00, run_after=2024-07-10 01:06:00+00:00
[2024-07-10T01:07:23.442+0000] {processor.py:183} INFO - Processing /home/airflow/.local/lib/python3.12/site-packages/airflow/example_dags/example_sla_dag.py took 0.079 seconds
[2024-07-10T01:07:54.389+0000] {processor.py:161} INFO - Started process (PID=407) to work on /home/airflow/.local/lib/python3.12/site-packages/airflow/example_dags/example_sla_dag.py
[2024-07-10T01:07:54.391+0000] {processor.py:830} INFO - Processing file /home/airflow/.local/lib/python3.12/site-packages/airflow/example_dags/example_sla_dag.py for tasks to queue
[2024-07-10T01:07:54.392+0000] {logging_mixin.py:188} INFO - [2024-07-10T01:07:54.392+0000] {dagbag.py:545} INFO - Filling up the DagBag from /home/airflow/.local/lib/python3.12/site-packages/airflow/example_dags/example_sla_dag.py
[2024-07-10T01:07:54.400+0000] {processor.py:840} INFO - DAG(s) 'example_sla_dag' retrieved from /home/airflow/.local/lib/python3.12/site-packages/airflow/example_dags/example_sla_dag.py
[2024-07-10T01:07:54.420+0000] {logging_mixin.py:188} INFO - [2024-07-10T01:07:54.419+0000] {dag.py:3096} INFO - Sync 1 DAGs
[2024-07-10T01:07:54.447+0000] {logging_mixin.py:188} INFO - [2024-07-10T01:07:54.447+0000] {dag.py:3954} INFO - Setting next_dagrun for example_sla_dag to 2024-07-10 01:04:00+00:00, run_after=2024-07-10 01:06:00+00:00
[2024-07-10T01:07:54.509+0000] {processor.py:183} INFO - Processing /home/airflow/.local/lib/python3.12/site-packages/airflow/example_dags/example_sla_dag.py took 0.126 seconds
[2024-07-10T01:08:25.003+0000] {processor.py:161} INFO - Started process (PID=465) to work on /home/airflow/.local/lib/python3.12/site-packages/airflow/example_dags/example_sla_dag.py
[2024-07-10T01:08:25.004+0000] {processor.py:830} INFO - Processing file /home/airflow/.local/lib/python3.12/site-packages/airflow/example_dags/example_sla_dag.py for tasks to queue
[2024-07-10T01:08:25.005+0000] {logging_mixin.py:188} INFO - [2024-07-10T01:08:25.005+0000] {dagbag.py:545} INFO - Filling up the DagBag from /home/airflow/.local/lib/python3.12/site-packages/airflow/example_dags/example_sla_dag.py
[2024-07-10T01:08:25.013+0000] {processor.py:840} INFO - DAG(s) 'example_sla_dag' retrieved from /home/airflow/.local/lib/python3.12/site-packages/airflow/example_dags/example_sla_dag.py
[2024-07-10T01:08:25.032+0000] {logging_mixin.py:188} INFO - [2024-07-10T01:08:25.032+0000] {dag.py:3096} INFO - Sync 1 DAGs
[2024-07-10T01:08:25.059+0000] {logging_mixin.py:188} INFO - [2024-07-10T01:08:25.059+0000] {dag.py:3954} INFO - Setting next_dagrun for example_sla_dag to 2024-07-10 01:06:00+00:00, run_after=2024-07-10 01:08:00+00:00
[2024-07-10T01:08:25.079+0000] {processor.py:183} INFO - Processing /home/airflow/.local/lib/python3.12/site-packages/airflow/example_dags/example_sla_dag.py took 0.081 seconds
[2024-07-10T01:08:55.136+0000] {processor.py:161} INFO - Started process (PID=523) to work on /home/airflow/.local/lib/python3.12/site-packages/airflow/example_dags/example_sla_dag.py
[2024-07-10T01:08:55.137+0000] {processor.py:830} INFO - Processing file /home/airflow/.local/lib/python3.12/site-packages/airflow/example_dags/example_sla_dag.py for tasks to queue
[2024-07-10T01:08:55.139+0000] {logging_mixin.py:188} INFO - [2024-07-10T01:08:55.138+0000] {dagbag.py:545} INFO - Filling up the DagBag from /home/airflow/.local/lib/python3.12/site-packages/airflow/example_dags/example_sla_dag.py
[2024-07-10T01:08:55.147+0000] {processor.py:840} INFO - DAG(s) 'example_sla_dag' retrieved from /home/airflow/.local/lib/python3.12/site-packages/airflow/example_dags/example_sla_dag.py
[2024-07-10T01:08:55.166+0000] {logging_mixin.py:188} INFO - [2024-07-10T01:08:55.165+0000] {dag.py:3096} INFO - Sync 1 DAGs
[2024-07-10T01:08:55.192+0000] {logging_mixin.py:188} INFO - [2024-07-10T01:08:55.192+0000] {dag.py:3954} INFO - Setting next_dagrun for example_sla_dag to 2024-07-10 01:06:00+00:00, run_after=2024-07-10 01:08:00+00:00
[2024-07-10T01:08:55.219+0000] {processor.py:183} INFO - Processing /home/airflow/.local/lib/python3.12/site-packages/airflow/example_dags/example_sla_dag.py took 0.089 seconds
[2024-07-10T01:09:25.840+0000] {processor.py:161} INFO - Started process (PID=581) to work on /home/airflow/.local/lib/python3.12/site-packages/airflow/example_dags/example_sla_dag.py
[2024-07-10T01:09:25.845+0000] {processor.py:830} INFO - Processing file /home/airflow/.local/lib/python3.12/site-packages/airflow/example_dags/example_sla_dag.py for tasks to queue
[2024-07-10T01:09:25.855+0000] {logging_mixin.py:188} INFO - [2024-07-10T01:09:25.854+0000] {dagbag.py:545} INFO - Filling up the DagBag from /home/airflow/.local/lib/python3.12/site-packages/airflow/example_dags/example_sla_dag.py
[2024-07-10T01:09:25.904+0000] {processor.py:840} INFO - DAG(s) 'example_sla_dag' retrieved from /home/airflow/.local/lib/python3.12/site-packages/airflow/example_dags/example_sla_dag.py
[2024-07-10T01:09:25.976+0000] {logging_mixin.py:188} INFO - [2024-07-10T01:09:25.976+0000] {dag.py:3096} INFO - Sync 1 DAGs
[2024-07-10T01:09:26.052+0000] {logging_mixin.py:188} INFO - [2024-07-10T01:09:26.052+0000] {dag.py:3954} INFO - Setting next_dagrun for example_sla_dag to 2024-07-10 01:06:00+00:00, run_after=2024-07-10 01:08:00+00:00
[2024-07-10T01:09:26.101+0000] {processor.py:183} INFO - Processing /home/airflow/.local/lib/python3.12/site-packages/airflow/example_dags/example_sla_dag.py took 0.295 seconds
[2024-07-10T01:09:57.020+0000] {processor.py:161} INFO - Started process (PID=639) to work on /home/airflow/.local/lib/python3.12/site-packages/airflow/example_dags/example_sla_dag.py
[2024-07-10T01:09:57.021+0000] {processor.py:830} INFO - Processing file /home/airflow/.local/lib/python3.12/site-packages/airflow/example_dags/example_sla_dag.py for tasks to queue
[2024-07-10T01:09:57.023+0000] {logging_mixin.py:188} INFO - [2024-07-10T01:09:57.022+0000] {dagbag.py:545} INFO - Filling up the DagBag from /home/airflow/.local/lib/python3.12/site-packages/airflow/example_dags/example_sla_dag.py
[2024-07-10T01:09:57.032+0000] {processor.py:840} INFO - DAG(s) 'example_sla_dag' retrieved from /home/airflow/.local/lib/python3.12/site-packages/airflow/example_dags/example_sla_dag.py
[2024-07-10T01:09:57.060+0000] {logging_mixin.py:188} INFO - [2024-07-10T01:09:57.059+0000] {dag.py:3096} INFO - Sync 1 DAGs
[2024-07-10T01:09:57.102+0000] {logging_mixin.py:188} INFO - [2024-07-10T01:09:57.102+0000] {dag.py:3954} INFO - Setting next_dagrun for example_sla_dag to 2024-07-10 01:06:00+00:00, run_after=2024-07-10 01:08:00+00:00
[2024-07-10T01:09:57.131+0000] {processor.py:183} INFO - Processing /home/airflow/.local/lib/python3.12/site-packages/airflow/example_dags/example_sla_dag.py took 0.117 seconds
