[2024-07-10T01:05:16.141+0000] {processor.py:161} INFO - Started process (PID=93) to work on /home/airflow/.local/lib/python3.12/site-packages/airflow/example_dags/example_params_trigger_ui.py
[2024-07-10T01:05:16.142+0000] {processor.py:830} INFO - Processing file /home/airflow/.local/lib/python3.12/site-packages/airflow/example_dags/example_params_trigger_ui.py for tasks to queue
[2024-07-10T01:05:16.144+0000] {logging_mixin.py:188} INFO - [2024-07-10T01:05:16.144+0000] {dagbag.py:545} INFO - Filling up the DagBag from /home/airflow/.local/lib/python3.12/site-packages/airflow/example_dags/example_params_trigger_ui.py
[2024-07-10T01:05:16.160+0000] {processor.py:840} INFO - DAG(s) 'example_params_trigger_ui' retrieved from /home/airflow/.local/lib/python3.12/site-packages/airflow/example_dags/example_params_trigger_ui.py
[2024-07-10T01:05:16.330+0000] {logging_mixin.py:188} INFO - [2024-07-10T01:05:16.329+0000] {override.py:1829} INFO - Created Permission View: can read on DAG:example_params_trigger_ui
[2024-07-10T01:05:16.342+0000] {logging_mixin.py:188} INFO - [2024-07-10T01:05:16.341+0000] {override.py:1829} INFO - Created Permission View: can edit on DAG:example_params_trigger_ui
[2024-07-10T01:05:16.350+0000] {logging_mixin.py:188} INFO - [2024-07-10T01:05:16.350+0000] {override.py:1829} INFO - Created Permission View: can delete on DAG:example_params_trigger_ui
[2024-07-10T01:05:16.351+0000] {logging_mixin.py:188} INFO - [2024-07-10T01:05:16.351+0000] {dag.py:3096} INFO - Sync 1 DAGs
[2024-07-10T01:05:16.366+0000] {logging_mixin.py:188} INFO - [2024-07-10T01:05:16.366+0000] {dag.py:3118} INFO - Creating ORM DAG for example_params_trigger_ui
[2024-07-10T01:05:16.368+0000] {logging_mixin.py:188} INFO - [2024-07-10T01:05:16.367+0000] {dag.py:3954} INFO - Setting next_dagrun for example_params_trigger_ui to None, run_after=None
[2024-07-10T01:05:16.390+0000] {processor.py:183} INFO - Processing /home/airflow/.local/lib/python3.12/site-packages/airflow/example_dags/example_params_trigger_ui.py took 0.255 seconds
[2024-07-10T01:05:46.547+0000] {processor.py:161} INFO - Started process (PID=151) to work on /home/airflow/.local/lib/python3.12/site-packages/airflow/example_dags/example_params_trigger_ui.py
[2024-07-10T01:05:46.549+0000] {processor.py:830} INFO - Processing file /home/airflow/.local/lib/python3.12/site-packages/airflow/example_dags/example_params_trigger_ui.py for tasks to queue
[2024-07-10T01:05:46.552+0000] {logging_mixin.py:188} INFO - [2024-07-10T01:05:46.552+0000] {dagbag.py:545} INFO - Filling up the DagBag from /home/airflow/.local/lib/python3.12/site-packages/airflow/example_dags/example_params_trigger_ui.py
[2024-07-10T01:05:46.567+0000] {processor.py:840} INFO - DAG(s) 'example_params_trigger_ui' retrieved from /home/airflow/.local/lib/python3.12/site-packages/airflow/example_dags/example_params_trigger_ui.py
[2024-07-10T01:05:46.622+0000] {logging_mixin.py:188} INFO - [2024-07-10T01:05:46.622+0000] {dag.py:3096} INFO - Sync 1 DAGs
[2024-07-10T01:05:46.638+0000] {logging_mixin.py:188} INFO - [2024-07-10T01:05:46.637+0000] {dag.py:3954} INFO - Setting next_dagrun for example_params_trigger_ui to None, run_after=None
[2024-07-10T01:05:46.675+0000] {processor.py:183} INFO - Processing /home/airflow/.local/lib/python3.12/site-packages/airflow/example_dags/example_params_trigger_ui.py took 0.133 seconds
[2024-07-10T01:06:17.173+0000] {processor.py:161} INFO - Started process (PID=209) to work on /home/airflow/.local/lib/python3.12/site-packages/airflow/example_dags/example_params_trigger_ui.py
[2024-07-10T01:06:17.174+0000] {processor.py:830} INFO - Processing file /home/airflow/.local/lib/python3.12/site-packages/airflow/example_dags/example_params_trigger_ui.py for tasks to queue
[2024-07-10T01:06:17.176+0000] {logging_mixin.py:188} INFO - [2024-07-10T01:06:17.176+0000] {dagbag.py:545} INFO - Filling up the DagBag from /home/airflow/.local/lib/python3.12/site-packages/airflow/example_dags/example_params_trigger_ui.py
[2024-07-10T01:06:17.193+0000] {processor.py:840} INFO - DAG(s) 'example_params_trigger_ui' retrieved from /home/airflow/.local/lib/python3.12/site-packages/airflow/example_dags/example_params_trigger_ui.py
[2024-07-10T01:06:17.251+0000] {logging_mixin.py:188} INFO - [2024-07-10T01:06:17.250+0000] {dag.py:3096} INFO - Sync 1 DAGs
[2024-07-10T01:06:17.269+0000] {logging_mixin.py:188} INFO - [2024-07-10T01:06:17.269+0000] {dag.py:3954} INFO - Setting next_dagrun for example_params_trigger_ui to None, run_after=None
[2024-07-10T01:06:17.296+0000] {processor.py:183} INFO - Processing /home/airflow/.local/lib/python3.12/site-packages/airflow/example_dags/example_params_trigger_ui.py took 0.128 seconds
[2024-07-10T01:06:48.616+0000] {processor.py:161} INFO - Started process (PID=267) to work on /home/airflow/.local/lib/python3.12/site-packages/airflow/example_dags/example_params_trigger_ui.py
[2024-07-10T01:06:48.617+0000] {processor.py:830} INFO - Processing file /home/airflow/.local/lib/python3.12/site-packages/airflow/example_dags/example_params_trigger_ui.py for tasks to queue
[2024-07-10T01:06:48.618+0000] {logging_mixin.py:188} INFO - [2024-07-10T01:06:48.618+0000] {dagbag.py:545} INFO - Filling up the DagBag from /home/airflow/.local/lib/python3.12/site-packages/airflow/example_dags/example_params_trigger_ui.py
[2024-07-10T01:06:48.632+0000] {processor.py:840} INFO - DAG(s) 'example_params_trigger_ui' retrieved from /home/airflow/.local/lib/python3.12/site-packages/airflow/example_dags/example_params_trigger_ui.py
[2024-07-10T01:06:48.688+0000] {logging_mixin.py:188} INFO - [2024-07-10T01:06:48.688+0000] {dag.py:3096} INFO - Sync 1 DAGs
[2024-07-10T01:06:48.704+0000] {logging_mixin.py:188} INFO - [2024-07-10T01:06:48.704+0000] {dag.py:3954} INFO - Setting next_dagrun for example_params_trigger_ui to None, run_after=None
[2024-07-10T01:06:48.729+0000] {processor.py:183} INFO - Processing /home/airflow/.local/lib/python3.12/site-packages/airflow/example_dags/example_params_trigger_ui.py took 0.119 seconds
[2024-07-10T01:07:18.792+0000] {processor.py:161} INFO - Started process (PID=325) to work on /home/airflow/.local/lib/python3.12/site-packages/airflow/example_dags/example_params_trigger_ui.py
[2024-07-10T01:07:18.793+0000] {processor.py:830} INFO - Processing file /home/airflow/.local/lib/python3.12/site-packages/airflow/example_dags/example_params_trigger_ui.py for tasks to queue
[2024-07-10T01:07:18.795+0000] {logging_mixin.py:188} INFO - [2024-07-10T01:07:18.795+0000] {dagbag.py:545} INFO - Filling up the DagBag from /home/airflow/.local/lib/python3.12/site-packages/airflow/example_dags/example_params_trigger_ui.py
[2024-07-10T01:07:18.808+0000] {processor.py:840} INFO - DAG(s) 'example_params_trigger_ui' retrieved from /home/airflow/.local/lib/python3.12/site-packages/airflow/example_dags/example_params_trigger_ui.py
[2024-07-10T01:07:18.861+0000] {logging_mixin.py:188} INFO - [2024-07-10T01:07:18.861+0000] {dag.py:3096} INFO - Sync 1 DAGs
[2024-07-10T01:07:18.876+0000] {logging_mixin.py:188} INFO - [2024-07-10T01:07:18.876+0000] {dag.py:3954} INFO - Setting next_dagrun for example_params_trigger_ui to None, run_after=None
[2024-07-10T01:07:18.895+0000] {processor.py:183} INFO - Processing /home/airflow/.local/lib/python3.12/site-packages/airflow/example_dags/example_params_trigger_ui.py took 0.109 seconds
[2024-07-10T01:07:48.955+0000] {processor.py:161} INFO - Started process (PID=383) to work on /home/airflow/.local/lib/python3.12/site-packages/airflow/example_dags/example_params_trigger_ui.py
[2024-07-10T01:07:48.956+0000] {processor.py:830} INFO - Processing file /home/airflow/.local/lib/python3.12/site-packages/airflow/example_dags/example_params_trigger_ui.py for tasks to queue
[2024-07-10T01:07:48.958+0000] {logging_mixin.py:188} INFO - [2024-07-10T01:07:48.958+0000] {dagbag.py:545} INFO - Filling up the DagBag from /home/airflow/.local/lib/python3.12/site-packages/airflow/example_dags/example_params_trigger_ui.py
[2024-07-10T01:07:48.972+0000] {processor.py:840} INFO - DAG(s) 'example_params_trigger_ui' retrieved from /home/airflow/.local/lib/python3.12/site-packages/airflow/example_dags/example_params_trigger_ui.py
[2024-07-10T01:07:49.035+0000] {logging_mixin.py:188} INFO - [2024-07-10T01:07:49.035+0000] {dag.py:3096} INFO - Sync 1 DAGs
[2024-07-10T01:07:49.053+0000] {logging_mixin.py:188} INFO - [2024-07-10T01:07:49.053+0000] {dag.py:3954} INFO - Setting next_dagrun for example_params_trigger_ui to None, run_after=None
[2024-07-10T01:07:49.081+0000] {processor.py:183} INFO - Processing /home/airflow/.local/lib/python3.12/site-packages/airflow/example_dags/example_params_trigger_ui.py took 0.133 seconds
[2024-07-10T01:08:19.721+0000] {processor.py:161} INFO - Started process (PID=443) to work on /home/airflow/.local/lib/python3.12/site-packages/airflow/example_dags/example_params_trigger_ui.py
[2024-07-10T01:08:19.722+0000] {processor.py:830} INFO - Processing file /home/airflow/.local/lib/python3.12/site-packages/airflow/example_dags/example_params_trigger_ui.py for tasks to queue
[2024-07-10T01:08:19.724+0000] {logging_mixin.py:188} INFO - [2024-07-10T01:08:19.724+0000] {dagbag.py:545} INFO - Filling up the DagBag from /home/airflow/.local/lib/python3.12/site-packages/airflow/example_dags/example_params_trigger_ui.py
[2024-07-10T01:08:19.738+0000] {processor.py:840} INFO - DAG(s) 'example_params_trigger_ui' retrieved from /home/airflow/.local/lib/python3.12/site-packages/airflow/example_dags/example_params_trigger_ui.py
[2024-07-10T01:08:19.804+0000] {logging_mixin.py:188} INFO - [2024-07-10T01:08:19.804+0000] {dag.py:3096} INFO - Sync 1 DAGs
[2024-07-10T01:08:19.817+0000] {logging_mixin.py:188} INFO - [2024-07-10T01:08:19.817+0000] {dag.py:3954} INFO - Setting next_dagrun for example_params_trigger_ui to None, run_after=None
[2024-07-10T01:08:19.840+0000] {processor.py:183} INFO - Processing /home/airflow/.local/lib/python3.12/site-packages/airflow/example_dags/example_params_trigger_ui.py took 0.124 seconds
[2024-07-10T01:08:51.381+0000] {processor.py:161} INFO - Started process (PID=511) to work on /home/airflow/.local/lib/python3.12/site-packages/airflow/example_dags/example_params_trigger_ui.py
[2024-07-10T01:08:51.382+0000] {processor.py:830} INFO - Processing file /home/airflow/.local/lib/python3.12/site-packages/airflow/example_dags/example_params_trigger_ui.py for tasks to queue
[2024-07-10T01:08:51.385+0000] {logging_mixin.py:188} INFO - [2024-07-10T01:08:51.384+0000] {dagbag.py:545} INFO - Filling up the DagBag from /home/airflow/.local/lib/python3.12/site-packages/airflow/example_dags/example_params_trigger_ui.py
[2024-07-10T01:08:51.400+0000] {processor.py:840} INFO - DAG(s) 'example_params_trigger_ui' retrieved from /home/airflow/.local/lib/python3.12/site-packages/airflow/example_dags/example_params_trigger_ui.py
[2024-07-10T01:08:51.462+0000] {logging_mixin.py:188} INFO - [2024-07-10T01:08:51.461+0000] {dag.py:3096} INFO - Sync 1 DAGs
[2024-07-10T01:08:51.476+0000] {logging_mixin.py:188} INFO - [2024-07-10T01:08:51.475+0000] {dag.py:3954} INFO - Setting next_dagrun for example_params_trigger_ui to None, run_after=None
[2024-07-10T01:08:51.497+0000] {processor.py:183} INFO - Processing /home/airflow/.local/lib/python3.12/site-packages/airflow/example_dags/example_params_trigger_ui.py took 0.122 seconds
[2024-07-10T01:09:21.962+0000] {processor.py:161} INFO - Started process (PID=569) to work on /home/airflow/.local/lib/python3.12/site-packages/airflow/example_dags/example_params_trigger_ui.py
[2024-07-10T01:09:21.963+0000] {processor.py:830} INFO - Processing file /home/airflow/.local/lib/python3.12/site-packages/airflow/example_dags/example_params_trigger_ui.py for tasks to queue
[2024-07-10T01:09:21.965+0000] {logging_mixin.py:188} INFO - [2024-07-10T01:09:21.965+0000] {dagbag.py:545} INFO - Filling up the DagBag from /home/airflow/.local/lib/python3.12/site-packages/airflow/example_dags/example_params_trigger_ui.py
[2024-07-10T01:09:21.980+0000] {processor.py:840} INFO - DAG(s) 'example_params_trigger_ui' retrieved from /home/airflow/.local/lib/python3.12/site-packages/airflow/example_dags/example_params_trigger_ui.py
[2024-07-10T01:09:22.048+0000] {logging_mixin.py:188} INFO - [2024-07-10T01:09:22.047+0000] {dag.py:3096} INFO - Sync 1 DAGs
[2024-07-10T01:09:22.067+0000] {logging_mixin.py:188} INFO - [2024-07-10T01:09:22.066+0000] {dag.py:3954} INFO - Setting next_dagrun for example_params_trigger_ui to None, run_after=None
[2024-07-10T01:09:22.090+0000] {processor.py:183} INFO - Processing /home/airflow/.local/lib/python3.12/site-packages/airflow/example_dags/example_params_trigger_ui.py took 0.136 seconds
[2024-07-10T01:09:52.193+0000] {processor.py:161} INFO - Started process (PID=627) to work on /home/airflow/.local/lib/python3.12/site-packages/airflow/example_dags/example_params_trigger_ui.py
[2024-07-10T01:09:52.194+0000] {processor.py:830} INFO - Processing file /home/airflow/.local/lib/python3.12/site-packages/airflow/example_dags/example_params_trigger_ui.py for tasks to queue
[2024-07-10T01:09:52.197+0000] {logging_mixin.py:188} INFO - [2024-07-10T01:09:52.196+0000] {dagbag.py:545} INFO - Filling up the DagBag from /home/airflow/.local/lib/python3.12/site-packages/airflow/example_dags/example_params_trigger_ui.py
[2024-07-10T01:09:52.210+0000] {processor.py:840} INFO - DAG(s) 'example_params_trigger_ui' retrieved from /home/airflow/.local/lib/python3.12/site-packages/airflow/example_dags/example_params_trigger_ui.py
[2024-07-10T01:09:52.271+0000] {logging_mixin.py:188} INFO - [2024-07-10T01:09:52.271+0000] {dag.py:3096} INFO - Sync 1 DAGs
[2024-07-10T01:09:52.287+0000] {logging_mixin.py:188} INFO - [2024-07-10T01:09:52.287+0000] {dag.py:3954} INFO - Setting next_dagrun for example_params_trigger_ui to None, run_after=None
[2024-07-10T01:09:52.307+0000] {processor.py:183} INFO - Processing /home/airflow/.local/lib/python3.12/site-packages/airflow/example_dags/example_params_trigger_ui.py took 0.120 seconds
