[2024-07-10T01:04:25.939+0000] {processor.py:161} INFO - Started process (PID=40) to work on /home/airflow/.local/lib/python3.12/site-packages/airflow/example_dags/example_trigger_target_dag.py
[2024-07-10T01:04:25.947+0000] {processor.py:830} INFO - Processing file /home/airflow/.local/lib/python3.12/site-packages/airflow/example_dags/example_trigger_target_dag.py for tasks to queue
[2024-07-10T01:04:25.951+0000] {logging_mixin.py:188} INFO - [2024-07-10T01:04:25.951+0000] {dagbag.py:545} INFO - Filling up the DagBag from /home/airflow/.local/lib/python3.12/site-packages/airflow/example_dags/example_trigger_target_dag.py
[2024-07-10T01:04:26.057+0000] {processor.py:840} INFO - DAG(s) 'example_trigger_target_dag' retrieved from /home/airflow/.local/lib/python3.12/site-packages/airflow/example_dags/example_trigger_target_dag.py
[2024-07-10T01:04:27.939+0000] {logging_mixin.py:188} INFO - [2024-07-10T01:04:27.937+0000] {override.py:1829} INFO - Created Permission View: can read on DAG:example_trigger_target_dag
[2024-07-10T01:04:28.129+0000] {logging_mixin.py:188} INFO - [2024-07-10T01:04:28.128+0000] {override.py:1829} INFO - Created Permission View: can edit on DAG:example_trigger_target_dag
[2024-07-10T01:04:28.300+0000] {logging_mixin.py:188} INFO - [2024-07-10T01:04:28.299+0000] {override.py:1829} INFO - Created Permission View: can delete on DAG:example_trigger_target_dag
[2024-07-10T01:04:28.301+0000] {logging_mixin.py:188} INFO - [2024-07-10T01:04:28.301+0000] {dag.py:3096} INFO - Sync 1 DAGs
[2024-07-10T01:04:28.337+0000] {logging_mixin.py:188} INFO - [2024-07-10T01:04:28.336+0000] {dag.py:3118} INFO - Creating ORM DAG for example_trigger_target_dag
[2024-07-10T01:04:28.340+0000] {logging_mixin.py:188} INFO - [2024-07-10T01:04:28.340+0000] {dag.py:3954} INFO - Setting next_dagrun for example_trigger_target_dag to None, run_after=None
[2024-07-10T01:04:28.558+0000] {processor.py:183} INFO - Processing /home/airflow/.local/lib/python3.12/site-packages/airflow/example_dags/example_trigger_target_dag.py took 2.630 seconds
[2024-07-10T01:05:17.310+0000] {processor.py:161} INFO - Started process (PID=105) to work on /home/airflow/.local/lib/python3.12/site-packages/airflow/example_dags/example_trigger_target_dag.py
[2024-07-10T01:05:17.312+0000] {processor.py:830} INFO - Processing file /home/airflow/.local/lib/python3.12/site-packages/airflow/example_dags/example_trigger_target_dag.py for tasks to queue
[2024-07-10T01:05:17.314+0000] {logging_mixin.py:188} INFO - [2024-07-10T01:05:17.314+0000] {dagbag.py:545} INFO - Filling up the DagBag from /home/airflow/.local/lib/python3.12/site-packages/airflow/example_dags/example_trigger_target_dag.py
[2024-07-10T01:05:17.320+0000] {processor.py:840} INFO - DAG(s) 'example_trigger_target_dag' retrieved from /home/airflow/.local/lib/python3.12/site-packages/airflow/example_dags/example_trigger_target_dag.py
[2024-07-10T01:05:17.340+0000] {logging_mixin.py:188} INFO - [2024-07-10T01:05:17.340+0000] {dag.py:3096} INFO - Sync 1 DAGs
[2024-07-10T01:05:17.358+0000] {logging_mixin.py:188} INFO - [2024-07-10T01:05:17.358+0000] {dag.py:3954} INFO - Setting next_dagrun for example_trigger_target_dag to None, run_after=None
[2024-07-10T01:05:17.383+0000] {processor.py:183} INFO - Processing /home/airflow/.local/lib/python3.12/site-packages/airflow/example_dags/example_trigger_target_dag.py took 0.078 seconds
[2024-07-10T01:05:48.120+0000] {processor.py:161} INFO - Started process (PID=158) to work on /home/airflow/.local/lib/python3.12/site-packages/airflow/example_dags/example_trigger_target_dag.py
[2024-07-10T01:05:48.121+0000] {processor.py:830} INFO - Processing file /home/airflow/.local/lib/python3.12/site-packages/airflow/example_dags/example_trigger_target_dag.py for tasks to queue
[2024-07-10T01:05:48.123+0000] {logging_mixin.py:188} INFO - [2024-07-10T01:05:48.123+0000] {dagbag.py:545} INFO - Filling up the DagBag from /home/airflow/.local/lib/python3.12/site-packages/airflow/example_dags/example_trigger_target_dag.py
[2024-07-10T01:05:48.128+0000] {processor.py:840} INFO - DAG(s) 'example_trigger_target_dag' retrieved from /home/airflow/.local/lib/python3.12/site-packages/airflow/example_dags/example_trigger_target_dag.py
[2024-07-10T01:05:48.147+0000] {logging_mixin.py:188} INFO - [2024-07-10T01:05:48.147+0000] {dag.py:3096} INFO - Sync 1 DAGs
[2024-07-10T01:05:48.164+0000] {logging_mixin.py:188} INFO - [2024-07-10T01:05:48.164+0000] {dag.py:3954} INFO - Setting next_dagrun for example_trigger_target_dag to None, run_after=None
[2024-07-10T01:05:48.212+0000] {processor.py:183} INFO - Processing /home/airflow/.local/lib/python3.12/site-packages/airflow/example_dags/example_trigger_target_dag.py took 0.097 seconds
[2024-07-10T01:06:18.597+0000] {processor.py:161} INFO - Started process (PID=216) to work on /home/airflow/.local/lib/python3.12/site-packages/airflow/example_dags/example_trigger_target_dag.py
[2024-07-10T01:06:18.598+0000] {processor.py:830} INFO - Processing file /home/airflow/.local/lib/python3.12/site-packages/airflow/example_dags/example_trigger_target_dag.py for tasks to queue
[2024-07-10T01:06:18.600+0000] {logging_mixin.py:188} INFO - [2024-07-10T01:06:18.599+0000] {dagbag.py:545} INFO - Filling up the DagBag from /home/airflow/.local/lib/python3.12/site-packages/airflow/example_dags/example_trigger_target_dag.py
[2024-07-10T01:06:18.605+0000] {processor.py:840} INFO - DAG(s) 'example_trigger_target_dag' retrieved from /home/airflow/.local/lib/python3.12/site-packages/airflow/example_dags/example_trigger_target_dag.py
[2024-07-10T01:06:18.626+0000] {logging_mixin.py:188} INFO - [2024-07-10T01:06:18.625+0000] {dag.py:3096} INFO - Sync 1 DAGs
[2024-07-10T01:06:18.639+0000] {logging_mixin.py:188} INFO - [2024-07-10T01:06:18.639+0000] {dag.py:3954} INFO - Setting next_dagrun for example_trigger_target_dag to None, run_after=None
[2024-07-10T01:06:18.698+0000] {processor.py:183} INFO - Processing /home/airflow/.local/lib/python3.12/site-packages/airflow/example_dags/example_trigger_target_dag.py took 0.107 seconds
[2024-07-10T01:06:48.956+0000] {processor.py:161} INFO - Started process (PID=274) to work on /home/airflow/.local/lib/python3.12/site-packages/airflow/example_dags/example_trigger_target_dag.py
[2024-07-10T01:06:48.958+0000] {processor.py:830} INFO - Processing file /home/airflow/.local/lib/python3.12/site-packages/airflow/example_dags/example_trigger_target_dag.py for tasks to queue
[2024-07-10T01:06:48.960+0000] {logging_mixin.py:188} INFO - [2024-07-10T01:06:48.959+0000] {dagbag.py:545} INFO - Filling up the DagBag from /home/airflow/.local/lib/python3.12/site-packages/airflow/example_dags/example_trigger_target_dag.py
[2024-07-10T01:06:48.967+0000] {processor.py:840} INFO - DAG(s) 'example_trigger_target_dag' retrieved from /home/airflow/.local/lib/python3.12/site-packages/airflow/example_dags/example_trigger_target_dag.py
[2024-07-10T01:06:48.992+0000] {logging_mixin.py:188} INFO - [2024-07-10T01:06:48.991+0000] {dag.py:3096} INFO - Sync 1 DAGs
[2024-07-10T01:06:49.009+0000] {logging_mixin.py:188} INFO - [2024-07-10T01:06:49.009+0000] {dag.py:3954} INFO - Setting next_dagrun for example_trigger_target_dag to None, run_after=None
[2024-07-10T01:06:49.032+0000] {processor.py:183} INFO - Processing /home/airflow/.local/lib/python3.12/site-packages/airflow/example_dags/example_trigger_target_dag.py took 0.082 seconds
[2024-07-10T01:07:19.112+0000] {processor.py:161} INFO - Started process (PID=330) to work on /home/airflow/.local/lib/python3.12/site-packages/airflow/example_dags/example_trigger_target_dag.py
[2024-07-10T01:07:19.113+0000] {processor.py:830} INFO - Processing file /home/airflow/.local/lib/python3.12/site-packages/airflow/example_dags/example_trigger_target_dag.py for tasks to queue
[2024-07-10T01:07:19.115+0000] {logging_mixin.py:188} INFO - [2024-07-10T01:07:19.115+0000] {dagbag.py:545} INFO - Filling up the DagBag from /home/airflow/.local/lib/python3.12/site-packages/airflow/example_dags/example_trigger_target_dag.py
[2024-07-10T01:07:19.122+0000] {processor.py:840} INFO - DAG(s) 'example_trigger_target_dag' retrieved from /home/airflow/.local/lib/python3.12/site-packages/airflow/example_dags/example_trigger_target_dag.py
[2024-07-10T01:07:19.144+0000] {logging_mixin.py:188} INFO - [2024-07-10T01:07:19.144+0000] {dag.py:3096} INFO - Sync 1 DAGs
[2024-07-10T01:07:19.159+0000] {logging_mixin.py:188} INFO - [2024-07-10T01:07:19.159+0000] {dag.py:3954} INFO - Setting next_dagrun for example_trigger_target_dag to None, run_after=None
[2024-07-10T01:07:19.182+0000] {processor.py:183} INFO - Processing /home/airflow/.local/lib/python3.12/site-packages/airflow/example_dags/example_trigger_target_dag.py took 0.075 seconds
[2024-07-10T01:07:49.270+0000] {processor.py:161} INFO - Started process (PID=388) to work on /home/airflow/.local/lib/python3.12/site-packages/airflow/example_dags/example_trigger_target_dag.py
[2024-07-10T01:07:49.272+0000] {processor.py:830} INFO - Processing file /home/airflow/.local/lib/python3.12/site-packages/airflow/example_dags/example_trigger_target_dag.py for tasks to queue
[2024-07-10T01:07:49.273+0000] {logging_mixin.py:188} INFO - [2024-07-10T01:07:49.273+0000] {dagbag.py:545} INFO - Filling up the DagBag from /home/airflow/.local/lib/python3.12/site-packages/airflow/example_dags/example_trigger_target_dag.py
[2024-07-10T01:07:49.279+0000] {processor.py:840} INFO - DAG(s) 'example_trigger_target_dag' retrieved from /home/airflow/.local/lib/python3.12/site-packages/airflow/example_dags/example_trigger_target_dag.py
[2024-07-10T01:07:49.298+0000] {logging_mixin.py:188} INFO - [2024-07-10T01:07:49.297+0000] {dag.py:3096} INFO - Sync 1 DAGs
[2024-07-10T01:07:49.311+0000] {logging_mixin.py:188} INFO - [2024-07-10T01:07:49.311+0000] {dag.py:3954} INFO - Setting next_dagrun for example_trigger_target_dag to None, run_after=None
[2024-07-10T01:07:49.333+0000] {processor.py:183} INFO - Processing /home/airflow/.local/lib/python3.12/site-packages/airflow/example_dags/example_trigger_target_dag.py took 0.068 seconds
[2024-07-10T01:08:19.495+0000] {processor.py:161} INFO - Started process (PID=440) to work on /home/airflow/.local/lib/python3.12/site-packages/airflow/example_dags/example_trigger_target_dag.py
[2024-07-10T01:08:19.497+0000] {processor.py:830} INFO - Processing file /home/airflow/.local/lib/python3.12/site-packages/airflow/example_dags/example_trigger_target_dag.py for tasks to queue
[2024-07-10T01:08:19.499+0000] {logging_mixin.py:188} INFO - [2024-07-10T01:08:19.499+0000] {dagbag.py:545} INFO - Filling up the DagBag from /home/airflow/.local/lib/python3.12/site-packages/airflow/example_dags/example_trigger_target_dag.py
[2024-07-10T01:08:19.505+0000] {processor.py:840} INFO - DAG(s) 'example_trigger_target_dag' retrieved from /home/airflow/.local/lib/python3.12/site-packages/airflow/example_dags/example_trigger_target_dag.py
[2024-07-10T01:08:19.526+0000] {logging_mixin.py:188} INFO - [2024-07-10T01:08:19.526+0000] {dag.py:3096} INFO - Sync 1 DAGs
[2024-07-10T01:08:19.540+0000] {logging_mixin.py:188} INFO - [2024-07-10T01:08:19.540+0000] {dag.py:3954} INFO - Setting next_dagrun for example_trigger_target_dag to None, run_after=None
[2024-07-10T01:08:19.561+0000] {processor.py:183} INFO - Processing /home/airflow/.local/lib/python3.12/site-packages/airflow/example_dags/example_trigger_target_dag.py took 0.072 seconds
[2024-07-10T01:08:49.612+0000] {processor.py:161} INFO - Started process (PID=498) to work on /home/airflow/.local/lib/python3.12/site-packages/airflow/example_dags/example_trigger_target_dag.py
[2024-07-10T01:08:49.612+0000] {processor.py:830} INFO - Processing file /home/airflow/.local/lib/python3.12/site-packages/airflow/example_dags/example_trigger_target_dag.py for tasks to queue
[2024-07-10T01:08:49.614+0000] {logging_mixin.py:188} INFO - [2024-07-10T01:08:49.614+0000] {dagbag.py:545} INFO - Filling up the DagBag from /home/airflow/.local/lib/python3.12/site-packages/airflow/example_dags/example_trigger_target_dag.py
[2024-07-10T01:08:49.620+0000] {processor.py:840} INFO - DAG(s) 'example_trigger_target_dag' retrieved from /home/airflow/.local/lib/python3.12/site-packages/airflow/example_dags/example_trigger_target_dag.py
[2024-07-10T01:08:49.639+0000] {logging_mixin.py:188} INFO - [2024-07-10T01:08:49.639+0000] {dag.py:3096} INFO - Sync 1 DAGs
[2024-07-10T01:08:49.655+0000] {logging_mixin.py:188} INFO - [2024-07-10T01:08:49.654+0000] {dag.py:3954} INFO - Setting next_dagrun for example_trigger_target_dag to None, run_after=None
[2024-07-10T01:08:49.680+0000] {processor.py:183} INFO - Processing /home/airflow/.local/lib/python3.12/site-packages/airflow/example_dags/example_trigger_target_dag.py took 0.074 seconds
[2024-07-10T01:09:20.077+0000] {processor.py:161} INFO - Started process (PID=556) to work on /home/airflow/.local/lib/python3.12/site-packages/airflow/example_dags/example_trigger_target_dag.py
[2024-07-10T01:09:20.078+0000] {processor.py:830} INFO - Processing file /home/airflow/.local/lib/python3.12/site-packages/airflow/example_dags/example_trigger_target_dag.py for tasks to queue
[2024-07-10T01:09:20.082+0000] {logging_mixin.py:188} INFO - [2024-07-10T01:09:20.081+0000] {dagbag.py:545} INFO - Filling up the DagBag from /home/airflow/.local/lib/python3.12/site-packages/airflow/example_dags/example_trigger_target_dag.py
[2024-07-10T01:09:20.087+0000] {processor.py:840} INFO - DAG(s) 'example_trigger_target_dag' retrieved from /home/airflow/.local/lib/python3.12/site-packages/airflow/example_dags/example_trigger_target_dag.py
[2024-07-10T01:09:20.112+0000] {logging_mixin.py:188} INFO - [2024-07-10T01:09:20.111+0000] {dag.py:3096} INFO - Sync 1 DAGs
[2024-07-10T01:09:20.134+0000] {logging_mixin.py:188} INFO - [2024-07-10T01:09:20.134+0000] {dag.py:3954} INFO - Setting next_dagrun for example_trigger_target_dag to None, run_after=None
[2024-07-10T01:09:20.161+0000] {processor.py:183} INFO - Processing /home/airflow/.local/lib/python3.12/site-packages/airflow/example_dags/example_trigger_target_dag.py took 0.091 seconds
[2024-07-10T01:09:50.307+0000] {processor.py:161} INFO - Started process (PID=614) to work on /home/airflow/.local/lib/python3.12/site-packages/airflow/example_dags/example_trigger_target_dag.py
[2024-07-10T01:09:50.308+0000] {processor.py:830} INFO - Processing file /home/airflow/.local/lib/python3.12/site-packages/airflow/example_dags/example_trigger_target_dag.py for tasks to queue
[2024-07-10T01:09:50.310+0000] {logging_mixin.py:188} INFO - [2024-07-10T01:09:50.310+0000] {dagbag.py:545} INFO - Filling up the DagBag from /home/airflow/.local/lib/python3.12/site-packages/airflow/example_dags/example_trigger_target_dag.py
[2024-07-10T01:09:50.317+0000] {processor.py:840} INFO - DAG(s) 'example_trigger_target_dag' retrieved from /home/airflow/.local/lib/python3.12/site-packages/airflow/example_dags/example_trigger_target_dag.py
[2024-07-10T01:09:50.347+0000] {logging_mixin.py:188} INFO - [2024-07-10T01:09:50.346+0000] {dag.py:3096} INFO - Sync 1 DAGs
[2024-07-10T01:09:50.364+0000] {logging_mixin.py:188} INFO - [2024-07-10T01:09:50.364+0000] {dag.py:3954} INFO - Setting next_dagrun for example_trigger_target_dag to None, run_after=None
[2024-07-10T01:09:50.395+0000] {processor.py:183} INFO - Processing /home/airflow/.local/lib/python3.12/site-packages/airflow/example_dags/example_trigger_target_dag.py took 0.095 seconds
