[2024-07-10T01:05:15.436+0000] {processor.py:161} INFO - Started process (PID=88) to work on /home/airflow/.local/lib/python3.12/site-packages/airflow/example_dags/example_task_group.py
[2024-07-10T01:05:15.437+0000] {processor.py:830} INFO - Processing file /home/airflow/.local/lib/python3.12/site-packages/airflow/example_dags/example_task_group.py for tasks to queue
[2024-07-10T01:05:15.439+0000] {logging_mixin.py:188} INFO - [2024-07-10T01:05:15.439+0000] {dagbag.py:545} INFO - Filling up the DagBag from /home/airflow/.local/lib/python3.12/site-packages/airflow/example_dags/example_task_group.py
[2024-07-10T01:05:15.448+0000] {processor.py:840} INFO - DAG(s) 'example_task_group' retrieved from /home/airflow/.local/lib/python3.12/site-packages/airflow/example_dags/example_task_group.py
[2024-07-10T01:05:15.586+0000] {logging_mixin.py:188} INFO - [2024-07-10T01:05:15.585+0000] {override.py:1829} INFO - Created Permission View: can read on DAG:example_task_group
[2024-07-10T01:05:15.600+0000] {logging_mixin.py:188} INFO - [2024-07-10T01:05:15.599+0000] {override.py:1829} INFO - Created Permission View: can edit on DAG:example_task_group
[2024-07-10T01:05:15.609+0000] {logging_mixin.py:188} INFO - [2024-07-10T01:05:15.608+0000] {override.py:1829} INFO - Created Permission View: can delete on DAG:example_task_group
[2024-07-10T01:05:15.610+0000] {logging_mixin.py:188} INFO - [2024-07-10T01:05:15.609+0000] {dag.py:3096} INFO - Sync 1 DAGs
[2024-07-10T01:05:15.625+0000] {logging_mixin.py:188} INFO - [2024-07-10T01:05:15.625+0000] {dag.py:3118} INFO - Creating ORM DAG for example_task_group
[2024-07-10T01:05:15.642+0000] {logging_mixin.py:188} INFO - [2024-07-10T01:05:15.642+0000] {dag.py:3954} INFO - Setting next_dagrun for example_task_group to 2024-07-09 00:00:00+00:00, run_after=2024-07-10 00:00:00+00:00
[2024-07-10T01:05:15.665+0000] {processor.py:183} INFO - Processing /home/airflow/.local/lib/python3.12/site-packages/airflow/example_dags/example_task_group.py took 0.237 seconds
[2024-07-10T01:05:46.202+0000] {processor.py:161} INFO - Started process (PID=146) to work on /home/airflow/.local/lib/python3.12/site-packages/airflow/example_dags/example_task_group.py
[2024-07-10T01:05:46.202+0000] {processor.py:830} INFO - Processing file /home/airflow/.local/lib/python3.12/site-packages/airflow/example_dags/example_task_group.py for tasks to queue
[2024-07-10T01:05:46.204+0000] {logging_mixin.py:188} INFO - [2024-07-10T01:05:46.204+0000] {dagbag.py:545} INFO - Filling up the DagBag from /home/airflow/.local/lib/python3.12/site-packages/airflow/example_dags/example_task_group.py
[2024-07-10T01:05:46.211+0000] {processor.py:840} INFO - DAG(s) 'example_task_group' retrieved from /home/airflow/.local/lib/python3.12/site-packages/airflow/example_dags/example_task_group.py
[2024-07-10T01:05:46.239+0000] {logging_mixin.py:188} INFO - [2024-07-10T01:05:46.239+0000] {dag.py:3096} INFO - Sync 1 DAGs
[2024-07-10T01:05:46.264+0000] {logging_mixin.py:188} INFO - [2024-07-10T01:05:46.264+0000] {dag.py:3954} INFO - Setting next_dagrun for example_task_group to 2024-07-09 00:00:00+00:00, run_after=2024-07-10 00:00:00+00:00
[2024-07-10T01:05:46.318+0000] {processor.py:183} INFO - Processing /home/airflow/.local/lib/python3.12/site-packages/airflow/example_dags/example_task_group.py took 0.121 seconds
[2024-07-10T01:06:16.892+0000] {processor.py:161} INFO - Started process (PID=204) to work on /home/airflow/.local/lib/python3.12/site-packages/airflow/example_dags/example_task_group.py
[2024-07-10T01:06:16.893+0000] {processor.py:830} INFO - Processing file /home/airflow/.local/lib/python3.12/site-packages/airflow/example_dags/example_task_group.py for tasks to queue
[2024-07-10T01:06:16.895+0000] {logging_mixin.py:188} INFO - [2024-07-10T01:06:16.894+0000] {dagbag.py:545} INFO - Filling up the DagBag from /home/airflow/.local/lib/python3.12/site-packages/airflow/example_dags/example_task_group.py
[2024-07-10T01:06:16.902+0000] {processor.py:840} INFO - DAG(s) 'example_task_group' retrieved from /home/airflow/.local/lib/python3.12/site-packages/airflow/example_dags/example_task_group.py
[2024-07-10T01:06:16.927+0000] {logging_mixin.py:188} INFO - [2024-07-10T01:06:16.927+0000] {dag.py:3096} INFO - Sync 1 DAGs
[2024-07-10T01:06:16.954+0000] {logging_mixin.py:188} INFO - [2024-07-10T01:06:16.954+0000] {dag.py:3954} INFO - Setting next_dagrun for example_task_group to 2024-07-09 00:00:00+00:00, run_after=2024-07-10 00:00:00+00:00
[2024-07-10T01:06:16.981+0000] {processor.py:183} INFO - Processing /home/airflow/.local/lib/python3.12/site-packages/airflow/example_dags/example_task_group.py took 0.095 seconds
[2024-07-10T01:06:47.470+0000] {processor.py:161} INFO - Started process (PID=262) to work on /home/airflow/.local/lib/python3.12/site-packages/airflow/example_dags/example_task_group.py
[2024-07-10T01:06:47.471+0000] {processor.py:830} INFO - Processing file /home/airflow/.local/lib/python3.12/site-packages/airflow/example_dags/example_task_group.py for tasks to queue
[2024-07-10T01:06:47.473+0000] {logging_mixin.py:188} INFO - [2024-07-10T01:06:47.472+0000] {dagbag.py:545} INFO - Filling up the DagBag from /home/airflow/.local/lib/python3.12/site-packages/airflow/example_dags/example_task_group.py
[2024-07-10T01:06:47.479+0000] {processor.py:840} INFO - DAG(s) 'example_task_group' retrieved from /home/airflow/.local/lib/python3.12/site-packages/airflow/example_dags/example_task_group.py
[2024-07-10T01:06:47.502+0000] {logging_mixin.py:188} INFO - [2024-07-10T01:06:47.502+0000] {dag.py:3096} INFO - Sync 1 DAGs
[2024-07-10T01:06:47.528+0000] {logging_mixin.py:188} INFO - [2024-07-10T01:06:47.528+0000] {dag.py:3954} INFO - Setting next_dagrun for example_task_group to 2024-07-09 00:00:00+00:00, run_after=2024-07-10 00:00:00+00:00
[2024-07-10T01:06:47.853+0000] {processor.py:183} INFO - Processing /home/airflow/.local/lib/python3.12/site-packages/airflow/example_dags/example_task_group.py took 0.388 seconds
[2024-07-10T01:07:18.544+0000] {processor.py:161} INFO - Started process (PID=320) to work on /home/airflow/.local/lib/python3.12/site-packages/airflow/example_dags/example_task_group.py
[2024-07-10T01:07:18.545+0000] {processor.py:830} INFO - Processing file /home/airflow/.local/lib/python3.12/site-packages/airflow/example_dags/example_task_group.py for tasks to queue
[2024-07-10T01:07:18.547+0000] {logging_mixin.py:188} INFO - [2024-07-10T01:07:18.547+0000] {dagbag.py:545} INFO - Filling up the DagBag from /home/airflow/.local/lib/python3.12/site-packages/airflow/example_dags/example_task_group.py
[2024-07-10T01:07:18.554+0000] {processor.py:840} INFO - DAG(s) 'example_task_group' retrieved from /home/airflow/.local/lib/python3.12/site-packages/airflow/example_dags/example_task_group.py
[2024-07-10T01:07:18.575+0000] {logging_mixin.py:188} INFO - [2024-07-10T01:07:18.575+0000] {dag.py:3096} INFO - Sync 1 DAGs
[2024-07-10T01:07:18.598+0000] {logging_mixin.py:188} INFO - [2024-07-10T01:07:18.598+0000] {dag.py:3954} INFO - Setting next_dagrun for example_task_group to 2024-07-09 00:00:00+00:00, run_after=2024-07-10 00:00:00+00:00
[2024-07-10T01:07:18.617+0000] {processor.py:183} INFO - Processing /home/airflow/.local/lib/python3.12/site-packages/airflow/example_dags/example_task_group.py took 0.079 seconds
[2024-07-10T01:07:48.698+0000] {processor.py:161} INFO - Started process (PID=378) to work on /home/airflow/.local/lib/python3.12/site-packages/airflow/example_dags/example_task_group.py
[2024-07-10T01:07:48.699+0000] {processor.py:830} INFO - Processing file /home/airflow/.local/lib/python3.12/site-packages/airflow/example_dags/example_task_group.py for tasks to queue
[2024-07-10T01:07:48.701+0000] {logging_mixin.py:188} INFO - [2024-07-10T01:07:48.701+0000] {dagbag.py:545} INFO - Filling up the DagBag from /home/airflow/.local/lib/python3.12/site-packages/airflow/example_dags/example_task_group.py
[2024-07-10T01:07:48.709+0000] {processor.py:840} INFO - DAG(s) 'example_task_group' retrieved from /home/airflow/.local/lib/python3.12/site-packages/airflow/example_dags/example_task_group.py
[2024-07-10T01:07:48.732+0000] {logging_mixin.py:188} INFO - [2024-07-10T01:07:48.732+0000] {dag.py:3096} INFO - Sync 1 DAGs
[2024-07-10T01:07:48.755+0000] {logging_mixin.py:188} INFO - [2024-07-10T01:07:48.754+0000] {dag.py:3954} INFO - Setting next_dagrun for example_task_group to 2024-07-09 00:00:00+00:00, run_after=2024-07-10 00:00:00+00:00
[2024-07-10T01:07:48.774+0000] {processor.py:183} INFO - Processing /home/airflow/.local/lib/python3.12/site-packages/airflow/example_dags/example_task_group.py took 0.082 seconds
[2024-07-10T01:08:19.082+0000] {processor.py:161} INFO - Started process (PID=436) to work on /home/airflow/.local/lib/python3.12/site-packages/airflow/example_dags/example_task_group.py
[2024-07-10T01:08:19.083+0000] {processor.py:830} INFO - Processing file /home/airflow/.local/lib/python3.12/site-packages/airflow/example_dags/example_task_group.py for tasks to queue
[2024-07-10T01:08:19.085+0000] {logging_mixin.py:188} INFO - [2024-07-10T01:08:19.084+0000] {dagbag.py:545} INFO - Filling up the DagBag from /home/airflow/.local/lib/python3.12/site-packages/airflow/example_dags/example_task_group.py
[2024-07-10T01:08:19.092+0000] {processor.py:840} INFO - DAG(s) 'example_task_group' retrieved from /home/airflow/.local/lib/python3.12/site-packages/airflow/example_dags/example_task_group.py
[2024-07-10T01:08:19.122+0000] {logging_mixin.py:188} INFO - [2024-07-10T01:08:19.121+0000] {dag.py:3096} INFO - Sync 1 DAGs
[2024-07-10T01:08:19.159+0000] {logging_mixin.py:188} INFO - [2024-07-10T01:08:19.159+0000] {dag.py:3954} INFO - Setting next_dagrun for example_task_group to 2024-07-09 00:00:00+00:00, run_after=2024-07-10 00:00:00+00:00
[2024-07-10T01:08:19.182+0000] {processor.py:183} INFO - Processing /home/airflow/.local/lib/python3.12/site-packages/airflow/example_dags/example_task_group.py took 0.107 seconds
[2024-07-10T01:08:49.383+0000] {processor.py:161} INFO - Started process (PID=494) to work on /home/airflow/.local/lib/python3.12/site-packages/airflow/example_dags/example_task_group.py
[2024-07-10T01:08:49.384+0000] {processor.py:830} INFO - Processing file /home/airflow/.local/lib/python3.12/site-packages/airflow/example_dags/example_task_group.py for tasks to queue
[2024-07-10T01:08:49.386+0000] {logging_mixin.py:188} INFO - [2024-07-10T01:08:49.386+0000] {dagbag.py:545} INFO - Filling up the DagBag from /home/airflow/.local/lib/python3.12/site-packages/airflow/example_dags/example_task_group.py
[2024-07-10T01:08:49.394+0000] {processor.py:840} INFO - DAG(s) 'example_task_group' retrieved from /home/airflow/.local/lib/python3.12/site-packages/airflow/example_dags/example_task_group.py
[2024-07-10T01:08:49.416+0000] {logging_mixin.py:188} INFO - [2024-07-10T01:08:49.416+0000] {dag.py:3096} INFO - Sync 1 DAGs
[2024-07-10T01:08:49.440+0000] {logging_mixin.py:188} INFO - [2024-07-10T01:08:49.440+0000] {dag.py:3954} INFO - Setting next_dagrun for example_task_group to 2024-07-09 00:00:00+00:00, run_after=2024-07-10 00:00:00+00:00
[2024-07-10T01:08:49.462+0000] {processor.py:183} INFO - Processing /home/airflow/.local/lib/python3.12/site-packages/airflow/example_dags/example_task_group.py took 0.084 seconds
[2024-07-10T01:09:19.700+0000] {processor.py:161} INFO - Started process (PID=552) to work on /home/airflow/.local/lib/python3.12/site-packages/airflow/example_dags/example_task_group.py
[2024-07-10T01:09:19.701+0000] {processor.py:830} INFO - Processing file /home/airflow/.local/lib/python3.12/site-packages/airflow/example_dags/example_task_group.py for tasks to queue
[2024-07-10T01:09:19.703+0000] {logging_mixin.py:188} INFO - [2024-07-10T01:09:19.703+0000] {dagbag.py:545} INFO - Filling up the DagBag from /home/airflow/.local/lib/python3.12/site-packages/airflow/example_dags/example_task_group.py
[2024-07-10T01:09:19.712+0000] {processor.py:840} INFO - DAG(s) 'example_task_group' retrieved from /home/airflow/.local/lib/python3.12/site-packages/airflow/example_dags/example_task_group.py
[2024-07-10T01:09:19.740+0000] {logging_mixin.py:188} INFO - [2024-07-10T01:09:19.739+0000] {dag.py:3096} INFO - Sync 1 DAGs
[2024-07-10T01:09:19.767+0000] {logging_mixin.py:188} INFO - [2024-07-10T01:09:19.767+0000] {dag.py:3954} INFO - Setting next_dagrun for example_task_group to 2024-07-09 00:00:00+00:00, run_after=2024-07-10 00:00:00+00:00
[2024-07-10T01:09:19.795+0000] {processor.py:183} INFO - Processing /home/airflow/.local/lib/python3.12/site-packages/airflow/example_dags/example_task_group.py took 0.101 seconds
[2024-07-10T01:09:49.940+0000] {processor.py:161} INFO - Started process (PID=610) to work on /home/airflow/.local/lib/python3.12/site-packages/airflow/example_dags/example_task_group.py
[2024-07-10T01:09:49.941+0000] {processor.py:830} INFO - Processing file /home/airflow/.local/lib/python3.12/site-packages/airflow/example_dags/example_task_group.py for tasks to queue
[2024-07-10T01:09:49.944+0000] {logging_mixin.py:188} INFO - [2024-07-10T01:09:49.944+0000] {dagbag.py:545} INFO - Filling up the DagBag from /home/airflow/.local/lib/python3.12/site-packages/airflow/example_dags/example_task_group.py
[2024-07-10T01:09:49.951+0000] {processor.py:840} INFO - DAG(s) 'example_task_group' retrieved from /home/airflow/.local/lib/python3.12/site-packages/airflow/example_dags/example_task_group.py
[2024-07-10T01:09:49.973+0000] {logging_mixin.py:188} INFO - [2024-07-10T01:09:49.972+0000] {dag.py:3096} INFO - Sync 1 DAGs
[2024-07-10T01:09:50.000+0000] {logging_mixin.py:188} INFO - [2024-07-10T01:09:49.999+0000] {dag.py:3954} INFO - Setting next_dagrun for example_task_group to 2024-07-09 00:00:00+00:00, run_after=2024-07-10 00:00:00+00:00
[2024-07-10T01:09:50.024+0000] {processor.py:183} INFO - Processing /home/airflow/.local/lib/python3.12/site-packages/airflow/example_dags/example_task_group.py took 0.090 seconds
