[2024-07-10T01:04:52.128+0000] {processor.py:161} INFO - Started process (PID=63) to work on /home/airflow/.local/lib/python3.12/site-packages/airflow/example_dags/example_kubernetes_executor.py
[2024-07-10T01:04:52.195+0000] {processor.py:830} INFO - Processing file /home/airflow/.local/lib/python3.12/site-packages/airflow/example_dags/example_kubernetes_executor.py for tasks to queue
[2024-07-10T01:04:52.368+0000] {logging_mixin.py:188} INFO - [2024-07-10T01:04:52.365+0000] {dagbag.py:545} INFO - Filling up the DagBag from /home/airflow/.local/lib/python3.12/site-packages/airflow/example_dags/example_kubernetes_executor.py
[2024-07-10T01:04:52.495+0000] {processor.py:840} INFO - DAG(s) 'example_kubernetes_executor' retrieved from /home/airflow/.local/lib/python3.12/site-packages/airflow/example_dags/example_kubernetes_executor.py
[2024-07-10T01:04:53.279+0000] {logging_mixin.py:188} INFO - [2024-07-10T01:04:53.278+0000] {override.py:1829} INFO - Created Permission View: can read on DAG:example_kubernetes_executor
[2024-07-10T01:04:53.396+0000] {logging_mixin.py:188} INFO - [2024-07-10T01:04:53.396+0000] {override.py:1829} INFO - Created Permission View: can edit on DAG:example_kubernetes_executor
[2024-07-10T01:04:53.440+0000] {logging_mixin.py:188} INFO - [2024-07-10T01:04:53.439+0000] {override.py:1829} INFO - Created Permission View: can delete on DAG:example_kubernetes_executor
[2024-07-10T01:04:53.443+0000] {logging_mixin.py:188} INFO - [2024-07-10T01:04:53.442+0000] {dag.py:3096} INFO - Sync 1 DAGs
[2024-07-10T01:04:53.482+0000] {logging_mixin.py:188} INFO - [2024-07-10T01:04:53.482+0000] {dag.py:3118} INFO - Creating ORM DAG for example_kubernetes_executor
[2024-07-10T01:04:53.484+0000] {logging_mixin.py:188} INFO - [2024-07-10T01:04:53.484+0000] {dag.py:3954} INFO - Setting next_dagrun for example_kubernetes_executor to None, run_after=None
[2024-07-10T01:04:53.783+0000] {processor.py:183} INFO - Processing /home/airflow/.local/lib/python3.12/site-packages/airflow/example_dags/example_kubernetes_executor.py took 1.800 seconds
[2024-07-10T01:05:24.272+0000] {processor.py:161} INFO - Started process (PID=121) to work on /home/airflow/.local/lib/python3.12/site-packages/airflow/example_dags/example_kubernetes_executor.py
[2024-07-10T01:05:24.272+0000] {processor.py:830} INFO - Processing file /home/airflow/.local/lib/python3.12/site-packages/airflow/example_dags/example_kubernetes_executor.py for tasks to queue
[2024-07-10T01:05:24.274+0000] {logging_mixin.py:188} INFO - [2024-07-10T01:05:24.274+0000] {dagbag.py:545} INFO - Filling up the DagBag from /home/airflow/.local/lib/python3.12/site-packages/airflow/example_dags/example_kubernetes_executor.py
[2024-07-10T01:05:24.286+0000] {processor.py:840} INFO - DAG(s) 'example_kubernetes_executor' retrieved from /home/airflow/.local/lib/python3.12/site-packages/airflow/example_dags/example_kubernetes_executor.py
[2024-07-10T01:05:24.327+0000] {logging_mixin.py:188} INFO - [2024-07-10T01:05:24.326+0000] {dag.py:3096} INFO - Sync 1 DAGs
[2024-07-10T01:05:24.342+0000] {logging_mixin.py:188} INFO - [2024-07-10T01:05:24.341+0000] {dag.py:3954} INFO - Setting next_dagrun for example_kubernetes_executor to None, run_after=None
[2024-07-10T01:05:24.647+0000] {processor.py:183} INFO - Processing /home/airflow/.local/lib/python3.12/site-packages/airflow/example_dags/example_kubernetes_executor.py took 0.380 seconds
[2024-07-10T01:05:55.519+0000] {processor.py:161} INFO - Started process (PID=179) to work on /home/airflow/.local/lib/python3.12/site-packages/airflow/example_dags/example_kubernetes_executor.py
[2024-07-10T01:05:55.520+0000] {processor.py:830} INFO - Processing file /home/airflow/.local/lib/python3.12/site-packages/airflow/example_dags/example_kubernetes_executor.py for tasks to queue
[2024-07-10T01:05:55.522+0000] {logging_mixin.py:188} INFO - [2024-07-10T01:05:55.521+0000] {dagbag.py:545} INFO - Filling up the DagBag from /home/airflow/.local/lib/python3.12/site-packages/airflow/example_dags/example_kubernetes_executor.py
[2024-07-10T01:05:55.534+0000] {processor.py:840} INFO - DAG(s) 'example_kubernetes_executor' retrieved from /home/airflow/.local/lib/python3.12/site-packages/airflow/example_dags/example_kubernetes_executor.py
[2024-07-10T01:05:55.576+0000] {logging_mixin.py:188} INFO - [2024-07-10T01:05:55.575+0000] {dag.py:3096} INFO - Sync 1 DAGs
[2024-07-10T01:05:55.589+0000] {logging_mixin.py:188} INFO - [2024-07-10T01:05:55.589+0000] {dag.py:3954} INFO - Setting next_dagrun for example_kubernetes_executor to None, run_after=None
[2024-07-10T01:05:55.627+0000] {processor.py:183} INFO - Processing /home/airflow/.local/lib/python3.12/site-packages/airflow/example_dags/example_kubernetes_executor.py took 0.113 seconds
[2024-07-10T01:06:26.104+0000] {processor.py:161} INFO - Started process (PID=237) to work on /home/airflow/.local/lib/python3.12/site-packages/airflow/example_dags/example_kubernetes_executor.py
[2024-07-10T01:06:26.105+0000] {processor.py:830} INFO - Processing file /home/airflow/.local/lib/python3.12/site-packages/airflow/example_dags/example_kubernetes_executor.py for tasks to queue
[2024-07-10T01:06:26.107+0000] {logging_mixin.py:188} INFO - [2024-07-10T01:06:26.107+0000] {dagbag.py:545} INFO - Filling up the DagBag from /home/airflow/.local/lib/python3.12/site-packages/airflow/example_dags/example_kubernetes_executor.py
[2024-07-10T01:06:26.122+0000] {processor.py:840} INFO - DAG(s) 'example_kubernetes_executor' retrieved from /home/airflow/.local/lib/python3.12/site-packages/airflow/example_dags/example_kubernetes_executor.py
[2024-07-10T01:06:26.163+0000] {logging_mixin.py:188} INFO - [2024-07-10T01:06:26.162+0000] {dag.py:3096} INFO - Sync 1 DAGs
[2024-07-10T01:06:26.177+0000] {logging_mixin.py:188} INFO - [2024-07-10T01:06:26.177+0000] {dag.py:3954} INFO - Setting next_dagrun for example_kubernetes_executor to None, run_after=None
[2024-07-10T01:06:26.216+0000] {processor.py:183} INFO - Processing /home/airflow/.local/lib/python3.12/site-packages/airflow/example_dags/example_kubernetes_executor.py took 0.118 seconds
[2024-07-10T01:06:56.255+0000] {processor.py:161} INFO - Started process (PID=295) to work on /home/airflow/.local/lib/python3.12/site-packages/airflow/example_dags/example_kubernetes_executor.py
[2024-07-10T01:06:56.257+0000] {processor.py:830} INFO - Processing file /home/airflow/.local/lib/python3.12/site-packages/airflow/example_dags/example_kubernetes_executor.py for tasks to queue
[2024-07-10T01:06:56.259+0000] {logging_mixin.py:188} INFO - [2024-07-10T01:06:56.258+0000] {dagbag.py:545} INFO - Filling up the DagBag from /home/airflow/.local/lib/python3.12/site-packages/airflow/example_dags/example_kubernetes_executor.py
[2024-07-10T01:06:56.270+0000] {processor.py:840} INFO - DAG(s) 'example_kubernetes_executor' retrieved from /home/airflow/.local/lib/python3.12/site-packages/airflow/example_dags/example_kubernetes_executor.py
[2024-07-10T01:06:56.307+0000] {logging_mixin.py:188} INFO - [2024-07-10T01:06:56.306+0000] {dag.py:3096} INFO - Sync 1 DAGs
[2024-07-10T01:06:56.320+0000] {logging_mixin.py:188} INFO - [2024-07-10T01:06:56.319+0000] {dag.py:3954} INFO - Setting next_dagrun for example_kubernetes_executor to None, run_after=None
[2024-07-10T01:06:56.341+0000] {processor.py:183} INFO - Processing /home/airflow/.local/lib/python3.12/site-packages/airflow/example_dags/example_kubernetes_executor.py took 0.092 seconds
[2024-07-10T01:07:26.497+0000] {processor.py:161} INFO - Started process (PID=353) to work on /home/airflow/.local/lib/python3.12/site-packages/airflow/example_dags/example_kubernetes_executor.py
[2024-07-10T01:07:26.498+0000] {processor.py:830} INFO - Processing file /home/airflow/.local/lib/python3.12/site-packages/airflow/example_dags/example_kubernetes_executor.py for tasks to queue
[2024-07-10T01:07:26.500+0000] {logging_mixin.py:188} INFO - [2024-07-10T01:07:26.500+0000] {dagbag.py:545} INFO - Filling up the DagBag from /home/airflow/.local/lib/python3.12/site-packages/airflow/example_dags/example_kubernetes_executor.py
[2024-07-10T01:07:26.513+0000] {processor.py:840} INFO - DAG(s) 'example_kubernetes_executor' retrieved from /home/airflow/.local/lib/python3.12/site-packages/airflow/example_dags/example_kubernetes_executor.py
[2024-07-10T01:07:26.551+0000] {logging_mixin.py:188} INFO - [2024-07-10T01:07:26.551+0000] {dag.py:3096} INFO - Sync 1 DAGs
[2024-07-10T01:07:26.565+0000] {logging_mixin.py:188} INFO - [2024-07-10T01:07:26.564+0000] {dag.py:3954} INFO - Setting next_dagrun for example_kubernetes_executor to None, run_after=None
[2024-07-10T01:07:26.584+0000] {processor.py:183} INFO - Processing /home/airflow/.local/lib/python3.12/site-packages/airflow/example_dags/example_kubernetes_executor.py took 0.093 seconds
[2024-07-10T01:07:56.904+0000] {processor.py:161} INFO - Started process (PID=411) to work on /home/airflow/.local/lib/python3.12/site-packages/airflow/example_dags/example_kubernetes_executor.py
[2024-07-10T01:07:56.905+0000] {processor.py:830} INFO - Processing file /home/airflow/.local/lib/python3.12/site-packages/airflow/example_dags/example_kubernetes_executor.py for tasks to queue
[2024-07-10T01:07:56.907+0000] {logging_mixin.py:188} INFO - [2024-07-10T01:07:56.907+0000] {dagbag.py:545} INFO - Filling up the DagBag from /home/airflow/.local/lib/python3.12/site-packages/airflow/example_dags/example_kubernetes_executor.py
[2024-07-10T01:07:56.919+0000] {processor.py:840} INFO - DAG(s) 'example_kubernetes_executor' retrieved from /home/airflow/.local/lib/python3.12/site-packages/airflow/example_dags/example_kubernetes_executor.py
[2024-07-10T01:07:56.956+0000] {logging_mixin.py:188} INFO - [2024-07-10T01:07:56.956+0000] {dag.py:3096} INFO - Sync 1 DAGs
[2024-07-10T01:07:56.970+0000] {logging_mixin.py:188} INFO - [2024-07-10T01:07:56.970+0000] {dag.py:3954} INFO - Setting next_dagrun for example_kubernetes_executor to None, run_after=None
[2024-07-10T01:07:56.994+0000] {processor.py:183} INFO - Processing /home/airflow/.local/lib/python3.12/site-packages/airflow/example_dags/example_kubernetes_executor.py took 0.095 seconds
[2024-07-10T01:08:27.128+0000] {processor.py:161} INFO - Started process (PID=469) to work on /home/airflow/.local/lib/python3.12/site-packages/airflow/example_dags/example_kubernetes_executor.py
[2024-07-10T01:08:27.129+0000] {processor.py:830} INFO - Processing file /home/airflow/.local/lib/python3.12/site-packages/airflow/example_dags/example_kubernetes_executor.py for tasks to queue
[2024-07-10T01:08:27.131+0000] {logging_mixin.py:188} INFO - [2024-07-10T01:08:27.131+0000] {dagbag.py:545} INFO - Filling up the DagBag from /home/airflow/.local/lib/python3.12/site-packages/airflow/example_dags/example_kubernetes_executor.py
[2024-07-10T01:08:27.143+0000] {processor.py:840} INFO - DAG(s) 'example_kubernetes_executor' retrieved from /home/airflow/.local/lib/python3.12/site-packages/airflow/example_dags/example_kubernetes_executor.py
[2024-07-10T01:08:27.184+0000] {logging_mixin.py:188} INFO - [2024-07-10T01:08:27.184+0000] {dag.py:3096} INFO - Sync 1 DAGs
[2024-07-10T01:08:27.201+0000] {logging_mixin.py:188} INFO - [2024-07-10T01:08:27.201+0000] {dag.py:3954} INFO - Setting next_dagrun for example_kubernetes_executor to None, run_after=None
[2024-07-10T01:08:27.224+0000] {processor.py:183} INFO - Processing /home/airflow/.local/lib/python3.12/site-packages/airflow/example_dags/example_kubernetes_executor.py took 0.102 seconds
[2024-07-10T01:08:57.268+0000] {processor.py:161} INFO - Started process (PID=527) to work on /home/airflow/.local/lib/python3.12/site-packages/airflow/example_dags/example_kubernetes_executor.py
[2024-07-10T01:08:57.269+0000] {processor.py:830} INFO - Processing file /home/airflow/.local/lib/python3.12/site-packages/airflow/example_dags/example_kubernetes_executor.py for tasks to queue
[2024-07-10T01:08:57.271+0000] {logging_mixin.py:188} INFO - [2024-07-10T01:08:57.271+0000] {dagbag.py:545} INFO - Filling up the DagBag from /home/airflow/.local/lib/python3.12/site-packages/airflow/example_dags/example_kubernetes_executor.py
[2024-07-10T01:08:57.283+0000] {processor.py:840} INFO - DAG(s) 'example_kubernetes_executor' retrieved from /home/airflow/.local/lib/python3.12/site-packages/airflow/example_dags/example_kubernetes_executor.py
[2024-07-10T01:08:57.331+0000] {logging_mixin.py:188} INFO - [2024-07-10T01:08:57.330+0000] {dag.py:3096} INFO - Sync 1 DAGs
[2024-07-10T01:08:57.348+0000] {logging_mixin.py:188} INFO - [2024-07-10T01:08:57.348+0000] {dag.py:3954} INFO - Setting next_dagrun for example_kubernetes_executor to None, run_after=None
[2024-07-10T01:08:57.369+0000] {processor.py:183} INFO - Processing /home/airflow/.local/lib/python3.12/site-packages/airflow/example_dags/example_kubernetes_executor.py took 0.107 seconds
[2024-07-10T01:09:27.750+0000] {processor.py:161} INFO - Started process (PID=585) to work on /home/airflow/.local/lib/python3.12/site-packages/airflow/example_dags/example_kubernetes_executor.py
[2024-07-10T01:09:27.751+0000] {processor.py:830} INFO - Processing file /home/airflow/.local/lib/python3.12/site-packages/airflow/example_dags/example_kubernetes_executor.py for tasks to queue
[2024-07-10T01:09:27.753+0000] {logging_mixin.py:188} INFO - [2024-07-10T01:09:27.753+0000] {dagbag.py:545} INFO - Filling up the DagBag from /home/airflow/.local/lib/python3.12/site-packages/airflow/example_dags/example_kubernetes_executor.py
[2024-07-10T01:09:27.768+0000] {processor.py:840} INFO - DAG(s) 'example_kubernetes_executor' retrieved from /home/airflow/.local/lib/python3.12/site-packages/airflow/example_dags/example_kubernetes_executor.py
[2024-07-10T01:09:27.812+0000] {logging_mixin.py:188} INFO - [2024-07-10T01:09:27.812+0000] {dag.py:3096} INFO - Sync 1 DAGs
[2024-07-10T01:09:27.827+0000] {logging_mixin.py:188} INFO - [2024-07-10T01:09:27.826+0000] {dag.py:3954} INFO - Setting next_dagrun for example_kubernetes_executor to None, run_after=None
[2024-07-10T01:09:27.849+0000] {processor.py:183} INFO - Processing /home/airflow/.local/lib/python3.12/site-packages/airflow/example_dags/example_kubernetes_executor.py took 0.107 seconds
[2024-07-10T01:09:58.168+0000] {processor.py:161} INFO - Started process (PID=641) to work on /home/airflow/.local/lib/python3.12/site-packages/airflow/example_dags/example_kubernetes_executor.py
[2024-07-10T01:09:58.169+0000] {processor.py:830} INFO - Processing file /home/airflow/.local/lib/python3.12/site-packages/airflow/example_dags/example_kubernetes_executor.py for tasks to queue
[2024-07-10T01:09:58.171+0000] {logging_mixin.py:188} INFO - [2024-07-10T01:09:58.170+0000] {dagbag.py:545} INFO - Filling up the DagBag from /home/airflow/.local/lib/python3.12/site-packages/airflow/example_dags/example_kubernetes_executor.py
[2024-07-10T01:09:58.184+0000] {processor.py:840} INFO - DAG(s) 'example_kubernetes_executor' retrieved from /home/airflow/.local/lib/python3.12/site-packages/airflow/example_dags/example_kubernetes_executor.py
[2024-07-10T01:09:58.229+0000] {logging_mixin.py:188} INFO - [2024-07-10T01:09:58.229+0000] {dag.py:3096} INFO - Sync 1 DAGs
[2024-07-10T01:09:58.243+0000] {logging_mixin.py:188} INFO - [2024-07-10T01:09:58.243+0000] {dag.py:3954} INFO - Setting next_dagrun for example_kubernetes_executor to None, run_after=None
[2024-07-10T01:09:58.267+0000] {processor.py:183} INFO - Processing /home/airflow/.local/lib/python3.12/site-packages/airflow/example_dags/example_kubernetes_executor.py took 0.105 seconds
