[2024-07-10T01:05:14.701+0000] {processor.py:161} INFO - Started process (PID=84) to work on /home/airflow/.local/lib/python3.12/site-packages/airflow/example_dags/example_branch_python_dop_operator_3.py
[2024-07-10T01:05:14.705+0000] {processor.py:830} INFO - Processing file /home/airflow/.local/lib/python3.12/site-packages/airflow/example_dags/example_branch_python_dop_operator_3.py for tasks to queue
[2024-07-10T01:05:14.710+0000] {logging_mixin.py:188} INFO - [2024-07-10T01:05:14.710+0000] {dagbag.py:545} INFO - Filling up the DagBag from /home/airflow/.local/lib/python3.12/site-packages/airflow/example_dags/example_branch_python_dop_operator_3.py
[2024-07-10T01:05:14.740+0000] {processor.py:840} INFO - DAG(s) 'example_branch_dop_operator_v3' retrieved from /home/airflow/.local/lib/python3.12/site-packages/airflow/example_dags/example_branch_python_dop_operator_3.py
[2024-07-10T01:05:15.060+0000] {logging_mixin.py:188} INFO - [2024-07-10T01:05:15.059+0000] {override.py:1829} INFO - Created Permission View: can read on DAG:example_branch_dop_operator_v3
[2024-07-10T01:05:15.075+0000] {logging_mixin.py:188} INFO - [2024-07-10T01:05:15.075+0000] {override.py:1829} INFO - Created Permission View: can edit on DAG:example_branch_dop_operator_v3
[2024-07-10T01:05:15.084+0000] {logging_mixin.py:188} INFO - [2024-07-10T01:05:15.084+0000] {override.py:1829} INFO - Created Permission View: can delete on DAG:example_branch_dop_operator_v3
[2024-07-10T01:05:15.085+0000] {logging_mixin.py:188} INFO - [2024-07-10T01:05:15.085+0000] {dag.py:3096} INFO - Sync 1 DAGs
[2024-07-10T01:05:15.102+0000] {logging_mixin.py:188} INFO - [2024-07-10T01:05:15.101+0000] {dag.py:3118} INFO - Creating ORM DAG for example_branch_dop_operator_v3
[2024-07-10T01:05:15.121+0000] {logging_mixin.py:188} INFO - [2024-07-10T01:05:15.120+0000] {dag.py:3954} INFO - Setting next_dagrun for example_branch_dop_operator_v3 to 2024-07-10 01:04:00+00:00, run_after=2024-07-10 01:05:00+00:00
[2024-07-10T01:05:15.146+0000] {processor.py:183} INFO - Processing /home/airflow/.local/lib/python3.12/site-packages/airflow/example_dags/example_branch_python_dop_operator_3.py took 0.467 seconds
[2024-07-10T01:05:45.919+0000] {processor.py:161} INFO - Started process (PID=142) to work on /home/airflow/.local/lib/python3.12/site-packages/airflow/example_dags/example_branch_python_dop_operator_3.py
[2024-07-10T01:05:45.920+0000] {processor.py:830} INFO - Processing file /home/airflow/.local/lib/python3.12/site-packages/airflow/example_dags/example_branch_python_dop_operator_3.py for tasks to queue
[2024-07-10T01:05:45.922+0000] {logging_mixin.py:188} INFO - [2024-07-10T01:05:45.921+0000] {dagbag.py:545} INFO - Filling up the DagBag from /home/airflow/.local/lib/python3.12/site-packages/airflow/example_dags/example_branch_python_dop_operator_3.py
[2024-07-10T01:05:45.931+0000] {processor.py:840} INFO - DAG(s) 'example_branch_dop_operator_v3' retrieved from /home/airflow/.local/lib/python3.12/site-packages/airflow/example_dags/example_branch_python_dop_operator_3.py
[2024-07-10T01:05:45.953+0000] {logging_mixin.py:188} INFO - [2024-07-10T01:05:45.953+0000] {dag.py:3096} INFO - Sync 1 DAGs
[2024-07-10T01:05:45.985+0000] {logging_mixin.py:188} INFO - [2024-07-10T01:05:45.985+0000] {dag.py:3954} INFO - Setting next_dagrun for example_branch_dop_operator_v3 to 2024-07-10 01:04:00+00:00, run_after=2024-07-10 01:05:00+00:00
[2024-07-10T01:05:46.028+0000] {processor.py:183} INFO - Processing /home/airflow/.local/lib/python3.12/site-packages/airflow/example_dags/example_branch_python_dop_operator_3.py took 0.115 seconds
[2024-07-10T01:06:16.666+0000] {processor.py:161} INFO - Started process (PID=200) to work on /home/airflow/.local/lib/python3.12/site-packages/airflow/example_dags/example_branch_python_dop_operator_3.py
[2024-07-10T01:06:16.667+0000] {processor.py:830} INFO - Processing file /home/airflow/.local/lib/python3.12/site-packages/airflow/example_dags/example_branch_python_dop_operator_3.py for tasks to queue
[2024-07-10T01:06:16.669+0000] {logging_mixin.py:188} INFO - [2024-07-10T01:06:16.669+0000] {dagbag.py:545} INFO - Filling up the DagBag from /home/airflow/.local/lib/python3.12/site-packages/airflow/example_dags/example_branch_python_dop_operator_3.py
[2024-07-10T01:06:16.680+0000] {processor.py:840} INFO - DAG(s) 'example_branch_dop_operator_v3' retrieved from /home/airflow/.local/lib/python3.12/site-packages/airflow/example_dags/example_branch_python_dop_operator_3.py
[2024-07-10T01:06:16.702+0000] {logging_mixin.py:188} INFO - [2024-07-10T01:06:16.701+0000] {dag.py:3096} INFO - Sync 1 DAGs
[2024-07-10T01:06:16.733+0000] {logging_mixin.py:188} INFO - [2024-07-10T01:06:16.732+0000] {dag.py:3954} INFO - Setting next_dagrun for example_branch_dop_operator_v3 to 2024-07-10 01:05:00+00:00, run_after=2024-07-10 01:06:00+00:00
[2024-07-10T01:06:16.764+0000] {processor.py:183} INFO - Processing /home/airflow/.local/lib/python3.12/site-packages/airflow/example_dags/example_branch_python_dop_operator_3.py took 0.106 seconds
[2024-07-10T01:06:47.020+0000] {processor.py:161} INFO - Started process (PID=258) to work on /home/airflow/.local/lib/python3.12/site-packages/airflow/example_dags/example_branch_python_dop_operator_3.py
[2024-07-10T01:06:47.021+0000] {processor.py:830} INFO - Processing file /home/airflow/.local/lib/python3.12/site-packages/airflow/example_dags/example_branch_python_dop_operator_3.py for tasks to queue
[2024-07-10T01:06:47.023+0000] {logging_mixin.py:188} INFO - [2024-07-10T01:06:47.023+0000] {dagbag.py:545} INFO - Filling up the DagBag from /home/airflow/.local/lib/python3.12/site-packages/airflow/example_dags/example_branch_python_dop_operator_3.py
[2024-07-10T01:06:47.031+0000] {processor.py:840} INFO - DAG(s) 'example_branch_dop_operator_v3' retrieved from /home/airflow/.local/lib/python3.12/site-packages/airflow/example_dags/example_branch_python_dop_operator_3.py
[2024-07-10T01:06:47.051+0000] {logging_mixin.py:188} INFO - [2024-07-10T01:06:47.050+0000] {dag.py:3096} INFO - Sync 1 DAGs
[2024-07-10T01:06:47.078+0000] {logging_mixin.py:188} INFO - [2024-07-10T01:06:47.078+0000] {dag.py:3954} INFO - Setting next_dagrun for example_branch_dop_operator_v3 to 2024-07-10 01:05:00+00:00, run_after=2024-07-10 01:06:00+00:00
[2024-07-10T01:06:47.236+0000] {processor.py:183} INFO - Processing /home/airflow/.local/lib/python3.12/site-packages/airflow/example_dags/example_branch_python_dop_operator_3.py took 0.221 seconds
[2024-07-10T01:07:17.347+0000] {processor.py:161} INFO - Started process (PID=317) to work on /home/airflow/.local/lib/python3.12/site-packages/airflow/example_dags/example_branch_python_dop_operator_3.py
[2024-07-10T01:07:17.348+0000] {processor.py:830} INFO - Processing file /home/airflow/.local/lib/python3.12/site-packages/airflow/example_dags/example_branch_python_dop_operator_3.py for tasks to queue
[2024-07-10T01:07:17.350+0000] {logging_mixin.py:188} INFO - [2024-07-10T01:07:17.349+0000] {dagbag.py:545} INFO - Filling up the DagBag from /home/airflow/.local/lib/python3.12/site-packages/airflow/example_dags/example_branch_python_dop_operator_3.py
[2024-07-10T01:07:17.358+0000] {processor.py:840} INFO - DAG(s) 'example_branch_dop_operator_v3' retrieved from /home/airflow/.local/lib/python3.12/site-packages/airflow/example_dags/example_branch_python_dop_operator_3.py
[2024-07-10T01:07:17.378+0000] {logging_mixin.py:188} INFO - [2024-07-10T01:07:17.377+0000] {dag.py:3096} INFO - Sync 1 DAGs
[2024-07-10T01:07:17.406+0000] {logging_mixin.py:188} INFO - [2024-07-10T01:07:17.406+0000] {dag.py:3954} INFO - Setting next_dagrun for example_branch_dop_operator_v3 to 2024-07-10 01:06:00+00:00, run_after=2024-07-10 01:07:00+00:00
[2024-07-10T01:07:17.427+0000] {processor.py:183} INFO - Processing /home/airflow/.local/lib/python3.12/site-packages/airflow/example_dags/example_branch_python_dop_operator_3.py took 0.085 seconds
[2024-07-10T01:07:47.487+0000] {processor.py:161} INFO - Started process (PID=375) to work on /home/airflow/.local/lib/python3.12/site-packages/airflow/example_dags/example_branch_python_dop_operator_3.py
[2024-07-10T01:07:47.488+0000] {processor.py:830} INFO - Processing file /home/airflow/.local/lib/python3.12/site-packages/airflow/example_dags/example_branch_python_dop_operator_3.py for tasks to queue
[2024-07-10T01:07:47.490+0000] {logging_mixin.py:188} INFO - [2024-07-10T01:07:47.490+0000] {dagbag.py:545} INFO - Filling up the DagBag from /home/airflow/.local/lib/python3.12/site-packages/airflow/example_dags/example_branch_python_dop_operator_3.py
[2024-07-10T01:07:47.499+0000] {processor.py:840} INFO - DAG(s) 'example_branch_dop_operator_v3' retrieved from /home/airflow/.local/lib/python3.12/site-packages/airflow/example_dags/example_branch_python_dop_operator_3.py
[2024-07-10T01:07:47.519+0000] {logging_mixin.py:188} INFO - [2024-07-10T01:07:47.519+0000] {dag.py:3096} INFO - Sync 1 DAGs
[2024-07-10T01:07:47.547+0000] {logging_mixin.py:188} INFO - [2024-07-10T01:07:47.546+0000] {dag.py:3954} INFO - Setting next_dagrun for example_branch_dop_operator_v3 to 2024-07-10 01:06:00+00:00, run_after=2024-07-10 01:07:00+00:00
[2024-07-10T01:07:47.567+0000] {processor.py:183} INFO - Processing /home/airflow/.local/lib/python3.12/site-packages/airflow/example_dags/example_branch_python_dop_operator_3.py took 0.086 seconds
[2024-07-10T01:08:17.755+0000] {processor.py:161} INFO - Started process (PID=431) to work on /home/airflow/.local/lib/python3.12/site-packages/airflow/example_dags/example_branch_python_dop_operator_3.py
[2024-07-10T01:08:17.756+0000] {processor.py:830} INFO - Processing file /home/airflow/.local/lib/python3.12/site-packages/airflow/example_dags/example_branch_python_dop_operator_3.py for tasks to queue
[2024-07-10T01:08:17.758+0000] {logging_mixin.py:188} INFO - [2024-07-10T01:08:17.758+0000] {dagbag.py:545} INFO - Filling up the DagBag from /home/airflow/.local/lib/python3.12/site-packages/airflow/example_dags/example_branch_python_dop_operator_3.py
[2024-07-10T01:08:17.767+0000] {processor.py:840} INFO - DAG(s) 'example_branch_dop_operator_v3' retrieved from /home/airflow/.local/lib/python3.12/site-packages/airflow/example_dags/example_branch_python_dop_operator_3.py
[2024-07-10T01:08:17.788+0000] {logging_mixin.py:188} INFO - [2024-07-10T01:08:17.787+0000] {dag.py:3096} INFO - Sync 1 DAGs
[2024-07-10T01:08:17.816+0000] {logging_mixin.py:188} INFO - [2024-07-10T01:08:17.816+0000] {dag.py:3954} INFO - Setting next_dagrun for example_branch_dop_operator_v3 to 2024-07-10 01:07:00+00:00, run_after=2024-07-10 01:08:00+00:00
[2024-07-10T01:08:17.839+0000] {processor.py:183} INFO - Processing /home/airflow/.local/lib/python3.12/site-packages/airflow/example_dags/example_branch_python_dop_operator_3.py took 0.090 seconds
[2024-07-10T01:08:48.017+0000] {processor.py:161} INFO - Started process (PID=489) to work on /home/airflow/.local/lib/python3.12/site-packages/airflow/example_dags/example_branch_python_dop_operator_3.py
[2024-07-10T01:08:48.018+0000] {processor.py:830} INFO - Processing file /home/airflow/.local/lib/python3.12/site-packages/airflow/example_dags/example_branch_python_dop_operator_3.py for tasks to queue
[2024-07-10T01:08:48.020+0000] {logging_mixin.py:188} INFO - [2024-07-10T01:08:48.020+0000] {dagbag.py:545} INFO - Filling up the DagBag from /home/airflow/.local/lib/python3.12/site-packages/airflow/example_dags/example_branch_python_dop_operator_3.py
[2024-07-10T01:08:48.032+0000] {processor.py:840} INFO - DAG(s) 'example_branch_dop_operator_v3' retrieved from /home/airflow/.local/lib/python3.12/site-packages/airflow/example_dags/example_branch_python_dop_operator_3.py
[2024-07-10T01:08:48.069+0000] {logging_mixin.py:188} INFO - [2024-07-10T01:08:48.068+0000] {dag.py:3096} INFO - Sync 1 DAGs
[2024-07-10T01:08:48.109+0000] {logging_mixin.py:188} INFO - [2024-07-10T01:08:48.108+0000] {dag.py:3954} INFO - Setting next_dagrun for example_branch_dop_operator_v3 to 2024-07-10 01:07:00+00:00, run_after=2024-07-10 01:08:00+00:00
[2024-07-10T01:08:48.143+0000] {processor.py:183} INFO - Processing /home/airflow/.local/lib/python3.12/site-packages/airflow/example_dags/example_branch_python_dop_operator_3.py took 0.132 seconds
[2024-07-10T01:09:18.205+0000] {processor.py:161} INFO - Started process (PID=547) to work on /home/airflow/.local/lib/python3.12/site-packages/airflow/example_dags/example_branch_python_dop_operator_3.py
[2024-07-10T01:09:18.206+0000] {processor.py:830} INFO - Processing file /home/airflow/.local/lib/python3.12/site-packages/airflow/example_dags/example_branch_python_dop_operator_3.py for tasks to queue
[2024-07-10T01:09:18.208+0000] {logging_mixin.py:188} INFO - [2024-07-10T01:09:18.208+0000] {dagbag.py:545} INFO - Filling up the DagBag from /home/airflow/.local/lib/python3.12/site-packages/airflow/example_dags/example_branch_python_dop_operator_3.py
[2024-07-10T01:09:18.218+0000] {processor.py:840} INFO - DAG(s) 'example_branch_dop_operator_v3' retrieved from /home/airflow/.local/lib/python3.12/site-packages/airflow/example_dags/example_branch_python_dop_operator_3.py
[2024-07-10T01:09:18.239+0000] {logging_mixin.py:188} INFO - [2024-07-10T01:09:18.239+0000] {dag.py:3096} INFO - Sync 1 DAGs
[2024-07-10T01:09:18.270+0000] {logging_mixin.py:188} INFO - [2024-07-10T01:09:18.270+0000] {dag.py:3954} INFO - Setting next_dagrun for example_branch_dop_operator_v3 to 2024-07-10 01:08:00+00:00, run_after=2024-07-10 01:09:00+00:00
[2024-07-10T01:09:18.296+0000] {processor.py:183} INFO - Processing /home/airflow/.local/lib/python3.12/site-packages/airflow/example_dags/example_branch_python_dop_operator_3.py took 0.096 seconds
[2024-07-10T01:09:48.609+0000] {processor.py:161} INFO - Started process (PID=605) to work on /home/airflow/.local/lib/python3.12/site-packages/airflow/example_dags/example_branch_python_dop_operator_3.py
[2024-07-10T01:09:48.610+0000] {processor.py:830} INFO - Processing file /home/airflow/.local/lib/python3.12/site-packages/airflow/example_dags/example_branch_python_dop_operator_3.py for tasks to queue
[2024-07-10T01:09:48.612+0000] {logging_mixin.py:188} INFO - [2024-07-10T01:09:48.612+0000] {dagbag.py:545} INFO - Filling up the DagBag from /home/airflow/.local/lib/python3.12/site-packages/airflow/example_dags/example_branch_python_dop_operator_3.py
[2024-07-10T01:09:48.621+0000] {processor.py:840} INFO - DAG(s) 'example_branch_dop_operator_v3' retrieved from /home/airflow/.local/lib/python3.12/site-packages/airflow/example_dags/example_branch_python_dop_operator_3.py
[2024-07-10T01:09:48.642+0000] {logging_mixin.py:188} INFO - [2024-07-10T01:09:48.642+0000] {dag.py:3096} INFO - Sync 1 DAGs
[2024-07-10T01:09:48.673+0000] {logging_mixin.py:188} INFO - [2024-07-10T01:09:48.672+0000] {dag.py:3954} INFO - Setting next_dagrun for example_branch_dop_operator_v3 to 2024-07-10 01:08:00+00:00, run_after=2024-07-10 01:09:00+00:00
[2024-07-10T01:09:48.695+0000] {processor.py:183} INFO - Processing /home/airflow/.local/lib/python3.12/site-packages/airflow/example_dags/example_branch_python_dop_operator_3.py took 0.091 seconds
