[2024-07-10T01:05:16.573+0000] {processor.py:161} INFO - Started process (PID=96) to work on /home/airflow/.local/lib/python3.12/site-packages/airflow/example_dags/example_short_circuit_operator.py
[2024-07-10T01:05:16.575+0000] {processor.py:830} INFO - Processing file /home/airflow/.local/lib/python3.12/site-packages/airflow/example_dags/example_short_circuit_operator.py for tasks to queue
[2024-07-10T01:05:16.577+0000] {logging_mixin.py:188} INFO - [2024-07-10T01:05:16.577+0000] {dagbag.py:545} INFO - Filling up the DagBag from /home/airflow/.local/lib/python3.12/site-packages/airflow/example_dags/example_short_circuit_operator.py
[2024-07-10T01:05:16.591+0000] {processor.py:840} INFO - DAG(s) 'example_short_circuit_operator' retrieved from /home/airflow/.local/lib/python3.12/site-packages/airflow/example_dags/example_short_circuit_operator.py
[2024-07-10T01:05:16.722+0000] {logging_mixin.py:188} INFO - [2024-07-10T01:05:16.721+0000] {override.py:1829} INFO - Created Permission View: can read on DAG:example_short_circuit_operator
[2024-07-10T01:05:16.734+0000] {logging_mixin.py:188} INFO - [2024-07-10T01:05:16.734+0000] {override.py:1829} INFO - Created Permission View: can edit on DAG:example_short_circuit_operator
[2024-07-10T01:05:16.742+0000] {logging_mixin.py:188} INFO - [2024-07-10T01:05:16.742+0000] {override.py:1829} INFO - Created Permission View: can delete on DAG:example_short_circuit_operator
[2024-07-10T01:05:16.743+0000] {logging_mixin.py:188} INFO - [2024-07-10T01:05:16.743+0000] {dag.py:3096} INFO - Sync 1 DAGs
[2024-07-10T01:05:16.757+0000] {logging_mixin.py:188} INFO - [2024-07-10T01:05:16.756+0000] {dag.py:3118} INFO - Creating ORM DAG for example_short_circuit_operator
[2024-07-10T01:05:16.770+0000] {logging_mixin.py:188} INFO - [2024-07-10T01:05:16.770+0000] {dag.py:3954} INFO - Setting next_dagrun for example_short_circuit_operator to 2024-07-09 00:00:00+00:00, run_after=2024-07-10 00:00:00+00:00
[2024-07-10T01:05:16.789+0000] {processor.py:183} INFO - Processing /home/airflow/.local/lib/python3.12/site-packages/airflow/example_dags/example_short_circuit_operator.py took 0.222 seconds
[2024-07-10T01:05:46.833+0000] {processor.py:161} INFO - Started process (PID=154) to work on /home/airflow/.local/lib/python3.12/site-packages/airflow/example_dags/example_short_circuit_operator.py
[2024-07-10T01:05:46.834+0000] {processor.py:830} INFO - Processing file /home/airflow/.local/lib/python3.12/site-packages/airflow/example_dags/example_short_circuit_operator.py for tasks to queue
[2024-07-10T01:05:46.836+0000] {logging_mixin.py:188} INFO - [2024-07-10T01:05:46.835+0000] {dagbag.py:545} INFO - Filling up the DagBag from /home/airflow/.local/lib/python3.12/site-packages/airflow/example_dags/example_short_circuit_operator.py
[2024-07-10T01:05:46.843+0000] {processor.py:840} INFO - DAG(s) 'example_short_circuit_operator' retrieved from /home/airflow/.local/lib/python3.12/site-packages/airflow/example_dags/example_short_circuit_operator.py
[2024-07-10T01:05:46.866+0000] {logging_mixin.py:188} INFO - [2024-07-10T01:05:46.866+0000] {dag.py:3096} INFO - Sync 1 DAGs
[2024-07-10T01:05:46.890+0000] {logging_mixin.py:188} INFO - [2024-07-10T01:05:46.889+0000] {dag.py:3954} INFO - Setting next_dagrun for example_short_circuit_operator to 2024-07-09 00:00:00+00:00, run_after=2024-07-10 00:00:00+00:00
[2024-07-10T01:05:46.939+0000] {processor.py:183} INFO - Processing /home/airflow/.local/lib/python3.12/site-packages/airflow/example_dags/example_short_circuit_operator.py took 0.111 seconds
[2024-07-10T01:06:17.406+0000] {processor.py:161} INFO - Started process (PID=212) to work on /home/airflow/.local/lib/python3.12/site-packages/airflow/example_dags/example_short_circuit_operator.py
[2024-07-10T01:06:17.406+0000] {processor.py:830} INFO - Processing file /home/airflow/.local/lib/python3.12/site-packages/airflow/example_dags/example_short_circuit_operator.py for tasks to queue
[2024-07-10T01:06:17.408+0000] {logging_mixin.py:188} INFO - [2024-07-10T01:06:17.408+0000] {dagbag.py:545} INFO - Filling up the DagBag from /home/airflow/.local/lib/python3.12/site-packages/airflow/example_dags/example_short_circuit_operator.py
[2024-07-10T01:06:17.416+0000] {processor.py:840} INFO - DAG(s) 'example_short_circuit_operator' retrieved from /home/airflow/.local/lib/python3.12/site-packages/airflow/example_dags/example_short_circuit_operator.py
[2024-07-10T01:06:17.445+0000] {logging_mixin.py:188} INFO - [2024-07-10T01:06:17.445+0000] {dag.py:3096} INFO - Sync 1 DAGs
[2024-07-10T01:06:17.470+0000] {logging_mixin.py:188} INFO - [2024-07-10T01:06:17.470+0000] {dag.py:3954} INFO - Setting next_dagrun for example_short_circuit_operator to 2024-07-09 00:00:00+00:00, run_after=2024-07-10 00:00:00+00:00
[2024-07-10T01:06:17.500+0000] {processor.py:183} INFO - Processing /home/airflow/.local/lib/python3.12/site-packages/airflow/example_dags/example_short_circuit_operator.py took 0.100 seconds
[2024-07-10T01:06:48.761+0000] {processor.py:161} INFO - Started process (PID=270) to work on /home/airflow/.local/lib/python3.12/site-packages/airflow/example_dags/example_short_circuit_operator.py
[2024-07-10T01:06:48.762+0000] {processor.py:830} INFO - Processing file /home/airflow/.local/lib/python3.12/site-packages/airflow/example_dags/example_short_circuit_operator.py for tasks to queue
[2024-07-10T01:06:48.764+0000] {logging_mixin.py:188} INFO - [2024-07-10T01:06:48.763+0000] {dagbag.py:545} INFO - Filling up the DagBag from /home/airflow/.local/lib/python3.12/site-packages/airflow/example_dags/example_short_circuit_operator.py
[2024-07-10T01:06:48.771+0000] {processor.py:840} INFO - DAG(s) 'example_short_circuit_operator' retrieved from /home/airflow/.local/lib/python3.12/site-packages/airflow/example_dags/example_short_circuit_operator.py
[2024-07-10T01:06:48.795+0000] {logging_mixin.py:188} INFO - [2024-07-10T01:06:48.795+0000] {dag.py:3096} INFO - Sync 1 DAGs
[2024-07-10T01:06:48.821+0000] {logging_mixin.py:188} INFO - [2024-07-10T01:06:48.821+0000] {dag.py:3954} INFO - Setting next_dagrun for example_short_circuit_operator to 2024-07-09 00:00:00+00:00, run_after=2024-07-10 00:00:00+00:00
[2024-07-10T01:06:48.843+0000] {processor.py:183} INFO - Processing /home/airflow/.local/lib/python3.12/site-packages/airflow/example_dags/example_short_circuit_operator.py took 0.088 seconds
[2024-07-10T01:07:19.010+0000] {processor.py:161} INFO - Started process (PID=328) to work on /home/airflow/.local/lib/python3.12/site-packages/airflow/example_dags/example_short_circuit_operator.py
[2024-07-10T01:07:19.011+0000] {processor.py:830} INFO - Processing file /home/airflow/.local/lib/python3.12/site-packages/airflow/example_dags/example_short_circuit_operator.py for tasks to queue
[2024-07-10T01:07:19.013+0000] {logging_mixin.py:188} INFO - [2024-07-10T01:07:19.013+0000] {dagbag.py:545} INFO - Filling up the DagBag from /home/airflow/.local/lib/python3.12/site-packages/airflow/example_dags/example_short_circuit_operator.py
[2024-07-10T01:07:19.022+0000] {processor.py:840} INFO - DAG(s) 'example_short_circuit_operator' retrieved from /home/airflow/.local/lib/python3.12/site-packages/airflow/example_dags/example_short_circuit_operator.py
[2024-07-10T01:07:19.051+0000] {logging_mixin.py:188} INFO - [2024-07-10T01:07:19.050+0000] {dag.py:3096} INFO - Sync 1 DAGs
[2024-07-10T01:07:19.083+0000] {logging_mixin.py:188} INFO - [2024-07-10T01:07:19.083+0000] {dag.py:3954} INFO - Setting next_dagrun for example_short_circuit_operator to 2024-07-09 00:00:00+00:00, run_after=2024-07-10 00:00:00+00:00
[2024-07-10T01:07:19.109+0000] {processor.py:183} INFO - Processing /home/airflow/.local/lib/python3.12/site-packages/airflow/example_dags/example_short_circuit_operator.py took 0.105 seconds
[2024-07-10T01:07:49.183+0000] {processor.py:161} INFO - Started process (PID=386) to work on /home/airflow/.local/lib/python3.12/site-packages/airflow/example_dags/example_short_circuit_operator.py
[2024-07-10T01:07:49.184+0000] {processor.py:830} INFO - Processing file /home/airflow/.local/lib/python3.12/site-packages/airflow/example_dags/example_short_circuit_operator.py for tasks to queue
[2024-07-10T01:07:49.186+0000] {logging_mixin.py:188} INFO - [2024-07-10T01:07:49.185+0000] {dagbag.py:545} INFO - Filling up the DagBag from /home/airflow/.local/lib/python3.12/site-packages/airflow/example_dags/example_short_circuit_operator.py
[2024-07-10T01:07:49.194+0000] {processor.py:840} INFO - DAG(s) 'example_short_circuit_operator' retrieved from /home/airflow/.local/lib/python3.12/site-packages/airflow/example_dags/example_short_circuit_operator.py
[2024-07-10T01:07:49.219+0000] {logging_mixin.py:188} INFO - [2024-07-10T01:07:49.219+0000] {dag.py:3096} INFO - Sync 1 DAGs
[2024-07-10T01:07:49.244+0000] {logging_mixin.py:188} INFO - [2024-07-10T01:07:49.243+0000] {dag.py:3954} INFO - Setting next_dagrun for example_short_circuit_operator to 2024-07-09 00:00:00+00:00, run_after=2024-07-10 00:00:00+00:00
[2024-07-10T01:07:49.268+0000] {processor.py:183} INFO - Processing /home/airflow/.local/lib/python3.12/site-packages/airflow/example_dags/example_short_circuit_operator.py took 0.091 seconds
[2024-07-10T01:08:19.874+0000] {processor.py:161} INFO - Started process (PID=446) to work on /home/airflow/.local/lib/python3.12/site-packages/airflow/example_dags/example_short_circuit_operator.py
[2024-07-10T01:08:19.875+0000] {processor.py:830} INFO - Processing file /home/airflow/.local/lib/python3.12/site-packages/airflow/example_dags/example_short_circuit_operator.py for tasks to queue
[2024-07-10T01:08:19.876+0000] {logging_mixin.py:188} INFO - [2024-07-10T01:08:19.876+0000] {dagbag.py:545} INFO - Filling up the DagBag from /home/airflow/.local/lib/python3.12/site-packages/airflow/example_dags/example_short_circuit_operator.py
[2024-07-10T01:08:19.884+0000] {processor.py:840} INFO - DAG(s) 'example_short_circuit_operator' retrieved from /home/airflow/.local/lib/python3.12/site-packages/airflow/example_dags/example_short_circuit_operator.py
[2024-07-10T01:08:19.907+0000] {logging_mixin.py:188} INFO - [2024-07-10T01:08:19.907+0000] {dag.py:3096} INFO - Sync 1 DAGs
[2024-07-10T01:08:19.932+0000] {logging_mixin.py:188} INFO - [2024-07-10T01:08:19.932+0000] {dag.py:3954} INFO - Setting next_dagrun for example_short_circuit_operator to 2024-07-09 00:00:00+00:00, run_after=2024-07-10 00:00:00+00:00
[2024-07-10T01:08:19.954+0000] {processor.py:183} INFO - Processing /home/airflow/.local/lib/python3.12/site-packages/airflow/example_dags/example_short_circuit_operator.py took 0.088 seconds
[2024-07-10T01:08:51.591+0000] {processor.py:161} INFO - Started process (PID=514) to work on /home/airflow/.local/lib/python3.12/site-packages/airflow/example_dags/example_short_circuit_operator.py
[2024-07-10T01:08:51.592+0000] {processor.py:830} INFO - Processing file /home/airflow/.local/lib/python3.12/site-packages/airflow/example_dags/example_short_circuit_operator.py for tasks to queue
[2024-07-10T01:08:51.594+0000] {logging_mixin.py:188} INFO - [2024-07-10T01:08:51.594+0000] {dagbag.py:545} INFO - Filling up the DagBag from /home/airflow/.local/lib/python3.12/site-packages/airflow/example_dags/example_short_circuit_operator.py
[2024-07-10T01:08:51.601+0000] {processor.py:840} INFO - DAG(s) 'example_short_circuit_operator' retrieved from /home/airflow/.local/lib/python3.12/site-packages/airflow/example_dags/example_short_circuit_operator.py
[2024-07-10T01:08:51.628+0000] {logging_mixin.py:188} INFO - [2024-07-10T01:08:51.627+0000] {dag.py:3096} INFO - Sync 1 DAGs
[2024-07-10T01:08:51.657+0000] {logging_mixin.py:188} INFO - [2024-07-10T01:08:51.657+0000] {dag.py:3954} INFO - Setting next_dagrun for example_short_circuit_operator to 2024-07-09 00:00:00+00:00, run_after=2024-07-10 00:00:00+00:00
[2024-07-10T01:08:51.682+0000] {processor.py:183} INFO - Processing /home/airflow/.local/lib/python3.12/site-packages/airflow/example_dags/example_short_circuit_operator.py took 0.097 seconds
[2024-07-10T01:09:22.276+0000] {processor.py:161} INFO - Started process (PID=573) to work on /home/airflow/.local/lib/python3.12/site-packages/airflow/example_dags/example_short_circuit_operator.py
[2024-07-10T01:09:22.277+0000] {processor.py:830} INFO - Processing file /home/airflow/.local/lib/python3.12/site-packages/airflow/example_dags/example_short_circuit_operator.py for tasks to queue
[2024-07-10T01:09:22.280+0000] {logging_mixin.py:188} INFO - [2024-07-10T01:09:22.280+0000] {dagbag.py:545} INFO - Filling up the DagBag from /home/airflow/.local/lib/python3.12/site-packages/airflow/example_dags/example_short_circuit_operator.py
[2024-07-10T01:09:22.291+0000] {processor.py:840} INFO - DAG(s) 'example_short_circuit_operator' retrieved from /home/airflow/.local/lib/python3.12/site-packages/airflow/example_dags/example_short_circuit_operator.py
[2024-07-10T01:09:22.341+0000] {logging_mixin.py:188} INFO - [2024-07-10T01:09:22.340+0000] {dag.py:3096} INFO - Sync 1 DAGs
[2024-07-10T01:09:22.382+0000] {logging_mixin.py:188} INFO - [2024-07-10T01:09:22.382+0000] {dag.py:3954} INFO - Setting next_dagrun for example_short_circuit_operator to 2024-07-09 00:00:00+00:00, run_after=2024-07-10 00:00:00+00:00
[2024-07-10T01:09:22.423+0000] {processor.py:183} INFO - Processing /home/airflow/.local/lib/python3.12/site-packages/airflow/example_dags/example_short_circuit_operator.py took 0.155 seconds
[2024-07-10T01:09:52.535+0000] {processor.py:161} INFO - Started process (PID=631) to work on /home/airflow/.local/lib/python3.12/site-packages/airflow/example_dags/example_short_circuit_operator.py
[2024-07-10T01:09:52.537+0000] {processor.py:830} INFO - Processing file /home/airflow/.local/lib/python3.12/site-packages/airflow/example_dags/example_short_circuit_operator.py for tasks to queue
[2024-07-10T01:09:52.538+0000] {logging_mixin.py:188} INFO - [2024-07-10T01:09:52.538+0000] {dagbag.py:545} INFO - Filling up the DagBag from /home/airflow/.local/lib/python3.12/site-packages/airflow/example_dags/example_short_circuit_operator.py
[2024-07-10T01:09:52.546+0000] {processor.py:840} INFO - DAG(s) 'example_short_circuit_operator' retrieved from /home/airflow/.local/lib/python3.12/site-packages/airflow/example_dags/example_short_circuit_operator.py
[2024-07-10T01:09:52.579+0000] {logging_mixin.py:188} INFO - [2024-07-10T01:09:52.579+0000] {dag.py:3096} INFO - Sync 1 DAGs
[2024-07-10T01:09:52.611+0000] {logging_mixin.py:188} INFO - [2024-07-10T01:09:52.611+0000] {dag.py:3954} INFO - Setting next_dagrun for example_short_circuit_operator to 2024-07-09 00:00:00+00:00, run_after=2024-07-10 00:00:00+00:00
[2024-07-10T01:09:52.634+0000] {processor.py:183} INFO - Processing /home/airflow/.local/lib/python3.12/site-packages/airflow/example_dags/example_short_circuit_operator.py took 0.104 seconds
