[2024-07-10T01:05:15.317+0000] {processor.py:161} INFO - Started process (PID=87) to work on /home/airflow/.local/lib/python3.12/site-packages/airflow/example_dags/example_python_decorator.py
[2024-07-10T01:05:15.318+0000] {processor.py:830} INFO - Processing file /home/airflow/.local/lib/python3.12/site-packages/airflow/example_dags/example_python_decorator.py for tasks to queue
[2024-07-10T01:05:15.321+0000] {logging_mixin.py:188} INFO - [2024-07-10T01:05:15.320+0000] {dagbag.py:545} INFO - Filling up the DagBag from /home/airflow/.local/lib/python3.12/site-packages/airflow/example_dags/example_python_decorator.py
[2024-07-10T01:05:15.338+0000] {processor.py:840} INFO - DAG(s) 'example_python_decorator' retrieved from /home/airflow/.local/lib/python3.12/site-packages/airflow/example_dags/example_python_decorator.py
[2024-07-10T01:05:15.491+0000] {logging_mixin.py:188} INFO - [2024-07-10T01:05:15.490+0000] {override.py:1829} INFO - Created Permission View: can read on DAG:example_python_decorator
[2024-07-10T01:05:15.508+0000] {logging_mixin.py:188} INFO - [2024-07-10T01:05:15.507+0000] {override.py:1829} INFO - Created Permission View: can edit on DAG:example_python_decorator
[2024-07-10T01:05:15.517+0000] {logging_mixin.py:188} INFO - [2024-07-10T01:05:15.517+0000] {override.py:1829} INFO - Created Permission View: can delete on DAG:example_python_decorator
[2024-07-10T01:05:15.518+0000] {logging_mixin.py:188} INFO - [2024-07-10T01:05:15.518+0000] {dag.py:3096} INFO - Sync 1 DAGs
[2024-07-10T01:05:15.532+0000] {logging_mixin.py:188} INFO - [2024-07-10T01:05:15.532+0000] {dag.py:3118} INFO - Creating ORM DAG for example_python_decorator
[2024-07-10T01:05:15.534+0000] {logging_mixin.py:188} INFO - [2024-07-10T01:05:15.533+0000] {dag.py:3954} INFO - Setting next_dagrun for example_python_decorator to None, run_after=None
[2024-07-10T01:05:15.556+0000] {processor.py:183} INFO - Processing /home/airflow/.local/lib/python3.12/site-packages/airflow/example_dags/example_python_decorator.py took 0.246 seconds
[2024-07-10T01:05:46.063+0000] {processor.py:161} INFO - Started process (PID=145) to work on /home/airflow/.local/lib/python3.12/site-packages/airflow/example_dags/example_python_decorator.py
[2024-07-10T01:05:46.064+0000] {processor.py:830} INFO - Processing file /home/airflow/.local/lib/python3.12/site-packages/airflow/example_dags/example_python_decorator.py for tasks to queue
[2024-07-10T01:05:46.066+0000] {logging_mixin.py:188} INFO - [2024-07-10T01:05:46.065+0000] {dagbag.py:545} INFO - Filling up the DagBag from /home/airflow/.local/lib/python3.12/site-packages/airflow/example_dags/example_python_decorator.py
[2024-07-10T01:05:46.086+0000] {processor.py:840} INFO - DAG(s) 'example_python_decorator' retrieved from /home/airflow/.local/lib/python3.12/site-packages/airflow/example_dags/example_python_decorator.py
[2024-07-10T01:05:46.120+0000] {logging_mixin.py:188} INFO - [2024-07-10T01:05:46.119+0000] {dag.py:3096} INFO - Sync 1 DAGs
[2024-07-10T01:05:46.134+0000] {logging_mixin.py:188} INFO - [2024-07-10T01:05:46.134+0000] {dag.py:3954} INFO - Setting next_dagrun for example_python_decorator to None, run_after=None
[2024-07-10T01:05:46.220+0000] {processor.py:183} INFO - Processing /home/airflow/.local/lib/python3.12/site-packages/airflow/example_dags/example_python_decorator.py took 0.162 seconds
[2024-07-10T01:06:16.800+0000] {processor.py:161} INFO - Started process (PID=203) to work on /home/airflow/.local/lib/python3.12/site-packages/airflow/example_dags/example_python_decorator.py
[2024-07-10T01:06:16.802+0000] {processor.py:830} INFO - Processing file /home/airflow/.local/lib/python3.12/site-packages/airflow/example_dags/example_python_decorator.py for tasks to queue
[2024-07-10T01:06:16.803+0000] {logging_mixin.py:188} INFO - [2024-07-10T01:06:16.803+0000] {dagbag.py:545} INFO - Filling up the DagBag from /home/airflow/.local/lib/python3.12/site-packages/airflow/example_dags/example_python_decorator.py
[2024-07-10T01:06:16.816+0000] {processor.py:840} INFO - DAG(s) 'example_python_decorator' retrieved from /home/airflow/.local/lib/python3.12/site-packages/airflow/example_dags/example_python_decorator.py
[2024-07-10T01:06:16.841+0000] {logging_mixin.py:188} INFO - [2024-07-10T01:06:16.841+0000] {dag.py:3096} INFO - Sync 1 DAGs
[2024-07-10T01:06:16.858+0000] {logging_mixin.py:188} INFO - [2024-07-10T01:06:16.858+0000] {dag.py:3954} INFO - Setting next_dagrun for example_python_decorator to None, run_after=None
[2024-07-10T01:06:16.889+0000] {processor.py:183} INFO - Processing /home/airflow/.local/lib/python3.12/site-packages/airflow/example_dags/example_python_decorator.py took 0.094 seconds
[2024-07-10T01:06:47.267+0000] {processor.py:161} INFO - Started process (PID=261) to work on /home/airflow/.local/lib/python3.12/site-packages/airflow/example_dags/example_python_decorator.py
[2024-07-10T01:06:47.268+0000] {processor.py:830} INFO - Processing file /home/airflow/.local/lib/python3.12/site-packages/airflow/example_dags/example_python_decorator.py for tasks to queue
[2024-07-10T01:06:47.269+0000] {logging_mixin.py:188} INFO - [2024-07-10T01:06:47.269+0000] {dagbag.py:545} INFO - Filling up the DagBag from /home/airflow/.local/lib/python3.12/site-packages/airflow/example_dags/example_python_decorator.py
[2024-07-10T01:06:47.282+0000] {processor.py:840} INFO - DAG(s) 'example_python_decorator' retrieved from /home/airflow/.local/lib/python3.12/site-packages/airflow/example_dags/example_python_decorator.py
[2024-07-10T01:06:47.304+0000] {logging_mixin.py:188} INFO - [2024-07-10T01:06:47.304+0000] {dag.py:3096} INFO - Sync 1 DAGs
[2024-07-10T01:06:47.317+0000] {logging_mixin.py:188} INFO - [2024-07-10T01:06:47.317+0000] {dag.py:3954} INFO - Setting next_dagrun for example_python_decorator to None, run_after=None
[2024-07-10T01:06:47.649+0000] {processor.py:183} INFO - Processing /home/airflow/.local/lib/python3.12/site-packages/airflow/example_dags/example_python_decorator.py took 0.387 seconds
[2024-07-10T01:07:18.453+0000] {processor.py:161} INFO - Started process (PID=319) to work on /home/airflow/.local/lib/python3.12/site-packages/airflow/example_dags/example_python_decorator.py
[2024-07-10T01:07:18.454+0000] {processor.py:830} INFO - Processing file /home/airflow/.local/lib/python3.12/site-packages/airflow/example_dags/example_python_decorator.py for tasks to queue
[2024-07-10T01:07:18.456+0000] {logging_mixin.py:188} INFO - [2024-07-10T01:07:18.455+0000] {dagbag.py:545} INFO - Filling up the DagBag from /home/airflow/.local/lib/python3.12/site-packages/airflow/example_dags/example_python_decorator.py
[2024-07-10T01:07:18.470+0000] {processor.py:840} INFO - DAG(s) 'example_python_decorator' retrieved from /home/airflow/.local/lib/python3.12/site-packages/airflow/example_dags/example_python_decorator.py
[2024-07-10T01:07:18.493+0000] {logging_mixin.py:188} INFO - [2024-07-10T01:07:18.492+0000] {dag.py:3096} INFO - Sync 1 DAGs
[2024-07-10T01:07:18.507+0000] {logging_mixin.py:188} INFO - [2024-07-10T01:07:18.507+0000] {dag.py:3954} INFO - Setting next_dagrun for example_python_decorator to None, run_after=None
[2024-07-10T01:07:18.531+0000] {processor.py:183} INFO - Processing /home/airflow/.local/lib/python3.12/site-packages/airflow/example_dags/example_python_decorator.py took 0.083 seconds
[2024-07-10T01:07:48.610+0000] {processor.py:161} INFO - Started process (PID=377) to work on /home/airflow/.local/lib/python3.12/site-packages/airflow/example_dags/example_python_decorator.py
[2024-07-10T01:07:48.611+0000] {processor.py:830} INFO - Processing file /home/airflow/.local/lib/python3.12/site-packages/airflow/example_dags/example_python_decorator.py for tasks to queue
[2024-07-10T01:07:48.612+0000] {logging_mixin.py:188} INFO - [2024-07-10T01:07:48.612+0000] {dagbag.py:545} INFO - Filling up the DagBag from /home/airflow/.local/lib/python3.12/site-packages/airflow/example_dags/example_python_decorator.py
[2024-07-10T01:07:48.625+0000] {processor.py:840} INFO - DAG(s) 'example_python_decorator' retrieved from /home/airflow/.local/lib/python3.12/site-packages/airflow/example_dags/example_python_decorator.py
[2024-07-10T01:07:48.649+0000] {logging_mixin.py:188} INFO - [2024-07-10T01:07:48.649+0000] {dag.py:3096} INFO - Sync 1 DAGs
[2024-07-10T01:07:48.664+0000] {logging_mixin.py:188} INFO - [2024-07-10T01:07:48.664+0000] {dag.py:3954} INFO - Setting next_dagrun for example_python_decorator to None, run_after=None
[2024-07-10T01:07:48.685+0000] {processor.py:183} INFO - Processing /home/airflow/.local/lib/python3.12/site-packages/airflow/example_dags/example_python_decorator.py took 0.081 seconds
[2024-07-10T01:08:18.963+0000] {processor.py:161} INFO - Started process (PID=435) to work on /home/airflow/.local/lib/python3.12/site-packages/airflow/example_dags/example_python_decorator.py
[2024-07-10T01:08:18.964+0000] {processor.py:830} INFO - Processing file /home/airflow/.local/lib/python3.12/site-packages/airflow/example_dags/example_python_decorator.py for tasks to queue
[2024-07-10T01:08:18.966+0000] {logging_mixin.py:188} INFO - [2024-07-10T01:08:18.966+0000] {dagbag.py:545} INFO - Filling up the DagBag from /home/airflow/.local/lib/python3.12/site-packages/airflow/example_dags/example_python_decorator.py
[2024-07-10T01:08:18.983+0000] {processor.py:840} INFO - DAG(s) 'example_python_decorator' retrieved from /home/airflow/.local/lib/python3.12/site-packages/airflow/example_dags/example_python_decorator.py
[2024-07-10T01:08:19.012+0000] {logging_mixin.py:188} INFO - [2024-07-10T01:08:19.012+0000] {dag.py:3096} INFO - Sync 1 DAGs
[2024-07-10T01:08:19.027+0000] {logging_mixin.py:188} INFO - [2024-07-10T01:08:19.027+0000] {dag.py:3954} INFO - Setting next_dagrun for example_python_decorator to None, run_after=None
[2024-07-10T01:08:19.052+0000] {processor.py:183} INFO - Processing /home/airflow/.local/lib/python3.12/site-packages/airflow/example_dags/example_python_decorator.py took 0.094 seconds
[2024-07-10T01:08:49.285+0000] {processor.py:161} INFO - Started process (PID=493) to work on /home/airflow/.local/lib/python3.12/site-packages/airflow/example_dags/example_python_decorator.py
[2024-07-10T01:08:49.286+0000] {processor.py:830} INFO - Processing file /home/airflow/.local/lib/python3.12/site-packages/airflow/example_dags/example_python_decorator.py for tasks to queue
[2024-07-10T01:08:49.288+0000] {logging_mixin.py:188} INFO - [2024-07-10T01:08:49.288+0000] {dagbag.py:545} INFO - Filling up the DagBag from /home/airflow/.local/lib/python3.12/site-packages/airflow/example_dags/example_python_decorator.py
[2024-07-10T01:08:49.300+0000] {processor.py:840} INFO - DAG(s) 'example_python_decorator' retrieved from /home/airflow/.local/lib/python3.12/site-packages/airflow/example_dags/example_python_decorator.py
[2024-07-10T01:08:49.327+0000] {logging_mixin.py:188} INFO - [2024-07-10T01:08:49.327+0000] {dag.py:3096} INFO - Sync 1 DAGs
[2024-07-10T01:08:49.341+0000] {logging_mixin.py:188} INFO - [2024-07-10T01:08:49.340+0000] {dag.py:3954} INFO - Setting next_dagrun for example_python_decorator to None, run_after=None
[2024-07-10T01:08:49.363+0000] {processor.py:183} INFO - Processing /home/airflow/.local/lib/python3.12/site-packages/airflow/example_dags/example_python_decorator.py took 0.083 seconds
[2024-07-10T01:09:19.566+0000] {processor.py:161} INFO - Started process (PID=551) to work on /home/airflow/.local/lib/python3.12/site-packages/airflow/example_dags/example_python_decorator.py
[2024-07-10T01:09:19.567+0000] {processor.py:830} INFO - Processing file /home/airflow/.local/lib/python3.12/site-packages/airflow/example_dags/example_python_decorator.py for tasks to queue
[2024-07-10T01:09:19.569+0000] {logging_mixin.py:188} INFO - [2024-07-10T01:09:19.569+0000] {dagbag.py:545} INFO - Filling up the DagBag from /home/airflow/.local/lib/python3.12/site-packages/airflow/example_dags/example_python_decorator.py
[2024-07-10T01:09:19.590+0000] {processor.py:840} INFO - DAG(s) 'example_python_decorator' retrieved from /home/airflow/.local/lib/python3.12/site-packages/airflow/example_dags/example_python_decorator.py
[2024-07-10T01:09:19.620+0000] {logging_mixin.py:188} INFO - [2024-07-10T01:09:19.619+0000] {dag.py:3096} INFO - Sync 1 DAGs
[2024-07-10T01:09:19.636+0000] {logging_mixin.py:188} INFO - [2024-07-10T01:09:19.636+0000] {dag.py:3954} INFO - Setting next_dagrun for example_python_decorator to None, run_after=None
[2024-07-10T01:09:19.662+0000] {processor.py:183} INFO - Processing /home/airflow/.local/lib/python3.12/site-packages/airflow/example_dags/example_python_decorator.py took 0.102 seconds
[2024-07-10T01:09:49.831+0000] {processor.py:161} INFO - Started process (PID=609) to work on /home/airflow/.local/lib/python3.12/site-packages/airflow/example_dags/example_python_decorator.py
[2024-07-10T01:09:49.832+0000] {processor.py:830} INFO - Processing file /home/airflow/.local/lib/python3.12/site-packages/airflow/example_dags/example_python_decorator.py for tasks to queue
[2024-07-10T01:09:49.834+0000] {logging_mixin.py:188} INFO - [2024-07-10T01:09:49.834+0000] {dagbag.py:545} INFO - Filling up the DagBag from /home/airflow/.local/lib/python3.12/site-packages/airflow/example_dags/example_python_decorator.py
[2024-07-10T01:09:49.847+0000] {processor.py:840} INFO - DAG(s) 'example_python_decorator' retrieved from /home/airflow/.local/lib/python3.12/site-packages/airflow/example_dags/example_python_decorator.py
[2024-07-10T01:09:49.872+0000] {logging_mixin.py:188} INFO - [2024-07-10T01:09:49.872+0000] {dag.py:3096} INFO - Sync 1 DAGs
[2024-07-10T01:09:49.886+0000] {logging_mixin.py:188} INFO - [2024-07-10T01:09:49.886+0000] {dag.py:3954} INFO - Setting next_dagrun for example_python_decorator to None, run_after=None
[2024-07-10T01:09:49.905+0000] {processor.py:183} INFO - Processing /home/airflow/.local/lib/python3.12/site-packages/airflow/example_dags/example_python_decorator.py took 0.079 seconds
