[2024-07-10T01:05:15.185+0000] {processor.py:161} INFO - Started process (PID=86) to work on /home/airflow/.local/lib/python3.12/site-packages/airflow/example_dags/example_sensor_decorator.py
[2024-07-10T01:05:15.186+0000] {processor.py:830} INFO - Processing file /home/airflow/.local/lib/python3.12/site-packages/airflow/example_dags/example_sensor_decorator.py for tasks to queue
[2024-07-10T01:05:15.188+0000] {logging_mixin.py:188} INFO - [2024-07-10T01:05:15.188+0000] {dagbag.py:545} INFO - Filling up the DagBag from /home/airflow/.local/lib/python3.12/site-packages/airflow/example_dags/example_sensor_decorator.py
[2024-07-10T01:05:15.196+0000] {processor.py:840} INFO - DAG(s) 'example_sensor_decorator' retrieved from /home/airflow/.local/lib/python3.12/site-packages/airflow/example_dags/example_sensor_decorator.py
[2024-07-10T01:05:15.328+0000] {logging_mixin.py:188} INFO - [2024-07-10T01:05:15.328+0000] {override.py:1829} INFO - Created Permission View: can read on DAG:example_sensor_decorator
[2024-07-10T01:05:15.343+0000] {logging_mixin.py:188} INFO - [2024-07-10T01:05:15.342+0000] {override.py:1829} INFO - Created Permission View: can edit on DAG:example_sensor_decorator
[2024-07-10T01:05:15.353+0000] {logging_mixin.py:188} INFO - [2024-07-10T01:05:15.353+0000] {override.py:1829} INFO - Created Permission View: can delete on DAG:example_sensor_decorator
[2024-07-10T01:05:15.354+0000] {logging_mixin.py:188} INFO - [2024-07-10T01:05:15.354+0000] {dag.py:3096} INFO - Sync 1 DAGs
[2024-07-10T01:05:15.373+0000] {logging_mixin.py:188} INFO - [2024-07-10T01:05:15.373+0000] {dag.py:3118} INFO - Creating ORM DAG for example_sensor_decorator
[2024-07-10T01:05:15.374+0000] {logging_mixin.py:188} INFO - [2024-07-10T01:05:15.374+0000] {dag.py:3954} INFO - Setting next_dagrun for example_sensor_decorator to None, run_after=None
[2024-07-10T01:05:15.399+0000] {processor.py:183} INFO - Processing /home/airflow/.local/lib/python3.12/site-packages/airflow/example_dags/example_sensor_decorator.py took 0.221 seconds
[2024-07-10T01:05:46.059+0000] {processor.py:161} INFO - Started process (PID=144) to work on /home/airflow/.local/lib/python3.12/site-packages/airflow/example_dags/example_sensor_decorator.py
[2024-07-10T01:05:46.060+0000] {processor.py:830} INFO - Processing file /home/airflow/.local/lib/python3.12/site-packages/airflow/example_dags/example_sensor_decorator.py for tasks to queue
[2024-07-10T01:05:46.062+0000] {logging_mixin.py:188} INFO - [2024-07-10T01:05:46.062+0000] {dagbag.py:545} INFO - Filling up the DagBag from /home/airflow/.local/lib/python3.12/site-packages/airflow/example_dags/example_sensor_decorator.py
[2024-07-10T01:05:46.067+0000] {processor.py:840} INFO - DAG(s) 'example_sensor_decorator' retrieved from /home/airflow/.local/lib/python3.12/site-packages/airflow/example_dags/example_sensor_decorator.py
[2024-07-10T01:05:46.096+0000] {logging_mixin.py:188} INFO - [2024-07-10T01:05:46.095+0000] {dag.py:3096} INFO - Sync 1 DAGs
[2024-07-10T01:05:46.117+0000] {logging_mixin.py:188} INFO - [2024-07-10T01:05:46.117+0000] {dag.py:3954} INFO - Setting next_dagrun for example_sensor_decorator to None, run_after=None
[2024-07-10T01:05:46.174+0000] {processor.py:183} INFO - Processing /home/airflow/.local/lib/python3.12/site-packages/airflow/example_dags/example_sensor_decorator.py took 0.120 seconds
[2024-07-10T01:06:16.781+0000] {processor.py:161} INFO - Started process (PID=202) to work on /home/airflow/.local/lib/python3.12/site-packages/airflow/example_dags/example_sensor_decorator.py
[2024-07-10T01:06:16.783+0000] {processor.py:830} INFO - Processing file /home/airflow/.local/lib/python3.12/site-packages/airflow/example_dags/example_sensor_decorator.py for tasks to queue
[2024-07-10T01:06:16.785+0000] {logging_mixin.py:188} INFO - [2024-07-10T01:06:16.785+0000] {dagbag.py:545} INFO - Filling up the DagBag from /home/airflow/.local/lib/python3.12/site-packages/airflow/example_dags/example_sensor_decorator.py
[2024-07-10T01:06:16.792+0000] {processor.py:840} INFO - DAG(s) 'example_sensor_decorator' retrieved from /home/airflow/.local/lib/python3.12/site-packages/airflow/example_dags/example_sensor_decorator.py
[2024-07-10T01:06:16.814+0000] {logging_mixin.py:188} INFO - [2024-07-10T01:06:16.814+0000] {dag.py:3096} INFO - Sync 1 DAGs
[2024-07-10T01:06:16.829+0000] {logging_mixin.py:188} INFO - [2024-07-10T01:06:16.829+0000] {dag.py:3954} INFO - Setting next_dagrun for example_sensor_decorator to None, run_after=None
[2024-07-10T01:06:16.860+0000] {processor.py:183} INFO - Processing /home/airflow/.local/lib/python3.12/site-packages/airflow/example_dags/example_sensor_decorator.py took 0.085 seconds
[2024-07-10T01:06:47.197+0000] {processor.py:161} INFO - Started process (PID=260) to work on /home/airflow/.local/lib/python3.12/site-packages/airflow/example_dags/example_sensor_decorator.py
[2024-07-10T01:06:47.198+0000] {processor.py:830} INFO - Processing file /home/airflow/.local/lib/python3.12/site-packages/airflow/example_dags/example_sensor_decorator.py for tasks to queue
[2024-07-10T01:06:47.201+0000] {logging_mixin.py:188} INFO - [2024-07-10T01:06:47.201+0000] {dagbag.py:545} INFO - Filling up the DagBag from /home/airflow/.local/lib/python3.12/site-packages/airflow/example_dags/example_sensor_decorator.py
[2024-07-10T01:06:47.207+0000] {processor.py:840} INFO - DAG(s) 'example_sensor_decorator' retrieved from /home/airflow/.local/lib/python3.12/site-packages/airflow/example_dags/example_sensor_decorator.py
[2024-07-10T01:06:47.230+0000] {logging_mixin.py:188} INFO - [2024-07-10T01:06:47.229+0000] {dag.py:3096} INFO - Sync 1 DAGs
[2024-07-10T01:06:47.244+0000] {logging_mixin.py:188} INFO - [2024-07-10T01:06:47.244+0000] {dag.py:3954} INFO - Setting next_dagrun for example_sensor_decorator to None, run_after=None
[2024-07-10T01:06:47.442+0000] {processor.py:183} INFO - Processing /home/airflow/.local/lib/python3.12/site-packages/airflow/example_dags/example_sensor_decorator.py took 0.254 seconds
[2024-07-10T01:07:18.452+0000] {processor.py:161} INFO - Started process (PID=318) to work on /home/airflow/.local/lib/python3.12/site-packages/airflow/example_dags/example_sensor_decorator.py
[2024-07-10T01:07:18.453+0000] {processor.py:830} INFO - Processing file /home/airflow/.local/lib/python3.12/site-packages/airflow/example_dags/example_sensor_decorator.py for tasks to queue
[2024-07-10T01:07:18.455+0000] {logging_mixin.py:188} INFO - [2024-07-10T01:07:18.454+0000] {dagbag.py:545} INFO - Filling up the DagBag from /home/airflow/.local/lib/python3.12/site-packages/airflow/example_dags/example_sensor_decorator.py
[2024-07-10T01:07:18.460+0000] {processor.py:840} INFO - DAG(s) 'example_sensor_decorator' retrieved from /home/airflow/.local/lib/python3.12/site-packages/airflow/example_dags/example_sensor_decorator.py
[2024-07-10T01:07:18.480+0000] {logging_mixin.py:188} INFO - [2024-07-10T01:07:18.479+0000] {dag.py:3096} INFO - Sync 1 DAGs
[2024-07-10T01:07:18.493+0000] {logging_mixin.py:188} INFO - [2024-07-10T01:07:18.492+0000] {dag.py:3954} INFO - Setting next_dagrun for example_sensor_decorator to None, run_after=None
[2024-07-10T01:07:18.513+0000] {processor.py:183} INFO - Processing /home/airflow/.local/lib/python3.12/site-packages/airflow/example_dags/example_sensor_decorator.py took 0.066 seconds
[2024-07-10T01:07:48.608+0000] {processor.py:161} INFO - Started process (PID=376) to work on /home/airflow/.local/lib/python3.12/site-packages/airflow/example_dags/example_sensor_decorator.py
[2024-07-10T01:07:48.609+0000] {processor.py:830} INFO - Processing file /home/airflow/.local/lib/python3.12/site-packages/airflow/example_dags/example_sensor_decorator.py for tasks to queue
[2024-07-10T01:07:48.611+0000] {logging_mixin.py:188} INFO - [2024-07-10T01:07:48.611+0000] {dagbag.py:545} INFO - Filling up the DagBag from /home/airflow/.local/lib/python3.12/site-packages/airflow/example_dags/example_sensor_decorator.py
[2024-07-10T01:07:48.616+0000] {processor.py:840} INFO - DAG(s) 'example_sensor_decorator' retrieved from /home/airflow/.local/lib/python3.12/site-packages/airflow/example_dags/example_sensor_decorator.py
[2024-07-10T01:07:48.636+0000] {logging_mixin.py:188} INFO - [2024-07-10T01:07:48.635+0000] {dag.py:3096} INFO - Sync 1 DAGs
[2024-07-10T01:07:48.649+0000] {logging_mixin.py:188} INFO - [2024-07-10T01:07:48.649+0000] {dag.py:3954} INFO - Setting next_dagrun for example_sensor_decorator to None, run_after=None
[2024-07-10T01:07:48.670+0000] {processor.py:183} INFO - Processing /home/airflow/.local/lib/python3.12/site-packages/airflow/example_dags/example_sensor_decorator.py took 0.067 seconds
[2024-07-10T01:08:18.963+0000] {processor.py:161} INFO - Started process (PID=434) to work on /home/airflow/.local/lib/python3.12/site-packages/airflow/example_dags/example_sensor_decorator.py
[2024-07-10T01:08:18.964+0000] {processor.py:830} INFO - Processing file /home/airflow/.local/lib/python3.12/site-packages/airflow/example_dags/example_sensor_decorator.py for tasks to queue
[2024-07-10T01:08:18.966+0000] {logging_mixin.py:188} INFO - [2024-07-10T01:08:18.966+0000] {dagbag.py:545} INFO - Filling up the DagBag from /home/airflow/.local/lib/python3.12/site-packages/airflow/example_dags/example_sensor_decorator.py
[2024-07-10T01:08:18.973+0000] {processor.py:840} INFO - DAG(s) 'example_sensor_decorator' retrieved from /home/airflow/.local/lib/python3.12/site-packages/airflow/example_dags/example_sensor_decorator.py
[2024-07-10T01:08:19.000+0000] {logging_mixin.py:188} INFO - [2024-07-10T01:08:19.000+0000] {dag.py:3096} INFO - Sync 1 DAGs
[2024-07-10T01:08:19.018+0000] {logging_mixin.py:188} INFO - [2024-07-10T01:08:19.017+0000] {dag.py:3954} INFO - Setting next_dagrun for example_sensor_decorator to None, run_after=None
[2024-07-10T01:08:19.042+0000] {processor.py:183} INFO - Processing /home/airflow/.local/lib/python3.12/site-packages/airflow/example_dags/example_sensor_decorator.py took 0.084 seconds
[2024-07-10T01:08:49.284+0000] {processor.py:161} INFO - Started process (PID=492) to work on /home/airflow/.local/lib/python3.12/site-packages/airflow/example_dags/example_sensor_decorator.py
[2024-07-10T01:08:49.285+0000] {processor.py:830} INFO - Processing file /home/airflow/.local/lib/python3.12/site-packages/airflow/example_dags/example_sensor_decorator.py for tasks to queue
[2024-07-10T01:08:49.287+0000] {logging_mixin.py:188} INFO - [2024-07-10T01:08:49.287+0000] {dagbag.py:545} INFO - Filling up the DagBag from /home/airflow/.local/lib/python3.12/site-packages/airflow/example_dags/example_sensor_decorator.py
[2024-07-10T01:08:49.292+0000] {processor.py:840} INFO - DAG(s) 'example_sensor_decorator' retrieved from /home/airflow/.local/lib/python3.12/site-packages/airflow/example_dags/example_sensor_decorator.py
[2024-07-10T01:08:49.311+0000] {logging_mixin.py:188} INFO - [2024-07-10T01:08:49.311+0000] {dag.py:3096} INFO - Sync 1 DAGs
[2024-07-10T01:08:49.328+0000] {logging_mixin.py:188} INFO - [2024-07-10T01:08:49.328+0000] {dag.py:3954} INFO - Setting next_dagrun for example_sensor_decorator to None, run_after=None
[2024-07-10T01:08:49.349+0000] {processor.py:183} INFO - Processing /home/airflow/.local/lib/python3.12/site-packages/airflow/example_dags/example_sensor_decorator.py took 0.070 seconds
[2024-07-10T01:09:19.448+0000] {processor.py:161} INFO - Started process (PID=550) to work on /home/airflow/.local/lib/python3.12/site-packages/airflow/example_dags/example_sensor_decorator.py
[2024-07-10T01:09:19.450+0000] {processor.py:830} INFO - Processing file /home/airflow/.local/lib/python3.12/site-packages/airflow/example_dags/example_sensor_decorator.py for tasks to queue
[2024-07-10T01:09:19.453+0000] {logging_mixin.py:188} INFO - [2024-07-10T01:09:19.452+0000] {dagbag.py:545} INFO - Filling up the DagBag from /home/airflow/.local/lib/python3.12/site-packages/airflow/example_dags/example_sensor_decorator.py
[2024-07-10T01:09:19.462+0000] {processor.py:840} INFO - DAG(s) 'example_sensor_decorator' retrieved from /home/airflow/.local/lib/python3.12/site-packages/airflow/example_dags/example_sensor_decorator.py
[2024-07-10T01:09:19.486+0000] {logging_mixin.py:188} INFO - [2024-07-10T01:09:19.486+0000] {dag.py:3096} INFO - Sync 1 DAGs
[2024-07-10T01:09:19.502+0000] {logging_mixin.py:188} INFO - [2024-07-10T01:09:19.502+0000] {dag.py:3954} INFO - Setting next_dagrun for example_sensor_decorator to None, run_after=None
[2024-07-10T01:09:19.530+0000] {processor.py:183} INFO - Processing /home/airflow/.local/lib/python3.12/site-packages/airflow/example_dags/example_sensor_decorator.py took 0.087 seconds
[2024-07-10T01:09:49.737+0000] {processor.py:161} INFO - Started process (PID=608) to work on /home/airflow/.local/lib/python3.12/site-packages/airflow/example_dags/example_sensor_decorator.py
[2024-07-10T01:09:49.738+0000] {processor.py:830} INFO - Processing file /home/airflow/.local/lib/python3.12/site-packages/airflow/example_dags/example_sensor_decorator.py for tasks to queue
[2024-07-10T01:09:49.740+0000] {logging_mixin.py:188} INFO - [2024-07-10T01:09:49.739+0000] {dagbag.py:545} INFO - Filling up the DagBag from /home/airflow/.local/lib/python3.12/site-packages/airflow/example_dags/example_sensor_decorator.py
[2024-07-10T01:09:49.746+0000] {processor.py:840} INFO - DAG(s) 'example_sensor_decorator' retrieved from /home/airflow/.local/lib/python3.12/site-packages/airflow/example_dags/example_sensor_decorator.py
[2024-07-10T01:09:49.767+0000] {logging_mixin.py:188} INFO - [2024-07-10T01:09:49.767+0000] {dag.py:3096} INFO - Sync 1 DAGs
[2024-07-10T01:09:49.781+0000] {logging_mixin.py:188} INFO - [2024-07-10T01:09:49.780+0000] {dag.py:3954} INFO - Setting next_dagrun for example_sensor_decorator to None, run_after=None
[2024-07-10T01:09:49.802+0000] {processor.py:183} INFO - Processing /home/airflow/.local/lib/python3.12/site-packages/airflow/example_dags/example_sensor_decorator.py took 0.071 seconds
