[2024-07-10T01:05:14.941+0000] {processor.py:161} INFO - Started process (PID=85) to work on /home/airflow/.local/lib/python3.12/site-packages/airflow/example_dags/example_external_task_marker_dag.py
[2024-07-10T01:05:14.943+0000] {processor.py:830} INFO - Processing file /home/airflow/.local/lib/python3.12/site-packages/airflow/example_dags/example_external_task_marker_dag.py for tasks to queue
[2024-07-10T01:05:14.957+0000] {logging_mixin.py:188} INFO - [2024-07-10T01:05:14.956+0000] {dagbag.py:545} INFO - Filling up the DagBag from /home/airflow/.local/lib/python3.12/site-packages/airflow/example_dags/example_external_task_marker_dag.py
[2024-07-10T01:05:14.978+0000] {processor.py:840} INFO - DAG(s) 'example_external_task_marker_parent', 'example_external_task_marker_child' retrieved from /home/airflow/.local/lib/python3.12/site-packages/airflow/example_dags/example_external_task_marker_dag.py
[2024-07-10T01:05:15.177+0000] {logging_mixin.py:188} INFO - [2024-07-10T01:05:15.176+0000] {override.py:1829} INFO - Created Permission View: can read on DAG:example_external_task_marker_parent
[2024-07-10T01:05:15.190+0000] {logging_mixin.py:188} INFO - [2024-07-10T01:05:15.190+0000] {override.py:1829} INFO - Created Permission View: can edit on DAG:example_external_task_marker_parent
[2024-07-10T01:05:15.201+0000] {logging_mixin.py:188} INFO - [2024-07-10T01:05:15.201+0000] {override.py:1829} INFO - Created Permission View: can delete on DAG:example_external_task_marker_parent
[2024-07-10T01:05:15.219+0000] {logging_mixin.py:188} INFO - [2024-07-10T01:05:15.218+0000] {override.py:1829} INFO - Created Permission View: can read on DAG:example_external_task_marker_child
[2024-07-10T01:05:15.227+0000] {logging_mixin.py:188} INFO - [2024-07-10T01:05:15.227+0000] {override.py:1829} INFO - Created Permission View: can edit on DAG:example_external_task_marker_child
[2024-07-10T01:05:15.237+0000] {logging_mixin.py:188} INFO - [2024-07-10T01:05:15.236+0000] {override.py:1829} INFO - Created Permission View: can delete on DAG:example_external_task_marker_child
[2024-07-10T01:05:15.237+0000] {logging_mixin.py:188} INFO - [2024-07-10T01:05:15.237+0000] {dag.py:3096} INFO - Sync 2 DAGs
[2024-07-10T01:05:15.251+0000] {logging_mixin.py:188} INFO - [2024-07-10T01:05:15.250+0000] {dag.py:3118} INFO - Creating ORM DAG for example_external_task_marker_child
[2024-07-10T01:05:15.252+0000] {logging_mixin.py:188} INFO - [2024-07-10T01:05:15.251+0000] {dag.py:3118} INFO - Creating ORM DAG for example_external_task_marker_parent
[2024-07-10T01:05:15.252+0000] {logging_mixin.py:188} INFO - [2024-07-10T01:05:15.252+0000] {dag.py:3954} INFO - Setting next_dagrun for example_external_task_marker_child to None, run_after=None
[2024-07-10T01:05:15.253+0000] {logging_mixin.py:188} INFO - [2024-07-10T01:05:15.253+0000] {dag.py:3954} INFO - Setting next_dagrun for example_external_task_marker_parent to None, run_after=None
[2024-07-10T01:05:15.277+0000] {processor.py:183} INFO - Processing /home/airflow/.local/lib/python3.12/site-packages/airflow/example_dags/example_external_task_marker_dag.py took 0.357 seconds
[2024-07-10T01:05:45.920+0000] {processor.py:161} INFO - Started process (PID=143) to work on /home/airflow/.local/lib/python3.12/site-packages/airflow/example_dags/example_external_task_marker_dag.py
[2024-07-10T01:05:45.921+0000] {processor.py:830} INFO - Processing file /home/airflow/.local/lib/python3.12/site-packages/airflow/example_dags/example_external_task_marker_dag.py for tasks to queue
[2024-07-10T01:05:45.923+0000] {logging_mixin.py:188} INFO - [2024-07-10T01:05:45.922+0000] {dagbag.py:545} INFO - Filling up the DagBag from /home/airflow/.local/lib/python3.12/site-packages/airflow/example_dags/example_external_task_marker_dag.py
[2024-07-10T01:05:45.928+0000] {processor.py:840} INFO - DAG(s) 'example_external_task_marker_child', 'example_external_task_marker_parent' retrieved from /home/airflow/.local/lib/python3.12/site-packages/airflow/example_dags/example_external_task_marker_dag.py
[2024-07-10T01:05:45.955+0000] {logging_mixin.py:188} INFO - [2024-07-10T01:05:45.955+0000] {dag.py:3096} INFO - Sync 2 DAGs
[2024-07-10T01:05:45.971+0000] {logging_mixin.py:188} INFO - [2024-07-10T01:05:45.970+0000] {dag.py:3954} INFO - Setting next_dagrun for example_external_task_marker_child to None, run_after=None
[2024-07-10T01:05:45.975+0000] {logging_mixin.py:188} INFO - [2024-07-10T01:05:45.975+0000] {dag.py:3954} INFO - Setting next_dagrun for example_external_task_marker_parent to None, run_after=None
[2024-07-10T01:05:46.018+0000] {processor.py:183} INFO - Processing /home/airflow/.local/lib/python3.12/site-packages/airflow/example_dags/example_external_task_marker_dag.py took 0.104 seconds
[2024-07-10T01:06:16.665+0000] {processor.py:161} INFO - Started process (PID=201) to work on /home/airflow/.local/lib/python3.12/site-packages/airflow/example_dags/example_external_task_marker_dag.py
[2024-07-10T01:06:16.667+0000] {processor.py:830} INFO - Processing file /home/airflow/.local/lib/python3.12/site-packages/airflow/example_dags/example_external_task_marker_dag.py for tasks to queue
[2024-07-10T01:06:16.668+0000] {logging_mixin.py:188} INFO - [2024-07-10T01:06:16.668+0000] {dagbag.py:545} INFO - Filling up the DagBag from /home/airflow/.local/lib/python3.12/site-packages/airflow/example_dags/example_external_task_marker_dag.py
[2024-07-10T01:06:16.674+0000] {processor.py:840} INFO - DAG(s) 'example_external_task_marker_parent', 'example_external_task_marker_child' retrieved from /home/airflow/.local/lib/python3.12/site-packages/airflow/example_dags/example_external_task_marker_dag.py
[2024-07-10T01:06:16.703+0000] {logging_mixin.py:188} INFO - [2024-07-10T01:06:16.703+0000] {dag.py:3096} INFO - Sync 2 DAGs
[2024-07-10T01:06:16.717+0000] {logging_mixin.py:188} INFO - [2024-07-10T01:06:16.717+0000] {dag.py:3954} INFO - Setting next_dagrun for example_external_task_marker_child to None, run_after=None
[2024-07-10T01:06:16.723+0000] {logging_mixin.py:188} INFO - [2024-07-10T01:06:16.723+0000] {dag.py:3954} INFO - Setting next_dagrun for example_external_task_marker_parent to None, run_after=None
[2024-07-10T01:06:16.750+0000] {processor.py:183} INFO - Processing /home/airflow/.local/lib/python3.12/site-packages/airflow/example_dags/example_external_task_marker_dag.py took 0.091 seconds
[2024-07-10T01:06:47.020+0000] {processor.py:161} INFO - Started process (PID=259) to work on /home/airflow/.local/lib/python3.12/site-packages/airflow/example_dags/example_external_task_marker_dag.py
[2024-07-10T01:06:47.021+0000] {processor.py:830} INFO - Processing file /home/airflow/.local/lib/python3.12/site-packages/airflow/example_dags/example_external_task_marker_dag.py for tasks to queue
[2024-07-10T01:06:47.023+0000] {logging_mixin.py:188} INFO - [2024-07-10T01:06:47.023+0000] {dagbag.py:545} INFO - Filling up the DagBag from /home/airflow/.local/lib/python3.12/site-packages/airflow/example_dags/example_external_task_marker_dag.py
[2024-07-10T01:06:47.028+0000] {processor.py:840} INFO - DAG(s) 'example_external_task_marker_parent', 'example_external_task_marker_child' retrieved from /home/airflow/.local/lib/python3.12/site-packages/airflow/example_dags/example_external_task_marker_dag.py
[2024-07-10T01:06:47.053+0000] {logging_mixin.py:188} INFO - [2024-07-10T01:06:47.052+0000] {dag.py:3096} INFO - Sync 2 DAGs
[2024-07-10T01:06:47.068+0000] {logging_mixin.py:188} INFO - [2024-07-10T01:06:47.068+0000] {dag.py:3954} INFO - Setting next_dagrun for example_external_task_marker_child to None, run_after=None
[2024-07-10T01:06:47.072+0000] {logging_mixin.py:188} INFO - [2024-07-10T01:06:47.072+0000] {dag.py:3954} INFO - Setting next_dagrun for example_external_task_marker_parent to None, run_after=None
[2024-07-10T01:06:47.164+0000] {processor.py:183} INFO - Processing /home/airflow/.local/lib/python3.12/site-packages/airflow/example_dags/example_external_task_marker_dag.py took 0.149 seconds
[2024-07-10T01:07:17.242+0000] {processor.py:161} INFO - Started process (PID=316) to work on /home/airflow/.local/lib/python3.12/site-packages/airflow/example_dags/example_external_task_marker_dag.py
[2024-07-10T01:07:17.243+0000] {processor.py:830} INFO - Processing file /home/airflow/.local/lib/python3.12/site-packages/airflow/example_dags/example_external_task_marker_dag.py for tasks to queue
[2024-07-10T01:07:17.245+0000] {logging_mixin.py:188} INFO - [2024-07-10T01:07:17.244+0000] {dagbag.py:545} INFO - Filling up the DagBag from /home/airflow/.local/lib/python3.12/site-packages/airflow/example_dags/example_external_task_marker_dag.py
[2024-07-10T01:07:17.251+0000] {processor.py:840} INFO - DAG(s) 'example_external_task_marker_parent', 'example_external_task_marker_child' retrieved from /home/airflow/.local/lib/python3.12/site-packages/airflow/example_dags/example_external_task_marker_dag.py
[2024-07-10T01:07:17.278+0000] {logging_mixin.py:188} INFO - [2024-07-10T01:07:17.278+0000] {dag.py:3096} INFO - Sync 2 DAGs
[2024-07-10T01:07:17.292+0000] {logging_mixin.py:188} INFO - [2024-07-10T01:07:17.292+0000] {dag.py:3954} INFO - Setting next_dagrun for example_external_task_marker_child to None, run_after=None
[2024-07-10T01:07:17.297+0000] {logging_mixin.py:188} INFO - [2024-07-10T01:07:17.297+0000] {dag.py:3954} INFO - Setting next_dagrun for example_external_task_marker_parent to None, run_after=None
[2024-07-10T01:07:17.318+0000] {processor.py:183} INFO - Processing /home/airflow/.local/lib/python3.12/site-packages/airflow/example_dags/example_external_task_marker_dag.py took 0.082 seconds
[2024-07-10T01:07:47.384+0000] {processor.py:161} INFO - Started process (PID=373) to work on /home/airflow/.local/lib/python3.12/site-packages/airflow/example_dags/example_external_task_marker_dag.py
[2024-07-10T01:07:47.385+0000] {processor.py:830} INFO - Processing file /home/airflow/.local/lib/python3.12/site-packages/airflow/example_dags/example_external_task_marker_dag.py for tasks to queue
[2024-07-10T01:07:47.387+0000] {logging_mixin.py:188} INFO - [2024-07-10T01:07:47.386+0000] {dagbag.py:545} INFO - Filling up the DagBag from /home/airflow/.local/lib/python3.12/site-packages/airflow/example_dags/example_external_task_marker_dag.py
[2024-07-10T01:07:47.392+0000] {processor.py:840} INFO - DAG(s) 'example_external_task_marker_parent', 'example_external_task_marker_child' retrieved from /home/airflow/.local/lib/python3.12/site-packages/airflow/example_dags/example_external_task_marker_dag.py
[2024-07-10T01:07:47.416+0000] {logging_mixin.py:188} INFO - [2024-07-10T01:07:47.416+0000] {dag.py:3096} INFO - Sync 2 DAGs
[2024-07-10T01:07:47.432+0000] {logging_mixin.py:188} INFO - [2024-07-10T01:07:47.432+0000] {dag.py:3954} INFO - Setting next_dagrun for example_external_task_marker_child to None, run_after=None
[2024-07-10T01:07:47.437+0000] {logging_mixin.py:188} INFO - [2024-07-10T01:07:47.437+0000] {dag.py:3954} INFO - Setting next_dagrun for example_external_task_marker_parent to None, run_after=None
[2024-07-10T01:07:47.457+0000] {processor.py:183} INFO - Processing /home/airflow/.local/lib/python3.12/site-packages/airflow/example_dags/example_external_task_marker_dag.py took 0.080 seconds
[2024-07-10T01:08:17.847+0000] {processor.py:161} INFO - Started process (PID=432) to work on /home/airflow/.local/lib/python3.12/site-packages/airflow/example_dags/example_external_task_marker_dag.py
[2024-07-10T01:08:17.848+0000] {processor.py:830} INFO - Processing file /home/airflow/.local/lib/python3.12/site-packages/airflow/example_dags/example_external_task_marker_dag.py for tasks to queue
[2024-07-10T01:08:17.851+0000] {logging_mixin.py:188} INFO - [2024-07-10T01:08:17.850+0000] {dagbag.py:545} INFO - Filling up the DagBag from /home/airflow/.local/lib/python3.12/site-packages/airflow/example_dags/example_external_task_marker_dag.py
[2024-07-10T01:08:17.857+0000] {processor.py:840} INFO - DAG(s) 'example_external_task_marker_child', 'example_external_task_marker_parent' retrieved from /home/airflow/.local/lib/python3.12/site-packages/airflow/example_dags/example_external_task_marker_dag.py
[2024-07-10T01:08:17.883+0000] {logging_mixin.py:188} INFO - [2024-07-10T01:08:17.883+0000] {dag.py:3096} INFO - Sync 2 DAGs
[2024-07-10T01:08:17.898+0000] {logging_mixin.py:188} INFO - [2024-07-10T01:08:17.897+0000] {dag.py:3954} INFO - Setting next_dagrun for example_external_task_marker_child to None, run_after=None
[2024-07-10T01:08:17.902+0000] {logging_mixin.py:188} INFO - [2024-07-10T01:08:17.902+0000] {dag.py:3954} INFO - Setting next_dagrun for example_external_task_marker_parent to None, run_after=None
[2024-07-10T01:08:17.922+0000] {processor.py:183} INFO - Processing /home/airflow/.local/lib/python3.12/site-packages/airflow/example_dags/example_external_task_marker_dag.py took 0.080 seconds
[2024-07-10T01:08:48.150+0000] {processor.py:161} INFO - Started process (PID=490) to work on /home/airflow/.local/lib/python3.12/site-packages/airflow/example_dags/example_external_task_marker_dag.py
[2024-07-10T01:08:48.151+0000] {processor.py:830} INFO - Processing file /home/airflow/.local/lib/python3.12/site-packages/airflow/example_dags/example_external_task_marker_dag.py for tasks to queue
[2024-07-10T01:08:48.153+0000] {logging_mixin.py:188} INFO - [2024-07-10T01:08:48.152+0000] {dagbag.py:545} INFO - Filling up the DagBag from /home/airflow/.local/lib/python3.12/site-packages/airflow/example_dags/example_external_task_marker_dag.py
[2024-07-10T01:08:48.159+0000] {processor.py:840} INFO - DAG(s) 'example_external_task_marker_child', 'example_external_task_marker_parent' retrieved from /home/airflow/.local/lib/python3.12/site-packages/airflow/example_dags/example_external_task_marker_dag.py
[2024-07-10T01:08:48.190+0000] {logging_mixin.py:188} INFO - [2024-07-10T01:08:48.189+0000] {dag.py:3096} INFO - Sync 2 DAGs
[2024-07-10T01:08:48.210+0000] {logging_mixin.py:188} INFO - [2024-07-10T01:08:48.209+0000] {dag.py:3954} INFO - Setting next_dagrun for example_external_task_marker_child to None, run_after=None
[2024-07-10T01:08:48.216+0000] {logging_mixin.py:188} INFO - [2024-07-10T01:08:48.216+0000] {dag.py:3954} INFO - Setting next_dagrun for example_external_task_marker_parent to None, run_after=None
[2024-07-10T01:08:48.236+0000] {processor.py:183} INFO - Processing /home/airflow/.local/lib/python3.12/site-packages/airflow/example_dags/example_external_task_marker_dag.py took 0.093 seconds
[2024-07-10T01:09:18.310+0000] {processor.py:161} INFO - Started process (PID=548) to work on /home/airflow/.local/lib/python3.12/site-packages/airflow/example_dags/example_external_task_marker_dag.py
[2024-07-10T01:09:18.311+0000] {processor.py:830} INFO - Processing file /home/airflow/.local/lib/python3.12/site-packages/airflow/example_dags/example_external_task_marker_dag.py for tasks to queue
[2024-07-10T01:09:18.312+0000] {logging_mixin.py:188} INFO - [2024-07-10T01:09:18.312+0000] {dagbag.py:545} INFO - Filling up the DagBag from /home/airflow/.local/lib/python3.12/site-packages/airflow/example_dags/example_external_task_marker_dag.py
[2024-07-10T01:09:18.318+0000] {processor.py:840} INFO - DAG(s) 'example_external_task_marker_parent', 'example_external_task_marker_child' retrieved from /home/airflow/.local/lib/python3.12/site-packages/airflow/example_dags/example_external_task_marker_dag.py
[2024-07-10T01:09:18.346+0000] {logging_mixin.py:188} INFO - [2024-07-10T01:09:18.345+0000] {dag.py:3096} INFO - Sync 2 DAGs
[2024-07-10T01:09:18.362+0000] {logging_mixin.py:188} INFO - [2024-07-10T01:09:18.362+0000] {dag.py:3954} INFO - Setting next_dagrun for example_external_task_marker_child to None, run_after=None
[2024-07-10T01:09:18.366+0000] {logging_mixin.py:188} INFO - [2024-07-10T01:09:18.366+0000] {dag.py:3954} INFO - Setting next_dagrun for example_external_task_marker_parent to None, run_after=None
[2024-07-10T01:09:18.405+0000] {processor.py:183} INFO - Processing /home/airflow/.local/lib/python3.12/site-packages/airflow/example_dags/example_external_task_marker_dag.py took 0.101 seconds
[2024-07-10T01:09:48.702+0000] {processor.py:161} INFO - Started process (PID=606) to work on /home/airflow/.local/lib/python3.12/site-packages/airflow/example_dags/example_external_task_marker_dag.py
[2024-07-10T01:09:48.703+0000] {processor.py:830} INFO - Processing file /home/airflow/.local/lib/python3.12/site-packages/airflow/example_dags/example_external_task_marker_dag.py for tasks to queue
[2024-07-10T01:09:48.705+0000] {logging_mixin.py:188} INFO - [2024-07-10T01:09:48.704+0000] {dagbag.py:545} INFO - Filling up the DagBag from /home/airflow/.local/lib/python3.12/site-packages/airflow/example_dags/example_external_task_marker_dag.py
[2024-07-10T01:09:48.710+0000] {processor.py:840} INFO - DAG(s) 'example_external_task_marker_parent', 'example_external_task_marker_child' retrieved from /home/airflow/.local/lib/python3.12/site-packages/airflow/example_dags/example_external_task_marker_dag.py
[2024-07-10T01:09:48.735+0000] {logging_mixin.py:188} INFO - [2024-07-10T01:09:48.735+0000] {dag.py:3096} INFO - Sync 2 DAGs
[2024-07-10T01:09:48.749+0000] {logging_mixin.py:188} INFO - [2024-07-10T01:09:48.748+0000] {dag.py:3954} INFO - Setting next_dagrun for example_external_task_marker_child to None, run_after=None
[2024-07-10T01:09:48.753+0000] {logging_mixin.py:188} INFO - [2024-07-10T01:09:48.753+0000] {dag.py:3954} INFO - Setting next_dagrun for example_external_task_marker_parent to None, run_after=None
[2024-07-10T01:09:48.770+0000] {processor.py:183} INFO - Processing /home/airflow/.local/lib/python3.12/site-packages/airflow/example_dags/example_external_task_marker_dag.py took 0.073 seconds
