[2024-07-10T01:05:12.134+0000] {processor.py:161} INFO - Started process (PID=80) to work on /home/airflow/.local/lib/python3.12/site-packages/airflow/example_dags/example_skip_dag.py
[2024-07-10T01:05:12.138+0000] {processor.py:830} INFO - Processing file /home/airflow/.local/lib/python3.12/site-packages/airflow/example_dags/example_skip_dag.py for tasks to queue
[2024-07-10T01:05:12.143+0000] {logging_mixin.py:188} INFO - [2024-07-10T01:05:12.142+0000] {dagbag.py:545} INFO - Filling up the DagBag from /home/airflow/.local/lib/python3.12/site-packages/airflow/example_dags/example_skip_dag.py
[2024-07-10T01:05:12.161+0000] {processor.py:840} INFO - DAG(s) 'example_skip_dag' retrieved from /home/airflow/.local/lib/python3.12/site-packages/airflow/example_dags/example_skip_dag.py
[2024-07-10T01:05:12.699+0000] {logging_mixin.py:188} INFO - [2024-07-10T01:05:12.697+0000] {override.py:1829} INFO - Created Permission View: can read on DAG:example_skip_dag
[2024-07-10T01:05:12.743+0000] {logging_mixin.py:188} INFO - [2024-07-10T01:05:12.742+0000] {override.py:1829} INFO - Created Permission View: can edit on DAG:example_skip_dag
[2024-07-10T01:05:12.769+0000] {logging_mixin.py:188} INFO - [2024-07-10T01:05:12.768+0000] {override.py:1829} INFO - Created Permission View: can delete on DAG:example_skip_dag
[2024-07-10T01:05:12.771+0000] {logging_mixin.py:188} INFO - [2024-07-10T01:05:12.770+0000] {dag.py:3096} INFO - Sync 1 DAGs
[2024-07-10T01:05:12.806+0000] {logging_mixin.py:188} INFO - [2024-07-10T01:05:12.805+0000] {dag.py:3118} INFO - Creating ORM DAG for example_skip_dag
[2024-07-10T01:05:12.843+0000] {logging_mixin.py:188} INFO - [2024-07-10T01:05:12.843+0000] {dag.py:3954} INFO - Setting next_dagrun for example_skip_dag to 2024-07-09 00:00:00+00:00, run_after=2024-07-10 00:00:00+00:00
[2024-07-10T01:05:12.901+0000] {processor.py:183} INFO - Processing /home/airflow/.local/lib/python3.12/site-packages/airflow/example_dags/example_skip_dag.py took 0.783 seconds
[2024-07-10T01:05:43.367+0000] {processor.py:161} INFO - Started process (PID=137) to work on /home/airflow/.local/lib/python3.12/site-packages/airflow/example_dags/example_skip_dag.py
[2024-07-10T01:05:43.368+0000] {processor.py:830} INFO - Processing file /home/airflow/.local/lib/python3.12/site-packages/airflow/example_dags/example_skip_dag.py for tasks to queue
[2024-07-10T01:05:43.370+0000] {logging_mixin.py:188} INFO - [2024-07-10T01:05:43.370+0000] {dagbag.py:545} INFO - Filling up the DagBag from /home/airflow/.local/lib/python3.12/site-packages/airflow/example_dags/example_skip_dag.py
[2024-07-10T01:05:43.376+0000] {processor.py:840} INFO - DAG(s) 'example_skip_dag' retrieved from /home/airflow/.local/lib/python3.12/site-packages/airflow/example_dags/example_skip_dag.py
[2024-07-10T01:05:43.399+0000] {logging_mixin.py:188} INFO - [2024-07-10T01:05:43.399+0000] {dag.py:3096} INFO - Sync 1 DAGs
[2024-07-10T01:05:43.424+0000] {logging_mixin.py:188} INFO - [2024-07-10T01:05:43.423+0000] {dag.py:3954} INFO - Setting next_dagrun for example_skip_dag to 2024-07-09 00:00:00+00:00, run_after=2024-07-10 00:00:00+00:00
[2024-07-10T01:05:43.458+0000] {processor.py:183} INFO - Processing /home/airflow/.local/lib/python3.12/site-packages/airflow/example_dags/example_skip_dag.py took 0.096 seconds
[2024-07-10T01:06:14.271+0000] {processor.py:161} INFO - Started process (PID=195) to work on /home/airflow/.local/lib/python3.12/site-packages/airflow/example_dags/example_skip_dag.py
[2024-07-10T01:06:14.272+0000] {processor.py:830} INFO - Processing file /home/airflow/.local/lib/python3.12/site-packages/airflow/example_dags/example_skip_dag.py for tasks to queue
[2024-07-10T01:06:14.274+0000] {logging_mixin.py:188} INFO - [2024-07-10T01:06:14.273+0000] {dagbag.py:545} INFO - Filling up the DagBag from /home/airflow/.local/lib/python3.12/site-packages/airflow/example_dags/example_skip_dag.py
[2024-07-10T01:06:14.280+0000] {processor.py:840} INFO - DAG(s) 'example_skip_dag' retrieved from /home/airflow/.local/lib/python3.12/site-packages/airflow/example_dags/example_skip_dag.py
[2024-07-10T01:06:14.300+0000] {logging_mixin.py:188} INFO - [2024-07-10T01:06:14.300+0000] {dag.py:3096} INFO - Sync 1 DAGs
[2024-07-10T01:06:14.323+0000] {logging_mixin.py:188} INFO - [2024-07-10T01:06:14.323+0000] {dag.py:3954} INFO - Setting next_dagrun for example_skip_dag to 2024-07-09 00:00:00+00:00, run_after=2024-07-10 00:00:00+00:00
[2024-07-10T01:06:14.367+0000] {processor.py:183} INFO - Processing /home/airflow/.local/lib/python3.12/site-packages/airflow/example_dags/example_skip_dag.py took 0.101 seconds
[2024-07-10T01:06:45.297+0000] {processor.py:161} INFO - Started process (PID=253) to work on /home/airflow/.local/lib/python3.12/site-packages/airflow/example_dags/example_skip_dag.py
[2024-07-10T01:06:45.298+0000] {processor.py:830} INFO - Processing file /home/airflow/.local/lib/python3.12/site-packages/airflow/example_dags/example_skip_dag.py for tasks to queue
[2024-07-10T01:06:45.300+0000] {logging_mixin.py:188} INFO - [2024-07-10T01:06:45.299+0000] {dagbag.py:545} INFO - Filling up the DagBag from /home/airflow/.local/lib/python3.12/site-packages/airflow/example_dags/example_skip_dag.py
[2024-07-10T01:06:45.305+0000] {processor.py:840} INFO - DAG(s) 'example_skip_dag' retrieved from /home/airflow/.local/lib/python3.12/site-packages/airflow/example_dags/example_skip_dag.py
[2024-07-10T01:06:45.328+0000] {logging_mixin.py:188} INFO - [2024-07-10T01:06:45.328+0000] {dag.py:3096} INFO - Sync 1 DAGs
[2024-07-10T01:06:45.351+0000] {logging_mixin.py:188} INFO - [2024-07-10T01:06:45.350+0000] {dag.py:3954} INFO - Setting next_dagrun for example_skip_dag to 2024-07-09 00:00:00+00:00, run_after=2024-07-10 00:00:00+00:00
[2024-07-10T01:06:45.463+0000] {processor.py:183} INFO - Processing /home/airflow/.local/lib/python3.12/site-packages/airflow/example_dags/example_skip_dag.py took 0.171 seconds
[2024-07-10T01:07:15.998+0000] {processor.py:161} INFO - Started process (PID=311) to work on /home/airflow/.local/lib/python3.12/site-packages/airflow/example_dags/example_skip_dag.py
[2024-07-10T01:07:15.999+0000] {processor.py:830} INFO - Processing file /home/airflow/.local/lib/python3.12/site-packages/airflow/example_dags/example_skip_dag.py for tasks to queue
[2024-07-10T01:07:16.001+0000] {logging_mixin.py:188} INFO - [2024-07-10T01:07:16.001+0000] {dagbag.py:545} INFO - Filling up the DagBag from /home/airflow/.local/lib/python3.12/site-packages/airflow/example_dags/example_skip_dag.py
[2024-07-10T01:07:16.007+0000] {processor.py:840} INFO - DAG(s) 'example_skip_dag' retrieved from /home/airflow/.local/lib/python3.12/site-packages/airflow/example_dags/example_skip_dag.py
[2024-07-10T01:07:16.028+0000] {logging_mixin.py:188} INFO - [2024-07-10T01:07:16.027+0000] {dag.py:3096} INFO - Sync 1 DAGs
[2024-07-10T01:07:16.052+0000] {logging_mixin.py:188} INFO - [2024-07-10T01:07:16.052+0000] {dag.py:3954} INFO - Setting next_dagrun for example_skip_dag to 2024-07-09 00:00:00+00:00, run_after=2024-07-10 00:00:00+00:00
[2024-07-10T01:07:16.073+0000] {processor.py:183} INFO - Processing /home/airflow/.local/lib/python3.12/site-packages/airflow/example_dags/example_skip_dag.py took 0.080 seconds
[2024-07-10T01:07:46.187+0000] {processor.py:161} INFO - Started process (PID=369) to work on /home/airflow/.local/lib/python3.12/site-packages/airflow/example_dags/example_skip_dag.py
[2024-07-10T01:07:46.188+0000] {processor.py:830} INFO - Processing file /home/airflow/.local/lib/python3.12/site-packages/airflow/example_dags/example_skip_dag.py for tasks to queue
[2024-07-10T01:07:46.191+0000] {logging_mixin.py:188} INFO - [2024-07-10T01:07:46.190+0000] {dagbag.py:545} INFO - Filling up the DagBag from /home/airflow/.local/lib/python3.12/site-packages/airflow/example_dags/example_skip_dag.py
[2024-07-10T01:07:46.197+0000] {processor.py:840} INFO - DAG(s) 'example_skip_dag' retrieved from /home/airflow/.local/lib/python3.12/site-packages/airflow/example_dags/example_skip_dag.py
[2024-07-10T01:07:46.220+0000] {logging_mixin.py:188} INFO - [2024-07-10T01:07:46.220+0000] {dag.py:3096} INFO - Sync 1 DAGs
[2024-07-10T01:07:46.244+0000] {logging_mixin.py:188} INFO - [2024-07-10T01:07:46.244+0000] {dag.py:3954} INFO - Setting next_dagrun for example_skip_dag to 2024-07-09 00:00:00+00:00, run_after=2024-07-10 00:00:00+00:00
[2024-07-10T01:07:46.268+0000] {processor.py:183} INFO - Processing /home/airflow/.local/lib/python3.12/site-packages/airflow/example_dags/example_skip_dag.py took 0.087 seconds
[2024-07-10T01:08:16.576+0000] {processor.py:161} INFO - Started process (PID=427) to work on /home/airflow/.local/lib/python3.12/site-packages/airflow/example_dags/example_skip_dag.py
[2024-07-10T01:08:16.577+0000] {processor.py:830} INFO - Processing file /home/airflow/.local/lib/python3.12/site-packages/airflow/example_dags/example_skip_dag.py for tasks to queue
[2024-07-10T01:08:16.579+0000] {logging_mixin.py:188} INFO - [2024-07-10T01:08:16.579+0000] {dagbag.py:545} INFO - Filling up the DagBag from /home/airflow/.local/lib/python3.12/site-packages/airflow/example_dags/example_skip_dag.py
[2024-07-10T01:08:16.588+0000] {processor.py:840} INFO - DAG(s) 'example_skip_dag' retrieved from /home/airflow/.local/lib/python3.12/site-packages/airflow/example_dags/example_skip_dag.py
[2024-07-10T01:08:16.610+0000] {logging_mixin.py:188} INFO - [2024-07-10T01:08:16.610+0000] {dag.py:3096} INFO - Sync 1 DAGs
[2024-07-10T01:08:16.644+0000] {logging_mixin.py:188} INFO - [2024-07-10T01:08:16.644+0000] {dag.py:3954} INFO - Setting next_dagrun for example_skip_dag to 2024-07-09 00:00:00+00:00, run_after=2024-07-10 00:00:00+00:00
[2024-07-10T01:08:16.670+0000] {processor.py:183} INFO - Processing /home/airflow/.local/lib/python3.12/site-packages/airflow/example_dags/example_skip_dag.py took 0.100 seconds
[2024-07-10T01:08:46.860+0000] {processor.py:161} INFO - Started process (PID=485) to work on /home/airflow/.local/lib/python3.12/site-packages/airflow/example_dags/example_skip_dag.py
[2024-07-10T01:08:46.861+0000] {processor.py:830} INFO - Processing file /home/airflow/.local/lib/python3.12/site-packages/airflow/example_dags/example_skip_dag.py for tasks to queue
[2024-07-10T01:08:46.863+0000] {logging_mixin.py:188} INFO - [2024-07-10T01:08:46.862+0000] {dagbag.py:545} INFO - Filling up the DagBag from /home/airflow/.local/lib/python3.12/site-packages/airflow/example_dags/example_skip_dag.py
[2024-07-10T01:08:46.869+0000] {processor.py:840} INFO - DAG(s) 'example_skip_dag' retrieved from /home/airflow/.local/lib/python3.12/site-packages/airflow/example_dags/example_skip_dag.py
[2024-07-10T01:08:46.892+0000] {logging_mixin.py:188} INFO - [2024-07-10T01:08:46.891+0000] {dag.py:3096} INFO - Sync 1 DAGs
[2024-07-10T01:08:46.915+0000] {logging_mixin.py:188} INFO - [2024-07-10T01:08:46.915+0000] {dag.py:3954} INFO - Setting next_dagrun for example_skip_dag to 2024-07-09 00:00:00+00:00, run_after=2024-07-10 00:00:00+00:00
[2024-07-10T01:08:46.939+0000] {processor.py:183} INFO - Processing /home/airflow/.local/lib/python3.12/site-packages/airflow/example_dags/example_skip_dag.py took 0.085 seconds
[2024-07-10T01:09:17.047+0000] {processor.py:161} INFO - Started process (PID=543) to work on /home/airflow/.local/lib/python3.12/site-packages/airflow/example_dags/example_skip_dag.py
[2024-07-10T01:09:17.048+0000] {processor.py:830} INFO - Processing file /home/airflow/.local/lib/python3.12/site-packages/airflow/example_dags/example_skip_dag.py for tasks to queue
[2024-07-10T01:09:17.050+0000] {logging_mixin.py:188} INFO - [2024-07-10T01:09:17.050+0000] {dagbag.py:545} INFO - Filling up the DagBag from /home/airflow/.local/lib/python3.12/site-packages/airflow/example_dags/example_skip_dag.py
[2024-07-10T01:09:17.057+0000] {processor.py:840} INFO - DAG(s) 'example_skip_dag' retrieved from /home/airflow/.local/lib/python3.12/site-packages/airflow/example_dags/example_skip_dag.py
[2024-07-10T01:09:17.084+0000] {logging_mixin.py:188} INFO - [2024-07-10T01:09:17.083+0000] {dag.py:3096} INFO - Sync 1 DAGs
[2024-07-10T01:09:17.110+0000] {logging_mixin.py:188} INFO - [2024-07-10T01:09:17.110+0000] {dag.py:3954} INFO - Setting next_dagrun for example_skip_dag to 2024-07-09 00:00:00+00:00, run_after=2024-07-10 00:00:00+00:00
[2024-07-10T01:09:17.137+0000] {processor.py:183} INFO - Processing /home/airflow/.local/lib/python3.12/site-packages/airflow/example_dags/example_skip_dag.py took 0.094 seconds
[2024-07-10T01:09:47.459+0000] {processor.py:161} INFO - Started process (PID=601) to work on /home/airflow/.local/lib/python3.12/site-packages/airflow/example_dags/example_skip_dag.py
[2024-07-10T01:09:47.460+0000] {processor.py:830} INFO - Processing file /home/airflow/.local/lib/python3.12/site-packages/airflow/example_dags/example_skip_dag.py for tasks to queue
[2024-07-10T01:09:47.461+0000] {logging_mixin.py:188} INFO - [2024-07-10T01:09:47.461+0000] {dagbag.py:545} INFO - Filling up the DagBag from /home/airflow/.local/lib/python3.12/site-packages/airflow/example_dags/example_skip_dag.py
[2024-07-10T01:09:47.467+0000] {processor.py:840} INFO - DAG(s) 'example_skip_dag' retrieved from /home/airflow/.local/lib/python3.12/site-packages/airflow/example_dags/example_skip_dag.py
[2024-07-10T01:09:47.490+0000] {logging_mixin.py:188} INFO - [2024-07-10T01:09:47.490+0000] {dag.py:3096} INFO - Sync 1 DAGs
[2024-07-10T01:09:47.517+0000] {logging_mixin.py:188} INFO - [2024-07-10T01:09:47.516+0000] {dag.py:3954} INFO - Setting next_dagrun for example_skip_dag to 2024-07-09 00:00:00+00:00, run_after=2024-07-10 00:00:00+00:00
[2024-07-10T01:09:47.538+0000] {processor.py:183} INFO - Processing /home/airflow/.local/lib/python3.12/site-packages/airflow/example_dags/example_skip_dag.py took 0.086 seconds
