[2024-07-10T01:05:16.428+0000] {processor.py:161} INFO - Started process (PID=95) to work on /home/airflow/.local/lib/python3.12/site-packages/airflow/example_dags/example_setup_teardown.py
[2024-07-10T01:05:16.429+0000] {processor.py:830} INFO - Processing file /home/airflow/.local/lib/python3.12/site-packages/airflow/example_dags/example_setup_teardown.py for tasks to queue
[2024-07-10T01:05:16.432+0000] {logging_mixin.py:188} INFO - [2024-07-10T01:05:16.431+0000] {dagbag.py:545} INFO - Filling up the DagBag from /home/airflow/.local/lib/python3.12/site-packages/airflow/example_dags/example_setup_teardown.py
[2024-07-10T01:05:16.442+0000] {processor.py:840} INFO - DAG(s) 'example_setup_teardown' retrieved from /home/airflow/.local/lib/python3.12/site-packages/airflow/example_dags/example_setup_teardown.py
[2024-07-10T01:05:16.582+0000] {logging_mixin.py:188} INFO - [2024-07-10T01:05:16.581+0000] {override.py:1829} INFO - Created Permission View: can read on DAG:example_setup_teardown
[2024-07-10T01:05:16.595+0000] {logging_mixin.py:188} INFO - [2024-07-10T01:05:16.594+0000] {override.py:1829} INFO - Created Permission View: can edit on DAG:example_setup_teardown
[2024-07-10T01:05:16.603+0000] {logging_mixin.py:188} INFO - [2024-07-10T01:05:16.603+0000] {override.py:1829} INFO - Created Permission View: can delete on DAG:example_setup_teardown
[2024-07-10T01:05:16.604+0000] {logging_mixin.py:188} INFO - [2024-07-10T01:05:16.604+0000] {dag.py:3096} INFO - Sync 1 DAGs
[2024-07-10T01:05:16.617+0000] {logging_mixin.py:188} INFO - [2024-07-10T01:05:16.617+0000] {dag.py:3118} INFO - Creating ORM DAG for example_setup_teardown
[2024-07-10T01:05:16.630+0000] {logging_mixin.py:188} INFO - [2024-07-10T01:05:16.630+0000] {dag.py:3954} INFO - Setting next_dagrun for example_setup_teardown to 2024-07-09 00:00:00+00:00, run_after=2024-07-10 00:00:00+00:00
[2024-07-10T01:05:16.651+0000] {processor.py:183} INFO - Processing /home/airflow/.local/lib/python3.12/site-packages/airflow/example_dags/example_setup_teardown.py took 0.229 seconds
[2024-07-10T01:05:46.707+0000] {processor.py:161} INFO - Started process (PID=153) to work on /home/airflow/.local/lib/python3.12/site-packages/airflow/example_dags/example_setup_teardown.py
[2024-07-10T01:05:46.708+0000] {processor.py:830} INFO - Processing file /home/airflow/.local/lib/python3.12/site-packages/airflow/example_dags/example_setup_teardown.py for tasks to queue
[2024-07-10T01:05:46.710+0000] {logging_mixin.py:188} INFO - [2024-07-10T01:05:46.710+0000] {dagbag.py:545} INFO - Filling up the DagBag from /home/airflow/.local/lib/python3.12/site-packages/airflow/example_dags/example_setup_teardown.py
[2024-07-10T01:05:46.717+0000] {processor.py:840} INFO - DAG(s) 'example_setup_teardown' retrieved from /home/airflow/.local/lib/python3.12/site-packages/airflow/example_dags/example_setup_teardown.py
[2024-07-10T01:05:46.737+0000] {logging_mixin.py:188} INFO - [2024-07-10T01:05:46.737+0000] {dag.py:3096} INFO - Sync 1 DAGs
[2024-07-10T01:05:46.760+0000] {logging_mixin.py:188} INFO - [2024-07-10T01:05:46.760+0000] {dag.py:3954} INFO - Setting next_dagrun for example_setup_teardown to 2024-07-09 00:00:00+00:00, run_after=2024-07-10 00:00:00+00:00
[2024-07-10T01:05:46.797+0000] {processor.py:183} INFO - Processing /home/airflow/.local/lib/python3.12/site-packages/airflow/example_dags/example_setup_teardown.py took 0.095 seconds
[2024-07-10T01:06:17.327+0000] {processor.py:161} INFO - Started process (PID=211) to work on /home/airflow/.local/lib/python3.12/site-packages/airflow/example_dags/example_setup_teardown.py
[2024-07-10T01:06:17.328+0000] {processor.py:830} INFO - Processing file /home/airflow/.local/lib/python3.12/site-packages/airflow/example_dags/example_setup_teardown.py for tasks to queue
[2024-07-10T01:06:17.330+0000] {logging_mixin.py:188} INFO - [2024-07-10T01:06:17.329+0000] {dagbag.py:545} INFO - Filling up the DagBag from /home/airflow/.local/lib/python3.12/site-packages/airflow/example_dags/example_setup_teardown.py
[2024-07-10T01:06:17.337+0000] {processor.py:840} INFO - DAG(s) 'example_setup_teardown' retrieved from /home/airflow/.local/lib/python3.12/site-packages/airflow/example_dags/example_setup_teardown.py
[2024-07-10T01:06:17.358+0000] {logging_mixin.py:188} INFO - [2024-07-10T01:06:17.357+0000] {dag.py:3096} INFO - Sync 1 DAGs
[2024-07-10T01:06:17.381+0000] {logging_mixin.py:188} INFO - [2024-07-10T01:06:17.381+0000] {dag.py:3954} INFO - Setting next_dagrun for example_setup_teardown to 2024-07-09 00:00:00+00:00, run_after=2024-07-10 00:00:00+00:00
[2024-07-10T01:06:17.412+0000] {processor.py:183} INFO - Processing /home/airflow/.local/lib/python3.12/site-packages/airflow/example_dags/example_setup_teardown.py took 0.091 seconds
[2024-07-10T01:06:48.734+0000] {processor.py:161} INFO - Started process (PID=269) to work on /home/airflow/.local/lib/python3.12/site-packages/airflow/example_dags/example_setup_teardown.py
[2024-07-10T01:06:48.735+0000] {processor.py:830} INFO - Processing file /home/airflow/.local/lib/python3.12/site-packages/airflow/example_dags/example_setup_teardown.py for tasks to queue
[2024-07-10T01:06:48.737+0000] {logging_mixin.py:188} INFO - [2024-07-10T01:06:48.737+0000] {dagbag.py:545} INFO - Filling up the DagBag from /home/airflow/.local/lib/python3.12/site-packages/airflow/example_dags/example_setup_teardown.py
[2024-07-10T01:06:48.744+0000] {processor.py:840} INFO - DAG(s) 'example_setup_teardown' retrieved from /home/airflow/.local/lib/python3.12/site-packages/airflow/example_dags/example_setup_teardown.py
[2024-07-10T01:06:48.766+0000] {logging_mixin.py:188} INFO - [2024-07-10T01:06:48.766+0000] {dag.py:3096} INFO - Sync 1 DAGs
[2024-07-10T01:06:48.790+0000] {logging_mixin.py:188} INFO - [2024-07-10T01:06:48.789+0000] {dag.py:3954} INFO - Setting next_dagrun for example_setup_teardown to 2024-07-09 00:00:00+00:00, run_after=2024-07-10 00:00:00+00:00
[2024-07-10T01:06:48.809+0000] {processor.py:183} INFO - Processing /home/airflow/.local/lib/python3.12/site-packages/airflow/example_dags/example_setup_teardown.py took 0.081 seconds
[2024-07-10T01:07:18.928+0000] {processor.py:161} INFO - Started process (PID=327) to work on /home/airflow/.local/lib/python3.12/site-packages/airflow/example_dags/example_setup_teardown.py
[2024-07-10T01:07:18.929+0000] {processor.py:830} INFO - Processing file /home/airflow/.local/lib/python3.12/site-packages/airflow/example_dags/example_setup_teardown.py for tasks to queue
[2024-07-10T01:07:18.931+0000] {logging_mixin.py:188} INFO - [2024-07-10T01:07:18.931+0000] {dagbag.py:545} INFO - Filling up the DagBag from /home/airflow/.local/lib/python3.12/site-packages/airflow/example_dags/example_setup_teardown.py
[2024-07-10T01:07:18.939+0000] {processor.py:840} INFO - DAG(s) 'example_setup_teardown' retrieved from /home/airflow/.local/lib/python3.12/site-packages/airflow/example_dags/example_setup_teardown.py
[2024-07-10T01:07:18.963+0000] {logging_mixin.py:188} INFO - [2024-07-10T01:07:18.963+0000] {dag.py:3096} INFO - Sync 1 DAGs
[2024-07-10T01:07:18.994+0000] {logging_mixin.py:188} INFO - [2024-07-10T01:07:18.993+0000] {dag.py:3954} INFO - Setting next_dagrun for example_setup_teardown to 2024-07-09 00:00:00+00:00, run_after=2024-07-10 00:00:00+00:00
[2024-07-10T01:07:19.019+0000] {processor.py:183} INFO - Processing /home/airflow/.local/lib/python3.12/site-packages/airflow/example_dags/example_setup_teardown.py took 0.099 seconds
[2024-07-10T01:07:49.112+0000] {processor.py:161} INFO - Started process (PID=385) to work on /home/airflow/.local/lib/python3.12/site-packages/airflow/example_dags/example_setup_teardown.py
[2024-07-10T01:07:49.113+0000] {processor.py:830} INFO - Processing file /home/airflow/.local/lib/python3.12/site-packages/airflow/example_dags/example_setup_teardown.py for tasks to queue
[2024-07-10T01:07:49.115+0000] {logging_mixin.py:188} INFO - [2024-07-10T01:07:49.115+0000] {dagbag.py:545} INFO - Filling up the DagBag from /home/airflow/.local/lib/python3.12/site-packages/airflow/example_dags/example_setup_teardown.py
[2024-07-10T01:07:49.122+0000] {processor.py:840} INFO - DAG(s) 'example_setup_teardown' retrieved from /home/airflow/.local/lib/python3.12/site-packages/airflow/example_dags/example_setup_teardown.py
[2024-07-10T01:07:49.144+0000] {logging_mixin.py:188} INFO - [2024-07-10T01:07:49.144+0000] {dag.py:3096} INFO - Sync 1 DAGs
[2024-07-10T01:07:49.169+0000] {logging_mixin.py:188} INFO - [2024-07-10T01:07:49.169+0000] {dag.py:3954} INFO - Setting next_dagrun for example_setup_teardown to 2024-07-09 00:00:00+00:00, run_after=2024-07-10 00:00:00+00:00
[2024-07-10T01:07:49.191+0000] {processor.py:183} INFO - Processing /home/airflow/.local/lib/python3.12/site-packages/airflow/example_dags/example_setup_teardown.py took 0.084 seconds
[2024-07-10T01:08:19.847+0000] {processor.py:161} INFO - Started process (PID=445) to work on /home/airflow/.local/lib/python3.12/site-packages/airflow/example_dags/example_setup_teardown.py
[2024-07-10T01:08:19.849+0000] {processor.py:830} INFO - Processing file /home/airflow/.local/lib/python3.12/site-packages/airflow/example_dags/example_setup_teardown.py for tasks to queue
[2024-07-10T01:08:19.851+0000] {logging_mixin.py:188} INFO - [2024-07-10T01:08:19.850+0000] {dagbag.py:545} INFO - Filling up the DagBag from /home/airflow/.local/lib/python3.12/site-packages/airflow/example_dags/example_setup_teardown.py
[2024-07-10T01:08:19.858+0000] {processor.py:840} INFO - DAG(s) 'example_setup_teardown' retrieved from /home/airflow/.local/lib/python3.12/site-packages/airflow/example_dags/example_setup_teardown.py
[2024-07-10T01:08:19.881+0000] {logging_mixin.py:188} INFO - [2024-07-10T01:08:19.880+0000] {dag.py:3096} INFO - Sync 1 DAGs
[2024-07-10T01:08:19.905+0000] {logging_mixin.py:188} INFO - [2024-07-10T01:08:19.904+0000] {dag.py:3954} INFO - Setting next_dagrun for example_setup_teardown to 2024-07-09 00:00:00+00:00, run_after=2024-07-10 00:00:00+00:00
[2024-07-10T01:08:19.926+0000] {processor.py:183} INFO - Processing /home/airflow/.local/lib/python3.12/site-packages/airflow/example_dags/example_setup_teardown.py took 0.086 seconds
[2024-07-10T01:08:51.526+0000] {processor.py:161} INFO - Started process (PID=513) to work on /home/airflow/.local/lib/python3.12/site-packages/airflow/example_dags/example_setup_teardown.py
[2024-07-10T01:08:51.527+0000] {processor.py:830} INFO - Processing file /home/airflow/.local/lib/python3.12/site-packages/airflow/example_dags/example_setup_teardown.py for tasks to queue
[2024-07-10T01:08:51.529+0000] {logging_mixin.py:188} INFO - [2024-07-10T01:08:51.529+0000] {dagbag.py:545} INFO - Filling up the DagBag from /home/airflow/.local/lib/python3.12/site-packages/airflow/example_dags/example_setup_teardown.py
[2024-07-10T01:08:51.535+0000] {processor.py:840} INFO - DAG(s) 'example_setup_teardown' retrieved from /home/airflow/.local/lib/python3.12/site-packages/airflow/example_dags/example_setup_teardown.py
[2024-07-10T01:08:51.557+0000] {logging_mixin.py:188} INFO - [2024-07-10T01:08:51.556+0000] {dag.py:3096} INFO - Sync 1 DAGs
[2024-07-10T01:08:51.583+0000] {logging_mixin.py:188} INFO - [2024-07-10T01:08:51.583+0000] {dag.py:3954} INFO - Setting next_dagrun for example_setup_teardown to 2024-07-09 00:00:00+00:00, run_after=2024-07-10 00:00:00+00:00
[2024-07-10T01:08:51.607+0000] {processor.py:183} INFO - Processing /home/airflow/.local/lib/python3.12/site-packages/airflow/example_dags/example_setup_teardown.py took 0.087 seconds
[2024-07-10T01:09:22.127+0000] {processor.py:161} INFO - Started process (PID=571) to work on /home/airflow/.local/lib/python3.12/site-packages/airflow/example_dags/example_setup_teardown.py
[2024-07-10T01:09:22.128+0000] {processor.py:830} INFO - Processing file /home/airflow/.local/lib/python3.12/site-packages/airflow/example_dags/example_setup_teardown.py for tasks to queue
[2024-07-10T01:09:22.130+0000] {logging_mixin.py:188} INFO - [2024-07-10T01:09:22.130+0000] {dagbag.py:545} INFO - Filling up the DagBag from /home/airflow/.local/lib/python3.12/site-packages/airflow/example_dags/example_setup_teardown.py
[2024-07-10T01:09:22.138+0000] {processor.py:840} INFO - DAG(s) 'example_setup_teardown' retrieved from /home/airflow/.local/lib/python3.12/site-packages/airflow/example_dags/example_setup_teardown.py
[2024-07-10T01:09:22.161+0000] {logging_mixin.py:188} INFO - [2024-07-10T01:09:22.161+0000] {dag.py:3096} INFO - Sync 1 DAGs
[2024-07-10T01:09:22.198+0000] {logging_mixin.py:188} INFO - [2024-07-10T01:09:22.197+0000] {dag.py:3954} INFO - Setting next_dagrun for example_setup_teardown to 2024-07-09 00:00:00+00:00, run_after=2024-07-10 00:00:00+00:00
[2024-07-10T01:09:22.230+0000] {processor.py:183} INFO - Processing /home/airflow/.local/lib/python3.12/site-packages/airflow/example_dags/example_setup_teardown.py took 0.109 seconds
[2024-07-10T01:09:52.338+0000] {processor.py:161} INFO - Started process (PID=629) to work on /home/airflow/.local/lib/python3.12/site-packages/airflow/example_dags/example_setup_teardown.py
[2024-07-10T01:09:52.339+0000] {processor.py:830} INFO - Processing file /home/airflow/.local/lib/python3.12/site-packages/airflow/example_dags/example_setup_teardown.py for tasks to queue
[2024-07-10T01:09:52.341+0000] {logging_mixin.py:188} INFO - [2024-07-10T01:09:52.340+0000] {dagbag.py:545} INFO - Filling up the DagBag from /home/airflow/.local/lib/python3.12/site-packages/airflow/example_dags/example_setup_teardown.py
[2024-07-10T01:09:52.348+0000] {processor.py:840} INFO - DAG(s) 'example_setup_teardown' retrieved from /home/airflow/.local/lib/python3.12/site-packages/airflow/example_dags/example_setup_teardown.py
[2024-07-10T01:09:52.371+0000] {logging_mixin.py:188} INFO - [2024-07-10T01:09:52.371+0000] {dag.py:3096} INFO - Sync 1 DAGs
[2024-07-10T01:09:52.397+0000] {logging_mixin.py:188} INFO - [2024-07-10T01:09:52.397+0000] {dag.py:3954} INFO - Setting next_dagrun for example_setup_teardown to 2024-07-09 00:00:00+00:00, run_after=2024-07-10 00:00:00+00:00
[2024-07-10T01:09:52.419+0000] {processor.py:183} INFO - Processing /home/airflow/.local/lib/python3.12/site-packages/airflow/example_dags/example_setup_teardown.py took 0.087 seconds
