[2024-07-10T01:04:53.855+0000] {processor.py:161} INFO - Started process (PID=65) to work on /home/airflow/.local/lib/python3.12/site-packages/airflow/example_dags/example_datasets.py
[2024-07-10T01:04:53.860+0000] {processor.py:830} INFO - Processing file /home/airflow/.local/lib/python3.12/site-packages/airflow/example_dags/example_datasets.py for tasks to queue
[2024-07-10T01:04:53.864+0000] {logging_mixin.py:188} INFO - [2024-07-10T01:04:53.863+0000] {dagbag.py:545} INFO - Filling up the DagBag from /home/airflow/.local/lib/python3.12/site-packages/airflow/example_dags/example_datasets.py
[2024-07-10T01:04:53.946+0000] {processor.py:840} INFO - DAG(s) 'consume_1_or_2_with_dataset_expressions', 'dataset_consumes_1', 'conditional_dataset_and_time_based_timetable', 'consume_1_and_2_with_dataset_expressions', 'dataset_consumes_1_and_2', 'dataset_produces_1', 'dataset_consumes_1_never_scheduled', 'dataset_consumes_unknown_never_scheduled', 'consume_1_or_both_2_and_3_with_dataset_expressions', 'dataset_produces_2' retrieved from /home/airflow/.local/lib/python3.12/site-packages/airflow/example_dags/example_datasets.py
[2024-07-10T01:04:54.930+0000] {logging_mixin.py:188} INFO - [2024-07-10T01:04:54.928+0000] {override.py:1829} INFO - Created Permission View: can read on DAG:consume_1_or_2_with_dataset_expressions
[2024-07-10T01:04:55.293+0000] {logging_mixin.py:188} INFO - [2024-07-10T01:04:55.292+0000] {override.py:1829} INFO - Created Permission View: can edit on DAG:consume_1_or_2_with_dataset_expressions
[2024-07-10T01:04:55.341+0000] {logging_mixin.py:188} INFO - [2024-07-10T01:04:55.340+0000] {override.py:1829} INFO - Created Permission View: can delete on DAG:consume_1_or_2_with_dataset_expressions
[2024-07-10T01:04:57.958+0000] {logging_mixin.py:188} INFO - [2024-07-10T01:04:57.954+0000] {override.py:1829} INFO - Created Permission View: can read on DAG:dataset_consumes_1
[2024-07-10T01:04:58.619+0000] {logging_mixin.py:188} INFO - [2024-07-10T01:04:58.618+0000] {override.py:1829} INFO - Created Permission View: can edit on DAG:dataset_consumes_1
[2024-07-10T01:05:00.042+0000] {logging_mixin.py:188} INFO - [2024-07-10T01:05:00.039+0000] {override.py:1829} INFO - Created Permission View: can delete on DAG:dataset_consumes_1
[2024-07-10T01:05:01.795+0000] {logging_mixin.py:188} INFO - [2024-07-10T01:05:01.795+0000] {override.py:1829} INFO - Created Permission View: can read on DAG:conditional_dataset_and_time_based_timetable
[2024-07-10T01:05:08.532+0000] {logging_mixin.py:188} INFO - [2024-07-10T01:05:08.532+0000] {override.py:1829} INFO - Created Permission View: can edit on DAG:conditional_dataset_and_time_based_timetable
[2024-07-10T01:05:09.042+0000] {logging_mixin.py:188} INFO - [2024-07-10T01:05:09.041+0000] {override.py:1829} INFO - Created Permission View: can delete on DAG:conditional_dataset_and_time_based_timetable
[2024-07-10T01:05:09.106+0000] {logging_mixin.py:188} INFO - [2024-07-10T01:05:09.106+0000] {override.py:1829} INFO - Created Permission View: can read on DAG:consume_1_and_2_with_dataset_expressions
[2024-07-10T01:05:09.136+0000] {logging_mixin.py:188} INFO - [2024-07-10T01:05:09.135+0000] {override.py:1829} INFO - Created Permission View: can edit on DAG:consume_1_and_2_with_dataset_expressions
[2024-07-10T01:05:09.169+0000] {logging_mixin.py:188} INFO - [2024-07-10T01:05:09.168+0000] {override.py:1829} INFO - Created Permission View: can delete on DAG:consume_1_and_2_with_dataset_expressions
[2024-07-10T01:05:09.242+0000] {logging_mixin.py:188} INFO - [2024-07-10T01:05:09.241+0000] {override.py:1829} INFO - Created Permission View: can read on DAG:dataset_consumes_1_and_2
[2024-07-10T01:05:09.272+0000] {logging_mixin.py:188} INFO - [2024-07-10T01:05:09.272+0000] {override.py:1829} INFO - Created Permission View: can edit on DAG:dataset_consumes_1_and_2
[2024-07-10T01:05:09.299+0000] {logging_mixin.py:188} INFO - [2024-07-10T01:05:09.298+0000] {override.py:1829} INFO - Created Permission View: can delete on DAG:dataset_consumes_1_and_2
[2024-07-10T01:05:09.347+0000] {logging_mixin.py:188} INFO - [2024-07-10T01:05:09.347+0000] {override.py:1829} INFO - Created Permission View: can read on DAG:dataset_produces_1
[2024-07-10T01:05:09.375+0000] {logging_mixin.py:188} INFO - [2024-07-10T01:05:09.374+0000] {override.py:1829} INFO - Created Permission View: can edit on DAG:dataset_produces_1
[2024-07-10T01:05:09.413+0000] {logging_mixin.py:188} INFO - [2024-07-10T01:05:09.412+0000] {override.py:1829} INFO - Created Permission View: can delete on DAG:dataset_produces_1
[2024-07-10T01:05:09.470+0000] {logging_mixin.py:188} INFO - [2024-07-10T01:05:09.469+0000] {override.py:1829} INFO - Created Permission View: can read on DAG:dataset_consumes_1_never_scheduled
[2024-07-10T01:05:09.502+0000] {logging_mixin.py:188} INFO - [2024-07-10T01:05:09.501+0000] {override.py:1829} INFO - Created Permission View: can edit on DAG:dataset_consumes_1_never_scheduled
[2024-07-10T01:05:09.523+0000] {logging_mixin.py:188} INFO - [2024-07-10T01:05:09.523+0000] {override.py:1829} INFO - Created Permission View: can delete on DAG:dataset_consumes_1_never_scheduled
[2024-07-10T01:05:09.572+0000] {logging_mixin.py:188} INFO - [2024-07-10T01:05:09.572+0000] {override.py:1829} INFO - Created Permission View: can read on DAG:dataset_consumes_unknown_never_scheduled
[2024-07-10T01:05:09.599+0000] {logging_mixin.py:188} INFO - [2024-07-10T01:05:09.598+0000] {override.py:1829} INFO - Created Permission View: can edit on DAG:dataset_consumes_unknown_never_scheduled
[2024-07-10T01:05:09.618+0000] {logging_mixin.py:188} INFO - [2024-07-10T01:05:09.617+0000] {override.py:1829} INFO - Created Permission View: can delete on DAG:dataset_consumes_unknown_never_scheduled
[2024-07-10T01:05:09.667+0000] {logging_mixin.py:188} INFO - [2024-07-10T01:05:09.666+0000] {override.py:1829} INFO - Created Permission View: can read on DAG:consume_1_or_both_2_and_3_with_dataset_expressions
[2024-07-10T01:05:09.693+0000] {logging_mixin.py:188} INFO - [2024-07-10T01:05:09.693+0000] {override.py:1829} INFO - Created Permission View: can edit on DAG:consume_1_or_both_2_and_3_with_dataset_expressions
[2024-07-10T01:05:09.718+0000] {logging_mixin.py:188} INFO - [2024-07-10T01:05:09.718+0000] {override.py:1829} INFO - Created Permission View: can delete on DAG:consume_1_or_both_2_and_3_with_dataset_expressions
[2024-07-10T01:05:09.772+0000] {logging_mixin.py:188} INFO - [2024-07-10T01:05:09.771+0000] {override.py:1829} INFO - Created Permission View: can read on DAG:dataset_produces_2
[2024-07-10T01:05:09.805+0000] {logging_mixin.py:188} INFO - [2024-07-10T01:05:09.805+0000] {override.py:1829} INFO - Created Permission View: can edit on DAG:dataset_produces_2
[2024-07-10T01:05:09.839+0000] {logging_mixin.py:188} INFO - [2024-07-10T01:05:09.838+0000] {override.py:1829} INFO - Created Permission View: can delete on DAG:dataset_produces_2
[2024-07-10T01:05:09.845+0000] {logging_mixin.py:188} INFO - [2024-07-10T01:05:09.842+0000] {dag.py:3096} INFO - Sync 10 DAGs
[2024-07-10T01:05:09.922+0000] {logging_mixin.py:188} INFO - [2024-07-10T01:05:09.922+0000] {dag.py:3118} INFO - Creating ORM DAG for dataset_consumes_unknown_never_scheduled
[2024-07-10T01:05:09.925+0000] {logging_mixin.py:188} INFO - [2024-07-10T01:05:09.924+0000] {dag.py:3118} INFO - Creating ORM DAG for conditional_dataset_and_time_based_timetable
[2024-07-10T01:05:09.926+0000] {logging_mixin.py:188} INFO - [2024-07-10T01:05:09.926+0000] {dag.py:3118} INFO - Creating ORM DAG for dataset_consumes_1_and_2
[2024-07-10T01:05:09.928+0000] {logging_mixin.py:188} INFO - [2024-07-10T01:05:09.927+0000] {dag.py:3118} INFO - Creating ORM DAG for consume_1_and_2_with_dataset_expressions
[2024-07-10T01:05:09.929+0000] {logging_mixin.py:188} INFO - [2024-07-10T01:05:09.929+0000] {dag.py:3118} INFO - Creating ORM DAG for consume_1_or_both_2_and_3_with_dataset_expressions
[2024-07-10T01:05:09.931+0000] {logging_mixin.py:188} INFO - [2024-07-10T01:05:09.931+0000] {dag.py:3118} INFO - Creating ORM DAG for dataset_consumes_1_never_scheduled
[2024-07-10T01:05:09.934+0000] {logging_mixin.py:188} INFO - [2024-07-10T01:05:09.933+0000] {dag.py:3118} INFO - Creating ORM DAG for dataset_produces_1
[2024-07-10T01:05:09.940+0000] {logging_mixin.py:188} INFO - [2024-07-10T01:05:09.939+0000] {dag.py:3118} INFO - Creating ORM DAG for dataset_produces_2
[2024-07-10T01:05:09.942+0000] {logging_mixin.py:188} INFO - [2024-07-10T01:05:09.942+0000] {dag.py:3118} INFO - Creating ORM DAG for consume_1_or_2_with_dataset_expressions
[2024-07-10T01:05:09.945+0000] {logging_mixin.py:188} INFO - [2024-07-10T01:05:09.944+0000] {dag.py:3118} INFO - Creating ORM DAG for dataset_consumes_1
[2024-07-10T01:05:10.014+0000] {logging_mixin.py:188} INFO - [2024-07-10T01:05:10.013+0000] {dag.py:3954} INFO - Setting next_dagrun for conditional_dataset_and_time_based_timetable to 2024-07-10 01:00:00+00:00, run_after=2024-07-10 01:00:00+00:00
[2024-07-10T01:05:10.020+0000] {logging_mixin.py:188} INFO - [2024-07-10T01:05:10.019+0000] {dag.py:3954} INFO - Setting next_dagrun for consume_1_and_2_with_dataset_expressions to None, run_after=None
[2024-07-10T01:05:10.022+0000] {logging_mixin.py:188} INFO - [2024-07-10T01:05:10.022+0000] {dag.py:3954} INFO - Setting next_dagrun for consume_1_or_2_with_dataset_expressions to None, run_after=None
[2024-07-10T01:05:10.025+0000] {logging_mixin.py:188} INFO - [2024-07-10T01:05:10.025+0000] {dag.py:3954} INFO - Setting next_dagrun for consume_1_or_both_2_and_3_with_dataset_expressions to None, run_after=None
[2024-07-10T01:05:10.027+0000] {logging_mixin.py:188} INFO - [2024-07-10T01:05:10.026+0000] {dag.py:3954} INFO - Setting next_dagrun for dataset_consumes_1 to None, run_after=None
[2024-07-10T01:05:10.029+0000] {logging_mixin.py:188} INFO - [2024-07-10T01:05:10.028+0000] {dag.py:3954} INFO - Setting next_dagrun for dataset_consumes_1_and_2 to None, run_after=None
[2024-07-10T01:05:10.036+0000] {logging_mixin.py:188} INFO - [2024-07-10T01:05:10.032+0000] {dag.py:3954} INFO - Setting next_dagrun for dataset_consumes_1_never_scheduled to None, run_after=None
[2024-07-10T01:05:10.039+0000] {logging_mixin.py:188} INFO - [2024-07-10T01:05:10.039+0000] {dag.py:3954} INFO - Setting next_dagrun for dataset_consumes_unknown_never_scheduled to None, run_after=None
[2024-07-10T01:05:10.045+0000] {logging_mixin.py:188} INFO - [2024-07-10T01:05:10.044+0000] {dag.py:3954} INFO - Setting next_dagrun for dataset_produces_1 to 2024-07-09 00:00:00+00:00, run_after=2024-07-10 00:00:00+00:00
[2024-07-10T01:05:10.049+0000] {logging_mixin.py:188} INFO - [2024-07-10T01:05:10.048+0000] {dag.py:3954} INFO - Setting next_dagrun for dataset_produces_2 to None, run_after=None
[2024-07-10T01:05:10.264+0000] {processor.py:183} INFO - Processing /home/airflow/.local/lib/python3.12/site-packages/airflow/example_dags/example_datasets.py took 16.429 seconds
[2024-07-10T01:05:40.983+0000] {processor.py:161} INFO - Started process (PID=131) to work on /home/airflow/.local/lib/python3.12/site-packages/airflow/example_dags/example_datasets.py
[2024-07-10T01:05:40.984+0000] {processor.py:830} INFO - Processing file /home/airflow/.local/lib/python3.12/site-packages/airflow/example_dags/example_datasets.py for tasks to queue
[2024-07-10T01:05:40.986+0000] {logging_mixin.py:188} INFO - [2024-07-10T01:05:40.985+0000] {dagbag.py:545} INFO - Filling up the DagBag from /home/airflow/.local/lib/python3.12/site-packages/airflow/example_dags/example_datasets.py
[2024-07-10T01:05:41.000+0000] {processor.py:840} INFO - DAG(s) 'dataset_consumes_1', 'dataset_consumes_unknown_never_scheduled', 'dataset_consumes_1_and_2', 'dataset_produces_1', 'consume_1_and_2_with_dataset_expressions', 'consume_1_or_both_2_and_3_with_dataset_expressions', 'conditional_dataset_and_time_based_timetable', 'dataset_consumes_1_never_scheduled', 'dataset_produces_2', 'consume_1_or_2_with_dataset_expressions' retrieved from /home/airflow/.local/lib/python3.12/site-packages/airflow/example_dags/example_datasets.py
[2024-07-10T01:05:41.056+0000] {logging_mixin.py:188} INFO - [2024-07-10T01:05:41.055+0000] {dag.py:3096} INFO - Sync 10 DAGs
[2024-07-10T01:05:41.088+0000] {logging_mixin.py:188} INFO - [2024-07-10T01:05:41.088+0000] {dag.py:3954} INFO - Setting next_dagrun for conditional_dataset_and_time_based_timetable to 2024-07-10 01:00:00+00:00, run_after=2024-07-10 01:00:00+00:00
[2024-07-10T01:05:41.092+0000] {logging_mixin.py:188} INFO - [2024-07-10T01:05:41.092+0000] {dag.py:3954} INFO - Setting next_dagrun for consume_1_and_2_with_dataset_expressions to None, run_after=None
[2024-07-10T01:05:41.094+0000] {logging_mixin.py:188} INFO - [2024-07-10T01:05:41.094+0000] {dag.py:3954} INFO - Setting next_dagrun for consume_1_or_2_with_dataset_expressions to None, run_after=None
[2024-07-10T01:05:41.096+0000] {logging_mixin.py:188} INFO - [2024-07-10T01:05:41.096+0000] {dag.py:3954} INFO - Setting next_dagrun for consume_1_or_both_2_and_3_with_dataset_expressions to None, run_after=None
[2024-07-10T01:05:41.098+0000] {logging_mixin.py:188} INFO - [2024-07-10T01:05:41.097+0000] {dag.py:3954} INFO - Setting next_dagrun for dataset_consumes_1 to None, run_after=None
[2024-07-10T01:05:41.099+0000] {logging_mixin.py:188} INFO - [2024-07-10T01:05:41.099+0000] {dag.py:3954} INFO - Setting next_dagrun for dataset_consumes_1_and_2 to None, run_after=None
[2024-07-10T01:05:41.101+0000] {logging_mixin.py:188} INFO - [2024-07-10T01:05:41.101+0000] {dag.py:3954} INFO - Setting next_dagrun for dataset_consumes_1_never_scheduled to None, run_after=None
[2024-07-10T01:05:41.102+0000] {logging_mixin.py:188} INFO - [2024-07-10T01:05:41.102+0000] {dag.py:3954} INFO - Setting next_dagrun for dataset_consumes_unknown_never_scheduled to None, run_after=None
[2024-07-10T01:05:41.105+0000] {logging_mixin.py:188} INFO - [2024-07-10T01:05:41.105+0000] {dag.py:3954} INFO - Setting next_dagrun for dataset_produces_1 to 2024-07-09 00:00:00+00:00, run_after=2024-07-10 00:00:00+00:00
[2024-07-10T01:05:41.107+0000] {logging_mixin.py:188} INFO - [2024-07-10T01:05:41.107+0000] {dag.py:3954} INFO - Setting next_dagrun for dataset_produces_2 to None, run_after=None
[2024-07-10T01:05:41.152+0000] {processor.py:183} INFO - Processing /home/airflow/.local/lib/python3.12/site-packages/airflow/example_dags/example_datasets.py took 0.175 seconds
[2024-07-10T01:06:11.868+0000] {processor.py:161} INFO - Started process (PID=189) to work on /home/airflow/.local/lib/python3.12/site-packages/airflow/example_dags/example_datasets.py
[2024-07-10T01:06:11.869+0000] {processor.py:830} INFO - Processing file /home/airflow/.local/lib/python3.12/site-packages/airflow/example_dags/example_datasets.py for tasks to queue
[2024-07-10T01:06:11.871+0000] {logging_mixin.py:188} INFO - [2024-07-10T01:06:11.871+0000] {dagbag.py:545} INFO - Filling up the DagBag from /home/airflow/.local/lib/python3.12/site-packages/airflow/example_dags/example_datasets.py
[2024-07-10T01:06:11.888+0000] {processor.py:840} INFO - DAG(s) 'dataset_consumes_1_never_scheduled', 'dataset_produces_1', 'consume_1_or_2_with_dataset_expressions', 'consume_1_or_both_2_and_3_with_dataset_expressions', 'dataset_consumes_1_and_2', 'dataset_consumes_unknown_never_scheduled', 'consume_1_and_2_with_dataset_expressions', 'dataset_consumes_1', 'conditional_dataset_and_time_based_timetable', 'dataset_produces_2' retrieved from /home/airflow/.local/lib/python3.12/site-packages/airflow/example_dags/example_datasets.py
[2024-07-10T01:06:11.941+0000] {logging_mixin.py:188} INFO - [2024-07-10T01:06:11.940+0000] {dag.py:3096} INFO - Sync 10 DAGs
[2024-07-10T01:06:11.967+0000] {logging_mixin.py:188} INFO - [2024-07-10T01:06:11.967+0000] {dag.py:3954} INFO - Setting next_dagrun for conditional_dataset_and_time_based_timetable to 2024-07-10 01:00:00+00:00, run_after=2024-07-10 01:00:00+00:00
[2024-07-10T01:06:11.972+0000] {logging_mixin.py:188} INFO - [2024-07-10T01:06:11.972+0000] {dag.py:3954} INFO - Setting next_dagrun for consume_1_and_2_with_dataset_expressions to None, run_after=None
[2024-07-10T01:06:11.974+0000] {logging_mixin.py:188} INFO - [2024-07-10T01:06:11.974+0000] {dag.py:3954} INFO - Setting next_dagrun for consume_1_or_2_with_dataset_expressions to None, run_after=None
[2024-07-10T01:06:11.976+0000] {logging_mixin.py:188} INFO - [2024-07-10T01:06:11.976+0000] {dag.py:3954} INFO - Setting next_dagrun for consume_1_or_both_2_and_3_with_dataset_expressions to None, run_after=None
[2024-07-10T01:06:11.977+0000] {logging_mixin.py:188} INFO - [2024-07-10T01:06:11.977+0000] {dag.py:3954} INFO - Setting next_dagrun for dataset_consumes_1 to None, run_after=None
[2024-07-10T01:06:11.979+0000] {logging_mixin.py:188} INFO - [2024-07-10T01:06:11.978+0000] {dag.py:3954} INFO - Setting next_dagrun for dataset_consumes_1_and_2 to None, run_after=None
[2024-07-10T01:06:11.980+0000] {logging_mixin.py:188} INFO - [2024-07-10T01:06:11.980+0000] {dag.py:3954} INFO - Setting next_dagrun for dataset_consumes_1_never_scheduled to None, run_after=None
[2024-07-10T01:06:11.981+0000] {logging_mixin.py:188} INFO - [2024-07-10T01:06:11.981+0000] {dag.py:3954} INFO - Setting next_dagrun for dataset_consumes_unknown_never_scheduled to None, run_after=None
[2024-07-10T01:06:11.984+0000] {logging_mixin.py:188} INFO - [2024-07-10T01:06:11.984+0000] {dag.py:3954} INFO - Setting next_dagrun for dataset_produces_1 to 2024-07-09 00:00:00+00:00, run_after=2024-07-10 00:00:00+00:00
[2024-07-10T01:06:11.986+0000] {logging_mixin.py:188} INFO - [2024-07-10T01:06:11.986+0000] {dag.py:3954} INFO - Setting next_dagrun for dataset_produces_2 to None, run_after=None
[2024-07-10T01:06:12.037+0000] {processor.py:183} INFO - Processing /home/airflow/.local/lib/python3.12/site-packages/airflow/example_dags/example_datasets.py took 0.177 seconds
[2024-07-10T01:06:42.489+0000] {processor.py:161} INFO - Started process (PID=247) to work on /home/airflow/.local/lib/python3.12/site-packages/airflow/example_dags/example_datasets.py
[2024-07-10T01:06:42.490+0000] {processor.py:830} INFO - Processing file /home/airflow/.local/lib/python3.12/site-packages/airflow/example_dags/example_datasets.py for tasks to queue
[2024-07-10T01:06:42.492+0000] {logging_mixin.py:188} INFO - [2024-07-10T01:06:42.492+0000] {dagbag.py:545} INFO - Filling up the DagBag from /home/airflow/.local/lib/python3.12/site-packages/airflow/example_dags/example_datasets.py
[2024-07-10T01:06:42.506+0000] {processor.py:840} INFO - DAG(s) 'dataset_consumes_1_and_2', 'dataset_consumes_1', 'dataset_produces_1', 'conditional_dataset_and_time_based_timetable', 'consume_1_or_both_2_and_3_with_dataset_expressions', 'dataset_consumes_1_never_scheduled', 'consume_1_and_2_with_dataset_expressions', 'dataset_produces_2', 'dataset_consumes_unknown_never_scheduled', 'consume_1_or_2_with_dataset_expressions' retrieved from /home/airflow/.local/lib/python3.12/site-packages/airflow/example_dags/example_datasets.py
[2024-07-10T01:06:42.558+0000] {logging_mixin.py:188} INFO - [2024-07-10T01:06:42.558+0000] {dag.py:3096} INFO - Sync 10 DAGs
[2024-07-10T01:06:42.585+0000] {logging_mixin.py:188} INFO - [2024-07-10T01:06:42.585+0000] {dag.py:3954} INFO - Setting next_dagrun for conditional_dataset_and_time_based_timetable to 2024-07-10 01:00:00+00:00, run_after=2024-07-10 01:00:00+00:00
[2024-07-10T01:06:42.590+0000] {logging_mixin.py:188} INFO - [2024-07-10T01:06:42.589+0000] {dag.py:3954} INFO - Setting next_dagrun for consume_1_and_2_with_dataset_expressions to None, run_after=None
[2024-07-10T01:06:42.591+0000] {logging_mixin.py:188} INFO - [2024-07-10T01:06:42.591+0000] {dag.py:3954} INFO - Setting next_dagrun for consume_1_or_2_with_dataset_expressions to None, run_after=None
[2024-07-10T01:06:42.593+0000] {logging_mixin.py:188} INFO - [2024-07-10T01:06:42.593+0000] {dag.py:3954} INFO - Setting next_dagrun for consume_1_or_both_2_and_3_with_dataset_expressions to None, run_after=None
[2024-07-10T01:06:42.594+0000] {logging_mixin.py:188} INFO - [2024-07-10T01:06:42.594+0000] {dag.py:3954} INFO - Setting next_dagrun for dataset_consumes_1 to None, run_after=None
[2024-07-10T01:06:42.595+0000] {logging_mixin.py:188} INFO - [2024-07-10T01:06:42.595+0000] {dag.py:3954} INFO - Setting next_dagrun for dataset_consumes_1_and_2 to None, run_after=None
[2024-07-10T01:06:42.597+0000] {logging_mixin.py:188} INFO - [2024-07-10T01:06:42.597+0000] {dag.py:3954} INFO - Setting next_dagrun for dataset_consumes_1_never_scheduled to None, run_after=None
[2024-07-10T01:06:42.598+0000] {logging_mixin.py:188} INFO - [2024-07-10T01:06:42.598+0000] {dag.py:3954} INFO - Setting next_dagrun for dataset_consumes_unknown_never_scheduled to None, run_after=None
[2024-07-10T01:06:42.601+0000] {logging_mixin.py:188} INFO - [2024-07-10T01:06:42.601+0000] {dag.py:3954} INFO - Setting next_dagrun for dataset_produces_1 to 2024-07-09 00:00:00+00:00, run_after=2024-07-10 00:00:00+00:00
[2024-07-10T01:06:42.602+0000] {logging_mixin.py:188} INFO - [2024-07-10T01:06:42.602+0000] {dag.py:3954} INFO - Setting next_dagrun for dataset_produces_2 to None, run_after=None
[2024-07-10T01:06:42.893+0000] {processor.py:183} INFO - Processing /home/airflow/.local/lib/python3.12/site-packages/airflow/example_dags/example_datasets.py took 0.409 seconds
[2024-07-10T01:07:13.667+0000] {processor.py:161} INFO - Started process (PID=305) to work on /home/airflow/.local/lib/python3.12/site-packages/airflow/example_dags/example_datasets.py
[2024-07-10T01:07:13.668+0000] {processor.py:830} INFO - Processing file /home/airflow/.local/lib/python3.12/site-packages/airflow/example_dags/example_datasets.py for tasks to queue
[2024-07-10T01:07:13.670+0000] {logging_mixin.py:188} INFO - [2024-07-10T01:07:13.669+0000] {dagbag.py:545} INFO - Filling up the DagBag from /home/airflow/.local/lib/python3.12/site-packages/airflow/example_dags/example_datasets.py
[2024-07-10T01:07:13.685+0000] {processor.py:840} INFO - DAG(s) 'dataset_consumes_unknown_never_scheduled', 'dataset_consumes_1', 'dataset_produces_1', 'conditional_dataset_and_time_based_timetable', 'dataset_consumes_1_and_2', 'consume_1_or_both_2_and_3_with_dataset_expressions', 'consume_1_or_2_with_dataset_expressions', 'consume_1_and_2_with_dataset_expressions', 'dataset_consumes_1_never_scheduled', 'dataset_produces_2' retrieved from /home/airflow/.local/lib/python3.12/site-packages/airflow/example_dags/example_datasets.py
[2024-07-10T01:07:13.748+0000] {logging_mixin.py:188} INFO - [2024-07-10T01:07:13.748+0000] {dag.py:3096} INFO - Sync 10 DAGs
[2024-07-10T01:07:13.777+0000] {logging_mixin.py:188} INFO - [2024-07-10T01:07:13.777+0000] {dag.py:3954} INFO - Setting next_dagrun for conditional_dataset_and_time_based_timetable to 2024-07-10 01:00:00+00:00, run_after=2024-07-10 01:00:00+00:00
[2024-07-10T01:07:13.783+0000] {logging_mixin.py:188} INFO - [2024-07-10T01:07:13.783+0000] {dag.py:3954} INFO - Setting next_dagrun for consume_1_and_2_with_dataset_expressions to None, run_after=None
[2024-07-10T01:07:13.785+0000] {logging_mixin.py:188} INFO - [2024-07-10T01:07:13.784+0000] {dag.py:3954} INFO - Setting next_dagrun for consume_1_or_2_with_dataset_expressions to None, run_after=None
[2024-07-10T01:07:13.786+0000] {logging_mixin.py:188} INFO - [2024-07-10T01:07:13.786+0000] {dag.py:3954} INFO - Setting next_dagrun for consume_1_or_both_2_and_3_with_dataset_expressions to None, run_after=None
[2024-07-10T01:07:13.788+0000] {logging_mixin.py:188} INFO - [2024-07-10T01:07:13.788+0000] {dag.py:3954} INFO - Setting next_dagrun for dataset_consumes_1 to None, run_after=None
[2024-07-10T01:07:13.790+0000] {logging_mixin.py:188} INFO - [2024-07-10T01:07:13.790+0000] {dag.py:3954} INFO - Setting next_dagrun for dataset_consumes_1_and_2 to None, run_after=None
[2024-07-10T01:07:13.792+0000] {logging_mixin.py:188} INFO - [2024-07-10T01:07:13.792+0000] {dag.py:3954} INFO - Setting next_dagrun for dataset_consumes_1_never_scheduled to None, run_after=None
[2024-07-10T01:07:13.794+0000] {logging_mixin.py:188} INFO - [2024-07-10T01:07:13.793+0000] {dag.py:3954} INFO - Setting next_dagrun for dataset_consumes_unknown_never_scheduled to None, run_after=None
[2024-07-10T01:07:13.796+0000] {logging_mixin.py:188} INFO - [2024-07-10T01:07:13.796+0000] {dag.py:3954} INFO - Setting next_dagrun for dataset_produces_1 to 2024-07-09 00:00:00+00:00, run_after=2024-07-10 00:00:00+00:00
[2024-07-10T01:07:13.798+0000] {logging_mixin.py:188} INFO - [2024-07-10T01:07:13.798+0000] {dag.py:3954} INFO - Setting next_dagrun for dataset_produces_2 to None, run_after=None
[2024-07-10T01:07:13.836+0000] {processor.py:183} INFO - Processing /home/airflow/.local/lib/python3.12/site-packages/airflow/example_dags/example_datasets.py took 0.176 seconds
[2024-07-10T01:07:43.945+0000] {processor.py:161} INFO - Started process (PID=364) to work on /home/airflow/.local/lib/python3.12/site-packages/airflow/example_dags/example_datasets.py
[2024-07-10T01:07:43.946+0000] {processor.py:830} INFO - Processing file /home/airflow/.local/lib/python3.12/site-packages/airflow/example_dags/example_datasets.py for tasks to queue
[2024-07-10T01:07:43.948+0000] {logging_mixin.py:188} INFO - [2024-07-10T01:07:43.948+0000] {dagbag.py:545} INFO - Filling up the DagBag from /home/airflow/.local/lib/python3.12/site-packages/airflow/example_dags/example_datasets.py
[2024-07-10T01:07:43.962+0000] {processor.py:840} INFO - DAG(s) 'consume_1_and_2_with_dataset_expressions', 'consume_1_or_2_with_dataset_expressions', 'dataset_consumes_1_never_scheduled', 'conditional_dataset_and_time_based_timetable', 'dataset_produces_1', 'dataset_consumes_unknown_never_scheduled', 'dataset_consumes_1', 'dataset_consumes_1_and_2', 'dataset_produces_2', 'consume_1_or_both_2_and_3_with_dataset_expressions' retrieved from /home/airflow/.local/lib/python3.12/site-packages/airflow/example_dags/example_datasets.py
[2024-07-10T01:07:44.016+0000] {logging_mixin.py:188} INFO - [2024-07-10T01:07:44.016+0000] {dag.py:3096} INFO - Sync 10 DAGs
[2024-07-10T01:07:44.042+0000] {logging_mixin.py:188} INFO - [2024-07-10T01:07:44.042+0000] {dag.py:3954} INFO - Setting next_dagrun for conditional_dataset_and_time_based_timetable to 2024-07-10 01:00:00+00:00, run_after=2024-07-10 01:00:00+00:00
[2024-07-10T01:07:44.046+0000] {logging_mixin.py:188} INFO - [2024-07-10T01:07:44.046+0000] {dag.py:3954} INFO - Setting next_dagrun for consume_1_and_2_with_dataset_expressions to None, run_after=None
[2024-07-10T01:07:44.048+0000] {logging_mixin.py:188} INFO - [2024-07-10T01:07:44.048+0000] {dag.py:3954} INFO - Setting next_dagrun for consume_1_or_2_with_dataset_expressions to None, run_after=None
[2024-07-10T01:07:44.050+0000] {logging_mixin.py:188} INFO - [2024-07-10T01:07:44.049+0000] {dag.py:3954} INFO - Setting next_dagrun for consume_1_or_both_2_and_3_with_dataset_expressions to None, run_after=None
[2024-07-10T01:07:44.051+0000] {logging_mixin.py:188} INFO - [2024-07-10T01:07:44.051+0000] {dag.py:3954} INFO - Setting next_dagrun for dataset_consumes_1 to None, run_after=None
[2024-07-10T01:07:44.053+0000] {logging_mixin.py:188} INFO - [2024-07-10T01:07:44.053+0000] {dag.py:3954} INFO - Setting next_dagrun for dataset_consumes_1_and_2 to None, run_after=None
[2024-07-10T01:07:44.056+0000] {logging_mixin.py:188} INFO - [2024-07-10T01:07:44.055+0000] {dag.py:3954} INFO - Setting next_dagrun for dataset_consumes_1_never_scheduled to None, run_after=None
[2024-07-10T01:07:44.059+0000] {logging_mixin.py:188} INFO - [2024-07-10T01:07:44.058+0000] {dag.py:3954} INFO - Setting next_dagrun for dataset_consumes_unknown_never_scheduled to None, run_after=None
[2024-07-10T01:07:44.062+0000] {logging_mixin.py:188} INFO - [2024-07-10T01:07:44.062+0000] {dag.py:3954} INFO - Setting next_dagrun for dataset_produces_1 to 2024-07-09 00:00:00+00:00, run_after=2024-07-10 00:00:00+00:00
[2024-07-10T01:07:44.064+0000] {logging_mixin.py:188} INFO - [2024-07-10T01:07:44.064+0000] {dag.py:3954} INFO - Setting next_dagrun for dataset_produces_2 to None, run_after=None
[2024-07-10T01:07:44.097+0000] {processor.py:183} INFO - Processing /home/airflow/.local/lib/python3.12/site-packages/airflow/example_dags/example_datasets.py took 0.157 seconds
[2024-07-10T01:08:14.227+0000] {processor.py:161} INFO - Started process (PID=421) to work on /home/airflow/.local/lib/python3.12/site-packages/airflow/example_dags/example_datasets.py
[2024-07-10T01:08:14.228+0000] {processor.py:830} INFO - Processing file /home/airflow/.local/lib/python3.12/site-packages/airflow/example_dags/example_datasets.py for tasks to queue
[2024-07-10T01:08:14.230+0000] {logging_mixin.py:188} INFO - [2024-07-10T01:08:14.230+0000] {dagbag.py:545} INFO - Filling up the DagBag from /home/airflow/.local/lib/python3.12/site-packages/airflow/example_dags/example_datasets.py
[2024-07-10T01:08:14.244+0000] {processor.py:840} INFO - DAG(s) 'dataset_produces_2', 'dataset_consumes_1', 'consume_1_or_both_2_and_3_with_dataset_expressions', 'consume_1_and_2_with_dataset_expressions', 'dataset_produces_1', 'dataset_consumes_1_never_scheduled', 'dataset_consumes_1_and_2', 'conditional_dataset_and_time_based_timetable', 'dataset_consumes_unknown_never_scheduled', 'consume_1_or_2_with_dataset_expressions' retrieved from /home/airflow/.local/lib/python3.12/site-packages/airflow/example_dags/example_datasets.py
[2024-07-10T01:08:14.300+0000] {logging_mixin.py:188} INFO - [2024-07-10T01:08:14.300+0000] {dag.py:3096} INFO - Sync 10 DAGs
[2024-07-10T01:08:14.329+0000] {logging_mixin.py:188} INFO - [2024-07-10T01:08:14.329+0000] {dag.py:3954} INFO - Setting next_dagrun for conditional_dataset_and_time_based_timetable to 2024-07-10 01:00:00+00:00, run_after=2024-07-10 01:00:00+00:00
[2024-07-10T01:08:14.334+0000] {logging_mixin.py:188} INFO - [2024-07-10T01:08:14.334+0000] {dag.py:3954} INFO - Setting next_dagrun for consume_1_and_2_with_dataset_expressions to None, run_after=None
[2024-07-10T01:08:14.336+0000] {logging_mixin.py:188} INFO - [2024-07-10T01:08:14.335+0000] {dag.py:3954} INFO - Setting next_dagrun for consume_1_or_2_with_dataset_expressions to None, run_after=None
[2024-07-10T01:08:14.337+0000] {logging_mixin.py:188} INFO - [2024-07-10T01:08:14.337+0000] {dag.py:3954} INFO - Setting next_dagrun for consume_1_or_both_2_and_3_with_dataset_expressions to None, run_after=None
[2024-07-10T01:08:14.338+0000] {logging_mixin.py:188} INFO - [2024-07-10T01:08:14.338+0000] {dag.py:3954} INFO - Setting next_dagrun for dataset_consumes_1 to None, run_after=None
[2024-07-10T01:08:14.340+0000] {logging_mixin.py:188} INFO - [2024-07-10T01:08:14.339+0000] {dag.py:3954} INFO - Setting next_dagrun for dataset_consumes_1_and_2 to None, run_after=None
[2024-07-10T01:08:14.341+0000] {logging_mixin.py:188} INFO - [2024-07-10T01:08:14.341+0000] {dag.py:3954} INFO - Setting next_dagrun for dataset_consumes_1_never_scheduled to None, run_after=None
[2024-07-10T01:08:14.342+0000] {logging_mixin.py:188} INFO - [2024-07-10T01:08:14.342+0000] {dag.py:3954} INFO - Setting next_dagrun for dataset_consumes_unknown_never_scheduled to None, run_after=None
[2024-07-10T01:08:14.345+0000] {logging_mixin.py:188} INFO - [2024-07-10T01:08:14.345+0000] {dag.py:3954} INFO - Setting next_dagrun for dataset_produces_1 to 2024-07-09 00:00:00+00:00, run_after=2024-07-10 00:00:00+00:00
[2024-07-10T01:08:14.347+0000] {logging_mixin.py:188} INFO - [2024-07-10T01:08:14.346+0000] {dag.py:3954} INFO - Setting next_dagrun for dataset_produces_2 to None, run_after=None
[2024-07-10T01:08:14.382+0000] {processor.py:183} INFO - Processing /home/airflow/.local/lib/python3.12/site-packages/airflow/example_dags/example_datasets.py took 0.160 seconds
[2024-07-10T01:08:44.476+0000] {processor.py:161} INFO - Started process (PID=479) to work on /home/airflow/.local/lib/python3.12/site-packages/airflow/example_dags/example_datasets.py
[2024-07-10T01:08:44.477+0000] {processor.py:830} INFO - Processing file /home/airflow/.local/lib/python3.12/site-packages/airflow/example_dags/example_datasets.py for tasks to queue
[2024-07-10T01:08:44.479+0000] {logging_mixin.py:188} INFO - [2024-07-10T01:08:44.479+0000] {dagbag.py:545} INFO - Filling up the DagBag from /home/airflow/.local/lib/python3.12/site-packages/airflow/example_dags/example_datasets.py
[2024-07-10T01:08:44.494+0000] {processor.py:840} INFO - DAG(s) 'consume_1_or_2_with_dataset_expressions', 'dataset_consumes_unknown_never_scheduled', 'dataset_produces_2', 'dataset_produces_1', 'dataset_consumes_1_and_2', 'consume_1_or_both_2_and_3_with_dataset_expressions', 'dataset_consumes_1_never_scheduled', 'conditional_dataset_and_time_based_timetable', 'dataset_consumes_1', 'consume_1_and_2_with_dataset_expressions' retrieved from /home/airflow/.local/lib/python3.12/site-packages/airflow/example_dags/example_datasets.py
[2024-07-10T01:08:44.560+0000] {logging_mixin.py:188} INFO - [2024-07-10T01:08:44.559+0000] {dag.py:3096} INFO - Sync 10 DAGs
[2024-07-10T01:08:44.591+0000] {logging_mixin.py:188} INFO - [2024-07-10T01:08:44.590+0000] {dag.py:3954} INFO - Setting next_dagrun for conditional_dataset_and_time_based_timetable to 2024-07-10 01:00:00+00:00, run_after=2024-07-10 01:00:00+00:00
[2024-07-10T01:08:44.596+0000] {logging_mixin.py:188} INFO - [2024-07-10T01:08:44.595+0000] {dag.py:3954} INFO - Setting next_dagrun for consume_1_and_2_with_dataset_expressions to None, run_after=None
[2024-07-10T01:08:44.597+0000] {logging_mixin.py:188} INFO - [2024-07-10T01:08:44.597+0000] {dag.py:3954} INFO - Setting next_dagrun for consume_1_or_2_with_dataset_expressions to None, run_after=None
[2024-07-10T01:08:44.599+0000] {logging_mixin.py:188} INFO - [2024-07-10T01:08:44.599+0000] {dag.py:3954} INFO - Setting next_dagrun for consume_1_or_both_2_and_3_with_dataset_expressions to None, run_after=None
[2024-07-10T01:08:44.602+0000] {logging_mixin.py:188} INFO - [2024-07-10T01:08:44.601+0000] {dag.py:3954} INFO - Setting next_dagrun for dataset_consumes_1 to None, run_after=None
[2024-07-10T01:08:44.603+0000] {logging_mixin.py:188} INFO - [2024-07-10T01:08:44.603+0000] {dag.py:3954} INFO - Setting next_dagrun for dataset_consumes_1_and_2 to None, run_after=None
[2024-07-10T01:08:44.605+0000] {logging_mixin.py:188} INFO - [2024-07-10T01:08:44.605+0000] {dag.py:3954} INFO - Setting next_dagrun for dataset_consumes_1_never_scheduled to None, run_after=None
[2024-07-10T01:08:44.606+0000] {logging_mixin.py:188} INFO - [2024-07-10T01:08:44.606+0000] {dag.py:3954} INFO - Setting next_dagrun for dataset_consumes_unknown_never_scheduled to None, run_after=None
[2024-07-10T01:08:44.609+0000] {logging_mixin.py:188} INFO - [2024-07-10T01:08:44.609+0000] {dag.py:3954} INFO - Setting next_dagrun for dataset_produces_1 to 2024-07-09 00:00:00+00:00, run_after=2024-07-10 00:00:00+00:00
[2024-07-10T01:08:44.611+0000] {logging_mixin.py:188} INFO - [2024-07-10T01:08:44.611+0000] {dag.py:3954} INFO - Setting next_dagrun for dataset_produces_2 to None, run_after=None
[2024-07-10T01:08:44.649+0000] {processor.py:183} INFO - Processing /home/airflow/.local/lib/python3.12/site-packages/airflow/example_dags/example_datasets.py took 0.178 seconds
[2024-07-10T01:09:14.750+0000] {processor.py:161} INFO - Started process (PID=538) to work on /home/airflow/.local/lib/python3.12/site-packages/airflow/example_dags/example_datasets.py
[2024-07-10T01:09:14.751+0000] {processor.py:830} INFO - Processing file /home/airflow/.local/lib/python3.12/site-packages/airflow/example_dags/example_datasets.py for tasks to queue
[2024-07-10T01:09:14.753+0000] {logging_mixin.py:188} INFO - [2024-07-10T01:09:14.752+0000] {dagbag.py:545} INFO - Filling up the DagBag from /home/airflow/.local/lib/python3.12/site-packages/airflow/example_dags/example_datasets.py
[2024-07-10T01:09:14.767+0000] {processor.py:840} INFO - DAG(s) 'consume_1_or_both_2_and_3_with_dataset_expressions', 'conditional_dataset_and_time_based_timetable', 'dataset_consumes_unknown_never_scheduled', 'dataset_produces_1', 'dataset_consumes_1_never_scheduled', 'dataset_produces_2', 'dataset_consumes_1', 'consume_1_or_2_with_dataset_expressions', 'consume_1_and_2_with_dataset_expressions', 'dataset_consumes_1_and_2' retrieved from /home/airflow/.local/lib/python3.12/site-packages/airflow/example_dags/example_datasets.py
[2024-07-10T01:09:14.821+0000] {logging_mixin.py:188} INFO - [2024-07-10T01:09:14.821+0000] {dag.py:3096} INFO - Sync 10 DAGs
[2024-07-10T01:09:14.849+0000] {logging_mixin.py:188} INFO - [2024-07-10T01:09:14.849+0000] {dag.py:3954} INFO - Setting next_dagrun for conditional_dataset_and_time_based_timetable to 2024-07-10 01:00:00+00:00, run_after=2024-07-10 01:00:00+00:00
[2024-07-10T01:09:14.855+0000] {logging_mixin.py:188} INFO - [2024-07-10T01:09:14.855+0000] {dag.py:3954} INFO - Setting next_dagrun for consume_1_and_2_with_dataset_expressions to None, run_after=None
[2024-07-10T01:09:14.857+0000] {logging_mixin.py:188} INFO - [2024-07-10T01:09:14.857+0000] {dag.py:3954} INFO - Setting next_dagrun for consume_1_or_2_with_dataset_expressions to None, run_after=None
[2024-07-10T01:09:14.859+0000] {logging_mixin.py:188} INFO - [2024-07-10T01:09:14.859+0000] {dag.py:3954} INFO - Setting next_dagrun for consume_1_or_both_2_and_3_with_dataset_expressions to None, run_after=None
[2024-07-10T01:09:14.860+0000] {logging_mixin.py:188} INFO - [2024-07-10T01:09:14.860+0000] {dag.py:3954} INFO - Setting next_dagrun for dataset_consumes_1 to None, run_after=None
[2024-07-10T01:09:14.862+0000] {logging_mixin.py:188} INFO - [2024-07-10T01:09:14.861+0000] {dag.py:3954} INFO - Setting next_dagrun for dataset_consumes_1_and_2 to None, run_after=None
[2024-07-10T01:09:14.863+0000] {logging_mixin.py:188} INFO - [2024-07-10T01:09:14.863+0000] {dag.py:3954} INFO - Setting next_dagrun for dataset_consumes_1_never_scheduled to None, run_after=None
[2024-07-10T01:09:14.865+0000] {logging_mixin.py:188} INFO - [2024-07-10T01:09:14.864+0000] {dag.py:3954} INFO - Setting next_dagrun for dataset_consumes_unknown_never_scheduled to None, run_after=None
[2024-07-10T01:09:14.868+0000] {logging_mixin.py:188} INFO - [2024-07-10T01:09:14.868+0000] {dag.py:3954} INFO - Setting next_dagrun for dataset_produces_1 to 2024-07-09 00:00:00+00:00, run_after=2024-07-10 00:00:00+00:00
[2024-07-10T01:09:14.869+0000] {logging_mixin.py:188} INFO - [2024-07-10T01:09:14.869+0000] {dag.py:3954} INFO - Setting next_dagrun for dataset_produces_2 to None, run_after=None
[2024-07-10T01:09:14.905+0000] {processor.py:183} INFO - Processing /home/airflow/.local/lib/python3.12/site-packages/airflow/example_dags/example_datasets.py took 0.162 seconds
[2024-07-10T01:09:45.096+0000] {processor.py:161} INFO - Started process (PID=595) to work on /home/airflow/.local/lib/python3.12/site-packages/airflow/example_dags/example_datasets.py
[2024-07-10T01:09:45.097+0000] {processor.py:830} INFO - Processing file /home/airflow/.local/lib/python3.12/site-packages/airflow/example_dags/example_datasets.py for tasks to queue
[2024-07-10T01:09:45.098+0000] {logging_mixin.py:188} INFO - [2024-07-10T01:09:45.098+0000] {dagbag.py:545} INFO - Filling up the DagBag from /home/airflow/.local/lib/python3.12/site-packages/airflow/example_dags/example_datasets.py
[2024-07-10T01:09:45.112+0000] {processor.py:840} INFO - DAG(s) 'dataset_consumes_unknown_never_scheduled', 'consume_1_or_2_with_dataset_expressions', 'conditional_dataset_and_time_based_timetable', 'dataset_consumes_1_and_2', 'dataset_consumes_1_never_scheduled', 'consume_1_and_2_with_dataset_expressions', 'dataset_consumes_1', 'dataset_produces_2', 'dataset_produces_1', 'consume_1_or_both_2_and_3_with_dataset_expressions' retrieved from /home/airflow/.local/lib/python3.12/site-packages/airflow/example_dags/example_datasets.py
[2024-07-10T01:09:45.169+0000] {logging_mixin.py:188} INFO - [2024-07-10T01:09:45.168+0000] {dag.py:3096} INFO - Sync 10 DAGs
[2024-07-10T01:09:45.198+0000] {logging_mixin.py:188} INFO - [2024-07-10T01:09:45.198+0000] {dag.py:3954} INFO - Setting next_dagrun for conditional_dataset_and_time_based_timetable to 2024-07-10 01:00:00+00:00, run_after=2024-07-10 01:00:00+00:00
[2024-07-10T01:09:45.203+0000] {logging_mixin.py:188} INFO - [2024-07-10T01:09:45.203+0000] {dag.py:3954} INFO - Setting next_dagrun for consume_1_and_2_with_dataset_expressions to None, run_after=None
[2024-07-10T01:09:45.204+0000] {logging_mixin.py:188} INFO - [2024-07-10T01:09:45.204+0000] {dag.py:3954} INFO - Setting next_dagrun for consume_1_or_2_with_dataset_expressions to None, run_after=None
[2024-07-10T01:09:45.206+0000] {logging_mixin.py:188} INFO - [2024-07-10T01:09:45.206+0000] {dag.py:3954} INFO - Setting next_dagrun for consume_1_or_both_2_and_3_with_dataset_expressions to None, run_after=None
[2024-07-10T01:09:45.207+0000] {logging_mixin.py:188} INFO - [2024-07-10T01:09:45.207+0000] {dag.py:3954} INFO - Setting next_dagrun for dataset_consumes_1 to None, run_after=None
[2024-07-10T01:09:45.209+0000] {logging_mixin.py:188} INFO - [2024-07-10T01:09:45.209+0000] {dag.py:3954} INFO - Setting next_dagrun for dataset_consumes_1_and_2 to None, run_after=None
[2024-07-10T01:09:45.211+0000] {logging_mixin.py:188} INFO - [2024-07-10T01:09:45.211+0000] {dag.py:3954} INFO - Setting next_dagrun for dataset_consumes_1_never_scheduled to None, run_after=None
[2024-07-10T01:09:45.212+0000] {logging_mixin.py:188} INFO - [2024-07-10T01:09:45.212+0000] {dag.py:3954} INFO - Setting next_dagrun for dataset_consumes_unknown_never_scheduled to None, run_after=None
[2024-07-10T01:09:45.215+0000] {logging_mixin.py:188} INFO - [2024-07-10T01:09:45.215+0000] {dag.py:3954} INFO - Setting next_dagrun for dataset_produces_1 to 2024-07-09 00:00:00+00:00, run_after=2024-07-10 00:00:00+00:00
[2024-07-10T01:09:45.217+0000] {logging_mixin.py:188} INFO - [2024-07-10T01:09:45.216+0000] {dag.py:3954} INFO - Setting next_dagrun for dataset_produces_2 to None, run_after=None
[2024-07-10T01:09:45.253+0000] {processor.py:183} INFO - Processing /home/airflow/.local/lib/python3.12/site-packages/airflow/example_dags/example_datasets.py took 0.163 seconds
