[2024-07-10T01:04:52.708+0000] {processor.py:161} INFO - Started process (PID=64) to work on /home/airflow/.local/lib/python3.12/site-packages/airflow/example_dags/example_subdag_operator.py
[2024-07-10T01:04:52.713+0000] {processor.py:830} INFO - Processing file /home/airflow/.local/lib/python3.12/site-packages/airflow/example_dags/example_subdag_operator.py for tasks to queue
[2024-07-10T01:04:52.721+0000] {logging_mixin.py:188} INFO - [2024-07-10T01:04:52.720+0000] {dagbag.py:545} INFO - Filling up the DagBag from /home/airflow/.local/lib/python3.12/site-packages/airflow/example_dags/example_subdag_operator.py
[2024-07-10T01:04:52.936+0000] {processor.py:840} INFO - DAG(s) 'example_subdag_operator.section-1', 'example_subdag_operator.section-2', 'example_subdag_operator' retrieved from /home/airflow/.local/lib/python3.12/site-packages/airflow/example_dags/example_subdag_operator.py
[2024-07-10T01:04:53.801+0000] {logging_mixin.py:188} INFO - [2024-07-10T01:04:53.800+0000] {override.py:1829} INFO - Created Permission View: can read on DAG:example_subdag_operator
[2024-07-10T01:04:53.864+0000] {logging_mixin.py:188} INFO - [2024-07-10T01:04:53.863+0000] {override.py:1829} INFO - Created Permission View: can edit on DAG:example_subdag_operator
[2024-07-10T01:04:53.894+0000] {logging_mixin.py:188} INFO - [2024-07-10T01:04:53.892+0000] {override.py:1829} INFO - Created Permission View: can delete on DAG:example_subdag_operator
[2024-07-10T01:04:53.896+0000] {logging_mixin.py:188} INFO - [2024-07-10T01:04:53.895+0000] {dag.py:3096} INFO - Sync 3 DAGs
[2024-07-10T01:04:53.945+0000] {logging_mixin.py:188} INFO - [2024-07-10T01:04:53.944+0000] {dag.py:3118} INFO - Creating ORM DAG for example_subdag_operator.section-1
[2024-07-10T01:04:53.947+0000] {logging_mixin.py:188} INFO - [2024-07-10T01:04:53.946+0000] {dag.py:3118} INFO - Creating ORM DAG for example_subdag_operator
[2024-07-10T01:04:53.948+0000] {logging_mixin.py:188} INFO - [2024-07-10T01:04:53.948+0000] {dag.py:3118} INFO - Creating ORM DAG for example_subdag_operator.section-2
[2024-07-10T01:04:54.005+0000] {logging_mixin.py:188} INFO - [2024-07-10T01:04:54.004+0000] {dag.py:3954} INFO - Setting next_dagrun for example_subdag_operator to 2022-01-01 00:00:00+00:00, run_after=2022-01-01 00:00:00+00:00
[2024-07-10T01:04:54.017+0000] {logging_mixin.py:188} INFO - [2024-07-10T01:04:54.016+0000] {dag.py:3954} INFO - Setting next_dagrun for example_subdag_operator.section-1 to None, run_after=None
[2024-07-10T01:04:54.030+0000] {logging_mixin.py:188} INFO - [2024-07-10T01:04:54.030+0000] {dag.py:3954} INFO - Setting next_dagrun for example_subdag_operator.section-2 to None, run_after=None
[2024-07-10T01:04:54.064+0000] {logging_mixin.py:188} INFO - [2024-07-10T01:04:54.063+0000] {dag.py:3096} INFO - Sync 2 DAGs
[2024-07-10T01:04:54.098+0000] {logging_mixin.py:188} INFO - [2024-07-10T01:04:54.094+0000] {dag.py:3954} INFO - Setting next_dagrun for example_subdag_operator.section-1 to None, run_after=None
[2024-07-10T01:04:54.107+0000] {logging_mixin.py:188} INFO - [2024-07-10T01:04:54.107+0000] {dag.py:3954} INFO - Setting next_dagrun for example_subdag_operator.section-2 to None, run_after=None
[2024-07-10T01:04:54.168+0000] {processor.py:183} INFO - Processing /home/airflow/.local/lib/python3.12/site-packages/airflow/example_dags/example_subdag_operator.py took 1.473 seconds
[2024-07-10T01:05:24.271+0000] {processor.py:161} INFO - Started process (PID=122) to work on /home/airflow/.local/lib/python3.12/site-packages/airflow/example_dags/example_subdag_operator.py
[2024-07-10T01:05:24.272+0000] {processor.py:830} INFO - Processing file /home/airflow/.local/lib/python3.12/site-packages/airflow/example_dags/example_subdag_operator.py for tasks to queue
[2024-07-10T01:05:24.274+0000] {logging_mixin.py:188} INFO - [2024-07-10T01:05:24.274+0000] {dagbag.py:545} INFO - Filling up the DagBag from /home/airflow/.local/lib/python3.12/site-packages/airflow/example_dags/example_subdag_operator.py
[2024-07-10T01:05:24.297+0000] {processor.py:840} INFO - DAG(s) 'example_subdag_operator.section-1', 'example_subdag_operator.section-2', 'example_subdag_operator' retrieved from /home/airflow/.local/lib/python3.12/site-packages/airflow/example_dags/example_subdag_operator.py
[2024-07-10T01:05:24.316+0000] {logging_mixin.py:188} INFO - [2024-07-10T01:05:24.316+0000] {dag.py:3096} INFO - Sync 3 DAGs
[2024-07-10T01:05:24.340+0000] {logging_mixin.py:188} INFO - [2024-07-10T01:05:24.339+0000] {dag.py:3954} INFO - Setting next_dagrun for example_subdag_operator to 2022-01-01 00:00:00+00:00, run_after=2022-01-01 00:00:00+00:00
[2024-07-10T01:05:24.344+0000] {logging_mixin.py:188} INFO - [2024-07-10T01:05:24.344+0000] {dag.py:3954} INFO - Setting next_dagrun for example_subdag_operator.section-1 to None, run_after=None
[2024-07-10T01:05:24.346+0000] {logging_mixin.py:188} INFO - [2024-07-10T01:05:24.346+0000] {dag.py:3954} INFO - Setting next_dagrun for example_subdag_operator.section-2 to None, run_after=None
[2024-07-10T01:05:24.354+0000] {logging_mixin.py:188} INFO - [2024-07-10T01:05:24.354+0000] {dag.py:3096} INFO - Sync 2 DAGs
[2024-07-10T01:05:24.360+0000] {logging_mixin.py:188} INFO - [2024-07-10T01:05:24.360+0000] {dag.py:3954} INFO - Setting next_dagrun for example_subdag_operator.section-1 to None, run_after=None
[2024-07-10T01:05:24.361+0000] {logging_mixin.py:188} INFO - [2024-07-10T01:05:24.361+0000] {dag.py:3954} INFO - Setting next_dagrun for example_subdag_operator.section-2 to None, run_after=None
[2024-07-10T01:05:24.819+0000] {processor.py:183} INFO - Processing /home/airflow/.local/lib/python3.12/site-packages/airflow/example_dags/example_subdag_operator.py took 0.554 seconds
[2024-07-10T01:05:55.519+0000] {processor.py:161} INFO - Started process (PID=180) to work on /home/airflow/.local/lib/python3.12/site-packages/airflow/example_dags/example_subdag_operator.py
[2024-07-10T01:05:55.520+0000] {processor.py:830} INFO - Processing file /home/airflow/.local/lib/python3.12/site-packages/airflow/example_dags/example_subdag_operator.py for tasks to queue
[2024-07-10T01:05:55.522+0000] {logging_mixin.py:188} INFO - [2024-07-10T01:05:55.521+0000] {dagbag.py:545} INFO - Filling up the DagBag from /home/airflow/.local/lib/python3.12/site-packages/airflow/example_dags/example_subdag_operator.py
[2024-07-10T01:05:55.544+0000] {processor.py:840} INFO - DAG(s) 'example_subdag_operator.section-1', 'example_subdag_operator.section-2', 'example_subdag_operator' retrieved from /home/airflow/.local/lib/python3.12/site-packages/airflow/example_dags/example_subdag_operator.py
[2024-07-10T01:05:55.562+0000] {logging_mixin.py:188} INFO - [2024-07-10T01:05:55.561+0000] {dag.py:3096} INFO - Sync 3 DAGs
[2024-07-10T01:05:55.586+0000] {logging_mixin.py:188} INFO - [2024-07-10T01:05:55.586+0000] {dag.py:3954} INFO - Setting next_dagrun for example_subdag_operator to 2022-01-01 00:00:00+00:00, run_after=2022-01-01 00:00:00+00:00
[2024-07-10T01:05:55.591+0000] {logging_mixin.py:188} INFO - [2024-07-10T01:05:55.590+0000] {dag.py:3954} INFO - Setting next_dagrun for example_subdag_operator.section-1 to None, run_after=None
[2024-07-10T01:05:55.592+0000] {logging_mixin.py:188} INFO - [2024-07-10T01:05:55.592+0000] {dag.py:3954} INFO - Setting next_dagrun for example_subdag_operator.section-2 to None, run_after=None
[2024-07-10T01:05:55.600+0000] {logging_mixin.py:188} INFO - [2024-07-10T01:05:55.599+0000] {dag.py:3096} INFO - Sync 2 DAGs
[2024-07-10T01:05:55.606+0000] {logging_mixin.py:188} INFO - [2024-07-10T01:05:55.605+0000] {dag.py:3954} INFO - Setting next_dagrun for example_subdag_operator.section-1 to None, run_after=None
[2024-07-10T01:05:55.606+0000] {logging_mixin.py:188} INFO - [2024-07-10T01:05:55.606+0000] {dag.py:3954} INFO - Setting next_dagrun for example_subdag_operator.section-2 to None, run_after=None
[2024-07-10T01:05:55.638+0000] {processor.py:183} INFO - Processing /home/airflow/.local/lib/python3.12/site-packages/airflow/example_dags/example_subdag_operator.py took 0.124 seconds
[2024-07-10T01:06:26.104+0000] {processor.py:161} INFO - Started process (PID=238) to work on /home/airflow/.local/lib/python3.12/site-packages/airflow/example_dags/example_subdag_operator.py
[2024-07-10T01:06:26.106+0000] {processor.py:830} INFO - Processing file /home/airflow/.local/lib/python3.12/site-packages/airflow/example_dags/example_subdag_operator.py for tasks to queue
[2024-07-10T01:06:26.107+0000] {logging_mixin.py:188} INFO - [2024-07-10T01:06:26.107+0000] {dagbag.py:545} INFO - Filling up the DagBag from /home/airflow/.local/lib/python3.12/site-packages/airflow/example_dags/example_subdag_operator.py
[2024-07-10T01:06:26.135+0000] {processor.py:840} INFO - DAG(s) 'example_subdag_operator.section-1', 'example_subdag_operator.section-2', 'example_subdag_operator' retrieved from /home/airflow/.local/lib/python3.12/site-packages/airflow/example_dags/example_subdag_operator.py
[2024-07-10T01:06:26.152+0000] {logging_mixin.py:188} INFO - [2024-07-10T01:06:26.152+0000] {dag.py:3096} INFO - Sync 3 DAGs
[2024-07-10T01:06:26.176+0000] {logging_mixin.py:188} INFO - [2024-07-10T01:06:26.176+0000] {dag.py:3954} INFO - Setting next_dagrun for example_subdag_operator to 2022-01-01 00:00:00+00:00, run_after=2022-01-01 00:00:00+00:00
[2024-07-10T01:06:26.182+0000] {logging_mixin.py:188} INFO - [2024-07-10T01:06:26.182+0000] {dag.py:3954} INFO - Setting next_dagrun for example_subdag_operator.section-1 to None, run_after=None
[2024-07-10T01:06:26.184+0000] {logging_mixin.py:188} INFO - [2024-07-10T01:06:26.184+0000] {dag.py:3954} INFO - Setting next_dagrun for example_subdag_operator.section-2 to None, run_after=None
[2024-07-10T01:06:26.193+0000] {logging_mixin.py:188} INFO - [2024-07-10T01:06:26.193+0000] {dag.py:3096} INFO - Sync 2 DAGs
[2024-07-10T01:06:26.199+0000] {logging_mixin.py:188} INFO - [2024-07-10T01:06:26.199+0000] {dag.py:3954} INFO - Setting next_dagrun for example_subdag_operator.section-1 to None, run_after=None
[2024-07-10T01:06:26.200+0000] {logging_mixin.py:188} INFO - [2024-07-10T01:06:26.200+0000] {dag.py:3954} INFO - Setting next_dagrun for example_subdag_operator.section-2 to None, run_after=None
[2024-07-10T01:06:26.247+0000] {processor.py:183} INFO - Processing /home/airflow/.local/lib/python3.12/site-packages/airflow/example_dags/example_subdag_operator.py took 0.148 seconds
[2024-07-10T01:06:56.346+0000] {processor.py:161} INFO - Started process (PID=296) to work on /home/airflow/.local/lib/python3.12/site-packages/airflow/example_dags/example_subdag_operator.py
[2024-07-10T01:06:56.347+0000] {processor.py:830} INFO - Processing file /home/airflow/.local/lib/python3.12/site-packages/airflow/example_dags/example_subdag_operator.py for tasks to queue
[2024-07-10T01:06:56.349+0000] {logging_mixin.py:188} INFO - [2024-07-10T01:06:56.349+0000] {dagbag.py:545} INFO - Filling up the DagBag from /home/airflow/.local/lib/python3.12/site-packages/airflow/example_dags/example_subdag_operator.py
[2024-07-10T01:06:56.372+0000] {processor.py:840} INFO - DAG(s) 'example_subdag_operator.section-1', 'example_subdag_operator.section-2', 'example_subdag_operator' retrieved from /home/airflow/.local/lib/python3.12/site-packages/airflow/example_dags/example_subdag_operator.py
[2024-07-10T01:06:56.390+0000] {logging_mixin.py:188} INFO - [2024-07-10T01:06:56.389+0000] {dag.py:3096} INFO - Sync 3 DAGs
[2024-07-10T01:06:56.412+0000] {logging_mixin.py:188} INFO - [2024-07-10T01:06:56.412+0000] {dag.py:3954} INFO - Setting next_dagrun for example_subdag_operator to 2022-01-01 00:00:00+00:00, run_after=2022-01-01 00:00:00+00:00
[2024-07-10T01:06:56.416+0000] {logging_mixin.py:188} INFO - [2024-07-10T01:06:56.416+0000] {dag.py:3954} INFO - Setting next_dagrun for example_subdag_operator.section-1 to None, run_after=None
[2024-07-10T01:06:56.418+0000] {logging_mixin.py:188} INFO - [2024-07-10T01:06:56.418+0000] {dag.py:3954} INFO - Setting next_dagrun for example_subdag_operator.section-2 to None, run_after=None
[2024-07-10T01:06:56.425+0000] {logging_mixin.py:188} INFO - [2024-07-10T01:06:56.424+0000] {dag.py:3096} INFO - Sync 2 DAGs
[2024-07-10T01:06:56.430+0000] {logging_mixin.py:188} INFO - [2024-07-10T01:06:56.430+0000] {dag.py:3954} INFO - Setting next_dagrun for example_subdag_operator.section-1 to None, run_after=None
[2024-07-10T01:06:56.431+0000] {logging_mixin.py:188} INFO - [2024-07-10T01:06:56.431+0000] {dag.py:3954} INFO - Setting next_dagrun for example_subdag_operator.section-2 to None, run_after=None
[2024-07-10T01:06:56.443+0000] {processor.py:183} INFO - Processing /home/airflow/.local/lib/python3.12/site-packages/airflow/example_dags/example_subdag_operator.py took 0.102 seconds
[2024-07-10T01:07:26.497+0000] {processor.py:161} INFO - Started process (PID=354) to work on /home/airflow/.local/lib/python3.12/site-packages/airflow/example_dags/example_subdag_operator.py
[2024-07-10T01:07:26.498+0000] {processor.py:830} INFO - Processing file /home/airflow/.local/lib/python3.12/site-packages/airflow/example_dags/example_subdag_operator.py for tasks to queue
[2024-07-10T01:07:26.500+0000] {logging_mixin.py:188} INFO - [2024-07-10T01:07:26.500+0000] {dagbag.py:545} INFO - Filling up the DagBag from /home/airflow/.local/lib/python3.12/site-packages/airflow/example_dags/example_subdag_operator.py
[2024-07-10T01:07:26.524+0000] {processor.py:840} INFO - DAG(s) 'example_subdag_operator.section-1', 'example_subdag_operator.section-2', 'example_subdag_operator' retrieved from /home/airflow/.local/lib/python3.12/site-packages/airflow/example_dags/example_subdag_operator.py
[2024-07-10T01:07:26.541+0000] {logging_mixin.py:188} INFO - [2024-07-10T01:07:26.541+0000] {dag.py:3096} INFO - Sync 3 DAGs
[2024-07-10T01:07:26.564+0000] {logging_mixin.py:188} INFO - [2024-07-10T01:07:26.564+0000] {dag.py:3954} INFO - Setting next_dagrun for example_subdag_operator to 2022-01-01 00:00:00+00:00, run_after=2022-01-01 00:00:00+00:00
[2024-07-10T01:07:26.568+0000] {logging_mixin.py:188} INFO - [2024-07-10T01:07:26.568+0000] {dag.py:3954} INFO - Setting next_dagrun for example_subdag_operator.section-1 to None, run_after=None
[2024-07-10T01:07:26.570+0000] {logging_mixin.py:188} INFO - [2024-07-10T01:07:26.569+0000] {dag.py:3954} INFO - Setting next_dagrun for example_subdag_operator.section-2 to None, run_after=None
[2024-07-10T01:07:26.577+0000] {logging_mixin.py:188} INFO - [2024-07-10T01:07:26.577+0000] {dag.py:3096} INFO - Sync 2 DAGs
[2024-07-10T01:07:26.583+0000] {logging_mixin.py:188} INFO - [2024-07-10T01:07:26.583+0000] {dag.py:3954} INFO - Setting next_dagrun for example_subdag_operator.section-1 to None, run_after=None
[2024-07-10T01:07:26.584+0000] {logging_mixin.py:188} INFO - [2024-07-10T01:07:26.584+0000] {dag.py:3954} INFO - Setting next_dagrun for example_subdag_operator.section-2 to None, run_after=None
[2024-07-10T01:07:26.597+0000] {processor.py:183} INFO - Processing /home/airflow/.local/lib/python3.12/site-packages/airflow/example_dags/example_subdag_operator.py took 0.107 seconds
[2024-07-10T01:07:56.904+0000] {processor.py:161} INFO - Started process (PID=412) to work on /home/airflow/.local/lib/python3.12/site-packages/airflow/example_dags/example_subdag_operator.py
[2024-07-10T01:07:56.905+0000] {processor.py:830} INFO - Processing file /home/airflow/.local/lib/python3.12/site-packages/airflow/example_dags/example_subdag_operator.py for tasks to queue
[2024-07-10T01:07:56.907+0000] {logging_mixin.py:188} INFO - [2024-07-10T01:07:56.906+0000] {dagbag.py:545} INFO - Filling up the DagBag from /home/airflow/.local/lib/python3.12/site-packages/airflow/example_dags/example_subdag_operator.py
[2024-07-10T01:07:56.930+0000] {processor.py:840} INFO - DAG(s) 'example_subdag_operator.section-1', 'example_subdag_operator.section-2', 'example_subdag_operator' retrieved from /home/airflow/.local/lib/python3.12/site-packages/airflow/example_dags/example_subdag_operator.py
[2024-07-10T01:07:56.948+0000] {logging_mixin.py:188} INFO - [2024-07-10T01:07:56.948+0000] {dag.py:3096} INFO - Sync 3 DAGs
[2024-07-10T01:07:56.971+0000] {logging_mixin.py:188} INFO - [2024-07-10T01:07:56.971+0000] {dag.py:3954} INFO - Setting next_dagrun for example_subdag_operator to 2022-01-01 00:00:00+00:00, run_after=2022-01-01 00:00:00+00:00
[2024-07-10T01:07:56.976+0000] {logging_mixin.py:188} INFO - [2024-07-10T01:07:56.975+0000] {dag.py:3954} INFO - Setting next_dagrun for example_subdag_operator.section-1 to None, run_after=None
[2024-07-10T01:07:56.978+0000] {logging_mixin.py:188} INFO - [2024-07-10T01:07:56.977+0000] {dag.py:3954} INFO - Setting next_dagrun for example_subdag_operator.section-2 to None, run_after=None
[2024-07-10T01:07:56.988+0000] {logging_mixin.py:188} INFO - [2024-07-10T01:07:56.988+0000] {dag.py:3096} INFO - Sync 2 DAGs
[2024-07-10T01:07:56.995+0000] {logging_mixin.py:188} INFO - [2024-07-10T01:07:56.994+0000] {dag.py:3954} INFO - Setting next_dagrun for example_subdag_operator.section-1 to None, run_after=None
[2024-07-10T01:07:56.995+0000] {logging_mixin.py:188} INFO - [2024-07-10T01:07:56.995+0000] {dag.py:3954} INFO - Setting next_dagrun for example_subdag_operator.section-2 to None, run_after=None
[2024-07-10T01:07:57.009+0000] {processor.py:183} INFO - Processing /home/airflow/.local/lib/python3.12/site-packages/airflow/example_dags/example_subdag_operator.py took 0.111 seconds
[2024-07-10T01:08:27.128+0000] {processor.py:161} INFO - Started process (PID=470) to work on /home/airflow/.local/lib/python3.12/site-packages/airflow/example_dags/example_subdag_operator.py
[2024-07-10T01:08:27.129+0000] {processor.py:830} INFO - Processing file /home/airflow/.local/lib/python3.12/site-packages/airflow/example_dags/example_subdag_operator.py for tasks to queue
[2024-07-10T01:08:27.131+0000] {logging_mixin.py:188} INFO - [2024-07-10T01:08:27.130+0000] {dagbag.py:545} INFO - Filling up the DagBag from /home/airflow/.local/lib/python3.12/site-packages/airflow/example_dags/example_subdag_operator.py
[2024-07-10T01:08:27.154+0000] {processor.py:840} INFO - DAG(s) 'example_subdag_operator.section-1', 'example_subdag_operator.section-2', 'example_subdag_operator' retrieved from /home/airflow/.local/lib/python3.12/site-packages/airflow/example_dags/example_subdag_operator.py
[2024-07-10T01:08:27.173+0000] {logging_mixin.py:188} INFO - [2024-07-10T01:08:27.173+0000] {dag.py:3096} INFO - Sync 3 DAGs
[2024-07-10T01:08:27.199+0000] {logging_mixin.py:188} INFO - [2024-07-10T01:08:27.198+0000] {dag.py:3954} INFO - Setting next_dagrun for example_subdag_operator to 2022-01-01 00:00:00+00:00, run_after=2022-01-01 00:00:00+00:00
[2024-07-10T01:08:27.204+0000] {logging_mixin.py:188} INFO - [2024-07-10T01:08:27.204+0000] {dag.py:3954} INFO - Setting next_dagrun for example_subdag_operator.section-1 to None, run_after=None
[2024-07-10T01:08:27.206+0000] {logging_mixin.py:188} INFO - [2024-07-10T01:08:27.206+0000] {dag.py:3954} INFO - Setting next_dagrun for example_subdag_operator.section-2 to None, run_after=None
[2024-07-10T01:08:27.215+0000] {logging_mixin.py:188} INFO - [2024-07-10T01:08:27.215+0000] {dag.py:3096} INFO - Sync 2 DAGs
[2024-07-10T01:08:27.221+0000] {logging_mixin.py:188} INFO - [2024-07-10T01:08:27.221+0000] {dag.py:3954} INFO - Setting next_dagrun for example_subdag_operator.section-1 to None, run_after=None
[2024-07-10T01:08:27.222+0000] {logging_mixin.py:188} INFO - [2024-07-10T01:08:27.222+0000] {dag.py:3954} INFO - Setting next_dagrun for example_subdag_operator.section-2 to None, run_after=None
[2024-07-10T01:08:27.236+0000] {processor.py:183} INFO - Processing /home/airflow/.local/lib/python3.12/site-packages/airflow/example_dags/example_subdag_operator.py took 0.114 seconds
[2024-07-10T01:08:57.408+0000] {processor.py:161} INFO - Started process (PID=528) to work on /home/airflow/.local/lib/python3.12/site-packages/airflow/example_dags/example_subdag_operator.py
[2024-07-10T01:08:57.409+0000] {processor.py:830} INFO - Processing file /home/airflow/.local/lib/python3.12/site-packages/airflow/example_dags/example_subdag_operator.py for tasks to queue
[2024-07-10T01:08:57.410+0000] {logging_mixin.py:188} INFO - [2024-07-10T01:08:57.410+0000] {dagbag.py:545} INFO - Filling up the DagBag from /home/airflow/.local/lib/python3.12/site-packages/airflow/example_dags/example_subdag_operator.py
[2024-07-10T01:08:57.432+0000] {processor.py:840} INFO - DAG(s) 'example_subdag_operator.section-1', 'example_subdag_operator.section-2', 'example_subdag_operator' retrieved from /home/airflow/.local/lib/python3.12/site-packages/airflow/example_dags/example_subdag_operator.py
[2024-07-10T01:08:57.450+0000] {logging_mixin.py:188} INFO - [2024-07-10T01:08:57.449+0000] {dag.py:3096} INFO - Sync 3 DAGs
[2024-07-10T01:08:57.475+0000] {logging_mixin.py:188} INFO - [2024-07-10T01:08:57.475+0000] {dag.py:3954} INFO - Setting next_dagrun for example_subdag_operator to 2022-01-01 00:00:00+00:00, run_after=2022-01-01 00:00:00+00:00
[2024-07-10T01:08:57.479+0000] {logging_mixin.py:188} INFO - [2024-07-10T01:08:57.479+0000] {dag.py:3954} INFO - Setting next_dagrun for example_subdag_operator.section-1 to None, run_after=None
[2024-07-10T01:08:57.481+0000] {logging_mixin.py:188} INFO - [2024-07-10T01:08:57.481+0000] {dag.py:3954} INFO - Setting next_dagrun for example_subdag_operator.section-2 to None, run_after=None
[2024-07-10T01:08:57.488+0000] {logging_mixin.py:188} INFO - [2024-07-10T01:08:57.488+0000] {dag.py:3096} INFO - Sync 2 DAGs
[2024-07-10T01:08:57.494+0000] {logging_mixin.py:188} INFO - [2024-07-10T01:08:57.494+0000] {dag.py:3954} INFO - Setting next_dagrun for example_subdag_operator.section-1 to None, run_after=None
[2024-07-10T01:08:57.494+0000] {logging_mixin.py:188} INFO - [2024-07-10T01:08:57.494+0000] {dag.py:3954} INFO - Setting next_dagrun for example_subdag_operator.section-2 to None, run_after=None
[2024-07-10T01:08:57.507+0000] {processor.py:183} INFO - Processing /home/airflow/.local/lib/python3.12/site-packages/airflow/example_dags/example_subdag_operator.py took 0.105 seconds
[2024-07-10T01:09:27.749+0000] {processor.py:161} INFO - Started process (PID=586) to work on /home/airflow/.local/lib/python3.12/site-packages/airflow/example_dags/example_subdag_operator.py
[2024-07-10T01:09:27.750+0000] {processor.py:830} INFO - Processing file /home/airflow/.local/lib/python3.12/site-packages/airflow/example_dags/example_subdag_operator.py for tasks to queue
[2024-07-10T01:09:27.751+0000] {logging_mixin.py:188} INFO - [2024-07-10T01:09:27.751+0000] {dagbag.py:545} INFO - Filling up the DagBag from /home/airflow/.local/lib/python3.12/site-packages/airflow/example_dags/example_subdag_operator.py
[2024-07-10T01:09:27.781+0000] {processor.py:840} INFO - DAG(s) 'example_subdag_operator.section-1', 'example_subdag_operator.section-2', 'example_subdag_operator' retrieved from /home/airflow/.local/lib/python3.12/site-packages/airflow/example_dags/example_subdag_operator.py
[2024-07-10T01:09:27.801+0000] {logging_mixin.py:188} INFO - [2024-07-10T01:09:27.801+0000] {dag.py:3096} INFO - Sync 3 DAGs
[2024-07-10T01:09:27.827+0000] {logging_mixin.py:188} INFO - [2024-07-10T01:09:27.826+0000] {dag.py:3954} INFO - Setting next_dagrun for example_subdag_operator to 2022-01-01 00:00:00+00:00, run_after=2022-01-01 00:00:00+00:00
[2024-07-10T01:09:27.832+0000] {logging_mixin.py:188} INFO - [2024-07-10T01:09:27.831+0000] {dag.py:3954} INFO - Setting next_dagrun for example_subdag_operator.section-1 to None, run_after=None
[2024-07-10T01:09:27.833+0000] {logging_mixin.py:188} INFO - [2024-07-10T01:09:27.833+0000] {dag.py:3954} INFO - Setting next_dagrun for example_subdag_operator.section-2 to None, run_after=None
[2024-07-10T01:09:27.841+0000] {logging_mixin.py:188} INFO - [2024-07-10T01:09:27.841+0000] {dag.py:3096} INFO - Sync 2 DAGs
[2024-07-10T01:09:27.848+0000] {logging_mixin.py:188} INFO - [2024-07-10T01:09:27.848+0000] {dag.py:3954} INFO - Setting next_dagrun for example_subdag_operator.section-1 to None, run_after=None
[2024-07-10T01:09:27.849+0000] {logging_mixin.py:188} INFO - [2024-07-10T01:09:27.849+0000] {dag.py:3954} INFO - Setting next_dagrun for example_subdag_operator.section-2 to None, run_after=None
[2024-07-10T01:09:27.864+0000] {processor.py:183} INFO - Processing /home/airflow/.local/lib/python3.12/site-packages/airflow/example_dags/example_subdag_operator.py took 0.121 seconds
[2024-07-10T01:09:58.168+0000] {processor.py:161} INFO - Started process (PID=642) to work on /home/airflow/.local/lib/python3.12/site-packages/airflow/example_dags/example_subdag_operator.py
[2024-07-10T01:09:58.169+0000] {processor.py:830} INFO - Processing file /home/airflow/.local/lib/python3.12/site-packages/airflow/example_dags/example_subdag_operator.py for tasks to queue
[2024-07-10T01:09:58.171+0000] {logging_mixin.py:188} INFO - [2024-07-10T01:09:58.171+0000] {dagbag.py:545} INFO - Filling up the DagBag from /home/airflow/.local/lib/python3.12/site-packages/airflow/example_dags/example_subdag_operator.py
[2024-07-10T01:09:58.199+0000] {processor.py:840} INFO - DAG(s) 'example_subdag_operator.section-1', 'example_subdag_operator.section-2', 'example_subdag_operator' retrieved from /home/airflow/.local/lib/python3.12/site-packages/airflow/example_dags/example_subdag_operator.py
[2024-07-10T01:09:58.220+0000] {logging_mixin.py:188} INFO - [2024-07-10T01:09:58.220+0000] {dag.py:3096} INFO - Sync 3 DAGs
[2024-07-10T01:09:58.244+0000] {logging_mixin.py:188} INFO - [2024-07-10T01:09:58.244+0000] {dag.py:3954} INFO - Setting next_dagrun for example_subdag_operator to 2022-01-01 00:00:00+00:00, run_after=2022-01-01 00:00:00+00:00
[2024-07-10T01:09:58.249+0000] {logging_mixin.py:188} INFO - [2024-07-10T01:09:58.248+0000] {dag.py:3954} INFO - Setting next_dagrun for example_subdag_operator.section-1 to None, run_after=None
[2024-07-10T01:09:58.251+0000] {logging_mixin.py:188} INFO - [2024-07-10T01:09:58.251+0000] {dag.py:3954} INFO - Setting next_dagrun for example_subdag_operator.section-2 to None, run_after=None
[2024-07-10T01:09:58.261+0000] {logging_mixin.py:188} INFO - [2024-07-10T01:09:58.261+0000] {dag.py:3096} INFO - Sync 2 DAGs
[2024-07-10T01:09:58.269+0000] {logging_mixin.py:188} INFO - [2024-07-10T01:09:58.269+0000] {dag.py:3954} INFO - Setting next_dagrun for example_subdag_operator.section-1 to None, run_after=None
[2024-07-10T01:09:58.270+0000] {logging_mixin.py:188} INFO - [2024-07-10T01:09:58.270+0000] {dag.py:3954} INFO - Setting next_dagrun for example_subdag_operator.section-2 to None, run_after=None
[2024-07-10T01:09:58.285+0000] {processor.py:183} INFO - Processing /home/airflow/.local/lib/python3.12/site-packages/airflow/example_dags/example_subdag_operator.py took 0.123 seconds
