[2024-07-10T01:05:11.392+0000] {processor.py:161} INFO - Started process (PID=78) to work on /home/airflow/.local/lib/python3.12/site-packages/airflow/example_dags/example_time_delta_sensor_async.py
[2024-07-10T01:05:11.395+0000] {processor.py:830} INFO - Processing file /home/airflow/.local/lib/python3.12/site-packages/airflow/example_dags/example_time_delta_sensor_async.py for tasks to queue
[2024-07-10T01:05:11.398+0000] {logging_mixin.py:188} INFO - [2024-07-10T01:05:11.397+0000] {dagbag.py:545} INFO - Filling up the DagBag from /home/airflow/.local/lib/python3.12/site-packages/airflow/example_dags/example_time_delta_sensor_async.py
[2024-07-10T01:05:11.414+0000] {processor.py:840} INFO - DAG(s) 'example_time_delta_sensor_async' retrieved from /home/airflow/.local/lib/python3.12/site-packages/airflow/example_dags/example_time_delta_sensor_async.py
[2024-07-10T01:05:11.869+0000] {logging_mixin.py:188} INFO - [2024-07-10T01:05:11.868+0000] {override.py:1829} INFO - Created Permission View: can read on DAG:example_time_delta_sensor_async
[2024-07-10T01:05:11.911+0000] {logging_mixin.py:188} INFO - [2024-07-10T01:05:11.910+0000] {override.py:1829} INFO - Created Permission View: can edit on DAG:example_time_delta_sensor_async
[2024-07-10T01:05:11.929+0000] {logging_mixin.py:188} INFO - [2024-07-10T01:05:11.928+0000] {override.py:1829} INFO - Created Permission View: can delete on DAG:example_time_delta_sensor_async
[2024-07-10T01:05:11.931+0000] {logging_mixin.py:188} INFO - [2024-07-10T01:05:11.930+0000] {dag.py:3096} INFO - Sync 1 DAGs
[2024-07-10T01:05:11.976+0000] {logging_mixin.py:188} INFO - [2024-07-10T01:05:11.976+0000] {dag.py:3118} INFO - Creating ORM DAG for example_time_delta_sensor_async
[2024-07-10T01:05:11.983+0000] {logging_mixin.py:188} INFO - [2024-07-10T01:05:11.980+0000] {dag.py:3954} INFO - Setting next_dagrun for example_time_delta_sensor_async to None, run_after=None
[2024-07-10T01:05:12.037+0000] {processor.py:183} INFO - Processing /home/airflow/.local/lib/python3.12/site-packages/airflow/example_dags/example_time_delta_sensor_async.py took 0.665 seconds
[2024-07-10T01:05:42.249+0000] {processor.py:161} INFO - Started process (PID=136) to work on /home/airflow/.local/lib/python3.12/site-packages/airflow/example_dags/example_time_delta_sensor_async.py
[2024-07-10T01:05:42.250+0000] {processor.py:830} INFO - Processing file /home/airflow/.local/lib/python3.12/site-packages/airflow/example_dags/example_time_delta_sensor_async.py for tasks to queue
[2024-07-10T01:05:42.252+0000] {logging_mixin.py:188} INFO - [2024-07-10T01:05:42.252+0000] {dagbag.py:545} INFO - Filling up the DagBag from /home/airflow/.local/lib/python3.12/site-packages/airflow/example_dags/example_time_delta_sensor_async.py
[2024-07-10T01:05:42.256+0000] {processor.py:840} INFO - DAG(s) 'example_time_delta_sensor_async' retrieved from /home/airflow/.local/lib/python3.12/site-packages/airflow/example_dags/example_time_delta_sensor_async.py
[2024-07-10T01:05:42.276+0000] {logging_mixin.py:188} INFO - [2024-07-10T01:05:42.276+0000] {dag.py:3096} INFO - Sync 1 DAGs
[2024-07-10T01:05:42.292+0000] {logging_mixin.py:188} INFO - [2024-07-10T01:05:42.292+0000] {dag.py:3954} INFO - Setting next_dagrun for example_time_delta_sensor_async to None, run_after=None
[2024-07-10T01:05:42.338+0000] {processor.py:183} INFO - Processing /home/airflow/.local/lib/python3.12/site-packages/airflow/example_dags/example_time_delta_sensor_async.py took 0.094 seconds
[2024-07-10T01:06:13.140+0000] {processor.py:161} INFO - Started process (PID=194) to work on /home/airflow/.local/lib/python3.12/site-packages/airflow/example_dags/example_time_delta_sensor_async.py
[2024-07-10T01:06:13.141+0000] {processor.py:830} INFO - Processing file /home/airflow/.local/lib/python3.12/site-packages/airflow/example_dags/example_time_delta_sensor_async.py for tasks to queue
[2024-07-10T01:06:13.143+0000] {logging_mixin.py:188} INFO - [2024-07-10T01:06:13.143+0000] {dagbag.py:545} INFO - Filling up the DagBag from /home/airflow/.local/lib/python3.12/site-packages/airflow/example_dags/example_time_delta_sensor_async.py
[2024-07-10T01:06:13.147+0000] {processor.py:840} INFO - DAG(s) 'example_time_delta_sensor_async' retrieved from /home/airflow/.local/lib/python3.12/site-packages/airflow/example_dags/example_time_delta_sensor_async.py
[2024-07-10T01:06:13.166+0000] {logging_mixin.py:188} INFO - [2024-07-10T01:06:13.166+0000] {dag.py:3096} INFO - Sync 1 DAGs
[2024-07-10T01:06:13.180+0000] {logging_mixin.py:188} INFO - [2024-07-10T01:06:13.179+0000] {dag.py:3954} INFO - Setting next_dagrun for example_time_delta_sensor_async to None, run_after=None
[2024-07-10T01:06:13.264+0000] {processor.py:183} INFO - Processing /home/airflow/.local/lib/python3.12/site-packages/airflow/example_dags/example_time_delta_sensor_async.py took 0.130 seconds
[2024-07-10T01:06:44.177+0000] {processor.py:161} INFO - Started process (PID=252) to work on /home/airflow/.local/lib/python3.12/site-packages/airflow/example_dags/example_time_delta_sensor_async.py
[2024-07-10T01:06:44.178+0000] {processor.py:830} INFO - Processing file /home/airflow/.local/lib/python3.12/site-packages/airflow/example_dags/example_time_delta_sensor_async.py for tasks to queue
[2024-07-10T01:06:44.180+0000] {logging_mixin.py:188} INFO - [2024-07-10T01:06:44.179+0000] {dagbag.py:545} INFO - Filling up the DagBag from /home/airflow/.local/lib/python3.12/site-packages/airflow/example_dags/example_time_delta_sensor_async.py
[2024-07-10T01:06:44.184+0000] {processor.py:840} INFO - DAG(s) 'example_time_delta_sensor_async' retrieved from /home/airflow/.local/lib/python3.12/site-packages/airflow/example_dags/example_time_delta_sensor_async.py
[2024-07-10T01:06:44.205+0000] {logging_mixin.py:188} INFO - [2024-07-10T01:06:44.205+0000] {dag.py:3096} INFO - Sync 1 DAGs
[2024-07-10T01:06:44.220+0000] {logging_mixin.py:188} INFO - [2024-07-10T01:06:44.220+0000] {dag.py:3954} INFO - Setting next_dagrun for example_time_delta_sensor_async to None, run_after=None
[2024-07-10T01:06:44.363+0000] {processor.py:183} INFO - Processing /home/airflow/.local/lib/python3.12/site-packages/airflow/example_dags/example_time_delta_sensor_async.py took 0.191 seconds
[2024-07-10T01:07:14.894+0000] {processor.py:161} INFO - Started process (PID=310) to work on /home/airflow/.local/lib/python3.12/site-packages/airflow/example_dags/example_time_delta_sensor_async.py
[2024-07-10T01:07:14.895+0000] {processor.py:830} INFO - Processing file /home/airflow/.local/lib/python3.12/site-packages/airflow/example_dags/example_time_delta_sensor_async.py for tasks to queue
[2024-07-10T01:07:14.897+0000] {logging_mixin.py:188} INFO - [2024-07-10T01:07:14.897+0000] {dagbag.py:545} INFO - Filling up the DagBag from /home/airflow/.local/lib/python3.12/site-packages/airflow/example_dags/example_time_delta_sensor_async.py
[2024-07-10T01:07:14.901+0000] {processor.py:840} INFO - DAG(s) 'example_time_delta_sensor_async' retrieved from /home/airflow/.local/lib/python3.12/site-packages/airflow/example_dags/example_time_delta_sensor_async.py
[2024-07-10T01:07:14.922+0000] {logging_mixin.py:188} INFO - [2024-07-10T01:07:14.922+0000] {dag.py:3096} INFO - Sync 1 DAGs
[2024-07-10T01:07:14.936+0000] {logging_mixin.py:188} INFO - [2024-07-10T01:07:14.935+0000] {dag.py:3954} INFO - Setting next_dagrun for example_time_delta_sensor_async to None, run_after=None
[2024-07-10T01:07:14.956+0000] {processor.py:183} INFO - Processing /home/airflow/.local/lib/python3.12/site-packages/airflow/example_dags/example_time_delta_sensor_async.py took 0.067 seconds
[2024-07-10T01:07:45.177+0000] {processor.py:161} INFO - Started process (PID=368) to work on /home/airflow/.local/lib/python3.12/site-packages/airflow/example_dags/example_time_delta_sensor_async.py
[2024-07-10T01:07:45.178+0000] {processor.py:830} INFO - Processing file /home/airflow/.local/lib/python3.12/site-packages/airflow/example_dags/example_time_delta_sensor_async.py for tasks to queue
[2024-07-10T01:07:45.180+0000] {logging_mixin.py:188} INFO - [2024-07-10T01:07:45.180+0000] {dagbag.py:545} INFO - Filling up the DagBag from /home/airflow/.local/lib/python3.12/site-packages/airflow/example_dags/example_time_delta_sensor_async.py
[2024-07-10T01:07:45.184+0000] {processor.py:840} INFO - DAG(s) 'example_time_delta_sensor_async' retrieved from /home/airflow/.local/lib/python3.12/site-packages/airflow/example_dags/example_time_delta_sensor_async.py
[2024-07-10T01:07:45.204+0000] {logging_mixin.py:188} INFO - [2024-07-10T01:07:45.204+0000] {dag.py:3096} INFO - Sync 1 DAGs
[2024-07-10T01:07:45.218+0000] {logging_mixin.py:188} INFO - [2024-07-10T01:07:45.218+0000] {dag.py:3954} INFO - Setting next_dagrun for example_time_delta_sensor_async to None, run_after=None
[2024-07-10T01:07:45.239+0000] {processor.py:183} INFO - Processing /home/airflow/.local/lib/python3.12/site-packages/airflow/example_dags/example_time_delta_sensor_async.py took 0.066 seconds
[2024-07-10T01:08:15.566+0000] {processor.py:161} INFO - Started process (PID=426) to work on /home/airflow/.local/lib/python3.12/site-packages/airflow/example_dags/example_time_delta_sensor_async.py
[2024-07-10T01:08:15.567+0000] {processor.py:830} INFO - Processing file /home/airflow/.local/lib/python3.12/site-packages/airflow/example_dags/example_time_delta_sensor_async.py for tasks to queue
[2024-07-10T01:08:15.568+0000] {logging_mixin.py:188} INFO - [2024-07-10T01:08:15.568+0000] {dagbag.py:545} INFO - Filling up the DagBag from /home/airflow/.local/lib/python3.12/site-packages/airflow/example_dags/example_time_delta_sensor_async.py
[2024-07-10T01:08:15.572+0000] {processor.py:840} INFO - DAG(s) 'example_time_delta_sensor_async' retrieved from /home/airflow/.local/lib/python3.12/site-packages/airflow/example_dags/example_time_delta_sensor_async.py
[2024-07-10T01:08:15.594+0000] {logging_mixin.py:188} INFO - [2024-07-10T01:08:15.593+0000] {dag.py:3096} INFO - Sync 1 DAGs
[2024-07-10T01:08:15.607+0000] {logging_mixin.py:188} INFO - [2024-07-10T01:08:15.607+0000] {dag.py:3954} INFO - Setting next_dagrun for example_time_delta_sensor_async to None, run_after=None
[2024-07-10T01:08:15.626+0000] {processor.py:183} INFO - Processing /home/airflow/.local/lib/python3.12/site-packages/airflow/example_dags/example_time_delta_sensor_async.py took 0.065 seconds
[2024-07-10T01:08:45.741+0000] {processor.py:161} INFO - Started process (PID=484) to work on /home/airflow/.local/lib/python3.12/site-packages/airflow/example_dags/example_time_delta_sensor_async.py
[2024-07-10T01:08:45.742+0000] {processor.py:830} INFO - Processing file /home/airflow/.local/lib/python3.12/site-packages/airflow/example_dags/example_time_delta_sensor_async.py for tasks to queue
[2024-07-10T01:08:45.745+0000] {logging_mixin.py:188} INFO - [2024-07-10T01:08:45.745+0000] {dagbag.py:545} INFO - Filling up the DagBag from /home/airflow/.local/lib/python3.12/site-packages/airflow/example_dags/example_time_delta_sensor_async.py
[2024-07-10T01:08:45.750+0000] {processor.py:840} INFO - DAG(s) 'example_time_delta_sensor_async' retrieved from /home/airflow/.local/lib/python3.12/site-packages/airflow/example_dags/example_time_delta_sensor_async.py
[2024-07-10T01:08:45.773+0000] {logging_mixin.py:188} INFO - [2024-07-10T01:08:45.773+0000] {dag.py:3096} INFO - Sync 1 DAGs
[2024-07-10T01:08:45.789+0000] {logging_mixin.py:188} INFO - [2024-07-10T01:08:45.789+0000] {dag.py:3954} INFO - Setting next_dagrun for example_time_delta_sensor_async to None, run_after=None
[2024-07-10T01:08:45.814+0000] {processor.py:183} INFO - Processing /home/airflow/.local/lib/python3.12/site-packages/airflow/example_dags/example_time_delta_sensor_async.py took 0.081 seconds
[2024-07-10T01:09:16.034+0000] {processor.py:161} INFO - Started process (PID=542) to work on /home/airflow/.local/lib/python3.12/site-packages/airflow/example_dags/example_time_delta_sensor_async.py
[2024-07-10T01:09:16.035+0000] {processor.py:830} INFO - Processing file /home/airflow/.local/lib/python3.12/site-packages/airflow/example_dags/example_time_delta_sensor_async.py for tasks to queue
[2024-07-10T01:09:16.036+0000] {logging_mixin.py:188} INFO - [2024-07-10T01:09:16.036+0000] {dagbag.py:545} INFO - Filling up the DagBag from /home/airflow/.local/lib/python3.12/site-packages/airflow/example_dags/example_time_delta_sensor_async.py
[2024-07-10T01:09:16.040+0000] {processor.py:840} INFO - DAG(s) 'example_time_delta_sensor_async' retrieved from /home/airflow/.local/lib/python3.12/site-packages/airflow/example_dags/example_time_delta_sensor_async.py
[2024-07-10T01:09:16.065+0000] {logging_mixin.py:188} INFO - [2024-07-10T01:09:16.065+0000] {dag.py:3096} INFO - Sync 1 DAGs
[2024-07-10T01:09:16.082+0000] {logging_mixin.py:188} INFO - [2024-07-10T01:09:16.082+0000] {dag.py:3954} INFO - Setting next_dagrun for example_time_delta_sensor_async to None, run_after=None
[2024-07-10T01:09:16.104+0000] {processor.py:183} INFO - Processing /home/airflow/.local/lib/python3.12/site-packages/airflow/example_dags/example_time_delta_sensor_async.py took 0.075 seconds
[2024-07-10T01:09:46.343+0000] {processor.py:161} INFO - Started process (PID=600) to work on /home/airflow/.local/lib/python3.12/site-packages/airflow/example_dags/example_time_delta_sensor_async.py
[2024-07-10T01:09:46.344+0000] {processor.py:830} INFO - Processing file /home/airflow/.local/lib/python3.12/site-packages/airflow/example_dags/example_time_delta_sensor_async.py for tasks to queue
[2024-07-10T01:09:46.346+0000] {logging_mixin.py:188} INFO - [2024-07-10T01:09:46.346+0000] {dagbag.py:545} INFO - Filling up the DagBag from /home/airflow/.local/lib/python3.12/site-packages/airflow/example_dags/example_time_delta_sensor_async.py
[2024-07-10T01:09:46.350+0000] {processor.py:840} INFO - DAG(s) 'example_time_delta_sensor_async' retrieved from /home/airflow/.local/lib/python3.12/site-packages/airflow/example_dags/example_time_delta_sensor_async.py
[2024-07-10T01:09:46.371+0000] {logging_mixin.py:188} INFO - [2024-07-10T01:09:46.370+0000] {dag.py:3096} INFO - Sync 1 DAGs
[2024-07-10T01:09:46.388+0000] {logging_mixin.py:188} INFO - [2024-07-10T01:09:46.388+0000] {dag.py:3954} INFO - Setting next_dagrun for example_time_delta_sensor_async to None, run_after=None
[2024-07-10T01:09:46.410+0000] {processor.py:183} INFO - Processing /home/airflow/.local/lib/python3.12/site-packages/airflow/example_dags/example_time_delta_sensor_async.py took 0.073 seconds
