[2024-07-10T01:04:39.675+0000] {processor.py:161} INFO - Started process (PID=59) to work on /home/airflow/.local/lib/python3.12/site-packages/airflow/example_dags/example_display_name.py
[2024-07-10T01:04:39.676+0000] {processor.py:830} INFO - Processing file /home/airflow/.local/lib/python3.12/site-packages/airflow/example_dags/example_display_name.py for tasks to queue
[2024-07-10T01:04:39.677+0000] {logging_mixin.py:188} INFO - [2024-07-10T01:04:39.677+0000] {dagbag.py:545} INFO - Filling up the DagBag from /home/airflow/.local/lib/python3.12/site-packages/airflow/example_dags/example_display_name.py
[2024-07-10T01:04:42.029+0000] {processor.py:840} INFO - DAG(s) 'example_display_name' retrieved from /home/airflow/.local/lib/python3.12/site-packages/airflow/example_dags/example_display_name.py
[2024-07-10T01:04:48.834+0000] {logging_mixin.py:188} INFO - [2024-07-10T01:04:48.833+0000] {override.py:1829} INFO - Created Permission View: can read on DAG:example_display_name
[2024-07-10T01:04:49.444+0000] {logging_mixin.py:188} INFO - [2024-07-10T01:04:49.443+0000] {override.py:1829} INFO - Created Permission View: can edit on DAG:example_display_name
[2024-07-10T01:04:49.598+0000] {logging_mixin.py:188} INFO - [2024-07-10T01:04:49.598+0000] {override.py:1829} INFO - Created Permission View: can delete on DAG:example_display_name
[2024-07-10T01:04:49.600+0000] {logging_mixin.py:188} INFO - [2024-07-10T01:04:49.600+0000] {dag.py:3096} INFO - Sync 1 DAGs
[2024-07-10T01:04:50.102+0000] {logging_mixin.py:188} INFO - [2024-07-10T01:04:50.102+0000] {dag.py:3118} INFO - Creating ORM DAG for example_display_name
[2024-07-10T01:04:50.104+0000] {logging_mixin.py:188} INFO - [2024-07-10T01:04:50.104+0000] {dag.py:3954} INFO - Setting next_dagrun for example_display_name to None, run_after=None
[2024-07-10T01:04:50.327+0000] {processor.py:183} INFO - Processing /home/airflow/.local/lib/python3.12/site-packages/airflow/example_dags/example_display_name.py took 10.668 seconds
[2024-07-10T01:05:21.063+0000] {processor.py:161} INFO - Started process (PID=118) to work on /home/airflow/.local/lib/python3.12/site-packages/airflow/example_dags/example_display_name.py
[2024-07-10T01:05:21.065+0000] {processor.py:830} INFO - Processing file /home/airflow/.local/lib/python3.12/site-packages/airflow/example_dags/example_display_name.py for tasks to queue
[2024-07-10T01:05:21.067+0000] {logging_mixin.py:188} INFO - [2024-07-10T01:05:21.066+0000] {dagbag.py:545} INFO - Filling up the DagBag from /home/airflow/.local/lib/python3.12/site-packages/airflow/example_dags/example_display_name.py
[2024-07-10T01:05:21.072+0000] {processor.py:840} INFO - DAG(s) 'example_display_name' retrieved from /home/airflow/.local/lib/python3.12/site-packages/airflow/example_dags/example_display_name.py
[2024-07-10T01:05:21.093+0000] {logging_mixin.py:188} INFO - [2024-07-10T01:05:21.092+0000] {dag.py:3096} INFO - Sync 1 DAGs
[2024-07-10T01:05:21.116+0000] {logging_mixin.py:188} INFO - [2024-07-10T01:05:21.116+0000] {dag.py:3954} INFO - Setting next_dagrun for example_display_name to None, run_after=None
[2024-07-10T01:05:21.174+0000] {processor.py:183} INFO - Processing /home/airflow/.local/lib/python3.12/site-packages/airflow/example_dags/example_display_name.py took 0.120 seconds
[2024-07-10T01:05:51.340+0000] {processor.py:161} INFO - Started process (PID=176) to work on /home/airflow/.local/lib/python3.12/site-packages/airflow/example_dags/example_display_name.py
[2024-07-10T01:05:51.342+0000] {processor.py:830} INFO - Processing file /home/airflow/.local/lib/python3.12/site-packages/airflow/example_dags/example_display_name.py for tasks to queue
[2024-07-10T01:05:51.343+0000] {logging_mixin.py:188} INFO - [2024-07-10T01:05:51.343+0000] {dagbag.py:545} INFO - Filling up the DagBag from /home/airflow/.local/lib/python3.12/site-packages/airflow/example_dags/example_display_name.py
[2024-07-10T01:05:51.349+0000] {processor.py:840} INFO - DAG(s) 'example_display_name' retrieved from /home/airflow/.local/lib/python3.12/site-packages/airflow/example_dags/example_display_name.py
[2024-07-10T01:05:51.368+0000] {logging_mixin.py:188} INFO - [2024-07-10T01:05:51.368+0000] {dag.py:3096} INFO - Sync 1 DAGs
[2024-07-10T01:05:51.383+0000] {logging_mixin.py:188} INFO - [2024-07-10T01:05:51.382+0000] {dag.py:3954} INFO - Setting next_dagrun for example_display_name to None, run_after=None
[2024-07-10T01:05:51.469+0000] {processor.py:183} INFO - Processing /home/airflow/.local/lib/python3.12/site-packages/airflow/example_dags/example_display_name.py took 0.134 seconds
[2024-07-10T01:06:21.943+0000] {processor.py:161} INFO - Started process (PID=234) to work on /home/airflow/.local/lib/python3.12/site-packages/airflow/example_dags/example_display_name.py
[2024-07-10T01:06:21.944+0000] {processor.py:830} INFO - Processing file /home/airflow/.local/lib/python3.12/site-packages/airflow/example_dags/example_display_name.py for tasks to queue
[2024-07-10T01:06:21.946+0000] {logging_mixin.py:188} INFO - [2024-07-10T01:06:21.946+0000] {dagbag.py:545} INFO - Filling up the DagBag from /home/airflow/.local/lib/python3.12/site-packages/airflow/example_dags/example_display_name.py
[2024-07-10T01:06:21.951+0000] {processor.py:840} INFO - DAG(s) 'example_display_name' retrieved from /home/airflow/.local/lib/python3.12/site-packages/airflow/example_dags/example_display_name.py
[2024-07-10T01:06:21.969+0000] {logging_mixin.py:188} INFO - [2024-07-10T01:06:21.969+0000] {dag.py:3096} INFO - Sync 1 DAGs
[2024-07-10T01:06:21.982+0000] {logging_mixin.py:188} INFO - [2024-07-10T01:06:21.982+0000] {dag.py:3954} INFO - Setting next_dagrun for example_display_name to None, run_after=None
[2024-07-10T01:06:22.017+0000] {processor.py:183} INFO - Processing /home/airflow/.local/lib/python3.12/site-packages/airflow/example_dags/example_display_name.py took 0.079 seconds
[2024-07-10T01:06:52.133+0000] {processor.py:161} INFO - Started process (PID=292) to work on /home/airflow/.local/lib/python3.12/site-packages/airflow/example_dags/example_display_name.py
[2024-07-10T01:06:52.134+0000] {processor.py:830} INFO - Processing file /home/airflow/.local/lib/python3.12/site-packages/airflow/example_dags/example_display_name.py for tasks to queue
[2024-07-10T01:06:52.136+0000] {logging_mixin.py:188} INFO - [2024-07-10T01:06:52.135+0000] {dagbag.py:545} INFO - Filling up the DagBag from /home/airflow/.local/lib/python3.12/site-packages/airflow/example_dags/example_display_name.py
[2024-07-10T01:06:52.140+0000] {processor.py:840} INFO - DAG(s) 'example_display_name' retrieved from /home/airflow/.local/lib/python3.12/site-packages/airflow/example_dags/example_display_name.py
[2024-07-10T01:06:52.159+0000] {logging_mixin.py:188} INFO - [2024-07-10T01:06:52.159+0000] {dag.py:3096} INFO - Sync 1 DAGs
[2024-07-10T01:06:52.172+0000] {logging_mixin.py:188} INFO - [2024-07-10T01:06:52.172+0000] {dag.py:3954} INFO - Setting next_dagrun for example_display_name to None, run_after=None
[2024-07-10T01:06:52.194+0000] {processor.py:183} INFO - Processing /home/airflow/.local/lib/python3.12/site-packages/airflow/example_dags/example_display_name.py took 0.066 seconds
[2024-07-10T01:07:22.277+0000] {processor.py:161} INFO - Started process (PID=348) to work on /home/airflow/.local/lib/python3.12/site-packages/airflow/example_dags/example_display_name.py
[2024-07-10T01:07:22.278+0000] {processor.py:830} INFO - Processing file /home/airflow/.local/lib/python3.12/site-packages/airflow/example_dags/example_display_name.py for tasks to queue
[2024-07-10T01:07:22.279+0000] {logging_mixin.py:188} INFO - [2024-07-10T01:07:22.279+0000] {dagbag.py:545} INFO - Filling up the DagBag from /home/airflow/.local/lib/python3.12/site-packages/airflow/example_dags/example_display_name.py
[2024-07-10T01:07:22.284+0000] {processor.py:840} INFO - DAG(s) 'example_display_name' retrieved from /home/airflow/.local/lib/python3.12/site-packages/airflow/example_dags/example_display_name.py
[2024-07-10T01:07:22.303+0000] {logging_mixin.py:188} INFO - [2024-07-10T01:07:22.302+0000] {dag.py:3096} INFO - Sync 1 DAGs
[2024-07-10T01:07:22.315+0000] {logging_mixin.py:188} INFO - [2024-07-10T01:07:22.315+0000] {dag.py:3954} INFO - Setting next_dagrun for example_display_name to None, run_after=None
[2024-07-10T01:07:22.336+0000] {processor.py:183} INFO - Processing /home/airflow/.local/lib/python3.12/site-packages/airflow/example_dags/example_display_name.py took 0.064 seconds
[2024-07-10T01:07:52.372+0000] {processor.py:161} INFO - Started process (PID=406) to work on /home/airflow/.local/lib/python3.12/site-packages/airflow/example_dags/example_display_name.py
[2024-07-10T01:07:52.373+0000] {processor.py:830} INFO - Processing file /home/airflow/.local/lib/python3.12/site-packages/airflow/example_dags/example_display_name.py for tasks to queue
[2024-07-10T01:07:52.374+0000] {logging_mixin.py:188} INFO - [2024-07-10T01:07:52.374+0000] {dagbag.py:545} INFO - Filling up the DagBag from /home/airflow/.local/lib/python3.12/site-packages/airflow/example_dags/example_display_name.py
[2024-07-10T01:07:52.379+0000] {processor.py:840} INFO - DAG(s) 'example_display_name' retrieved from /home/airflow/.local/lib/python3.12/site-packages/airflow/example_dags/example_display_name.py
[2024-07-10T01:07:52.399+0000] {logging_mixin.py:188} INFO - [2024-07-10T01:07:52.399+0000] {dag.py:3096} INFO - Sync 1 DAGs
[2024-07-10T01:07:52.413+0000] {logging_mixin.py:188} INFO - [2024-07-10T01:07:52.413+0000] {dag.py:3954} INFO - Setting next_dagrun for example_display_name to None, run_after=None
[2024-07-10T01:07:52.433+0000] {processor.py:183} INFO - Processing /home/airflow/.local/lib/python3.12/site-packages/airflow/example_dags/example_display_name.py took 0.066 seconds
[2024-07-10T01:08:22.921+0000] {processor.py:161} INFO - Started process (PID=464) to work on /home/airflow/.local/lib/python3.12/site-packages/airflow/example_dags/example_display_name.py
[2024-07-10T01:08:22.922+0000] {processor.py:830} INFO - Processing file /home/airflow/.local/lib/python3.12/site-packages/airflow/example_dags/example_display_name.py for tasks to queue
[2024-07-10T01:08:22.924+0000] {logging_mixin.py:188} INFO - [2024-07-10T01:08:22.924+0000] {dagbag.py:545} INFO - Filling up the DagBag from /home/airflow/.local/lib/python3.12/site-packages/airflow/example_dags/example_display_name.py
[2024-07-10T01:08:22.929+0000] {processor.py:840} INFO - DAG(s) 'example_display_name' retrieved from /home/airflow/.local/lib/python3.12/site-packages/airflow/example_dags/example_display_name.py
[2024-07-10T01:08:22.948+0000] {logging_mixin.py:188} INFO - [2024-07-10T01:08:22.948+0000] {dag.py:3096} INFO - Sync 1 DAGs
[2024-07-10T01:08:22.962+0000] {logging_mixin.py:188} INFO - [2024-07-10T01:08:22.962+0000] {dag.py:3954} INFO - Setting next_dagrun for example_display_name to None, run_after=None
[2024-07-10T01:08:22.982+0000] {processor.py:183} INFO - Processing /home/airflow/.local/lib/python3.12/site-packages/airflow/example_dags/example_display_name.py took 0.066 seconds
[2024-07-10T01:08:53.030+0000] {processor.py:161} INFO - Started process (PID=522) to work on /home/airflow/.local/lib/python3.12/site-packages/airflow/example_dags/example_display_name.py
[2024-07-10T01:08:53.031+0000] {processor.py:830} INFO - Processing file /home/airflow/.local/lib/python3.12/site-packages/airflow/example_dags/example_display_name.py for tasks to queue
[2024-07-10T01:08:53.033+0000] {logging_mixin.py:188} INFO - [2024-07-10T01:08:53.033+0000] {dagbag.py:545} INFO - Filling up the DagBag from /home/airflow/.local/lib/python3.12/site-packages/airflow/example_dags/example_display_name.py
[2024-07-10T01:08:53.038+0000] {processor.py:840} INFO - DAG(s) 'example_display_name' retrieved from /home/airflow/.local/lib/python3.12/site-packages/airflow/example_dags/example_display_name.py
[2024-07-10T01:08:53.057+0000] {logging_mixin.py:188} INFO - [2024-07-10T01:08:53.057+0000] {dag.py:3096} INFO - Sync 1 DAGs
[2024-07-10T01:08:53.072+0000] {logging_mixin.py:188} INFO - [2024-07-10T01:08:53.072+0000] {dag.py:3954} INFO - Setting next_dagrun for example_display_name to None, run_after=None
[2024-07-10T01:08:53.092+0000] {processor.py:183} INFO - Processing /home/airflow/.local/lib/python3.12/site-packages/airflow/example_dags/example_display_name.py took 0.068 seconds
[2024-07-10T01:09:23.704+0000] {processor.py:161} INFO - Started process (PID=580) to work on /home/airflow/.local/lib/python3.12/site-packages/airflow/example_dags/example_display_name.py
[2024-07-10T01:09:23.705+0000] {processor.py:830} INFO - Processing file /home/airflow/.local/lib/python3.12/site-packages/airflow/example_dags/example_display_name.py for tasks to queue
[2024-07-10T01:09:23.707+0000] {logging_mixin.py:188} INFO - [2024-07-10T01:09:23.707+0000] {dagbag.py:545} INFO - Filling up the DagBag from /home/airflow/.local/lib/python3.12/site-packages/airflow/example_dags/example_display_name.py
[2024-07-10T01:09:23.713+0000] {processor.py:840} INFO - DAG(s) 'example_display_name' retrieved from /home/airflow/.local/lib/python3.12/site-packages/airflow/example_dags/example_display_name.py
[2024-07-10T01:09:23.736+0000] {logging_mixin.py:188} INFO - [2024-07-10T01:09:23.736+0000] {dag.py:3096} INFO - Sync 1 DAGs
[2024-07-10T01:09:23.750+0000] {logging_mixin.py:188} INFO - [2024-07-10T01:09:23.750+0000] {dag.py:3954} INFO - Setting next_dagrun for example_display_name to None, run_after=None
[2024-07-10T01:09:23.771+0000] {processor.py:183} INFO - Processing /home/airflow/.local/lib/python3.12/site-packages/airflow/example_dags/example_display_name.py took 0.073 seconds
[2024-07-10T01:09:53.980+0000] {processor.py:161} INFO - Started process (PID=638) to work on /home/airflow/.local/lib/python3.12/site-packages/airflow/example_dags/example_display_name.py
[2024-07-10T01:09:53.982+0000] {processor.py:830} INFO - Processing file /home/airflow/.local/lib/python3.12/site-packages/airflow/example_dags/example_display_name.py for tasks to queue
[2024-07-10T01:09:53.984+0000] {logging_mixin.py:188} INFO - [2024-07-10T01:09:53.983+0000] {dagbag.py:545} INFO - Filling up the DagBag from /home/airflow/.local/lib/python3.12/site-packages/airflow/example_dags/example_display_name.py
[2024-07-10T01:09:53.995+0000] {processor.py:840} INFO - DAG(s) 'example_display_name' retrieved from /home/airflow/.local/lib/python3.12/site-packages/airflow/example_dags/example_display_name.py
[2024-07-10T01:09:54.021+0000] {logging_mixin.py:188} INFO - [2024-07-10T01:09:54.020+0000] {dag.py:3096} INFO - Sync 1 DAGs
[2024-07-10T01:09:54.039+0000] {logging_mixin.py:188} INFO - [2024-07-10T01:09:54.038+0000] {dag.py:3954} INFO - Setting next_dagrun for example_display_name to None, run_after=None
[2024-07-10T01:09:54.067+0000] {processor.py:183} INFO - Processing /home/airflow/.local/lib/python3.12/site-packages/airflow/example_dags/example_display_name.py took 0.092 seconds
