[2024-07-10T01:05:10.428+0000] {processor.py:161} INFO - Started process (PID=75) to work on /home/airflow/.local/lib/python3.12/site-packages/airflow/example_dags/example_sensors.py
[2024-07-10T01:05:10.435+0000] {processor.py:830} INFO - Processing file /home/airflow/.local/lib/python3.12/site-packages/airflow/example_dags/example_sensors.py for tasks to queue
[2024-07-10T01:05:10.443+0000] {logging_mixin.py:188} INFO - [2024-07-10T01:05:10.442+0000] {dagbag.py:545} INFO - Filling up the DagBag from /home/airflow/.local/lib/python3.12/site-packages/airflow/example_dags/example_sensors.py
[2024-07-10T01:05:10.485+0000] {processor.py:840} INFO - DAG(s) 'example_sensors' retrieved from /home/airflow/.local/lib/python3.12/site-packages/airflow/example_dags/example_sensors.py
[2024-07-10T01:05:11.019+0000] {logging_mixin.py:188} INFO - [2024-07-10T01:05:11.018+0000] {override.py:1829} INFO - Created Permission View: can read on DAG:example_sensors
[2024-07-10T01:05:11.069+0000] {logging_mixin.py:188} INFO - [2024-07-10T01:05:11.066+0000] {override.py:1829} INFO - Created Permission View: can edit on DAG:example_sensors
[2024-07-10T01:05:11.094+0000] {logging_mixin.py:188} INFO - [2024-07-10T01:05:11.093+0000] {override.py:1829} INFO - Created Permission View: can delete on DAG:example_sensors
[2024-07-10T01:05:11.096+0000] {logging_mixin.py:188} INFO - [2024-07-10T01:05:11.095+0000] {dag.py:3096} INFO - Sync 1 DAGs
[2024-07-10T01:05:11.156+0000] {logging_mixin.py:188} INFO - [2024-07-10T01:05:11.156+0000] {dag.py:3118} INFO - Creating ORM DAG for example_sensors
[2024-07-10T01:05:11.161+0000] {logging_mixin.py:188} INFO - [2024-07-10T01:05:11.160+0000] {dag.py:3954} INFO - Setting next_dagrun for example_sensors to None, run_after=None
[2024-07-10T01:05:11.217+0000] {processor.py:183} INFO - Processing /home/airflow/.local/lib/python3.12/site-packages/airflow/example_dags/example_sensors.py took 0.817 seconds
[2024-07-10T01:05:42.113+0000] {processor.py:161} INFO - Started process (PID=133) to work on /home/airflow/.local/lib/python3.12/site-packages/airflow/example_dags/example_sensors.py
[2024-07-10T01:05:42.114+0000] {processor.py:830} INFO - Processing file /home/airflow/.local/lib/python3.12/site-packages/airflow/example_dags/example_sensors.py for tasks to queue
[2024-07-10T01:05:42.116+0000] {logging_mixin.py:188} INFO - [2024-07-10T01:05:42.116+0000] {dagbag.py:545} INFO - Filling up the DagBag from /home/airflow/.local/lib/python3.12/site-packages/airflow/example_dags/example_sensors.py
[2024-07-10T01:05:42.125+0000] {processor.py:840} INFO - DAG(s) 'example_sensors' retrieved from /home/airflow/.local/lib/python3.12/site-packages/airflow/example_dags/example_sensors.py
[2024-07-10T01:05:42.152+0000] {logging_mixin.py:188} INFO - [2024-07-10T01:05:42.151+0000] {dag.py:3096} INFO - Sync 1 DAGs
[2024-07-10T01:05:42.167+0000] {logging_mixin.py:188} INFO - [2024-07-10T01:05:42.167+0000] {dag.py:3954} INFO - Setting next_dagrun for example_sensors to None, run_after=None
[2024-07-10T01:05:42.217+0000] {processor.py:183} INFO - Processing /home/airflow/.local/lib/python3.12/site-packages/airflow/example_dags/example_sensors.py took 0.109 seconds
[2024-07-10T01:06:13.008+0000] {processor.py:161} INFO - Started process (PID=191) to work on /home/airflow/.local/lib/python3.12/site-packages/airflow/example_dags/example_sensors.py
[2024-07-10T01:06:13.009+0000] {processor.py:830} INFO - Processing file /home/airflow/.local/lib/python3.12/site-packages/airflow/example_dags/example_sensors.py for tasks to queue
[2024-07-10T01:06:13.010+0000] {logging_mixin.py:188} INFO - [2024-07-10T01:06:13.010+0000] {dagbag.py:545} INFO - Filling up the DagBag from /home/airflow/.local/lib/python3.12/site-packages/airflow/example_dags/example_sensors.py
[2024-07-10T01:06:13.019+0000] {processor.py:840} INFO - DAG(s) 'example_sensors' retrieved from /home/airflow/.local/lib/python3.12/site-packages/airflow/example_dags/example_sensors.py
[2024-07-10T01:06:13.047+0000] {logging_mixin.py:188} INFO - [2024-07-10T01:06:13.046+0000] {dag.py:3096} INFO - Sync 1 DAGs
[2024-07-10T01:06:13.061+0000] {logging_mixin.py:188} INFO - [2024-07-10T01:06:13.061+0000] {dag.py:3954} INFO - Setting next_dagrun for example_sensors to None, run_after=None
[2024-07-10T01:06:13.107+0000] {processor.py:183} INFO - Processing /home/airflow/.local/lib/python3.12/site-packages/airflow/example_dags/example_sensors.py took 0.104 seconds
[2024-07-10T01:06:43.837+0000] {processor.py:161} INFO - Started process (PID=249) to work on /home/airflow/.local/lib/python3.12/site-packages/airflow/example_dags/example_sensors.py
[2024-07-10T01:06:43.838+0000] {processor.py:830} INFO - Processing file /home/airflow/.local/lib/python3.12/site-packages/airflow/example_dags/example_sensors.py for tasks to queue
[2024-07-10T01:06:43.840+0000] {logging_mixin.py:188} INFO - [2024-07-10T01:06:43.840+0000] {dagbag.py:545} INFO - Filling up the DagBag from /home/airflow/.local/lib/python3.12/site-packages/airflow/example_dags/example_sensors.py
[2024-07-10T01:06:43.851+0000] {processor.py:840} INFO - DAG(s) 'example_sensors' retrieved from /home/airflow/.local/lib/python3.12/site-packages/airflow/example_dags/example_sensors.py
[2024-07-10T01:06:43.880+0000] {logging_mixin.py:188} INFO - [2024-07-10T01:06:43.880+0000] {dag.py:3096} INFO - Sync 1 DAGs
[2024-07-10T01:06:43.895+0000] {logging_mixin.py:188} INFO - [2024-07-10T01:06:43.895+0000] {dag.py:3954} INFO - Setting next_dagrun for example_sensors to None, run_after=None
[2024-07-10T01:06:44.151+0000] {processor.py:183} INFO - Processing /home/airflow/.local/lib/python3.12/site-packages/airflow/example_dags/example_sensors.py took 0.320 seconds
[2024-07-10T01:07:14.787+0000] {processor.py:161} INFO - Started process (PID=307) to work on /home/airflow/.local/lib/python3.12/site-packages/airflow/example_dags/example_sensors.py
[2024-07-10T01:07:14.788+0000] {processor.py:830} INFO - Processing file /home/airflow/.local/lib/python3.12/site-packages/airflow/example_dags/example_sensors.py for tasks to queue
[2024-07-10T01:07:14.790+0000] {logging_mixin.py:188} INFO - [2024-07-10T01:07:14.789+0000] {dagbag.py:545} INFO - Filling up the DagBag from /home/airflow/.local/lib/python3.12/site-packages/airflow/example_dags/example_sensors.py
[2024-07-10T01:07:14.799+0000] {processor.py:840} INFO - DAG(s) 'example_sensors' retrieved from /home/airflow/.local/lib/python3.12/site-packages/airflow/example_dags/example_sensors.py
[2024-07-10T01:07:14.827+0000] {logging_mixin.py:188} INFO - [2024-07-10T01:07:14.827+0000] {dag.py:3096} INFO - Sync 1 DAGs
[2024-07-10T01:07:14.841+0000] {logging_mixin.py:188} INFO - [2024-07-10T01:07:14.840+0000] {dag.py:3954} INFO - Setting next_dagrun for example_sensors to None, run_after=None
[2024-07-10T01:07:14.863+0000] {processor.py:183} INFO - Processing /home/airflow/.local/lib/python3.12/site-packages/airflow/example_dags/example_sensors.py took 0.081 seconds
[2024-07-10T01:07:44.954+0000] {processor.py:161} INFO - Started process (PID=365) to work on /home/airflow/.local/lib/python3.12/site-packages/airflow/example_dags/example_sensors.py
[2024-07-10T01:07:44.955+0000] {processor.py:830} INFO - Processing file /home/airflow/.local/lib/python3.12/site-packages/airflow/example_dags/example_sensors.py for tasks to queue
[2024-07-10T01:07:44.956+0000] {logging_mixin.py:188} INFO - [2024-07-10T01:07:44.956+0000] {dagbag.py:545} INFO - Filling up the DagBag from /home/airflow/.local/lib/python3.12/site-packages/airflow/example_dags/example_sensors.py
[2024-07-10T01:07:44.965+0000] {processor.py:840} INFO - DAG(s) 'example_sensors' retrieved from /home/airflow/.local/lib/python3.12/site-packages/airflow/example_dags/example_sensors.py
[2024-07-10T01:07:44.995+0000] {logging_mixin.py:188} INFO - [2024-07-10T01:07:44.994+0000] {dag.py:3096} INFO - Sync 1 DAGs
[2024-07-10T01:07:45.008+0000] {logging_mixin.py:188} INFO - [2024-07-10T01:07:45.008+0000] {dag.py:3954} INFO - Setting next_dagrun for example_sensors to None, run_after=None
[2024-07-10T01:07:45.027+0000] {processor.py:183} INFO - Processing /home/airflow/.local/lib/python3.12/site-packages/airflow/example_dags/example_sensors.py took 0.079 seconds
[2024-07-10T01:08:15.341+0000] {processor.py:161} INFO - Started process (PID=423) to work on /home/airflow/.local/lib/python3.12/site-packages/airflow/example_dags/example_sensors.py
[2024-07-10T01:08:15.342+0000] {processor.py:830} INFO - Processing file /home/airflow/.local/lib/python3.12/site-packages/airflow/example_dags/example_sensors.py for tasks to queue
[2024-07-10T01:08:15.343+0000] {logging_mixin.py:188} INFO - [2024-07-10T01:08:15.343+0000] {dagbag.py:545} INFO - Filling up the DagBag from /home/airflow/.local/lib/python3.12/site-packages/airflow/example_dags/example_sensors.py
[2024-07-10T01:08:15.352+0000] {processor.py:840} INFO - DAG(s) 'example_sensors' retrieved from /home/airflow/.local/lib/python3.12/site-packages/airflow/example_dags/example_sensors.py
[2024-07-10T01:08:15.379+0000] {logging_mixin.py:188} INFO - [2024-07-10T01:08:15.379+0000] {dag.py:3096} INFO - Sync 1 DAGs
[2024-07-10T01:08:15.392+0000] {logging_mixin.py:188} INFO - [2024-07-10T01:08:15.392+0000] {dag.py:3954} INFO - Setting next_dagrun for example_sensors to None, run_after=None
[2024-07-10T01:08:15.413+0000] {processor.py:183} INFO - Processing /home/airflow/.local/lib/python3.12/site-packages/airflow/example_dags/example_sensors.py took 0.078 seconds
[2024-07-10T01:08:45.603+0000] {processor.py:161} INFO - Started process (PID=481) to work on /home/airflow/.local/lib/python3.12/site-packages/airflow/example_dags/example_sensors.py
[2024-07-10T01:08:45.604+0000] {processor.py:830} INFO - Processing file /home/airflow/.local/lib/python3.12/site-packages/airflow/example_dags/example_sensors.py for tasks to queue
[2024-07-10T01:08:45.607+0000] {logging_mixin.py:188} INFO - [2024-07-10T01:08:45.606+0000] {dagbag.py:545} INFO - Filling up the DagBag from /home/airflow/.local/lib/python3.12/site-packages/airflow/example_dags/example_sensors.py
[2024-07-10T01:08:45.617+0000] {processor.py:840} INFO - DAG(s) 'example_sensors' retrieved from /home/airflow/.local/lib/python3.12/site-packages/airflow/example_dags/example_sensors.py
[2024-07-10T01:08:45.651+0000] {logging_mixin.py:188} INFO - [2024-07-10T01:08:45.650+0000] {dag.py:3096} INFO - Sync 1 DAGs
[2024-07-10T01:08:45.673+0000] {logging_mixin.py:188} INFO - [2024-07-10T01:08:45.673+0000] {dag.py:3954} INFO - Setting next_dagrun for example_sensors to None, run_after=None
[2024-07-10T01:08:45.700+0000] {processor.py:183} INFO - Processing /home/airflow/.local/lib/python3.12/site-packages/airflow/example_dags/example_sensors.py took 0.103 seconds
[2024-07-10T01:09:15.760+0000] {processor.py:161} INFO - Started process (PID=539) to work on /home/airflow/.local/lib/python3.12/site-packages/airflow/example_dags/example_sensors.py
[2024-07-10T01:09:15.761+0000] {processor.py:830} INFO - Processing file /home/airflow/.local/lib/python3.12/site-packages/airflow/example_dags/example_sensors.py for tasks to queue
[2024-07-10T01:09:15.763+0000] {logging_mixin.py:188} INFO - [2024-07-10T01:09:15.762+0000] {dagbag.py:545} INFO - Filling up the DagBag from /home/airflow/.local/lib/python3.12/site-packages/airflow/example_dags/example_sensors.py
[2024-07-10T01:09:15.771+0000] {processor.py:840} INFO - DAG(s) 'example_sensors' retrieved from /home/airflow/.local/lib/python3.12/site-packages/airflow/example_dags/example_sensors.py
[2024-07-10T01:09:15.801+0000] {logging_mixin.py:188} INFO - [2024-07-10T01:09:15.801+0000] {dag.py:3096} INFO - Sync 1 DAGs
[2024-07-10T01:09:15.825+0000] {logging_mixin.py:188} INFO - [2024-07-10T01:09:15.825+0000] {dag.py:3954} INFO - Setting next_dagrun for example_sensors to None, run_after=None
[2024-07-10T01:09:15.865+0000] {processor.py:183} INFO - Processing /home/airflow/.local/lib/python3.12/site-packages/airflow/example_dags/example_sensors.py took 0.111 seconds
[2024-07-10T01:09:46.227+0000] {processor.py:161} INFO - Started process (PID=597) to work on /home/airflow/.local/lib/python3.12/site-packages/airflow/example_dags/example_sensors.py
[2024-07-10T01:09:46.229+0000] {processor.py:830} INFO - Processing file /home/airflow/.local/lib/python3.12/site-packages/airflow/example_dags/example_sensors.py for tasks to queue
[2024-07-10T01:09:46.231+0000] {logging_mixin.py:188} INFO - [2024-07-10T01:09:46.230+0000] {dagbag.py:545} INFO - Filling up the DagBag from /home/airflow/.local/lib/python3.12/site-packages/airflow/example_dags/example_sensors.py
[2024-07-10T01:09:46.243+0000] {processor.py:840} INFO - DAG(s) 'example_sensors' retrieved from /home/airflow/.local/lib/python3.12/site-packages/airflow/example_dags/example_sensors.py
[2024-07-10T01:09:46.274+0000] {logging_mixin.py:188} INFO - [2024-07-10T01:09:46.274+0000] {dag.py:3096} INFO - Sync 1 DAGs
[2024-07-10T01:09:46.288+0000] {logging_mixin.py:188} INFO - [2024-07-10T01:09:46.288+0000] {dag.py:3954} INFO - Setting next_dagrun for example_sensors to None, run_after=None
[2024-07-10T01:09:46.308+0000] {processor.py:183} INFO - Processing /home/airflow/.local/lib/python3.12/site-packages/airflow/example_dags/example_sensors.py took 0.089 seconds
