[2024-07-10T01:05:16.039+0000] {processor.py:161} INFO - Started process (PID=92) to work on /home/airflow/.local/lib/python3.12/site-packages/airflow/example_dags/example_latest_only.py
[2024-07-10T01:05:16.040+0000] {processor.py:830} INFO - Processing file /home/airflow/.local/lib/python3.12/site-packages/airflow/example_dags/example_latest_only.py for tasks to queue
[2024-07-10T01:05:16.042+0000] {logging_mixin.py:188} INFO - [2024-07-10T01:05:16.042+0000] {dagbag.py:545} INFO - Filling up the DagBag from /home/airflow/.local/lib/python3.12/site-packages/airflow/example_dags/example_latest_only.py
[2024-07-10T01:05:16.048+0000] {processor.py:840} INFO - DAG(s) 'latest_only' retrieved from /home/airflow/.local/lib/python3.12/site-packages/airflow/example_dags/example_latest_only.py
[2024-07-10T01:05:16.181+0000] {logging_mixin.py:188} INFO - [2024-07-10T01:05:16.180+0000] {override.py:1829} INFO - Created Permission View: can read on DAG:latest_only
[2024-07-10T01:05:16.193+0000] {logging_mixin.py:188} INFO - [2024-07-10T01:05:16.193+0000] {override.py:1829} INFO - Created Permission View: can edit on DAG:latest_only
[2024-07-10T01:05:16.203+0000] {logging_mixin.py:188} INFO - [2024-07-10T01:05:16.202+0000] {override.py:1829} INFO - Created Permission View: can delete on DAG:latest_only
[2024-07-10T01:05:16.204+0000] {logging_mixin.py:188} INFO - [2024-07-10T01:05:16.203+0000] {dag.py:3096} INFO - Sync 1 DAGs
[2024-07-10T01:05:16.218+0000] {logging_mixin.py:188} INFO - [2024-07-10T01:05:16.218+0000] {dag.py:3118} INFO - Creating ORM DAG for latest_only
[2024-07-10T01:05:16.235+0000] {logging_mixin.py:188} INFO - [2024-07-10T01:05:16.235+0000] {dag.py:3954} INFO - Setting next_dagrun for latest_only to 2024-07-09 20:00:00+00:00, run_after=2024-07-10 00:00:00+00:00
[2024-07-10T01:05:16.259+0000] {processor.py:183} INFO - Processing /home/airflow/.local/lib/python3.12/site-packages/airflow/example_dags/example_latest_only.py took 0.227 seconds
[2024-07-10T01:05:46.516+0000] {processor.py:161} INFO - Started process (PID=150) to work on /home/airflow/.local/lib/python3.12/site-packages/airflow/example_dags/example_latest_only.py
[2024-07-10T01:05:46.518+0000] {processor.py:830} INFO - Processing file /home/airflow/.local/lib/python3.12/site-packages/airflow/example_dags/example_latest_only.py for tasks to queue
[2024-07-10T01:05:46.522+0000] {logging_mixin.py:188} INFO - [2024-07-10T01:05:46.521+0000] {dagbag.py:545} INFO - Filling up the DagBag from /home/airflow/.local/lib/python3.12/site-packages/airflow/example_dags/example_latest_only.py
[2024-07-10T01:05:46.529+0000] {processor.py:840} INFO - DAG(s) 'latest_only' retrieved from /home/airflow/.local/lib/python3.12/site-packages/airflow/example_dags/example_latest_only.py
[2024-07-10T01:05:46.555+0000] {logging_mixin.py:188} INFO - [2024-07-10T01:05:46.555+0000] {dag.py:3096} INFO - Sync 1 DAGs
[2024-07-10T01:05:46.581+0000] {logging_mixin.py:188} INFO - [2024-07-10T01:05:46.581+0000] {dag.py:3954} INFO - Setting next_dagrun for latest_only to 2024-07-09 20:00:00+00:00, run_after=2024-07-10 00:00:00+00:00
[2024-07-10T01:05:46.619+0000] {processor.py:183} INFO - Processing /home/airflow/.local/lib/python3.12/site-packages/airflow/example_dags/example_latest_only.py took 0.112 seconds
[2024-07-10T01:06:17.169+0000] {processor.py:161} INFO - Started process (PID=208) to work on /home/airflow/.local/lib/python3.12/site-packages/airflow/example_dags/example_latest_only.py
[2024-07-10T01:06:17.170+0000] {processor.py:830} INFO - Processing file /home/airflow/.local/lib/python3.12/site-packages/airflow/example_dags/example_latest_only.py for tasks to queue
[2024-07-10T01:06:17.171+0000] {logging_mixin.py:188} INFO - [2024-07-10T01:06:17.171+0000] {dagbag.py:545} INFO - Filling up the DagBag from /home/airflow/.local/lib/python3.12/site-packages/airflow/example_dags/example_latest_only.py
[2024-07-10T01:06:17.175+0000] {processor.py:840} INFO - DAG(s) 'latest_only' retrieved from /home/airflow/.local/lib/python3.12/site-packages/airflow/example_dags/example_latest_only.py
[2024-07-10T01:06:17.196+0000] {logging_mixin.py:188} INFO - [2024-07-10T01:06:17.195+0000] {dag.py:3096} INFO - Sync 1 DAGs
[2024-07-10T01:06:17.218+0000] {logging_mixin.py:188} INFO - [2024-07-10T01:06:17.218+0000] {dag.py:3954} INFO - Setting next_dagrun for latest_only to 2024-07-09 20:00:00+00:00, run_after=2024-07-10 00:00:00+00:00
[2024-07-10T01:06:17.244+0000] {processor.py:183} INFO - Processing /home/airflow/.local/lib/python3.12/site-packages/airflow/example_dags/example_latest_only.py took 0.082 seconds
[2024-07-10T01:06:48.455+0000] {processor.py:161} INFO - Started process (PID=266) to work on /home/airflow/.local/lib/python3.12/site-packages/airflow/example_dags/example_latest_only.py
[2024-07-10T01:06:48.457+0000] {processor.py:830} INFO - Processing file /home/airflow/.local/lib/python3.12/site-packages/airflow/example_dags/example_latest_only.py for tasks to queue
[2024-07-10T01:06:48.458+0000] {logging_mixin.py:188} INFO - [2024-07-10T01:06:48.458+0000] {dagbag.py:545} INFO - Filling up the DagBag from /home/airflow/.local/lib/python3.12/site-packages/airflow/example_dags/example_latest_only.py
[2024-07-10T01:06:48.463+0000] {processor.py:840} INFO - DAG(s) 'latest_only' retrieved from /home/airflow/.local/lib/python3.12/site-packages/airflow/example_dags/example_latest_only.py
[2024-07-10T01:06:48.481+0000] {logging_mixin.py:188} INFO - [2024-07-10T01:06:48.481+0000] {dag.py:3096} INFO - Sync 1 DAGs
[2024-07-10T01:06:48.503+0000] {logging_mixin.py:188} INFO - [2024-07-10T01:06:48.503+0000] {dag.py:3954} INFO - Setting next_dagrun for latest_only to 2024-07-09 20:00:00+00:00, run_after=2024-07-10 00:00:00+00:00
[2024-07-10T01:06:48.575+0000] {processor.py:183} INFO - Processing /home/airflow/.local/lib/python3.12/site-packages/airflow/example_dags/example_latest_only.py took 0.125 seconds
[2024-07-10T01:07:18.779+0000] {processor.py:161} INFO - Started process (PID=324) to work on /home/airflow/.local/lib/python3.12/site-packages/airflow/example_dags/example_latest_only.py
[2024-07-10T01:07:18.780+0000] {processor.py:830} INFO - Processing file /home/airflow/.local/lib/python3.12/site-packages/airflow/example_dags/example_latest_only.py for tasks to queue
[2024-07-10T01:07:18.782+0000] {logging_mixin.py:188} INFO - [2024-07-10T01:07:18.782+0000] {dagbag.py:545} INFO - Filling up the DagBag from /home/airflow/.local/lib/python3.12/site-packages/airflow/example_dags/example_latest_only.py
[2024-07-10T01:07:18.788+0000] {processor.py:840} INFO - DAG(s) 'latest_only' retrieved from /home/airflow/.local/lib/python3.12/site-packages/airflow/example_dags/example_latest_only.py
[2024-07-10T01:07:18.807+0000] {logging_mixin.py:188} INFO - [2024-07-10T01:07:18.807+0000] {dag.py:3096} INFO - Sync 1 DAGs
[2024-07-10T01:07:18.830+0000] {logging_mixin.py:188} INFO - [2024-07-10T01:07:18.829+0000] {dag.py:3954} INFO - Setting next_dagrun for latest_only to 2024-07-09 20:00:00+00:00, run_after=2024-07-10 00:00:00+00:00
[2024-07-10T01:07:18.849+0000] {processor.py:183} INFO - Processing /home/airflow/.local/lib/python3.12/site-packages/airflow/example_dags/example_latest_only.py took 0.076 seconds
[2024-07-10T01:07:48.937+0000] {processor.py:161} INFO - Started process (PID=382) to work on /home/airflow/.local/lib/python3.12/site-packages/airflow/example_dags/example_latest_only.py
[2024-07-10T01:07:48.938+0000] {processor.py:830} INFO - Processing file /home/airflow/.local/lib/python3.12/site-packages/airflow/example_dags/example_latest_only.py for tasks to queue
[2024-07-10T01:07:48.940+0000] {logging_mixin.py:188} INFO - [2024-07-10T01:07:48.939+0000] {dagbag.py:545} INFO - Filling up the DagBag from /home/airflow/.local/lib/python3.12/site-packages/airflow/example_dags/example_latest_only.py
[2024-07-10T01:07:48.944+0000] {processor.py:840} INFO - DAG(s) 'latest_only' retrieved from /home/airflow/.local/lib/python3.12/site-packages/airflow/example_dags/example_latest_only.py
[2024-07-10T01:07:48.968+0000] {logging_mixin.py:188} INFO - [2024-07-10T01:07:48.968+0000] {dag.py:3096} INFO - Sync 1 DAGs
[2024-07-10T01:07:48.994+0000] {logging_mixin.py:188} INFO - [2024-07-10T01:07:48.994+0000] {dag.py:3954} INFO - Setting next_dagrun for latest_only to 2024-07-09 20:00:00+00:00, run_after=2024-07-10 00:00:00+00:00
[2024-07-10T01:07:49.018+0000] {processor.py:183} INFO - Processing /home/airflow/.local/lib/python3.12/site-packages/airflow/example_dags/example_latest_only.py took 0.087 seconds
[2024-07-10T01:08:19.604+0000] {processor.py:161} INFO - Started process (PID=442) to work on /home/airflow/.local/lib/python3.12/site-packages/airflow/example_dags/example_latest_only.py
[2024-07-10T01:08:19.606+0000] {processor.py:830} INFO - Processing file /home/airflow/.local/lib/python3.12/site-packages/airflow/example_dags/example_latest_only.py for tasks to queue
[2024-07-10T01:08:19.609+0000] {logging_mixin.py:188} INFO - [2024-07-10T01:08:19.608+0000] {dagbag.py:545} INFO - Filling up the DagBag from /home/airflow/.local/lib/python3.12/site-packages/airflow/example_dags/example_latest_only.py
[2024-07-10T01:08:19.614+0000] {processor.py:840} INFO - DAG(s) 'latest_only' retrieved from /home/airflow/.local/lib/python3.12/site-packages/airflow/example_dags/example_latest_only.py
[2024-07-10T01:08:19.635+0000] {logging_mixin.py:188} INFO - [2024-07-10T01:08:19.634+0000] {dag.py:3096} INFO - Sync 1 DAGs
[2024-07-10T01:08:19.660+0000] {logging_mixin.py:188} INFO - [2024-07-10T01:08:19.660+0000] {dag.py:3954} INFO - Setting next_dagrun for latest_only to 2024-07-09 20:00:00+00:00, run_after=2024-07-10 00:00:00+00:00
[2024-07-10T01:08:19.682+0000] {processor.py:183} INFO - Processing /home/airflow/.local/lib/python3.12/site-packages/airflow/example_dags/example_latest_only.py took 0.084 seconds
[2024-07-10T01:08:49.709+0000] {processor.py:161} INFO - Started process (PID=500) to work on /home/airflow/.local/lib/python3.12/site-packages/airflow/example_dags/example_latest_only.py
[2024-07-10T01:08:49.710+0000] {processor.py:830} INFO - Processing file /home/airflow/.local/lib/python3.12/site-packages/airflow/example_dags/example_latest_only.py for tasks to queue
[2024-07-10T01:08:49.712+0000] {logging_mixin.py:188} INFO - [2024-07-10T01:08:49.711+0000] {dagbag.py:545} INFO - Filling up the DagBag from /home/airflow/.local/lib/python3.12/site-packages/airflow/example_dags/example_latest_only.py
[2024-07-10T01:08:49.716+0000] {processor.py:840} INFO - DAG(s) 'latest_only' retrieved from /home/airflow/.local/lib/python3.12/site-packages/airflow/example_dags/example_latest_only.py
[2024-07-10T01:08:49.737+0000] {logging_mixin.py:188} INFO - [2024-07-10T01:08:49.737+0000] {dag.py:3096} INFO - Sync 1 DAGs
[2024-07-10T01:08:49.760+0000] {logging_mixin.py:188} INFO - [2024-07-10T01:08:49.760+0000] {dag.py:3954} INFO - Setting next_dagrun for latest_only to 2024-07-09 20:00:00+00:00, run_after=2024-07-10 00:00:00+00:00
[2024-07-10T01:08:49.793+0000] {processor.py:183} INFO - Processing /home/airflow/.local/lib/python3.12/site-packages/airflow/example_dags/example_latest_only.py took 0.090 seconds
[2024-07-10T01:09:20.208+0000] {processor.py:161} INFO - Started process (PID=558) to work on /home/airflow/.local/lib/python3.12/site-packages/airflow/example_dags/example_latest_only.py
[2024-07-10T01:09:20.210+0000] {processor.py:830} INFO - Processing file /home/airflow/.local/lib/python3.12/site-packages/airflow/example_dags/example_latest_only.py for tasks to queue
[2024-07-10T01:09:20.215+0000] {logging_mixin.py:188} INFO - [2024-07-10T01:09:20.214+0000] {dagbag.py:545} INFO - Filling up the DagBag from /home/airflow/.local/lib/python3.12/site-packages/airflow/example_dags/example_latest_only.py
[2024-07-10T01:09:20.224+0000] {processor.py:840} INFO - DAG(s) 'latest_only' retrieved from /home/airflow/.local/lib/python3.12/site-packages/airflow/example_dags/example_latest_only.py
[2024-07-10T01:09:20.251+0000] {logging_mixin.py:188} INFO - [2024-07-10T01:09:20.250+0000] {dag.py:3096} INFO - Sync 1 DAGs
[2024-07-10T01:09:20.282+0000] {logging_mixin.py:188} INFO - [2024-07-10T01:09:20.282+0000] {dag.py:3954} INFO - Setting next_dagrun for latest_only to 2024-07-09 20:00:00+00:00, run_after=2024-07-10 00:00:00+00:00
[2024-07-10T01:09:20.312+0000] {processor.py:183} INFO - Processing /home/airflow/.local/lib/python3.12/site-packages/airflow/example_dags/example_latest_only.py took 0.115 seconds
[2024-07-10T01:09:50.431+0000] {processor.py:161} INFO - Started process (PID=616) to work on /home/airflow/.local/lib/python3.12/site-packages/airflow/example_dags/example_latest_only.py
[2024-07-10T01:09:50.432+0000] {processor.py:830} INFO - Processing file /home/airflow/.local/lib/python3.12/site-packages/airflow/example_dags/example_latest_only.py for tasks to queue
[2024-07-10T01:09:50.435+0000] {logging_mixin.py:188} INFO - [2024-07-10T01:09:50.435+0000] {dagbag.py:545} INFO - Filling up the DagBag from /home/airflow/.local/lib/python3.12/site-packages/airflow/example_dags/example_latest_only.py
[2024-07-10T01:09:50.441+0000] {processor.py:840} INFO - DAG(s) 'latest_only' retrieved from /home/airflow/.local/lib/python3.12/site-packages/airflow/example_dags/example_latest_only.py
[2024-07-10T01:09:50.463+0000] {logging_mixin.py:188} INFO - [2024-07-10T01:09:50.462+0000] {dag.py:3096} INFO - Sync 1 DAGs
[2024-07-10T01:09:50.487+0000] {logging_mixin.py:188} INFO - [2024-07-10T01:09:50.486+0000] {dag.py:3954} INFO - Setting next_dagrun for latest_only to 2024-07-09 20:00:00+00:00, run_after=2024-07-10 00:00:00+00:00
[2024-07-10T01:09:50.509+0000] {processor.py:183} INFO - Processing /home/airflow/.local/lib/python3.12/site-packages/airflow/example_dags/example_latest_only.py took 0.084 seconds
