[2024-07-10T01:04:36.389+0000] {processor.py:161} INFO - Started process (PID=58) to work on /home/airflow/.local/lib/python3.12/site-packages/airflow/example_dags/example_nested_branch_dag.py
[2024-07-10T01:04:36.398+0000] {processor.py:830} INFO - Processing file /home/airflow/.local/lib/python3.12/site-packages/airflow/example_dags/example_nested_branch_dag.py for tasks to queue
[2024-07-10T01:04:36.402+0000] {logging_mixin.py:188} INFO - [2024-07-10T01:04:36.401+0000] {dagbag.py:545} INFO - Filling up the DagBag from /home/airflow/.local/lib/python3.12/site-packages/airflow/example_dags/example_nested_branch_dag.py
[2024-07-10T01:04:36.471+0000] {processor.py:840} INFO - DAG(s) 'example_nested_branch_dag' retrieved from /home/airflow/.local/lib/python3.12/site-packages/airflow/example_dags/example_nested_branch_dag.py
[2024-07-10T01:04:37.822+0000] {logging_mixin.py:188} INFO - [2024-07-10T01:04:37.821+0000] {override.py:1829} INFO - Created Permission View: can read on DAG:example_nested_branch_dag
[2024-07-10T01:04:38.566+0000] {logging_mixin.py:188} INFO - [2024-07-10T01:04:38.566+0000] {override.py:1829} INFO - Created Permission View: can edit on DAG:example_nested_branch_dag
[2024-07-10T01:04:39.030+0000] {logging_mixin.py:188} INFO - [2024-07-10T01:04:39.030+0000] {override.py:1829} INFO - Created Permission View: can delete on DAG:example_nested_branch_dag
[2024-07-10T01:04:39.031+0000] {logging_mixin.py:188} INFO - [2024-07-10T01:04:39.031+0000] {dag.py:3096} INFO - Sync 1 DAGs
[2024-07-10T01:04:39.703+0000] {logging_mixin.py:188} INFO - [2024-07-10T01:04:39.703+0000] {dag.py:3118} INFO - Creating ORM DAG for example_nested_branch_dag
[2024-07-10T01:04:39.796+0000] {logging_mixin.py:188} INFO - [2024-07-10T01:04:39.796+0000] {dag.py:3954} INFO - Setting next_dagrun for example_nested_branch_dag to 2024-07-09 00:00:00+00:00, run_after=2024-07-10 00:00:00+00:00
[2024-07-10T01:04:40.133+0000] {processor.py:183} INFO - Processing /home/airflow/.local/lib/python3.12/site-packages/airflow/example_dags/example_nested_branch_dag.py took 3.859 seconds
[2024-07-10T01:05:18.710+0000] {processor.py:161} INFO - Started process (PID=116) to work on /home/airflow/.local/lib/python3.12/site-packages/airflow/example_dags/example_nested_branch_dag.py
[2024-07-10T01:05:18.711+0000] {processor.py:830} INFO - Processing file /home/airflow/.local/lib/python3.12/site-packages/airflow/example_dags/example_nested_branch_dag.py for tasks to queue
[2024-07-10T01:05:18.713+0000] {logging_mixin.py:188} INFO - [2024-07-10T01:05:18.713+0000] {dagbag.py:545} INFO - Filling up the DagBag from /home/airflow/.local/lib/python3.12/site-packages/airflow/example_dags/example_nested_branch_dag.py
[2024-07-10T01:05:18.726+0000] {processor.py:840} INFO - DAG(s) 'example_nested_branch_dag' retrieved from /home/airflow/.local/lib/python3.12/site-packages/airflow/example_dags/example_nested_branch_dag.py
[2024-07-10T01:05:18.753+0000] {logging_mixin.py:188} INFO - [2024-07-10T01:05:18.753+0000] {dag.py:3096} INFO - Sync 1 DAGs
[2024-07-10T01:05:18.801+0000] {logging_mixin.py:188} INFO - [2024-07-10T01:05:18.801+0000] {dag.py:3954} INFO - Setting next_dagrun for example_nested_branch_dag to 2024-07-09 00:00:00+00:00, run_after=2024-07-10 00:00:00+00:00
[2024-07-10T01:05:18.835+0000] {processor.py:183} INFO - Processing /home/airflow/.local/lib/python3.12/site-packages/airflow/example_dags/example_nested_branch_dag.py took 0.131 seconds
[2024-07-10T01:05:49.058+0000] {processor.py:161} INFO - Started process (PID=172) to work on /home/airflow/.local/lib/python3.12/site-packages/airflow/example_dags/example_nested_branch_dag.py
[2024-07-10T01:05:49.059+0000] {processor.py:830} INFO - Processing file /home/airflow/.local/lib/python3.12/site-packages/airflow/example_dags/example_nested_branch_dag.py for tasks to queue
[2024-07-10T01:05:49.061+0000] {logging_mixin.py:188} INFO - [2024-07-10T01:05:49.061+0000] {dagbag.py:545} INFO - Filling up the DagBag from /home/airflow/.local/lib/python3.12/site-packages/airflow/example_dags/example_nested_branch_dag.py
[2024-07-10T01:05:49.072+0000] {processor.py:840} INFO - DAG(s) 'example_nested_branch_dag' retrieved from /home/airflow/.local/lib/python3.12/site-packages/airflow/example_dags/example_nested_branch_dag.py
[2024-07-10T01:05:49.099+0000] {logging_mixin.py:188} INFO - [2024-07-10T01:05:49.099+0000] {dag.py:3096} INFO - Sync 1 DAGs
[2024-07-10T01:05:49.126+0000] {logging_mixin.py:188} INFO - [2024-07-10T01:05:49.126+0000] {dag.py:3954} INFO - Setting next_dagrun for example_nested_branch_dag to 2024-07-09 00:00:00+00:00, run_after=2024-07-10 00:00:00+00:00
[2024-07-10T01:05:49.154+0000] {processor.py:183} INFO - Processing /home/airflow/.local/lib/python3.12/site-packages/airflow/example_dags/example_nested_branch_dag.py took 0.102 seconds
[2024-07-10T01:06:19.649+0000] {processor.py:161} INFO - Started process (PID=230) to work on /home/airflow/.local/lib/python3.12/site-packages/airflow/example_dags/example_nested_branch_dag.py
[2024-07-10T01:06:19.650+0000] {processor.py:830} INFO - Processing file /home/airflow/.local/lib/python3.12/site-packages/airflow/example_dags/example_nested_branch_dag.py for tasks to queue
[2024-07-10T01:06:19.652+0000] {logging_mixin.py:188} INFO - [2024-07-10T01:06:19.652+0000] {dagbag.py:545} INFO - Filling up the DagBag from /home/airflow/.local/lib/python3.12/site-packages/airflow/example_dags/example_nested_branch_dag.py
[2024-07-10T01:06:19.662+0000] {processor.py:840} INFO - DAG(s) 'example_nested_branch_dag' retrieved from /home/airflow/.local/lib/python3.12/site-packages/airflow/example_dags/example_nested_branch_dag.py
[2024-07-10T01:06:19.685+0000] {logging_mixin.py:188} INFO - [2024-07-10T01:06:19.684+0000] {dag.py:3096} INFO - Sync 1 DAGs
[2024-07-10T01:06:19.708+0000] {logging_mixin.py:188} INFO - [2024-07-10T01:06:19.708+0000] {dag.py:3954} INFO - Setting next_dagrun for example_nested_branch_dag to 2024-07-09 00:00:00+00:00, run_after=2024-07-10 00:00:00+00:00
[2024-07-10T01:06:19.747+0000] {processor.py:183} INFO - Processing /home/airflow/.local/lib/python3.12/site-packages/airflow/example_dags/example_nested_branch_dag.py took 0.103 seconds
[2024-07-10T01:06:49.853+0000] {processor.py:161} INFO - Started process (PID=288) to work on /home/airflow/.local/lib/python3.12/site-packages/airflow/example_dags/example_nested_branch_dag.py
[2024-07-10T01:06:49.854+0000] {processor.py:830} INFO - Processing file /home/airflow/.local/lib/python3.12/site-packages/airflow/example_dags/example_nested_branch_dag.py for tasks to queue
[2024-07-10T01:06:49.856+0000] {logging_mixin.py:188} INFO - [2024-07-10T01:06:49.856+0000] {dagbag.py:545} INFO - Filling up the DagBag from /home/airflow/.local/lib/python3.12/site-packages/airflow/example_dags/example_nested_branch_dag.py
[2024-07-10T01:06:49.868+0000] {processor.py:840} INFO - DAG(s) 'example_nested_branch_dag' retrieved from /home/airflow/.local/lib/python3.12/site-packages/airflow/example_dags/example_nested_branch_dag.py
[2024-07-10T01:06:49.894+0000] {logging_mixin.py:188} INFO - [2024-07-10T01:06:49.894+0000] {dag.py:3096} INFO - Sync 1 DAGs
[2024-07-10T01:06:49.923+0000] {logging_mixin.py:188} INFO - [2024-07-10T01:06:49.923+0000] {dag.py:3954} INFO - Setting next_dagrun for example_nested_branch_dag to 2024-07-09 00:00:00+00:00, run_after=2024-07-10 00:00:00+00:00
[2024-07-10T01:06:49.949+0000] {processor.py:183} INFO - Processing /home/airflow/.local/lib/python3.12/site-packages/airflow/example_dags/example_nested_branch_dag.py took 0.102 seconds
[2024-07-10T01:07:20.026+0000] {processor.py:161} INFO - Started process (PID=346) to work on /home/airflow/.local/lib/python3.12/site-packages/airflow/example_dags/example_nested_branch_dag.py
[2024-07-10T01:07:20.027+0000] {processor.py:830} INFO - Processing file /home/airflow/.local/lib/python3.12/site-packages/airflow/example_dags/example_nested_branch_dag.py for tasks to queue
[2024-07-10T01:07:20.028+0000] {logging_mixin.py:188} INFO - [2024-07-10T01:07:20.028+0000] {dagbag.py:545} INFO - Filling up the DagBag from /home/airflow/.local/lib/python3.12/site-packages/airflow/example_dags/example_nested_branch_dag.py
[2024-07-10T01:07:20.038+0000] {processor.py:840} INFO - DAG(s) 'example_nested_branch_dag' retrieved from /home/airflow/.local/lib/python3.12/site-packages/airflow/example_dags/example_nested_branch_dag.py
[2024-07-10T01:07:20.063+0000] {logging_mixin.py:188} INFO - [2024-07-10T01:07:20.063+0000] {dag.py:3096} INFO - Sync 1 DAGs
[2024-07-10T01:07:20.092+0000] {logging_mixin.py:188} INFO - [2024-07-10T01:07:20.091+0000] {dag.py:3954} INFO - Setting next_dagrun for example_nested_branch_dag to 2024-07-09 00:00:00+00:00, run_after=2024-07-10 00:00:00+00:00
[2024-07-10T01:07:20.113+0000] {processor.py:183} INFO - Processing /home/airflow/.local/lib/python3.12/site-packages/airflow/example_dags/example_nested_branch_dag.py took 0.093 seconds
[2024-07-10T01:07:50.231+0000] {processor.py:161} INFO - Started process (PID=403) to work on /home/airflow/.local/lib/python3.12/site-packages/airflow/example_dags/example_nested_branch_dag.py
[2024-07-10T01:07:50.232+0000] {processor.py:830} INFO - Processing file /home/airflow/.local/lib/python3.12/site-packages/airflow/example_dags/example_nested_branch_dag.py for tasks to queue
[2024-07-10T01:07:50.233+0000] {logging_mixin.py:188} INFO - [2024-07-10T01:07:50.233+0000] {dagbag.py:545} INFO - Filling up the DagBag from /home/airflow/.local/lib/python3.12/site-packages/airflow/example_dags/example_nested_branch_dag.py
[2024-07-10T01:07:50.243+0000] {processor.py:840} INFO - DAG(s) 'example_nested_branch_dag' retrieved from /home/airflow/.local/lib/python3.12/site-packages/airflow/example_dags/example_nested_branch_dag.py
[2024-07-10T01:07:50.267+0000] {logging_mixin.py:188} INFO - [2024-07-10T01:07:50.267+0000] {dag.py:3096} INFO - Sync 1 DAGs
[2024-07-10T01:07:50.292+0000] {logging_mixin.py:188} INFO - [2024-07-10T01:07:50.291+0000] {dag.py:3954} INFO - Setting next_dagrun for example_nested_branch_dag to 2024-07-09 00:00:00+00:00, run_after=2024-07-10 00:00:00+00:00
[2024-07-10T01:07:50.311+0000] {processor.py:183} INFO - Processing /home/airflow/.local/lib/python3.12/site-packages/airflow/example_dags/example_nested_branch_dag.py took 0.085 seconds
[2024-07-10T01:08:20.605+0000] {processor.py:161} INFO - Started process (PID=460) to work on /home/airflow/.local/lib/python3.12/site-packages/airflow/example_dags/example_nested_branch_dag.py
[2024-07-10T01:08:20.606+0000] {processor.py:830} INFO - Processing file /home/airflow/.local/lib/python3.12/site-packages/airflow/example_dags/example_nested_branch_dag.py for tasks to queue
[2024-07-10T01:08:20.607+0000] {logging_mixin.py:188} INFO - [2024-07-10T01:08:20.607+0000] {dagbag.py:545} INFO - Filling up the DagBag from /home/airflow/.local/lib/python3.12/site-packages/airflow/example_dags/example_nested_branch_dag.py
[2024-07-10T01:08:20.617+0000] {processor.py:840} INFO - DAG(s) 'example_nested_branch_dag' retrieved from /home/airflow/.local/lib/python3.12/site-packages/airflow/example_dags/example_nested_branch_dag.py
[2024-07-10T01:08:20.639+0000] {logging_mixin.py:188} INFO - [2024-07-10T01:08:20.639+0000] {dag.py:3096} INFO - Sync 1 DAGs
[2024-07-10T01:08:20.665+0000] {logging_mixin.py:188} INFO - [2024-07-10T01:08:20.665+0000] {dag.py:3954} INFO - Setting next_dagrun for example_nested_branch_dag to 2024-07-09 00:00:00+00:00, run_after=2024-07-10 00:00:00+00:00
[2024-07-10T01:08:20.685+0000] {processor.py:183} INFO - Processing /home/airflow/.local/lib/python3.12/site-packages/airflow/example_dags/example_nested_branch_dag.py took 0.086 seconds
[2024-07-10T01:08:51.335+0000] {processor.py:161} INFO - Started process (PID=510) to work on /home/airflow/.local/lib/python3.12/site-packages/airflow/example_dags/example_nested_branch_dag.py
[2024-07-10T01:08:51.336+0000] {processor.py:830} INFO - Processing file /home/airflow/.local/lib/python3.12/site-packages/airflow/example_dags/example_nested_branch_dag.py for tasks to queue
[2024-07-10T01:08:51.338+0000] {logging_mixin.py:188} INFO - [2024-07-10T01:08:51.338+0000] {dagbag.py:545} INFO - Filling up the DagBag from /home/airflow/.local/lib/python3.12/site-packages/airflow/example_dags/example_nested_branch_dag.py
[2024-07-10T01:08:51.348+0000] {processor.py:840} INFO - DAG(s) 'example_nested_branch_dag' retrieved from /home/airflow/.local/lib/python3.12/site-packages/airflow/example_dags/example_nested_branch_dag.py
[2024-07-10T01:08:51.374+0000] {logging_mixin.py:188} INFO - [2024-07-10T01:08:51.374+0000] {dag.py:3096} INFO - Sync 1 DAGs
[2024-07-10T01:08:51.404+0000] {logging_mixin.py:188} INFO - [2024-07-10T01:08:51.404+0000] {dag.py:3954} INFO - Setting next_dagrun for example_nested_branch_dag to 2024-07-09 00:00:00+00:00, run_after=2024-07-10 00:00:00+00:00
[2024-07-10T01:08:51.427+0000] {processor.py:183} INFO - Processing /home/airflow/.local/lib/python3.12/site-packages/airflow/example_dags/example_nested_branch_dag.py took 0.097 seconds
[2024-07-10T01:09:21.894+0000] {processor.py:161} INFO - Started process (PID=568) to work on /home/airflow/.local/lib/python3.12/site-packages/airflow/example_dags/example_nested_branch_dag.py
[2024-07-10T01:09:21.896+0000] {processor.py:830} INFO - Processing file /home/airflow/.local/lib/python3.12/site-packages/airflow/example_dags/example_nested_branch_dag.py for tasks to queue
[2024-07-10T01:09:21.898+0000] {logging_mixin.py:188} INFO - [2024-07-10T01:09:21.898+0000] {dagbag.py:545} INFO - Filling up the DagBag from /home/airflow/.local/lib/python3.12/site-packages/airflow/example_dags/example_nested_branch_dag.py
[2024-07-10T01:09:21.909+0000] {processor.py:840} INFO - DAG(s) 'example_nested_branch_dag' retrieved from /home/airflow/.local/lib/python3.12/site-packages/airflow/example_dags/example_nested_branch_dag.py
[2024-07-10T01:09:21.941+0000] {logging_mixin.py:188} INFO - [2024-07-10T01:09:21.940+0000] {dag.py:3096} INFO - Sync 1 DAGs
[2024-07-10T01:09:21.980+0000] {logging_mixin.py:188} INFO - [2024-07-10T01:09:21.980+0000] {dag.py:3954} INFO - Setting next_dagrun for example_nested_branch_dag to 2024-07-09 00:00:00+00:00, run_after=2024-07-10 00:00:00+00:00
[2024-07-10T01:09:22.010+0000] {processor.py:183} INFO - Processing /home/airflow/.local/lib/python3.12/site-packages/airflow/example_dags/example_nested_branch_dag.py took 0.122 seconds
[2024-07-10T01:09:52.161+0000] {processor.py:161} INFO - Started process (PID=626) to work on /home/airflow/.local/lib/python3.12/site-packages/airflow/example_dags/example_nested_branch_dag.py
[2024-07-10T01:09:52.162+0000] {processor.py:830} INFO - Processing file /home/airflow/.local/lib/python3.12/site-packages/airflow/example_dags/example_nested_branch_dag.py for tasks to queue
[2024-07-10T01:09:52.164+0000] {logging_mixin.py:188} INFO - [2024-07-10T01:09:52.164+0000] {dagbag.py:545} INFO - Filling up the DagBag from /home/airflow/.local/lib/python3.12/site-packages/airflow/example_dags/example_nested_branch_dag.py
[2024-07-10T01:09:52.176+0000] {processor.py:840} INFO - DAG(s) 'example_nested_branch_dag' retrieved from /home/airflow/.local/lib/python3.12/site-packages/airflow/example_dags/example_nested_branch_dag.py
[2024-07-10T01:09:52.202+0000] {logging_mixin.py:188} INFO - [2024-07-10T01:09:52.202+0000] {dag.py:3096} INFO - Sync 1 DAGs
[2024-07-10T01:09:52.227+0000] {logging_mixin.py:188} INFO - [2024-07-10T01:09:52.227+0000] {dag.py:3954} INFO - Setting next_dagrun for example_nested_branch_dag to 2024-07-09 00:00:00+00:00, run_after=2024-07-10 00:00:00+00:00
[2024-07-10T01:09:52.248+0000] {processor.py:183} INFO - Processing /home/airflow/.local/lib/python3.12/site-packages/airflow/example_dags/example_nested_branch_dag.py took 0.093 seconds
