[2024-07-10T01:04:36.151+0000] {processor.py:161} INFO - Started process (PID=51) to work on /home/airflow/.local/lib/python3.12/site-packages/airflow/example_dags/example_complex.py
[2024-07-10T01:04:36.158+0000] {processor.py:830} INFO - Processing file /home/airflow/.local/lib/python3.12/site-packages/airflow/example_dags/example_complex.py for tasks to queue
[2024-07-10T01:04:36.177+0000] {logging_mixin.py:188} INFO - [2024-07-10T01:04:36.177+0000] {dagbag.py:545} INFO - Filling up the DagBag from /home/airflow/.local/lib/python3.12/site-packages/airflow/example_dags/example_complex.py
[2024-07-10T01:04:36.291+0000] {processor.py:840} INFO - DAG(s) 'example_complex' retrieved from /home/airflow/.local/lib/python3.12/site-packages/airflow/example_dags/example_complex.py
[2024-07-10T01:04:37.822+0000] {logging_mixin.py:188} INFO - [2024-07-10T01:04:37.821+0000] {override.py:1829} INFO - Created Permission View: can read on DAG:example_complex
[2024-07-10T01:04:38.567+0000] {logging_mixin.py:188} INFO - [2024-07-10T01:04:38.566+0000] {override.py:1829} INFO - Created Permission View: can edit on DAG:example_complex
[2024-07-10T01:04:39.030+0000] {logging_mixin.py:188} INFO - [2024-07-10T01:04:39.030+0000] {override.py:1829} INFO - Created Permission View: can delete on DAG:example_complex
[2024-07-10T01:04:39.031+0000] {logging_mixin.py:188} INFO - [2024-07-10T01:04:39.031+0000] {dag.py:3096} INFO - Sync 1 DAGs
[2024-07-10T01:04:39.210+0000] {logging_mixin.py:188} INFO - [2024-07-10T01:04:39.210+0000] {dag.py:3118} INFO - Creating ORM DAG for example_complex
[2024-07-10T01:04:39.213+0000] {logging_mixin.py:188} INFO - [2024-07-10T01:04:39.213+0000] {dag.py:3954} INFO - Setting next_dagrun for example_complex to None, run_after=None
[2024-07-10T01:04:39.511+0000] {processor.py:183} INFO - Processing /home/airflow/.local/lib/python3.12/site-packages/airflow/example_dags/example_complex.py took 3.386 seconds
[2024-07-10T01:05:18.543+0000] {processor.py:161} INFO - Started process (PID=115) to work on /home/airflow/.local/lib/python3.12/site-packages/airflow/example_dags/example_complex.py
[2024-07-10T01:05:18.544+0000] {processor.py:830} INFO - Processing file /home/airflow/.local/lib/python3.12/site-packages/airflow/example_dags/example_complex.py for tasks to queue
[2024-07-10T01:05:18.547+0000] {logging_mixin.py:188} INFO - [2024-07-10T01:05:18.546+0000] {dagbag.py:545} INFO - Filling up the DagBag from /home/airflow/.local/lib/python3.12/site-packages/airflow/example_dags/example_complex.py
[2024-07-10T01:05:18.562+0000] {processor.py:840} INFO - DAG(s) 'example_complex' retrieved from /home/airflow/.local/lib/python3.12/site-packages/airflow/example_dags/example_complex.py
[2024-07-10T01:05:18.622+0000] {logging_mixin.py:188} INFO - [2024-07-10T01:05:18.622+0000] {dag.py:3096} INFO - Sync 1 DAGs
[2024-07-10T01:05:18.644+0000] {logging_mixin.py:188} INFO - [2024-07-10T01:05:18.643+0000] {dag.py:3954} INFO - Setting next_dagrun for example_complex to None, run_after=None
[2024-07-10T01:05:18.674+0000] {processor.py:183} INFO - Processing /home/airflow/.local/lib/python3.12/site-packages/airflow/example_dags/example_complex.py took 0.137 seconds
[2024-07-10T01:05:48.898+0000] {processor.py:161} INFO - Started process (PID=171) to work on /home/airflow/.local/lib/python3.12/site-packages/airflow/example_dags/example_complex.py
[2024-07-10T01:05:48.900+0000] {processor.py:830} INFO - Processing file /home/airflow/.local/lib/python3.12/site-packages/airflow/example_dags/example_complex.py for tasks to queue
[2024-07-10T01:05:48.903+0000] {logging_mixin.py:188} INFO - [2024-07-10T01:05:48.902+0000] {dagbag.py:545} INFO - Filling up the DagBag from /home/airflow/.local/lib/python3.12/site-packages/airflow/example_dags/example_complex.py
[2024-07-10T01:05:48.915+0000] {processor.py:840} INFO - DAG(s) 'example_complex' retrieved from /home/airflow/.local/lib/python3.12/site-packages/airflow/example_dags/example_complex.py
[2024-07-10T01:05:48.958+0000] {logging_mixin.py:188} INFO - [2024-07-10T01:05:48.957+0000] {dag.py:3096} INFO - Sync 1 DAGs
[2024-07-10T01:05:48.973+0000] {logging_mixin.py:188} INFO - [2024-07-10T01:05:48.972+0000] {dag.py:3954} INFO - Setting next_dagrun for example_complex to None, run_after=None
[2024-07-10T01:05:49.011+0000] {processor.py:183} INFO - Processing /home/airflow/.local/lib/python3.12/site-packages/airflow/example_dags/example_complex.py took 0.118 seconds
[2024-07-10T01:06:19.444+0000] {processor.py:161} INFO - Started process (PID=227) to work on /home/airflow/.local/lib/python3.12/site-packages/airflow/example_dags/example_complex.py
[2024-07-10T01:06:19.445+0000] {processor.py:830} INFO - Processing file /home/airflow/.local/lib/python3.12/site-packages/airflow/example_dags/example_complex.py for tasks to queue
[2024-07-10T01:06:19.447+0000] {logging_mixin.py:188} INFO - [2024-07-10T01:06:19.447+0000] {dagbag.py:545} INFO - Filling up the DagBag from /home/airflow/.local/lib/python3.12/site-packages/airflow/example_dags/example_complex.py
[2024-07-10T01:06:19.464+0000] {processor.py:840} INFO - DAG(s) 'example_complex' retrieved from /home/airflow/.local/lib/python3.12/site-packages/airflow/example_dags/example_complex.py
[2024-07-10T01:06:19.506+0000] {logging_mixin.py:188} INFO - [2024-07-10T01:06:19.506+0000] {dag.py:3096} INFO - Sync 1 DAGs
[2024-07-10T01:06:19.523+0000] {logging_mixin.py:188} INFO - [2024-07-10T01:06:19.522+0000] {dag.py:3954} INFO - Setting next_dagrun for example_complex to None, run_after=None
[2024-07-10T01:06:19.563+0000] {processor.py:183} INFO - Processing /home/airflow/.local/lib/python3.12/site-packages/airflow/example_dags/example_complex.py took 0.124 seconds
[2024-07-10T01:06:49.603+0000] {processor.py:161} INFO - Started process (PID=285) to work on /home/airflow/.local/lib/python3.12/site-packages/airflow/example_dags/example_complex.py
[2024-07-10T01:06:49.604+0000] {processor.py:830} INFO - Processing file /home/airflow/.local/lib/python3.12/site-packages/airflow/example_dags/example_complex.py for tasks to queue
[2024-07-10T01:06:49.606+0000] {logging_mixin.py:188} INFO - [2024-07-10T01:06:49.605+0000] {dagbag.py:545} INFO - Filling up the DagBag from /home/airflow/.local/lib/python3.12/site-packages/airflow/example_dags/example_complex.py
[2024-07-10T01:06:49.617+0000] {processor.py:840} INFO - DAG(s) 'example_complex' retrieved from /home/airflow/.local/lib/python3.12/site-packages/airflow/example_dags/example_complex.py
[2024-07-10T01:06:49.653+0000] {logging_mixin.py:188} INFO - [2024-07-10T01:06:49.653+0000] {dag.py:3096} INFO - Sync 1 DAGs
[2024-07-10T01:06:49.667+0000] {logging_mixin.py:188} INFO - [2024-07-10T01:06:49.666+0000] {dag.py:3954} INFO - Setting next_dagrun for example_complex to None, run_after=None
[2024-07-10T01:06:49.687+0000] {processor.py:183} INFO - Processing /home/airflow/.local/lib/python3.12/site-packages/airflow/example_dags/example_complex.py took 0.089 seconds
[2024-07-10T01:07:19.908+0000] {processor.py:161} INFO - Started process (PID=343) to work on /home/airflow/.local/lib/python3.12/site-packages/airflow/example_dags/example_complex.py
[2024-07-10T01:07:19.909+0000] {processor.py:830} INFO - Processing file /home/airflow/.local/lib/python3.12/site-packages/airflow/example_dags/example_complex.py for tasks to queue
[2024-07-10T01:07:19.911+0000] {logging_mixin.py:188} INFO - [2024-07-10T01:07:19.911+0000] {dagbag.py:545} INFO - Filling up the DagBag from /home/airflow/.local/lib/python3.12/site-packages/airflow/example_dags/example_complex.py
[2024-07-10T01:07:19.923+0000] {processor.py:840} INFO - DAG(s) 'example_complex' retrieved from /home/airflow/.local/lib/python3.12/site-packages/airflow/example_dags/example_complex.py
[2024-07-10T01:07:19.961+0000] {logging_mixin.py:188} INFO - [2024-07-10T01:07:19.961+0000] {dag.py:3096} INFO - Sync 1 DAGs
[2024-07-10T01:07:19.974+0000] {logging_mixin.py:188} INFO - [2024-07-10T01:07:19.974+0000] {dag.py:3954} INFO - Setting next_dagrun for example_complex to None, run_after=None
[2024-07-10T01:07:19.996+0000] {processor.py:183} INFO - Processing /home/airflow/.local/lib/python3.12/site-packages/airflow/example_dags/example_complex.py took 0.093 seconds
[2024-07-10T01:07:50.058+0000] {processor.py:161} INFO - Started process (PID=401) to work on /home/airflow/.local/lib/python3.12/site-packages/airflow/example_dags/example_complex.py
[2024-07-10T01:07:50.059+0000] {processor.py:830} INFO - Processing file /home/airflow/.local/lib/python3.12/site-packages/airflow/example_dags/example_complex.py for tasks to queue
[2024-07-10T01:07:50.060+0000] {logging_mixin.py:188} INFO - [2024-07-10T01:07:50.060+0000] {dagbag.py:545} INFO - Filling up the DagBag from /home/airflow/.local/lib/python3.12/site-packages/airflow/example_dags/example_complex.py
[2024-07-10T01:07:50.071+0000] {processor.py:840} INFO - DAG(s) 'example_complex' retrieved from /home/airflow/.local/lib/python3.12/site-packages/airflow/example_dags/example_complex.py
[2024-07-10T01:07:50.107+0000] {logging_mixin.py:188} INFO - [2024-07-10T01:07:50.106+0000] {dag.py:3096} INFO - Sync 1 DAGs
[2024-07-10T01:07:50.122+0000] {logging_mixin.py:188} INFO - [2024-07-10T01:07:50.122+0000] {dag.py:3954} INFO - Setting next_dagrun for example_complex to None, run_after=None
[2024-07-10T01:07:50.141+0000] {processor.py:183} INFO - Processing /home/airflow/.local/lib/python3.12/site-packages/airflow/example_dags/example_complex.py took 0.089 seconds
[2024-07-10T01:08:20.605+0000] {processor.py:161} INFO - Started process (PID=459) to work on /home/airflow/.local/lib/python3.12/site-packages/airflow/example_dags/example_complex.py
[2024-07-10T01:08:20.606+0000] {processor.py:830} INFO - Processing file /home/airflow/.local/lib/python3.12/site-packages/airflow/example_dags/example_complex.py for tasks to queue
[2024-07-10T01:08:20.607+0000] {logging_mixin.py:188} INFO - [2024-07-10T01:08:20.607+0000] {dagbag.py:545} INFO - Filling up the DagBag from /home/airflow/.local/lib/python3.12/site-packages/airflow/example_dags/example_complex.py
[2024-07-10T01:08:20.619+0000] {processor.py:840} INFO - DAG(s) 'example_complex' retrieved from /home/airflow/.local/lib/python3.12/site-packages/airflow/example_dags/example_complex.py
[2024-07-10T01:08:20.656+0000] {logging_mixin.py:188} INFO - [2024-07-10T01:08:20.656+0000] {dag.py:3096} INFO - Sync 1 DAGs
[2024-07-10T01:08:20.673+0000] {logging_mixin.py:188} INFO - [2024-07-10T01:08:20.673+0000] {dag.py:3954} INFO - Setting next_dagrun for example_complex to None, run_after=None
[2024-07-10T01:08:20.694+0000] {processor.py:183} INFO - Processing /home/airflow/.local/lib/python3.12/site-packages/airflow/example_dags/example_complex.py took 0.095 seconds
[2024-07-10T01:08:51.258+0000] {processor.py:161} INFO - Started process (PID=509) to work on /home/airflow/.local/lib/python3.12/site-packages/airflow/example_dags/example_complex.py
[2024-07-10T01:08:51.259+0000] {processor.py:830} INFO - Processing file /home/airflow/.local/lib/python3.12/site-packages/airflow/example_dags/example_complex.py for tasks to queue
[2024-07-10T01:08:51.262+0000] {logging_mixin.py:188} INFO - [2024-07-10T01:08:51.261+0000] {dagbag.py:545} INFO - Filling up the DagBag from /home/airflow/.local/lib/python3.12/site-packages/airflow/example_dags/example_complex.py
[2024-07-10T01:08:51.273+0000] {processor.py:840} INFO - DAG(s) 'example_complex' retrieved from /home/airflow/.local/lib/python3.12/site-packages/airflow/example_dags/example_complex.py
[2024-07-10T01:08:51.312+0000] {logging_mixin.py:188} INFO - [2024-07-10T01:08:51.311+0000] {dag.py:3096} INFO - Sync 1 DAGs
[2024-07-10T01:08:51.327+0000] {logging_mixin.py:188} INFO - [2024-07-10T01:08:51.327+0000] {dag.py:3954} INFO - Setting next_dagrun for example_complex to None, run_after=None
[2024-07-10T01:08:51.349+0000] {processor.py:183} INFO - Processing /home/airflow/.local/lib/python3.12/site-packages/airflow/example_dags/example_complex.py took 0.097 seconds
[2024-07-10T01:09:21.799+0000] {processor.py:161} INFO - Started process (PID=567) to work on /home/airflow/.local/lib/python3.12/site-packages/airflow/example_dags/example_complex.py
[2024-07-10T01:09:21.801+0000] {processor.py:830} INFO - Processing file /home/airflow/.local/lib/python3.12/site-packages/airflow/example_dags/example_complex.py for tasks to queue
[2024-07-10T01:09:21.803+0000] {logging_mixin.py:188} INFO - [2024-07-10T01:09:21.802+0000] {dagbag.py:545} INFO - Filling up the DagBag from /home/airflow/.local/lib/python3.12/site-packages/airflow/example_dags/example_complex.py
[2024-07-10T01:09:21.816+0000] {processor.py:840} INFO - DAG(s) 'example_complex' retrieved from /home/airflow/.local/lib/python3.12/site-packages/airflow/example_dags/example_complex.py
[2024-07-10T01:09:21.874+0000] {logging_mixin.py:188} INFO - [2024-07-10T01:09:21.874+0000] {dag.py:3096} INFO - Sync 1 DAGs
[2024-07-10T01:09:21.892+0000] {logging_mixin.py:188} INFO - [2024-07-10T01:09:21.892+0000] {dag.py:3954} INFO - Setting next_dagrun for example_complex to None, run_after=None
[2024-07-10T01:09:21.917+0000] {processor.py:183} INFO - Processing /home/airflow/.local/lib/python3.12/site-packages/airflow/example_dags/example_complex.py took 0.125 seconds
[2024-07-10T01:09:52.059+0000] {processor.py:161} INFO - Started process (PID=625) to work on /home/airflow/.local/lib/python3.12/site-packages/airflow/example_dags/example_complex.py
[2024-07-10T01:09:52.061+0000] {processor.py:830} INFO - Processing file /home/airflow/.local/lib/python3.12/site-packages/airflow/example_dags/example_complex.py for tasks to queue
[2024-07-10T01:09:52.063+0000] {logging_mixin.py:188} INFO - [2024-07-10T01:09:52.063+0000] {dagbag.py:545} INFO - Filling up the DagBag from /home/airflow/.local/lib/python3.12/site-packages/airflow/example_dags/example_complex.py
[2024-07-10T01:09:52.078+0000] {processor.py:840} INFO - DAG(s) 'example_complex' retrieved from /home/airflow/.local/lib/python3.12/site-packages/airflow/example_dags/example_complex.py
[2024-07-10T01:09:52.118+0000] {logging_mixin.py:188} INFO - [2024-07-10T01:09:52.117+0000] {dag.py:3096} INFO - Sync 1 DAGs
[2024-07-10T01:09:52.134+0000] {logging_mixin.py:188} INFO - [2024-07-10T01:09:52.133+0000] {dag.py:3954} INFO - Setting next_dagrun for example_complex to None, run_after=None
[2024-07-10T01:09:52.159+0000] {processor.py:183} INFO - Processing /home/airflow/.local/lib/python3.12/site-packages/airflow/example_dags/example_complex.py took 0.107 seconds
