[2024-07-10T01:05:12.093+0000] {processor.py:161} INFO - Started process (PID=79) to work on /home/airflow/.local/lib/python3.12/site-packages/airflow/example_dags/example_dag_decorator.py
[2024-07-10T01:05:12.098+0000] {processor.py:830} INFO - Processing file /home/airflow/.local/lib/python3.12/site-packages/airflow/example_dags/example_dag_decorator.py for tasks to queue
[2024-07-10T01:05:12.105+0000] {logging_mixin.py:188} INFO - [2024-07-10T01:05:12.104+0000] {dagbag.py:545} INFO - Filling up the DagBag from /home/airflow/.local/lib/python3.12/site-packages/airflow/example_dags/example_dag_decorator.py
[2024-07-10T01:05:13.507+0000] {processor.py:840} INFO - DAG(s) 'example_dag_decorator' retrieved from /home/airflow/.local/lib/python3.12/site-packages/airflow/example_dags/example_dag_decorator.py
[2024-07-10T01:05:13.944+0000] {logging_mixin.py:188} INFO - [2024-07-10T01:05:13.943+0000] {override.py:1829} INFO - Created Permission View: can read on DAG:example_dag_decorator
[2024-07-10T01:05:13.980+0000] {logging_mixin.py:188} INFO - [2024-07-10T01:05:13.979+0000] {override.py:1829} INFO - Created Permission View: can edit on DAG:example_dag_decorator
[2024-07-10T01:05:14.002+0000] {logging_mixin.py:188} INFO - [2024-07-10T01:05:14.002+0000] {override.py:1829} INFO - Created Permission View: can delete on DAG:example_dag_decorator
[2024-07-10T01:05:14.004+0000] {logging_mixin.py:188} INFO - [2024-07-10T01:05:14.003+0000] {dag.py:3096} INFO - Sync 1 DAGs
[2024-07-10T01:05:14.052+0000] {logging_mixin.py:188} INFO - [2024-07-10T01:05:14.052+0000] {dag.py:3118} INFO - Creating ORM DAG for example_dag_decorator
[2024-07-10T01:05:14.054+0000] {logging_mixin.py:188} INFO - [2024-07-10T01:05:14.054+0000] {dag.py:3954} INFO - Setting next_dagrun for example_dag_decorator to None, run_after=None
[2024-07-10T01:05:14.109+0000] {processor.py:183} INFO - Processing /home/airflow/.local/lib/python3.12/site-packages/airflow/example_dags/example_dag_decorator.py took 2.026 seconds
[2024-07-10T01:05:44.390+0000] {processor.py:161} INFO - Started process (PID=138) to work on /home/airflow/.local/lib/python3.12/site-packages/airflow/example_dags/example_dag_decorator.py
[2024-07-10T01:05:44.391+0000] {processor.py:830} INFO - Processing file /home/airflow/.local/lib/python3.12/site-packages/airflow/example_dags/example_dag_decorator.py for tasks to queue
[2024-07-10T01:05:44.393+0000] {logging_mixin.py:188} INFO - [2024-07-10T01:05:44.393+0000] {dagbag.py:545} INFO - Filling up the DagBag from /home/airflow/.local/lib/python3.12/site-packages/airflow/example_dags/example_dag_decorator.py
[2024-07-10T01:05:44.517+0000] {processor.py:840} INFO - DAG(s) 'example_dag_decorator' retrieved from /home/airflow/.local/lib/python3.12/site-packages/airflow/example_dags/example_dag_decorator.py
[2024-07-10T01:05:44.640+0000] {logging_mixin.py:188} INFO - [2024-07-10T01:05:44.640+0000] {dag.py:3096} INFO - Sync 1 DAGs
[2024-07-10T01:05:44.652+0000] {logging_mixin.py:188} INFO - [2024-07-10T01:05:44.652+0000] {dag.py:3954} INFO - Setting next_dagrun for example_dag_decorator to None, run_after=None
[2024-07-10T01:05:44.743+0000] {processor.py:183} INFO - Processing /home/airflow/.local/lib/python3.12/site-packages/airflow/example_dags/example_dag_decorator.py took 0.358 seconds
[2024-07-10T01:06:15.310+0000] {processor.py:161} INFO - Started process (PID=196) to work on /home/airflow/.local/lib/python3.12/site-packages/airflow/example_dags/example_dag_decorator.py
[2024-07-10T01:06:15.311+0000] {processor.py:830} INFO - Processing file /home/airflow/.local/lib/python3.12/site-packages/airflow/example_dags/example_dag_decorator.py for tasks to queue
[2024-07-10T01:06:15.313+0000] {logging_mixin.py:188} INFO - [2024-07-10T01:06:15.313+0000] {dagbag.py:545} INFO - Filling up the DagBag from /home/airflow/.local/lib/python3.12/site-packages/airflow/example_dags/example_dag_decorator.py
[2024-07-10T01:06:15.436+0000] {processor.py:840} INFO - DAG(s) 'example_dag_decorator' retrieved from /home/airflow/.local/lib/python3.12/site-packages/airflow/example_dags/example_dag_decorator.py
[2024-07-10T01:06:15.562+0000] {logging_mixin.py:188} INFO - [2024-07-10T01:06:15.561+0000] {dag.py:3096} INFO - Sync 1 DAGs
[2024-07-10T01:06:15.576+0000] {logging_mixin.py:188} INFO - [2024-07-10T01:06:15.576+0000] {dag.py:3954} INFO - Setting next_dagrun for example_dag_decorator to None, run_after=None
[2024-07-10T01:06:15.616+0000] {processor.py:183} INFO - Processing /home/airflow/.local/lib/python3.12/site-packages/airflow/example_dags/example_dag_decorator.py took 0.311 seconds
[2024-07-10T01:06:45.794+0000] {processor.py:161} INFO - Started process (PID=255) to work on /home/airflow/.local/lib/python3.12/site-packages/airflow/example_dags/example_dag_decorator.py
[2024-07-10T01:06:45.795+0000] {processor.py:830} INFO - Processing file /home/airflow/.local/lib/python3.12/site-packages/airflow/example_dags/example_dag_decorator.py for tasks to queue
[2024-07-10T01:06:45.796+0000] {logging_mixin.py:188} INFO - [2024-07-10T01:06:45.796+0000] {dagbag.py:545} INFO - Filling up the DagBag from /home/airflow/.local/lib/python3.12/site-packages/airflow/example_dags/example_dag_decorator.py
[2024-07-10T01:06:45.912+0000] {processor.py:840} INFO - DAG(s) 'example_dag_decorator' retrieved from /home/airflow/.local/lib/python3.12/site-packages/airflow/example_dags/example_dag_decorator.py
[2024-07-10T01:06:46.033+0000] {logging_mixin.py:188} INFO - [2024-07-10T01:06:46.033+0000] {dag.py:3096} INFO - Sync 1 DAGs
[2024-07-10T01:06:46.046+0000] {logging_mixin.py:188} INFO - [2024-07-10T01:06:46.045+0000] {dag.py:3954} INFO - Setting next_dagrun for example_dag_decorator to None, run_after=None
[2024-07-10T01:06:46.197+0000] {processor.py:183} INFO - Processing /home/airflow/.local/lib/python3.12/site-packages/airflow/example_dags/example_dag_decorator.py took 0.409 seconds
[2024-07-10T01:07:17.147+0000] {processor.py:161} INFO - Started process (PID=314) to work on /home/airflow/.local/lib/python3.12/site-packages/airflow/example_dags/example_dag_decorator.py
[2024-07-10T01:07:17.148+0000] {processor.py:830} INFO - Processing file /home/airflow/.local/lib/python3.12/site-packages/airflow/example_dags/example_dag_decorator.py for tasks to queue
[2024-07-10T01:07:17.150+0000] {logging_mixin.py:188} INFO - [2024-07-10T01:07:17.150+0000] {dagbag.py:545} INFO - Filling up the DagBag from /home/airflow/.local/lib/python3.12/site-packages/airflow/example_dags/example_dag_decorator.py
[2024-07-10T01:07:17.269+0000] {processor.py:840} INFO - DAG(s) 'example_dag_decorator' retrieved from /home/airflow/.local/lib/python3.12/site-packages/airflow/example_dags/example_dag_decorator.py
[2024-07-10T01:07:17.380+0000] {logging_mixin.py:188} INFO - [2024-07-10T01:07:17.380+0000] {dag.py:3096} INFO - Sync 1 DAGs
[2024-07-10T01:07:17.392+0000] {logging_mixin.py:188} INFO - [2024-07-10T01:07:17.392+0000] {dag.py:3954} INFO - Setting next_dagrun for example_dag_decorator to None, run_after=None
[2024-07-10T01:07:17.411+0000] {processor.py:183} INFO - Processing /home/airflow/.local/lib/python3.12/site-packages/airflow/example_dags/example_dag_decorator.py took 0.270 seconds
[2024-07-10T01:07:47.473+0000] {processor.py:161} INFO - Started process (PID=374) to work on /home/airflow/.local/lib/python3.12/site-packages/airflow/example_dags/example_dag_decorator.py
[2024-07-10T01:07:47.474+0000] {processor.py:830} INFO - Processing file /home/airflow/.local/lib/python3.12/site-packages/airflow/example_dags/example_dag_decorator.py for tasks to queue
[2024-07-10T01:07:47.476+0000] {logging_mixin.py:188} INFO - [2024-07-10T01:07:47.476+0000] {dagbag.py:545} INFO - Filling up the DagBag from /home/airflow/.local/lib/python3.12/site-packages/airflow/example_dags/example_dag_decorator.py
[2024-07-10T01:07:47.602+0000] {processor.py:840} INFO - DAG(s) 'example_dag_decorator' retrieved from /home/airflow/.local/lib/python3.12/site-packages/airflow/example_dags/example_dag_decorator.py
[2024-07-10T01:07:47.710+0000] {logging_mixin.py:188} INFO - [2024-07-10T01:07:47.710+0000] {dag.py:3096} INFO - Sync 1 DAGs
[2024-07-10T01:07:47.724+0000] {logging_mixin.py:188} INFO - [2024-07-10T01:07:47.724+0000] {dag.py:3954} INFO - Setting next_dagrun for example_dag_decorator to None, run_after=None
[2024-07-10T01:07:47.745+0000] {processor.py:183} INFO - Processing /home/airflow/.local/lib/python3.12/site-packages/airflow/example_dags/example_dag_decorator.py took 0.278 seconds
[2024-07-10T01:08:17.873+0000] {processor.py:161} INFO - Started process (PID=433) to work on /home/airflow/.local/lib/python3.12/site-packages/airflow/example_dags/example_dag_decorator.py
[2024-07-10T01:08:17.875+0000] {processor.py:830} INFO - Processing file /home/airflow/.local/lib/python3.12/site-packages/airflow/example_dags/example_dag_decorator.py for tasks to queue
[2024-07-10T01:08:17.877+0000] {logging_mixin.py:188} INFO - [2024-07-10T01:08:17.876+0000] {dagbag.py:545} INFO - Filling up the DagBag from /home/airflow/.local/lib/python3.12/site-packages/airflow/example_dags/example_dag_decorator.py
[2024-07-10T01:08:18.000+0000] {processor.py:840} INFO - DAG(s) 'example_dag_decorator' retrieved from /home/airflow/.local/lib/python3.12/site-packages/airflow/example_dags/example_dag_decorator.py
[2024-07-10T01:08:18.110+0000] {logging_mixin.py:188} INFO - [2024-07-10T01:08:18.109+0000] {dag.py:3096} INFO - Sync 1 DAGs
[2024-07-10T01:08:18.123+0000] {logging_mixin.py:188} INFO - [2024-07-10T01:08:18.123+0000] {dag.py:3954} INFO - Setting next_dagrun for example_dag_decorator to None, run_after=None
[2024-07-10T01:08:18.144+0000] {processor.py:183} INFO - Processing /home/airflow/.local/lib/python3.12/site-packages/airflow/example_dags/example_dag_decorator.py took 0.277 seconds
[2024-07-10T01:08:48.180+0000] {processor.py:161} INFO - Started process (PID=491) to work on /home/airflow/.local/lib/python3.12/site-packages/airflow/example_dags/example_dag_decorator.py
[2024-07-10T01:08:48.182+0000] {processor.py:830} INFO - Processing file /home/airflow/.local/lib/python3.12/site-packages/airflow/example_dags/example_dag_decorator.py for tasks to queue
[2024-07-10T01:08:48.184+0000] {logging_mixin.py:188} INFO - [2024-07-10T01:08:48.183+0000] {dagbag.py:545} INFO - Filling up the DagBag from /home/airflow/.local/lib/python3.12/site-packages/airflow/example_dags/example_dag_decorator.py
[2024-07-10T01:08:48.329+0000] {processor.py:840} INFO - DAG(s) 'example_dag_decorator' retrieved from /home/airflow/.local/lib/python3.12/site-packages/airflow/example_dags/example_dag_decorator.py
[2024-07-10T01:08:48.439+0000] {logging_mixin.py:188} INFO - [2024-07-10T01:08:48.439+0000] {dag.py:3096} INFO - Sync 1 DAGs
[2024-07-10T01:08:48.451+0000] {logging_mixin.py:188} INFO - [2024-07-10T01:08:48.451+0000] {dag.py:3954} INFO - Setting next_dagrun for example_dag_decorator to None, run_after=None
[2024-07-10T01:08:48.478+0000] {processor.py:183} INFO - Processing /home/airflow/.local/lib/python3.12/site-packages/airflow/example_dags/example_dag_decorator.py took 0.305 seconds
[2024-07-10T01:09:19.350+0000] {processor.py:161} INFO - Started process (PID=549) to work on /home/airflow/.local/lib/python3.12/site-packages/airflow/example_dags/example_dag_decorator.py
[2024-07-10T01:09:19.351+0000] {processor.py:830} INFO - Processing file /home/airflow/.local/lib/python3.12/site-packages/airflow/example_dags/example_dag_decorator.py for tasks to queue
[2024-07-10T01:09:19.354+0000] {logging_mixin.py:188} INFO - [2024-07-10T01:09:19.353+0000] {dagbag.py:545} INFO - Filling up the DagBag from /home/airflow/.local/lib/python3.12/site-packages/airflow/example_dags/example_dag_decorator.py
[2024-07-10T01:09:19.502+0000] {processor.py:840} INFO - DAG(s) 'example_dag_decorator' retrieved from /home/airflow/.local/lib/python3.12/site-packages/airflow/example_dags/example_dag_decorator.py
[2024-07-10T01:09:19.643+0000] {logging_mixin.py:188} INFO - [2024-07-10T01:09:19.643+0000] {dag.py:3096} INFO - Sync 1 DAGs
[2024-07-10T01:09:19.658+0000] {logging_mixin.py:188} INFO - [2024-07-10T01:09:19.657+0000] {dag.py:3954} INFO - Setting next_dagrun for example_dag_decorator to None, run_after=None
[2024-07-10T01:09:19.689+0000] {processor.py:183} INFO - Processing /home/airflow/.local/lib/python3.12/site-packages/airflow/example_dags/example_dag_decorator.py took 0.346 seconds
[2024-07-10T01:09:49.737+0000] {processor.py:161} INFO - Started process (PID=607) to work on /home/airflow/.local/lib/python3.12/site-packages/airflow/example_dags/example_dag_decorator.py
[2024-07-10T01:09:49.738+0000] {processor.py:830} INFO - Processing file /home/airflow/.local/lib/python3.12/site-packages/airflow/example_dags/example_dag_decorator.py for tasks to queue
[2024-07-10T01:09:49.740+0000] {logging_mixin.py:188} INFO - [2024-07-10T01:09:49.739+0000] {dagbag.py:545} INFO - Filling up the DagBag from /home/airflow/.local/lib/python3.12/site-packages/airflow/example_dags/example_dag_decorator.py
[2024-07-10T01:09:49.864+0000] {processor.py:840} INFO - DAG(s) 'example_dag_decorator' retrieved from /home/airflow/.local/lib/python3.12/site-packages/airflow/example_dags/example_dag_decorator.py
[2024-07-10T01:09:49.978+0000] {logging_mixin.py:188} INFO - [2024-07-10T01:09:49.978+0000] {dag.py:3096} INFO - Sync 1 DAGs
[2024-07-10T01:09:49.992+0000] {logging_mixin.py:188} INFO - [2024-07-10T01:09:49.991+0000] {dag.py:3954} INFO - Setting next_dagrun for example_dag_decorator to None, run_after=None
[2024-07-10T01:09:50.019+0000] {processor.py:183} INFO - Processing /home/airflow/.local/lib/python3.12/site-packages/airflow/example_dags/example_dag_decorator.py took 0.287 seconds
