[2024-07-10T01:04:35.005+0000] {processor.py:161} INFO - Started process (PID=48) to work on /home/airflow/.local/lib/python3.12/site-packages/airflow/example_dags/example_bash_decorator.py
[2024-07-10T01:04:35.006+0000] {processor.py:830} INFO - Processing file /home/airflow/.local/lib/python3.12/site-packages/airflow/example_dags/example_bash_decorator.py for tasks to queue
[2024-07-10T01:04:35.010+0000] {logging_mixin.py:188} INFO - [2024-07-10T01:04:35.009+0000] {dagbag.py:545} INFO - Filling up the DagBag from /home/airflow/.local/lib/python3.12/site-packages/airflow/example_dags/example_bash_decorator.py
[2024-07-10T01:04:35.061+0000] {processor.py:840} INFO - DAG(s) 'example_bash_decorator' retrieved from /home/airflow/.local/lib/python3.12/site-packages/airflow/example_dags/example_bash_decorator.py
[2024-07-10T01:04:35.519+0000] {logging_mixin.py:188} INFO - [2024-07-10T01:04:35.518+0000] {override.py:1829} INFO - Created Permission View: can read on DAG:example_bash_decorator
[2024-07-10T01:04:35.567+0000] {logging_mixin.py:188} INFO - [2024-07-10T01:04:35.567+0000] {override.py:1829} INFO - Created Permission View: can edit on DAG:example_bash_decorator
[2024-07-10T01:04:35.655+0000] {logging_mixin.py:188} INFO - [2024-07-10T01:04:35.654+0000] {override.py:1829} INFO - Created Permission View: can delete on DAG:example_bash_decorator
[2024-07-10T01:04:35.656+0000] {logging_mixin.py:188} INFO - [2024-07-10T01:04:35.656+0000] {dag.py:3096} INFO - Sync 1 DAGs
[2024-07-10T01:04:35.788+0000] {logging_mixin.py:188} INFO - [2024-07-10T01:04:35.787+0000] {dag.py:3118} INFO - Creating ORM DAG for example_bash_decorator
[2024-07-10T01:04:35.839+0000] {logging_mixin.py:188} INFO - [2024-07-10T01:04:35.838+0000] {dag.py:3954} INFO - Setting next_dagrun for example_bash_decorator to None, run_after=None
[2024-07-10T01:04:36.001+0000] {processor.py:183} INFO - Processing /home/airflow/.local/lib/python3.12/site-packages/airflow/example_dags/example_bash_decorator.py took 1.005 seconds
[2024-07-10T01:05:18.276+0000] {processor.py:161} INFO - Started process (PID=113) to work on /home/airflow/.local/lib/python3.12/site-packages/airflow/example_dags/example_bash_decorator.py
[2024-07-10T01:05:18.277+0000] {processor.py:830} INFO - Processing file /home/airflow/.local/lib/python3.12/site-packages/airflow/example_dags/example_bash_decorator.py for tasks to queue
[2024-07-10T01:05:18.280+0000] {logging_mixin.py:188} INFO - [2024-07-10T01:05:18.279+0000] {dagbag.py:545} INFO - Filling up the DagBag from /home/airflow/.local/lib/python3.12/site-packages/airflow/example_dags/example_bash_decorator.py
[2024-07-10T01:05:18.295+0000] {processor.py:840} INFO - DAG(s) 'example_bash_decorator' retrieved from /home/airflow/.local/lib/python3.12/site-packages/airflow/example_dags/example_bash_decorator.py
[2024-07-10T01:05:18.322+0000] {logging_mixin.py:188} INFO - [2024-07-10T01:05:18.322+0000] {dag.py:3096} INFO - Sync 1 DAGs
[2024-07-10T01:05:18.338+0000] {logging_mixin.py:188} INFO - [2024-07-10T01:05:18.337+0000] {dag.py:3954} INFO - Setting next_dagrun for example_bash_decorator to None, run_after=None
[2024-07-10T01:05:18.361+0000] {processor.py:183} INFO - Processing /home/airflow/.local/lib/python3.12/site-packages/airflow/example_dags/example_bash_decorator.py took 0.090 seconds
[2024-07-10T01:05:48.757+0000] {processor.py:161} INFO - Started process (PID=169) to work on /home/airflow/.local/lib/python3.12/site-packages/airflow/example_dags/example_bash_decorator.py
[2024-07-10T01:05:48.758+0000] {processor.py:830} INFO - Processing file /home/airflow/.local/lib/python3.12/site-packages/airflow/example_dags/example_bash_decorator.py for tasks to queue
[2024-07-10T01:05:48.760+0000] {logging_mixin.py:188} INFO - [2024-07-10T01:05:48.760+0000] {dagbag.py:545} INFO - Filling up the DagBag from /home/airflow/.local/lib/python3.12/site-packages/airflow/example_dags/example_bash_decorator.py
[2024-07-10T01:05:48.776+0000] {processor.py:840} INFO - DAG(s) 'example_bash_decorator' retrieved from /home/airflow/.local/lib/python3.12/site-packages/airflow/example_dags/example_bash_decorator.py
[2024-07-10T01:05:48.802+0000] {logging_mixin.py:188} INFO - [2024-07-10T01:05:48.801+0000] {dag.py:3096} INFO - Sync 1 DAGs
[2024-07-10T01:05:48.819+0000] {logging_mixin.py:188} INFO - [2024-07-10T01:05:48.819+0000] {dag.py:3954} INFO - Setting next_dagrun for example_bash_decorator to None, run_after=None
[2024-07-10T01:05:48.855+0000] {processor.py:183} INFO - Processing /home/airflow/.local/lib/python3.12/site-packages/airflow/example_dags/example_bash_decorator.py took 0.104 seconds
[2024-07-10T01:06:19.295+0000] {processor.py:161} INFO - Started process (PID=225) to work on /home/airflow/.local/lib/python3.12/site-packages/airflow/example_dags/example_bash_decorator.py
[2024-07-10T01:06:19.296+0000] {processor.py:830} INFO - Processing file /home/airflow/.local/lib/python3.12/site-packages/airflow/example_dags/example_bash_decorator.py for tasks to queue
[2024-07-10T01:06:19.298+0000] {logging_mixin.py:188} INFO - [2024-07-10T01:06:19.297+0000] {dagbag.py:545} INFO - Filling up the DagBag from /home/airflow/.local/lib/python3.12/site-packages/airflow/example_dags/example_bash_decorator.py
[2024-07-10T01:06:19.311+0000] {processor.py:840} INFO - DAG(s) 'example_bash_decorator' retrieved from /home/airflow/.local/lib/python3.12/site-packages/airflow/example_dags/example_bash_decorator.py
[2024-07-10T01:06:19.342+0000] {logging_mixin.py:188} INFO - [2024-07-10T01:06:19.342+0000] {dag.py:3096} INFO - Sync 1 DAGs
[2024-07-10T01:06:19.357+0000] {logging_mixin.py:188} INFO - [2024-07-10T01:06:19.356+0000] {dag.py:3954} INFO - Setting next_dagrun for example_bash_decorator to None, run_after=None
[2024-07-10T01:06:19.413+0000] {processor.py:183} INFO - Processing /home/airflow/.local/lib/python3.12/site-packages/airflow/example_dags/example_bash_decorator.py took 0.124 seconds
[2024-07-10T01:06:49.487+0000] {processor.py:161} INFO - Started process (PID=283) to work on /home/airflow/.local/lib/python3.12/site-packages/airflow/example_dags/example_bash_decorator.py
[2024-07-10T01:06:49.488+0000] {processor.py:830} INFO - Processing file /home/airflow/.local/lib/python3.12/site-packages/airflow/example_dags/example_bash_decorator.py for tasks to queue
[2024-07-10T01:06:49.490+0000] {logging_mixin.py:188} INFO - [2024-07-10T01:06:49.490+0000] {dagbag.py:545} INFO - Filling up the DagBag from /home/airflow/.local/lib/python3.12/site-packages/airflow/example_dags/example_bash_decorator.py
[2024-07-10T01:06:49.505+0000] {processor.py:840} INFO - DAG(s) 'example_bash_decorator' retrieved from /home/airflow/.local/lib/python3.12/site-packages/airflow/example_dags/example_bash_decorator.py
[2024-07-10T01:06:49.531+0000] {logging_mixin.py:188} INFO - [2024-07-10T01:06:49.531+0000] {dag.py:3096} INFO - Sync 1 DAGs
[2024-07-10T01:06:49.544+0000] {logging_mixin.py:188} INFO - [2024-07-10T01:06:49.544+0000] {dag.py:3954} INFO - Setting next_dagrun for example_bash_decorator to None, run_after=None
[2024-07-10T01:06:49.561+0000] {processor.py:183} INFO - Processing /home/airflow/.local/lib/python3.12/site-packages/airflow/example_dags/example_bash_decorator.py took 0.079 seconds
[2024-07-10T01:07:19.795+0000] {processor.py:161} INFO - Started process (PID=341) to work on /home/airflow/.local/lib/python3.12/site-packages/airflow/example_dags/example_bash_decorator.py
[2024-07-10T01:07:19.796+0000] {processor.py:830} INFO - Processing file /home/airflow/.local/lib/python3.12/site-packages/airflow/example_dags/example_bash_decorator.py for tasks to queue
[2024-07-10T01:07:19.797+0000] {logging_mixin.py:188} INFO - [2024-07-10T01:07:19.797+0000] {dagbag.py:545} INFO - Filling up the DagBag from /home/airflow/.local/lib/python3.12/site-packages/airflow/example_dags/example_bash_decorator.py
[2024-07-10T01:07:19.811+0000] {processor.py:840} INFO - DAG(s) 'example_bash_decorator' retrieved from /home/airflow/.local/lib/python3.12/site-packages/airflow/example_dags/example_bash_decorator.py
[2024-07-10T01:07:19.835+0000] {logging_mixin.py:188} INFO - [2024-07-10T01:07:19.834+0000] {dag.py:3096} INFO - Sync 1 DAGs
[2024-07-10T01:07:19.848+0000] {logging_mixin.py:188} INFO - [2024-07-10T01:07:19.847+0000] {dag.py:3954} INFO - Setting next_dagrun for example_bash_decorator to None, run_after=None
[2024-07-10T01:07:19.868+0000] {processor.py:183} INFO - Processing /home/airflow/.local/lib/python3.12/site-packages/airflow/example_dags/example_bash_decorator.py took 0.080 seconds
[2024-07-10T01:07:49.947+0000] {processor.py:161} INFO - Started process (PID=399) to work on /home/airflow/.local/lib/python3.12/site-packages/airflow/example_dags/example_bash_decorator.py
[2024-07-10T01:07:49.948+0000] {processor.py:830} INFO - Processing file /home/airflow/.local/lib/python3.12/site-packages/airflow/example_dags/example_bash_decorator.py for tasks to queue
[2024-07-10T01:07:49.950+0000] {logging_mixin.py:188} INFO - [2024-07-10T01:07:49.950+0000] {dagbag.py:545} INFO - Filling up the DagBag from /home/airflow/.local/lib/python3.12/site-packages/airflow/example_dags/example_bash_decorator.py
[2024-07-10T01:07:49.963+0000] {processor.py:840} INFO - DAG(s) 'example_bash_decorator' retrieved from /home/airflow/.local/lib/python3.12/site-packages/airflow/example_dags/example_bash_decorator.py
[2024-07-10T01:07:49.987+0000] {logging_mixin.py:188} INFO - [2024-07-10T01:07:49.987+0000] {dag.py:3096} INFO - Sync 1 DAGs
[2024-07-10T01:07:50.002+0000] {logging_mixin.py:188} INFO - [2024-07-10T01:07:50.001+0000] {dag.py:3954} INFO - Setting next_dagrun for example_bash_decorator to None, run_after=None
[2024-07-10T01:07:50.020+0000] {processor.py:183} INFO - Processing /home/airflow/.local/lib/python3.12/site-packages/airflow/example_dags/example_bash_decorator.py took 0.078 seconds
[2024-07-10T01:08:20.436+0000] {processor.py:161} INFO - Started process (PID=456) to work on /home/airflow/.local/lib/python3.12/site-packages/airflow/example_dags/example_bash_decorator.py
[2024-07-10T01:08:20.437+0000] {processor.py:830} INFO - Processing file /home/airflow/.local/lib/python3.12/site-packages/airflow/example_dags/example_bash_decorator.py for tasks to queue
[2024-07-10T01:08:20.439+0000] {logging_mixin.py:188} INFO - [2024-07-10T01:08:20.438+0000] {dagbag.py:545} INFO - Filling up the DagBag from /home/airflow/.local/lib/python3.12/site-packages/airflow/example_dags/example_bash_decorator.py
[2024-07-10T01:08:20.453+0000] {processor.py:840} INFO - DAG(s) 'example_bash_decorator' retrieved from /home/airflow/.local/lib/python3.12/site-packages/airflow/example_dags/example_bash_decorator.py
[2024-07-10T01:08:20.478+0000] {logging_mixin.py:188} INFO - [2024-07-10T01:08:20.478+0000] {dag.py:3096} INFO - Sync 1 DAGs
[2024-07-10T01:08:20.491+0000] {logging_mixin.py:188} INFO - [2024-07-10T01:08:20.491+0000] {dag.py:3954} INFO - Setting next_dagrun for example_bash_decorator to None, run_after=None
[2024-07-10T01:08:20.512+0000] {processor.py:183} INFO - Processing /home/airflow/.local/lib/python3.12/site-packages/airflow/example_dags/example_bash_decorator.py took 0.081 seconds
[2024-07-10T01:08:51.133+0000] {processor.py:161} INFO - Started process (PID=507) to work on /home/airflow/.local/lib/python3.12/site-packages/airflow/example_dags/example_bash_decorator.py
[2024-07-10T01:08:51.134+0000] {processor.py:830} INFO - Processing file /home/airflow/.local/lib/python3.12/site-packages/airflow/example_dags/example_bash_decorator.py for tasks to queue
[2024-07-10T01:08:51.136+0000] {logging_mixin.py:188} INFO - [2024-07-10T01:08:51.136+0000] {dagbag.py:545} INFO - Filling up the DagBag from /home/airflow/.local/lib/python3.12/site-packages/airflow/example_dags/example_bash_decorator.py
[2024-07-10T01:08:51.154+0000] {processor.py:840} INFO - DAG(s) 'example_bash_decorator' retrieved from /home/airflow/.local/lib/python3.12/site-packages/airflow/example_dags/example_bash_decorator.py
[2024-07-10T01:08:51.186+0000] {logging_mixin.py:188} INFO - [2024-07-10T01:08:51.185+0000] {dag.py:3096} INFO - Sync 1 DAGs
[2024-07-10T01:08:51.202+0000] {logging_mixin.py:188} INFO - [2024-07-10T01:08:51.202+0000] {dag.py:3954} INFO - Setting next_dagrun for example_bash_decorator to None, run_after=None
[2024-07-10T01:08:51.224+0000] {processor.py:183} INFO - Processing /home/airflow/.local/lib/python3.12/site-packages/airflow/example_dags/example_bash_decorator.py took 0.096 seconds
[2024-07-10T01:09:21.661+0000] {processor.py:161} INFO - Started process (PID=565) to work on /home/airflow/.local/lib/python3.12/site-packages/airflow/example_dags/example_bash_decorator.py
[2024-07-10T01:09:21.662+0000] {processor.py:830} INFO - Processing file /home/airflow/.local/lib/python3.12/site-packages/airflow/example_dags/example_bash_decorator.py for tasks to queue
[2024-07-10T01:09:21.664+0000] {logging_mixin.py:188} INFO - [2024-07-10T01:09:21.664+0000] {dagbag.py:545} INFO - Filling up the DagBag from /home/airflow/.local/lib/python3.12/site-packages/airflow/example_dags/example_bash_decorator.py
[2024-07-10T01:09:21.682+0000] {processor.py:840} INFO - DAG(s) 'example_bash_decorator' retrieved from /home/airflow/.local/lib/python3.12/site-packages/airflow/example_dags/example_bash_decorator.py
[2024-07-10T01:09:21.714+0000] {logging_mixin.py:188} INFO - [2024-07-10T01:09:21.714+0000] {dag.py:3096} INFO - Sync 1 DAGs
[2024-07-10T01:09:21.732+0000] {logging_mixin.py:188} INFO - [2024-07-10T01:09:21.732+0000] {dag.py:3954} INFO - Setting next_dagrun for example_bash_decorator to None, run_after=None
[2024-07-10T01:09:21.757+0000] {processor.py:183} INFO - Processing /home/airflow/.local/lib/python3.12/site-packages/airflow/example_dags/example_bash_decorator.py took 0.102 seconds
[2024-07-10T01:09:51.895+0000] {processor.py:161} INFO - Started process (PID=623) to work on /home/airflow/.local/lib/python3.12/site-packages/airflow/example_dags/example_bash_decorator.py
[2024-07-10T01:09:51.896+0000] {processor.py:830} INFO - Processing file /home/airflow/.local/lib/python3.12/site-packages/airflow/example_dags/example_bash_decorator.py for tasks to queue
[2024-07-10T01:09:51.900+0000] {logging_mixin.py:188} INFO - [2024-07-10T01:09:51.899+0000] {dagbag.py:545} INFO - Filling up the DagBag from /home/airflow/.local/lib/python3.12/site-packages/airflow/example_dags/example_bash_decorator.py
[2024-07-10T01:09:51.930+0000] {processor.py:840} INFO - DAG(s) 'example_bash_decorator' retrieved from /home/airflow/.local/lib/python3.12/site-packages/airflow/example_dags/example_bash_decorator.py
[2024-07-10T01:09:51.968+0000] {logging_mixin.py:188} INFO - [2024-07-10T01:09:51.967+0000] {dag.py:3096} INFO - Sync 1 DAGs
[2024-07-10T01:09:51.988+0000] {logging_mixin.py:188} INFO - [2024-07-10T01:09:51.987+0000] {dag.py:3954} INFO - Setting next_dagrun for example_bash_decorator to None, run_after=None
[2024-07-10T01:09:52.019+0000] {processor.py:183} INFO - Processing /home/airflow/.local/lib/python3.12/site-packages/airflow/example_dags/example_bash_decorator.py took 0.131 seconds
