[2024-07-10T01:05:16.688+0000] {processor.py:161} INFO - Started process (PID=97) to work on /home/airflow/.local/lib/python3.12/site-packages/airflow/example_dags/example_python_operator.py
[2024-07-10T01:05:16.689+0000] {processor.py:830} INFO - Processing file /home/airflow/.local/lib/python3.12/site-packages/airflow/example_dags/example_python_operator.py for tasks to queue
[2024-07-10T01:05:16.691+0000] {logging_mixin.py:188} INFO - [2024-07-10T01:05:16.691+0000] {dagbag.py:545} INFO - Filling up the DagBag from /home/airflow/.local/lib/python3.12/site-packages/airflow/example_dags/example_python_operator.py
[2024-07-10T01:05:16.706+0000] {processor.py:840} INFO - DAG(s) 'example_python_operator' retrieved from /home/airflow/.local/lib/python3.12/site-packages/airflow/example_dags/example_python_operator.py
[2024-07-10T01:05:16.852+0000] {logging_mixin.py:188} INFO - [2024-07-10T01:05:16.851+0000] {override.py:1829} INFO - Created Permission View: can read on DAG:example_python_operator
[2024-07-10T01:05:16.864+0000] {logging_mixin.py:188} INFO - [2024-07-10T01:05:16.864+0000] {override.py:1829} INFO - Created Permission View: can edit on DAG:example_python_operator
[2024-07-10T01:05:16.874+0000] {logging_mixin.py:188} INFO - [2024-07-10T01:05:16.874+0000] {override.py:1829} INFO - Created Permission View: can delete on DAG:example_python_operator
[2024-07-10T01:05:16.875+0000] {logging_mixin.py:188} INFO - [2024-07-10T01:05:16.875+0000] {dag.py:3096} INFO - Sync 1 DAGs
[2024-07-10T01:05:16.889+0000] {logging_mixin.py:188} INFO - [2024-07-10T01:05:16.888+0000] {dag.py:3118} INFO - Creating ORM DAG for example_python_operator
[2024-07-10T01:05:16.890+0000] {logging_mixin.py:188} INFO - [2024-07-10T01:05:16.890+0000] {dag.py:3954} INFO - Setting next_dagrun for example_python_operator to None, run_after=None
[2024-07-10T01:05:16.914+0000] {processor.py:183} INFO - Processing /home/airflow/.local/lib/python3.12/site-packages/airflow/example_dags/example_python_operator.py took 0.233 seconds
[2024-07-10T01:05:46.978+0000] {processor.py:161} INFO - Started process (PID=155) to work on /home/airflow/.local/lib/python3.12/site-packages/airflow/example_dags/example_python_operator.py
[2024-07-10T01:05:46.979+0000] {processor.py:830} INFO - Processing file /home/airflow/.local/lib/python3.12/site-packages/airflow/example_dags/example_python_operator.py for tasks to queue
[2024-07-10T01:05:46.981+0000] {logging_mixin.py:188} INFO - [2024-07-10T01:05:46.981+0000] {dagbag.py:545} INFO - Filling up the DagBag from /home/airflow/.local/lib/python3.12/site-packages/airflow/example_dags/example_python_operator.py
[2024-07-10T01:05:46.991+0000] {processor.py:840} INFO - DAG(s) 'example_python_operator' retrieved from /home/airflow/.local/lib/python3.12/site-packages/airflow/example_dags/example_python_operator.py
[2024-07-10T01:05:47.014+0000] {logging_mixin.py:188} INFO - [2024-07-10T01:05:47.013+0000] {dag.py:3096} INFO - Sync 1 DAGs
[2024-07-10T01:05:47.027+0000] {logging_mixin.py:188} INFO - [2024-07-10T01:05:47.027+0000] {dag.py:3954} INFO - Setting next_dagrun for example_python_operator to None, run_after=None
[2024-07-10T01:05:47.063+0000] {processor.py:183} INFO - Processing /home/airflow/.local/lib/python3.12/site-packages/airflow/example_dags/example_python_operator.py took 0.090 seconds
[2024-07-10T01:06:17.443+0000] {processor.py:161} INFO - Started process (PID=213) to work on /home/airflow/.local/lib/python3.12/site-packages/airflow/example_dags/example_python_operator.py
[2024-07-10T01:06:17.444+0000] {processor.py:830} INFO - Processing file /home/airflow/.local/lib/python3.12/site-packages/airflow/example_dags/example_python_operator.py for tasks to queue
[2024-07-10T01:06:17.446+0000] {logging_mixin.py:188} INFO - [2024-07-10T01:06:17.446+0000] {dagbag.py:545} INFO - Filling up the DagBag from /home/airflow/.local/lib/python3.12/site-packages/airflow/example_dags/example_python_operator.py
[2024-07-10T01:06:17.457+0000] {processor.py:840} INFO - DAG(s) 'example_python_operator' retrieved from /home/airflow/.local/lib/python3.12/site-packages/airflow/example_dags/example_python_operator.py
[2024-07-10T01:06:17.482+0000] {logging_mixin.py:188} INFO - [2024-07-10T01:06:17.482+0000] {dag.py:3096} INFO - Sync 1 DAGs
[2024-07-10T01:06:17.496+0000] {logging_mixin.py:188} INFO - [2024-07-10T01:06:17.496+0000] {dag.py:3954} INFO - Setting next_dagrun for example_python_operator to None, run_after=None
[2024-07-10T01:06:17.526+0000] {processor.py:183} INFO - Processing /home/airflow/.local/lib/python3.12/site-packages/airflow/example_dags/example_python_operator.py took 0.089 seconds
[2024-07-10T01:06:48.840+0000] {processor.py:161} INFO - Started process (PID=271) to work on /home/airflow/.local/lib/python3.12/site-packages/airflow/example_dags/example_python_operator.py
[2024-07-10T01:06:48.841+0000] {processor.py:830} INFO - Processing file /home/airflow/.local/lib/python3.12/site-packages/airflow/example_dags/example_python_operator.py for tasks to queue
[2024-07-10T01:06:48.843+0000] {logging_mixin.py:188} INFO - [2024-07-10T01:06:48.843+0000] {dagbag.py:545} INFO - Filling up the DagBag from /home/airflow/.local/lib/python3.12/site-packages/airflow/example_dags/example_python_operator.py
[2024-07-10T01:06:48.854+0000] {processor.py:840} INFO - DAG(s) 'example_python_operator' retrieved from /home/airflow/.local/lib/python3.12/site-packages/airflow/example_dags/example_python_operator.py
[2024-07-10T01:06:48.881+0000] {logging_mixin.py:188} INFO - [2024-07-10T01:06:48.881+0000] {dag.py:3096} INFO - Sync 1 DAGs
[2024-07-10T01:06:48.895+0000] {logging_mixin.py:188} INFO - [2024-07-10T01:06:48.895+0000] {dag.py:3954} INFO - Setting next_dagrun for example_python_operator to None, run_after=None
[2024-07-10T01:06:48.918+0000] {processor.py:183} INFO - Processing /home/airflow/.local/lib/python3.12/site-packages/airflow/example_dags/example_python_operator.py took 0.083 seconds
[2024-07-10T01:07:19.212+0000] {processor.py:161} INFO - Started process (PID=332) to work on /home/airflow/.local/lib/python3.12/site-packages/airflow/example_dags/example_python_operator.py
[2024-07-10T01:07:19.213+0000] {processor.py:830} INFO - Processing file /home/airflow/.local/lib/python3.12/site-packages/airflow/example_dags/example_python_operator.py for tasks to queue
[2024-07-10T01:07:19.215+0000] {logging_mixin.py:188} INFO - [2024-07-10T01:07:19.215+0000] {dagbag.py:545} INFO - Filling up the DagBag from /home/airflow/.local/lib/python3.12/site-packages/airflow/example_dags/example_python_operator.py
[2024-07-10T01:07:19.226+0000] {processor.py:840} INFO - DAG(s) 'example_python_operator' retrieved from /home/airflow/.local/lib/python3.12/site-packages/airflow/example_dags/example_python_operator.py
[2024-07-10T01:07:19.251+0000] {logging_mixin.py:188} INFO - [2024-07-10T01:07:19.251+0000] {dag.py:3096} INFO - Sync 1 DAGs
[2024-07-10T01:07:19.267+0000] {logging_mixin.py:188} INFO - [2024-07-10T01:07:19.266+0000] {dag.py:3954} INFO - Setting next_dagrun for example_python_operator to None, run_after=None
[2024-07-10T01:07:19.289+0000] {processor.py:183} INFO - Processing /home/airflow/.local/lib/python3.12/site-packages/airflow/example_dags/example_python_operator.py took 0.083 seconds
[2024-07-10T01:07:49.363+0000] {processor.py:161} INFO - Started process (PID=390) to work on /home/airflow/.local/lib/python3.12/site-packages/airflow/example_dags/example_python_operator.py
[2024-07-10T01:07:49.364+0000] {processor.py:830} INFO - Processing file /home/airflow/.local/lib/python3.12/site-packages/airflow/example_dags/example_python_operator.py for tasks to queue
[2024-07-10T01:07:49.366+0000] {logging_mixin.py:188} INFO - [2024-07-10T01:07:49.365+0000] {dagbag.py:545} INFO - Filling up the DagBag from /home/airflow/.local/lib/python3.12/site-packages/airflow/example_dags/example_python_operator.py
[2024-07-10T01:07:49.376+0000] {processor.py:840} INFO - DAG(s) 'example_python_operator' retrieved from /home/airflow/.local/lib/python3.12/site-packages/airflow/example_dags/example_python_operator.py
[2024-07-10T01:07:49.400+0000] {logging_mixin.py:188} INFO - [2024-07-10T01:07:49.400+0000] {dag.py:3096} INFO - Sync 1 DAGs
[2024-07-10T01:07:49.413+0000] {logging_mixin.py:188} INFO - [2024-07-10T01:07:49.413+0000] {dag.py:3954} INFO - Setting next_dagrun for example_python_operator to None, run_after=None
[2024-07-10T01:07:49.436+0000] {processor.py:183} INFO - Processing /home/airflow/.local/lib/python3.12/site-packages/airflow/example_dags/example_python_operator.py took 0.078 seconds
[2024-07-10T01:08:19.957+0000] {processor.py:161} INFO - Started process (PID=447) to work on /home/airflow/.local/lib/python3.12/site-packages/airflow/example_dags/example_python_operator.py
[2024-07-10T01:08:19.958+0000] {processor.py:830} INFO - Processing file /home/airflow/.local/lib/python3.12/site-packages/airflow/example_dags/example_python_operator.py for tasks to queue
[2024-07-10T01:08:19.960+0000] {logging_mixin.py:188} INFO - [2024-07-10T01:08:19.959+0000] {dagbag.py:545} INFO - Filling up the DagBag from /home/airflow/.local/lib/python3.12/site-packages/airflow/example_dags/example_python_operator.py
[2024-07-10T01:08:19.971+0000] {processor.py:840} INFO - DAG(s) 'example_python_operator' retrieved from /home/airflow/.local/lib/python3.12/site-packages/airflow/example_dags/example_python_operator.py
[2024-07-10T01:08:19.996+0000] {logging_mixin.py:188} INFO - [2024-07-10T01:08:19.996+0000] {dag.py:3096} INFO - Sync 1 DAGs
[2024-07-10T01:08:20.010+0000] {logging_mixin.py:188} INFO - [2024-07-10T01:08:20.010+0000] {dag.py:3954} INFO - Setting next_dagrun for example_python_operator to None, run_after=None
[2024-07-10T01:08:20.034+0000] {processor.py:183} INFO - Processing /home/airflow/.local/lib/python3.12/site-packages/airflow/example_dags/example_python_operator.py took 0.082 seconds
[2024-07-10T01:08:51.638+0000] {processor.py:161} INFO - Started process (PID=515) to work on /home/airflow/.local/lib/python3.12/site-packages/airflow/example_dags/example_python_operator.py
[2024-07-10T01:08:51.640+0000] {processor.py:830} INFO - Processing file /home/airflow/.local/lib/python3.12/site-packages/airflow/example_dags/example_python_operator.py for tasks to queue
[2024-07-10T01:08:51.642+0000] {logging_mixin.py:188} INFO - [2024-07-10T01:08:51.641+0000] {dagbag.py:545} INFO - Filling up the DagBag from /home/airflow/.local/lib/python3.12/site-packages/airflow/example_dags/example_python_operator.py
[2024-07-10T01:08:51.654+0000] {processor.py:840} INFO - DAG(s) 'example_python_operator' retrieved from /home/airflow/.local/lib/python3.12/site-packages/airflow/example_dags/example_python_operator.py
[2024-07-10T01:08:51.683+0000] {logging_mixin.py:188} INFO - [2024-07-10T01:08:51.682+0000] {dag.py:3096} INFO - Sync 1 DAGs
[2024-07-10T01:08:51.701+0000] {logging_mixin.py:188} INFO - [2024-07-10T01:08:51.700+0000] {dag.py:3954} INFO - Setting next_dagrun for example_python_operator to None, run_after=None
[2024-07-10T01:08:51.729+0000] {processor.py:183} INFO - Processing /home/airflow/.local/lib/python3.12/site-packages/airflow/example_dags/example_python_operator.py took 0.096 seconds
[2024-07-10T01:09:22.410+0000] {processor.py:161} INFO - Started process (PID=574) to work on /home/airflow/.local/lib/python3.12/site-packages/airflow/example_dags/example_python_operator.py
[2024-07-10T01:09:22.412+0000] {processor.py:830} INFO - Processing file /home/airflow/.local/lib/python3.12/site-packages/airflow/example_dags/example_python_operator.py for tasks to queue
[2024-07-10T01:09:22.415+0000] {logging_mixin.py:188} INFO - [2024-07-10T01:09:22.414+0000] {dagbag.py:545} INFO - Filling up the DagBag from /home/airflow/.local/lib/python3.12/site-packages/airflow/example_dags/example_python_operator.py
[2024-07-10T01:09:22.430+0000] {processor.py:840} INFO - DAG(s) 'example_python_operator' retrieved from /home/airflow/.local/lib/python3.12/site-packages/airflow/example_dags/example_python_operator.py
[2024-07-10T01:09:22.464+0000] {logging_mixin.py:188} INFO - [2024-07-10T01:09:22.464+0000] {dag.py:3096} INFO - Sync 1 DAGs
[2024-07-10T01:09:22.480+0000] {logging_mixin.py:188} INFO - [2024-07-10T01:09:22.480+0000] {dag.py:3954} INFO - Setting next_dagrun for example_python_operator to None, run_after=None
[2024-07-10T01:09:22.504+0000] {processor.py:183} INFO - Processing /home/airflow/.local/lib/python3.12/site-packages/airflow/example_dags/example_python_operator.py took 0.104 seconds
[2024-07-10T01:09:52.674+0000] {processor.py:161} INFO - Started process (PID=632) to work on /home/airflow/.local/lib/python3.12/site-packages/airflow/example_dags/example_python_operator.py
[2024-07-10T01:09:52.675+0000] {processor.py:830} INFO - Processing file /home/airflow/.local/lib/python3.12/site-packages/airflow/example_dags/example_python_operator.py for tasks to queue
[2024-07-10T01:09:52.677+0000] {logging_mixin.py:188} INFO - [2024-07-10T01:09:52.677+0000] {dagbag.py:545} INFO - Filling up the DagBag from /home/airflow/.local/lib/python3.12/site-packages/airflow/example_dags/example_python_operator.py
[2024-07-10T01:09:52.690+0000] {processor.py:840} INFO - DAG(s) 'example_python_operator' retrieved from /home/airflow/.local/lib/python3.12/site-packages/airflow/example_dags/example_python_operator.py
[2024-07-10T01:09:52.715+0000] {logging_mixin.py:188} INFO - [2024-07-10T01:09:52.714+0000] {dag.py:3096} INFO - Sync 1 DAGs
[2024-07-10T01:09:52.732+0000] {logging_mixin.py:188} INFO - [2024-07-10T01:09:52.732+0000] {dag.py:3954} INFO - Setting next_dagrun for example_python_operator to None, run_after=None
[2024-07-10T01:09:52.761+0000] {processor.py:183} INFO - Processing /home/airflow/.local/lib/python3.12/site-packages/airflow/example_dags/example_python_operator.py took 0.093 seconds
