[2024-07-10T01:05:16.297+0000] {processor.py:161} INFO - Started process (PID=94) to work on /home/airflow/.local/lib/python3.12/site-packages/airflow/example_dags/example_task_group_decorator.py
[2024-07-10T01:05:16.298+0000] {processor.py:830} INFO - Processing file /home/airflow/.local/lib/python3.12/site-packages/airflow/example_dags/example_task_group_decorator.py for tasks to queue
[2024-07-10T01:05:16.300+0000] {logging_mixin.py:188} INFO - [2024-07-10T01:05:16.300+0000] {dagbag.py:545} INFO - Filling up the DagBag from /home/airflow/.local/lib/python3.12/site-packages/airflow/example_dags/example_task_group_decorator.py
[2024-07-10T01:05:16.319+0000] {processor.py:840} INFO - DAG(s) 'example_task_group_decorator' retrieved from /home/airflow/.local/lib/python3.12/site-packages/airflow/example_dags/example_task_group_decorator.py
[2024-07-10T01:05:16.457+0000] {logging_mixin.py:188} INFO - [2024-07-10T01:05:16.457+0000] {override.py:1829} INFO - Created Permission View: can read on DAG:example_task_group_decorator
[2024-07-10T01:05:16.472+0000] {logging_mixin.py:188} INFO - [2024-07-10T01:05:16.471+0000] {override.py:1829} INFO - Created Permission View: can edit on DAG:example_task_group_decorator
[2024-07-10T01:05:16.481+0000] {logging_mixin.py:188} INFO - [2024-07-10T01:05:16.480+0000] {override.py:1829} INFO - Created Permission View: can delete on DAG:example_task_group_decorator
[2024-07-10T01:05:16.482+0000] {logging_mixin.py:188} INFO - [2024-07-10T01:05:16.481+0000] {dag.py:3096} INFO - Sync 1 DAGs
[2024-07-10T01:05:16.498+0000] {logging_mixin.py:188} INFO - [2024-07-10T01:05:16.498+0000] {dag.py:3118} INFO - Creating ORM DAG for example_task_group_decorator
[2024-07-10T01:05:16.515+0000] {logging_mixin.py:188} INFO - [2024-07-10T01:05:16.514+0000] {dag.py:3954} INFO - Setting next_dagrun for example_task_group_decorator to 2024-07-09 00:00:00+00:00, run_after=2024-07-10 00:00:00+00:00
[2024-07-10T01:05:16.536+0000] {processor.py:183} INFO - Processing /home/airflow/.local/lib/python3.12/site-packages/airflow/example_dags/example_task_group_decorator.py took 0.246 seconds
[2024-07-10T01:05:46.651+0000] {processor.py:161} INFO - Started process (PID=152) to work on /home/airflow/.local/lib/python3.12/site-packages/airflow/example_dags/example_task_group_decorator.py
[2024-07-10T01:05:46.652+0000] {processor.py:830} INFO - Processing file /home/airflow/.local/lib/python3.12/site-packages/airflow/example_dags/example_task_group_decorator.py for tasks to queue
[2024-07-10T01:05:46.654+0000] {logging_mixin.py:188} INFO - [2024-07-10T01:05:46.654+0000] {dagbag.py:545} INFO - Filling up the DagBag from /home/airflow/.local/lib/python3.12/site-packages/airflow/example_dags/example_task_group_decorator.py
[2024-07-10T01:05:46.669+0000] {processor.py:840} INFO - DAG(s) 'example_task_group_decorator' retrieved from /home/airflow/.local/lib/python3.12/site-packages/airflow/example_dags/example_task_group_decorator.py
[2024-07-10T01:05:46.700+0000] {logging_mixin.py:188} INFO - [2024-07-10T01:05:46.699+0000] {dag.py:3096} INFO - Sync 1 DAGs
[2024-07-10T01:05:46.724+0000] {logging_mixin.py:188} INFO - [2024-07-10T01:05:46.724+0000] {dag.py:3954} INFO - Setting next_dagrun for example_task_group_decorator to 2024-07-09 00:00:00+00:00, run_after=2024-07-10 00:00:00+00:00
[2024-07-10T01:05:46.761+0000] {processor.py:183} INFO - Processing /home/airflow/.local/lib/python3.12/site-packages/airflow/example_dags/example_task_group_decorator.py took 0.116 seconds
[2024-07-10T01:06:17.275+0000] {processor.py:161} INFO - Started process (PID=210) to work on /home/airflow/.local/lib/python3.12/site-packages/airflow/example_dags/example_task_group_decorator.py
[2024-07-10T01:06:17.277+0000] {processor.py:830} INFO - Processing file /home/airflow/.local/lib/python3.12/site-packages/airflow/example_dags/example_task_group_decorator.py for tasks to queue
[2024-07-10T01:06:17.278+0000] {logging_mixin.py:188} INFO - [2024-07-10T01:06:17.278+0000] {dagbag.py:545} INFO - Filling up the DagBag from /home/airflow/.local/lib/python3.12/site-packages/airflow/example_dags/example_task_group_decorator.py
[2024-07-10T01:06:17.294+0000] {processor.py:840} INFO - DAG(s) 'example_task_group_decorator' retrieved from /home/airflow/.local/lib/python3.12/site-packages/airflow/example_dags/example_task_group_decorator.py
[2024-07-10T01:06:17.324+0000] {logging_mixin.py:188} INFO - [2024-07-10T01:06:17.324+0000] {dag.py:3096} INFO - Sync 1 DAGs
[2024-07-10T01:06:17.349+0000] {logging_mixin.py:188} INFO - [2024-07-10T01:06:17.349+0000] {dag.py:3954} INFO - Setting next_dagrun for example_task_group_decorator to 2024-07-09 00:00:00+00:00, run_after=2024-07-10 00:00:00+00:00
[2024-07-10T01:06:17.376+0000] {processor.py:183} INFO - Processing /home/airflow/.local/lib/python3.12/site-packages/airflow/example_dags/example_task_group_decorator.py took 0.106 seconds
[2024-07-10T01:06:48.616+0000] {processor.py:161} INFO - Started process (PID=268) to work on /home/airflow/.local/lib/python3.12/site-packages/airflow/example_dags/example_task_group_decorator.py
[2024-07-10T01:06:48.617+0000] {processor.py:830} INFO - Processing file /home/airflow/.local/lib/python3.12/site-packages/airflow/example_dags/example_task_group_decorator.py for tasks to queue
[2024-07-10T01:06:48.619+0000] {logging_mixin.py:188} INFO - [2024-07-10T01:06:48.618+0000] {dagbag.py:545} INFO - Filling up the DagBag from /home/airflow/.local/lib/python3.12/site-packages/airflow/example_dags/example_task_group_decorator.py
[2024-07-10T01:06:48.634+0000] {processor.py:840} INFO - DAG(s) 'example_task_group_decorator' retrieved from /home/airflow/.local/lib/python3.12/site-packages/airflow/example_dags/example_task_group_decorator.py
[2024-07-10T01:06:48.661+0000] {logging_mixin.py:188} INFO - [2024-07-10T01:06:48.660+0000] {dag.py:3096} INFO - Sync 1 DAGs
[2024-07-10T01:06:48.684+0000] {logging_mixin.py:188} INFO - [2024-07-10T01:06:48.683+0000] {dag.py:3954} INFO - Setting next_dagrun for example_task_group_decorator to 2024-07-09 00:00:00+00:00, run_after=2024-07-10 00:00:00+00:00
[2024-07-10T01:06:48.702+0000] {processor.py:183} INFO - Processing /home/airflow/.local/lib/python3.12/site-packages/airflow/example_dags/example_task_group_decorator.py took 0.091 seconds
[2024-07-10T01:07:18.879+0000] {processor.py:161} INFO - Started process (PID=326) to work on /home/airflow/.local/lib/python3.12/site-packages/airflow/example_dags/example_task_group_decorator.py
[2024-07-10T01:07:18.880+0000] {processor.py:830} INFO - Processing file /home/airflow/.local/lib/python3.12/site-packages/airflow/example_dags/example_task_group_decorator.py for tasks to queue
[2024-07-10T01:07:18.882+0000] {logging_mixin.py:188} INFO - [2024-07-10T01:07:18.881+0000] {dagbag.py:545} INFO - Filling up the DagBag from /home/airflow/.local/lib/python3.12/site-packages/airflow/example_dags/example_task_group_decorator.py
[2024-07-10T01:07:18.897+0000] {processor.py:840} INFO - DAG(s) 'example_task_group_decorator' retrieved from /home/airflow/.local/lib/python3.12/site-packages/airflow/example_dags/example_task_group_decorator.py
[2024-07-10T01:07:18.931+0000] {logging_mixin.py:188} INFO - [2024-07-10T01:07:18.931+0000] {dag.py:3096} INFO - Sync 1 DAGs
[2024-07-10T01:07:18.958+0000] {logging_mixin.py:188} INFO - [2024-07-10T01:07:18.958+0000] {dag.py:3954} INFO - Setting next_dagrun for example_task_group_decorator to 2024-07-09 00:00:00+00:00, run_after=2024-07-10 00:00:00+00:00
[2024-07-10T01:07:18.979+0000] {processor.py:183} INFO - Processing /home/airflow/.local/lib/python3.12/site-packages/airflow/example_dags/example_task_group_decorator.py took 0.105 seconds
[2024-07-10T01:07:49.051+0000] {processor.py:161} INFO - Started process (PID=384) to work on /home/airflow/.local/lib/python3.12/site-packages/airflow/example_dags/example_task_group_decorator.py
[2024-07-10T01:07:49.052+0000] {processor.py:830} INFO - Processing file /home/airflow/.local/lib/python3.12/site-packages/airflow/example_dags/example_task_group_decorator.py for tasks to queue
[2024-07-10T01:07:49.054+0000] {logging_mixin.py:188} INFO - [2024-07-10T01:07:49.053+0000] {dagbag.py:545} INFO - Filling up the DagBag from /home/airflow/.local/lib/python3.12/site-packages/airflow/example_dags/example_task_group_decorator.py
[2024-07-10T01:07:49.070+0000] {processor.py:840} INFO - DAG(s) 'example_task_group_decorator' retrieved from /home/airflow/.local/lib/python3.12/site-packages/airflow/example_dags/example_task_group_decorator.py
[2024-07-10T01:07:49.104+0000] {logging_mixin.py:188} INFO - [2024-07-10T01:07:49.103+0000] {dag.py:3096} INFO - Sync 1 DAGs
[2024-07-10T01:07:49.129+0000] {logging_mixin.py:188} INFO - [2024-07-10T01:07:49.129+0000] {dag.py:3954} INFO - Setting next_dagrun for example_task_group_decorator to 2024-07-09 00:00:00+00:00, run_after=2024-07-10 00:00:00+00:00
[2024-07-10T01:07:49.153+0000] {processor.py:183} INFO - Processing /home/airflow/.local/lib/python3.12/site-packages/airflow/example_dags/example_task_group_decorator.py took 0.109 seconds
[2024-07-10T01:08:19.721+0000] {processor.py:161} INFO - Started process (PID=444) to work on /home/airflow/.local/lib/python3.12/site-packages/airflow/example_dags/example_task_group_decorator.py
[2024-07-10T01:08:19.722+0000] {processor.py:830} INFO - Processing file /home/airflow/.local/lib/python3.12/site-packages/airflow/example_dags/example_task_group_decorator.py for tasks to queue
[2024-07-10T01:08:19.724+0000] {logging_mixin.py:188} INFO - [2024-07-10T01:08:19.724+0000] {dagbag.py:545} INFO - Filling up the DagBag from /home/airflow/.local/lib/python3.12/site-packages/airflow/example_dags/example_task_group_decorator.py
[2024-07-10T01:08:19.740+0000] {processor.py:840} INFO - DAG(s) 'example_task_group_decorator' retrieved from /home/airflow/.local/lib/python3.12/site-packages/airflow/example_dags/example_task_group_decorator.py
[2024-07-10T01:08:19.770+0000] {logging_mixin.py:188} INFO - [2024-07-10T01:08:19.770+0000] {dag.py:3096} INFO - Sync 1 DAGs
[2024-07-10T01:08:19.797+0000] {logging_mixin.py:188} INFO - [2024-07-10T01:08:19.797+0000] {dag.py:3954} INFO - Setting next_dagrun for example_task_group_decorator to 2024-07-09 00:00:00+00:00, run_after=2024-07-10 00:00:00+00:00
[2024-07-10T01:08:19.816+0000] {processor.py:183} INFO - Processing /home/airflow/.local/lib/python3.12/site-packages/airflow/example_dags/example_task_group_decorator.py took 0.101 seconds
[2024-07-10T01:08:51.464+0000] {processor.py:161} INFO - Started process (PID=512) to work on /home/airflow/.local/lib/python3.12/site-packages/airflow/example_dags/example_task_group_decorator.py
[2024-07-10T01:08:51.465+0000] {processor.py:830} INFO - Processing file /home/airflow/.local/lib/python3.12/site-packages/airflow/example_dags/example_task_group_decorator.py for tasks to queue
[2024-07-10T01:08:51.467+0000] {logging_mixin.py:188} INFO - [2024-07-10T01:08:51.467+0000] {dagbag.py:545} INFO - Filling up the DagBag from /home/airflow/.local/lib/python3.12/site-packages/airflow/example_dags/example_task_group_decorator.py
[2024-07-10T01:08:51.483+0000] {processor.py:840} INFO - DAG(s) 'example_task_group_decorator' retrieved from /home/airflow/.local/lib/python3.12/site-packages/airflow/example_dags/example_task_group_decorator.py
[2024-07-10T01:08:51.513+0000] {logging_mixin.py:188} INFO - [2024-07-10T01:08:51.512+0000] {dag.py:3096} INFO - Sync 1 DAGs
[2024-07-10T01:08:51.540+0000] {logging_mixin.py:188} INFO - [2024-07-10T01:08:51.539+0000] {dag.py:3954} INFO - Setting next_dagrun for example_task_group_decorator to 2024-07-09 00:00:00+00:00, run_after=2024-07-10 00:00:00+00:00
[2024-07-10T01:08:51.562+0000] {processor.py:183} INFO - Processing /home/airflow/.local/lib/python3.12/site-packages/airflow/example_dags/example_task_group_decorator.py took 0.105 seconds
[2024-07-10T01:09:22.043+0000] {processor.py:161} INFO - Started process (PID=570) to work on /home/airflow/.local/lib/python3.12/site-packages/airflow/example_dags/example_task_group_decorator.py
[2024-07-10T01:09:22.044+0000] {processor.py:830} INFO - Processing file /home/airflow/.local/lib/python3.12/site-packages/airflow/example_dags/example_task_group_decorator.py for tasks to queue
[2024-07-10T01:09:22.046+0000] {logging_mixin.py:188} INFO - [2024-07-10T01:09:22.046+0000] {dagbag.py:545} INFO - Filling up the DagBag from /home/airflow/.local/lib/python3.12/site-packages/airflow/example_dags/example_task_group_decorator.py
[2024-07-10T01:09:22.064+0000] {processor.py:840} INFO - DAG(s) 'example_task_group_decorator' retrieved from /home/airflow/.local/lib/python3.12/site-packages/airflow/example_dags/example_task_group_decorator.py
[2024-07-10T01:09:22.099+0000] {logging_mixin.py:188} INFO - [2024-07-10T01:09:22.098+0000] {dag.py:3096} INFO - Sync 1 DAGs
[2024-07-10T01:09:22.137+0000] {logging_mixin.py:188} INFO - [2024-07-10T01:09:22.136+0000] {dag.py:3954} INFO - Setting next_dagrun for example_task_group_decorator to 2024-07-09 00:00:00+00:00, run_after=2024-07-10 00:00:00+00:00
[2024-07-10T01:09:22.162+0000] {processor.py:183} INFO - Processing /home/airflow/.local/lib/python3.12/site-packages/airflow/example_dags/example_task_group_decorator.py took 0.126 seconds
[2024-07-10T01:09:52.280+0000] {processor.py:161} INFO - Started process (PID=628) to work on /home/airflow/.local/lib/python3.12/site-packages/airflow/example_dags/example_task_group_decorator.py
[2024-07-10T01:09:52.281+0000] {processor.py:830} INFO - Processing file /home/airflow/.local/lib/python3.12/site-packages/airflow/example_dags/example_task_group_decorator.py for tasks to queue
[2024-07-10T01:09:52.282+0000] {logging_mixin.py:188} INFO - [2024-07-10T01:09:52.282+0000] {dagbag.py:545} INFO - Filling up the DagBag from /home/airflow/.local/lib/python3.12/site-packages/airflow/example_dags/example_task_group_decorator.py
[2024-07-10T01:09:52.297+0000] {processor.py:840} INFO - DAG(s) 'example_task_group_decorator' retrieved from /home/airflow/.local/lib/python3.12/site-packages/airflow/example_dags/example_task_group_decorator.py
[2024-07-10T01:09:52.327+0000] {logging_mixin.py:188} INFO - [2024-07-10T01:09:52.326+0000] {dag.py:3096} INFO - Sync 1 DAGs
[2024-07-10T01:09:52.352+0000] {logging_mixin.py:188} INFO - [2024-07-10T01:09:52.352+0000] {dag.py:3954} INFO - Setting next_dagrun for example_task_group_decorator to 2024-07-09 00:00:00+00:00, run_after=2024-07-10 00:00:00+00:00
[2024-07-10T01:09:52.375+0000] {processor.py:183} INFO - Processing /home/airflow/.local/lib/python3.12/site-packages/airflow/example_dags/example_task_group_decorator.py took 0.101 seconds
