[2024-07-10T01:04:28.901+0000] {processor.py:161} INFO - Started process (PID=43) to work on /home/airflow/.local/lib/python3.12/site-packages/airflow/example_dags/tutorial.py
[2024-07-10T01:04:28.904+0000] {processor.py:830} INFO - Processing file /home/airflow/.local/lib/python3.12/site-packages/airflow/example_dags/tutorial.py for tasks to queue
[2024-07-10T01:04:28.908+0000] {logging_mixin.py:188} INFO - [2024-07-10T01:04:28.907+0000] {dagbag.py:545} INFO - Filling up the DagBag from /home/airflow/.local/lib/python3.12/site-packages/airflow/example_dags/tutorial.py
[2024-07-10T01:04:29.127+0000] {processor.py:840} INFO - DAG(s) 'tutorial' retrieved from /home/airflow/.local/lib/python3.12/site-packages/airflow/example_dags/tutorial.py
[2024-07-10T01:04:30.419+0000] {logging_mixin.py:188} INFO - [2024-07-10T01:04:30.418+0000] {override.py:1829} INFO - Created Permission View: can read on DAG:tutorial
[2024-07-10T01:04:30.785+0000] {logging_mixin.py:188} INFO - [2024-07-10T01:04:30.784+0000] {override.py:1829} INFO - Created Permission View: can edit on DAG:tutorial
[2024-07-10T01:04:31.163+0000] {logging_mixin.py:188} INFO - [2024-07-10T01:04:31.163+0000] {override.py:1829} INFO - Created Permission View: can delete on DAG:tutorial
[2024-07-10T01:04:31.164+0000] {logging_mixin.py:188} INFO - [2024-07-10T01:04:31.164+0000] {dag.py:3096} INFO - Sync 1 DAGs
[2024-07-10T01:04:31.181+0000] {logging_mixin.py:188} INFO - [2024-07-10T01:04:31.180+0000] {dag.py:3118} INFO - Creating ORM DAG for tutorial
[2024-07-10T01:04:31.196+0000] {logging_mixin.py:188} INFO - [2024-07-10T01:04:31.196+0000] {dag.py:3954} INFO - Setting next_dagrun for tutorial to 2024-07-09 00:00:00+00:00, run_after=2024-07-10 00:00:00+00:00
[2024-07-10T01:04:31.576+0000] {processor.py:183} INFO - Processing /home/airflow/.local/lib/python3.12/site-packages/airflow/example_dags/tutorial.py took 2.691 seconds
[2024-07-10T01:05:17.641+0000] {processor.py:161} INFO - Started process (PID=108) to work on /home/airflow/.local/lib/python3.12/site-packages/airflow/example_dags/tutorial.py
[2024-07-10T01:05:17.642+0000] {processor.py:830} INFO - Processing file /home/airflow/.local/lib/python3.12/site-packages/airflow/example_dags/tutorial.py for tasks to queue
[2024-07-10T01:05:17.644+0000] {logging_mixin.py:188} INFO - [2024-07-10T01:05:17.644+0000] {dagbag.py:545} INFO - Filling up the DagBag from /home/airflow/.local/lib/python3.12/site-packages/airflow/example_dags/tutorial.py
[2024-07-10T01:05:17.650+0000] {processor.py:840} INFO - DAG(s) 'tutorial' retrieved from /home/airflow/.local/lib/python3.12/site-packages/airflow/example_dags/tutorial.py
[2024-07-10T01:05:17.671+0000] {logging_mixin.py:188} INFO - [2024-07-10T01:05:17.671+0000] {dag.py:3096} INFO - Sync 1 DAGs
[2024-07-10T01:05:17.705+0000] {logging_mixin.py:188} INFO - [2024-07-10T01:05:17.704+0000] {dag.py:3954} INFO - Setting next_dagrun for tutorial to 2024-07-09 00:00:00+00:00, run_after=2024-07-10 00:00:00+00:00
[2024-07-10T01:05:17.730+0000] {processor.py:183} INFO - Processing /home/airflow/.local/lib/python3.12/site-packages/airflow/example_dags/tutorial.py took 0.096 seconds
[2024-07-10T01:05:48.246+0000] {processor.py:161} INFO - Started process (PID=161) to work on /home/airflow/.local/lib/python3.12/site-packages/airflow/example_dags/tutorial.py
[2024-07-10T01:05:48.247+0000] {processor.py:830} INFO - Processing file /home/airflow/.local/lib/python3.12/site-packages/airflow/example_dags/tutorial.py for tasks to queue
[2024-07-10T01:05:48.248+0000] {logging_mixin.py:188} INFO - [2024-07-10T01:05:48.248+0000] {dagbag.py:545} INFO - Filling up the DagBag from /home/airflow/.local/lib/python3.12/site-packages/airflow/example_dags/tutorial.py
[2024-07-10T01:05:48.254+0000] {processor.py:840} INFO - DAG(s) 'tutorial' retrieved from /home/airflow/.local/lib/python3.12/site-packages/airflow/example_dags/tutorial.py
[2024-07-10T01:05:48.274+0000] {logging_mixin.py:188} INFO - [2024-07-10T01:05:48.273+0000] {dag.py:3096} INFO - Sync 1 DAGs
[2024-07-10T01:05:48.298+0000] {logging_mixin.py:188} INFO - [2024-07-10T01:05:48.298+0000] {dag.py:3954} INFO - Setting next_dagrun for tutorial to 2024-07-09 00:00:00+00:00, run_after=2024-07-10 00:00:00+00:00
[2024-07-10T01:05:48.345+0000] {processor.py:183} INFO - Processing /home/airflow/.local/lib/python3.12/site-packages/airflow/example_dags/tutorial.py took 0.105 seconds
[2024-07-10T01:06:18.769+0000] {processor.py:161} INFO - Started process (PID=219) to work on /home/airflow/.local/lib/python3.12/site-packages/airflow/example_dags/tutorial.py
[2024-07-10T01:06:18.770+0000] {processor.py:830} INFO - Processing file /home/airflow/.local/lib/python3.12/site-packages/airflow/example_dags/tutorial.py for tasks to queue
[2024-07-10T01:06:18.772+0000] {logging_mixin.py:188} INFO - [2024-07-10T01:06:18.771+0000] {dagbag.py:545} INFO - Filling up the DagBag from /home/airflow/.local/lib/python3.12/site-packages/airflow/example_dags/tutorial.py
[2024-07-10T01:06:18.777+0000] {processor.py:840} INFO - DAG(s) 'tutorial' retrieved from /home/airflow/.local/lib/python3.12/site-packages/airflow/example_dags/tutorial.py
[2024-07-10T01:06:18.799+0000] {logging_mixin.py:188} INFO - [2024-07-10T01:06:18.798+0000] {dag.py:3096} INFO - Sync 1 DAGs
[2024-07-10T01:06:18.820+0000] {logging_mixin.py:188} INFO - [2024-07-10T01:06:18.820+0000] {dag.py:3954} INFO - Setting next_dagrun for tutorial to 2024-07-09 00:00:00+00:00, run_after=2024-07-10 00:00:00+00:00
[2024-07-10T01:06:18.895+0000] {processor.py:183} INFO - Processing /home/airflow/.local/lib/python3.12/site-packages/airflow/example_dags/tutorial.py took 0.131 seconds
[2024-07-10T01:06:49.095+0000] {processor.py:161} INFO - Started process (PID=277) to work on /home/airflow/.local/lib/python3.12/site-packages/airflow/example_dags/tutorial.py
[2024-07-10T01:06:49.096+0000] {processor.py:830} INFO - Processing file /home/airflow/.local/lib/python3.12/site-packages/airflow/example_dags/tutorial.py for tasks to queue
[2024-07-10T01:06:49.097+0000] {logging_mixin.py:188} INFO - [2024-07-10T01:06:49.097+0000] {dagbag.py:545} INFO - Filling up the DagBag from /home/airflow/.local/lib/python3.12/site-packages/airflow/example_dags/tutorial.py
[2024-07-10T01:06:49.103+0000] {processor.py:840} INFO - DAG(s) 'tutorial' retrieved from /home/airflow/.local/lib/python3.12/site-packages/airflow/example_dags/tutorial.py
[2024-07-10T01:06:49.129+0000] {logging_mixin.py:188} INFO - [2024-07-10T01:06:49.129+0000] {dag.py:3096} INFO - Sync 1 DAGs
[2024-07-10T01:06:49.154+0000] {logging_mixin.py:188} INFO - [2024-07-10T01:06:49.153+0000] {dag.py:3954} INFO - Setting next_dagrun for tutorial to 2024-07-09 00:00:00+00:00, run_after=2024-07-10 00:00:00+00:00
[2024-07-10T01:06:49.175+0000] {processor.py:183} INFO - Processing /home/airflow/.local/lib/python3.12/site-packages/airflow/example_dags/tutorial.py took 0.087 seconds
[2024-07-10T01:07:19.320+0000] {processor.py:161} INFO - Started process (PID=335) to work on /home/airflow/.local/lib/python3.12/site-packages/airflow/example_dags/tutorial.py
[2024-07-10T01:07:19.321+0000] {processor.py:830} INFO - Processing file /home/airflow/.local/lib/python3.12/site-packages/airflow/example_dags/tutorial.py for tasks to queue
[2024-07-10T01:07:19.323+0000] {logging_mixin.py:188} INFO - [2024-07-10T01:07:19.323+0000] {dagbag.py:545} INFO - Filling up the DagBag from /home/airflow/.local/lib/python3.12/site-packages/airflow/example_dags/tutorial.py
[2024-07-10T01:07:19.328+0000] {processor.py:840} INFO - DAG(s) 'tutorial' retrieved from /home/airflow/.local/lib/python3.12/site-packages/airflow/example_dags/tutorial.py
[2024-07-10T01:07:19.348+0000] {logging_mixin.py:188} INFO - [2024-07-10T01:07:19.348+0000] {dag.py:3096} INFO - Sync 1 DAGs
[2024-07-10T01:07:19.373+0000] {logging_mixin.py:188} INFO - [2024-07-10T01:07:19.373+0000] {dag.py:3954} INFO - Setting next_dagrun for tutorial to 2024-07-09 00:00:00+00:00, run_after=2024-07-10 00:00:00+00:00
[2024-07-10T01:07:19.395+0000] {processor.py:183} INFO - Processing /home/airflow/.local/lib/python3.12/site-packages/airflow/example_dags/tutorial.py took 0.081 seconds
[2024-07-10T01:07:49.468+0000] {processor.py:161} INFO - Started process (PID=393) to work on /home/airflow/.local/lib/python3.12/site-packages/airflow/example_dags/tutorial.py
[2024-07-10T01:07:49.469+0000] {processor.py:830} INFO - Processing file /home/airflow/.local/lib/python3.12/site-packages/airflow/example_dags/tutorial.py for tasks to queue
[2024-07-10T01:07:49.471+0000] {logging_mixin.py:188} INFO - [2024-07-10T01:07:49.470+0000] {dagbag.py:545} INFO - Filling up the DagBag from /home/airflow/.local/lib/python3.12/site-packages/airflow/example_dags/tutorial.py
[2024-07-10T01:07:49.476+0000] {processor.py:840} INFO - DAG(s) 'tutorial' retrieved from /home/airflow/.local/lib/python3.12/site-packages/airflow/example_dags/tutorial.py
[2024-07-10T01:07:49.496+0000] {logging_mixin.py:188} INFO - [2024-07-10T01:07:49.495+0000] {dag.py:3096} INFO - Sync 1 DAGs
[2024-07-10T01:07:49.521+0000] {logging_mixin.py:188} INFO - [2024-07-10T01:07:49.520+0000] {dag.py:3954} INFO - Setting next_dagrun for tutorial to 2024-07-09 00:00:00+00:00, run_after=2024-07-10 00:00:00+00:00
[2024-07-10T01:07:49.541+0000] {processor.py:183} INFO - Processing /home/airflow/.local/lib/python3.12/site-packages/airflow/example_dags/tutorial.py took 0.079 seconds
[2024-07-10T01:08:20.091+0000] {processor.py:161} INFO - Started process (PID=451) to work on /home/airflow/.local/lib/python3.12/site-packages/airflow/example_dags/tutorial.py
[2024-07-10T01:08:20.092+0000] {processor.py:830} INFO - Processing file /home/airflow/.local/lib/python3.12/site-packages/airflow/example_dags/tutorial.py for tasks to queue
[2024-07-10T01:08:20.094+0000] {logging_mixin.py:188} INFO - [2024-07-10T01:08:20.094+0000] {dagbag.py:545} INFO - Filling up the DagBag from /home/airflow/.local/lib/python3.12/site-packages/airflow/example_dags/tutorial.py
[2024-07-10T01:08:20.099+0000] {processor.py:840} INFO - DAG(s) 'tutorial' retrieved from /home/airflow/.local/lib/python3.12/site-packages/airflow/example_dags/tutorial.py
[2024-07-10T01:08:20.121+0000] {logging_mixin.py:188} INFO - [2024-07-10T01:08:20.121+0000] {dag.py:3096} INFO - Sync 1 DAGs
[2024-07-10T01:08:20.147+0000] {logging_mixin.py:188} INFO - [2024-07-10T01:08:20.146+0000] {dag.py:3954} INFO - Setting next_dagrun for tutorial to 2024-07-09 00:00:00+00:00, run_after=2024-07-10 00:00:00+00:00
[2024-07-10T01:08:20.174+0000] {processor.py:183} INFO - Processing /home/airflow/.local/lib/python3.12/site-packages/airflow/example_dags/tutorial.py took 0.088 seconds
[2024-07-10T01:08:50.769+0000] {processor.py:161} INFO - Started process (PID=502) to work on /home/airflow/.local/lib/python3.12/site-packages/airflow/example_dags/tutorial.py
[2024-07-10T01:08:50.770+0000] {processor.py:830} INFO - Processing file /home/airflow/.local/lib/python3.12/site-packages/airflow/example_dags/tutorial.py for tasks to queue
[2024-07-10T01:08:50.771+0000] {logging_mixin.py:188} INFO - [2024-07-10T01:08:50.771+0000] {dagbag.py:545} INFO - Filling up the DagBag from /home/airflow/.local/lib/python3.12/site-packages/airflow/example_dags/tutorial.py
[2024-07-10T01:08:50.777+0000] {processor.py:840} INFO - DAG(s) 'tutorial' retrieved from /home/airflow/.local/lib/python3.12/site-packages/airflow/example_dags/tutorial.py
[2024-07-10T01:08:50.800+0000] {logging_mixin.py:188} INFO - [2024-07-10T01:08:50.800+0000] {dag.py:3096} INFO - Sync 1 DAGs
[2024-07-10T01:08:50.824+0000] {logging_mixin.py:188} INFO - [2024-07-10T01:08:50.824+0000] {dag.py:3954} INFO - Setting next_dagrun for tutorial to 2024-07-09 00:00:00+00:00, run_after=2024-07-10 00:00:00+00:00
[2024-07-10T01:08:50.845+0000] {processor.py:183} INFO - Processing /home/airflow/.local/lib/python3.12/site-packages/airflow/example_dags/tutorial.py took 0.081 seconds
[2024-07-10T01:09:21.252+0000] {processor.py:161} INFO - Started process (PID=560) to work on /home/airflow/.local/lib/python3.12/site-packages/airflow/example_dags/tutorial.py
[2024-07-10T01:09:21.253+0000] {processor.py:830} INFO - Processing file /home/airflow/.local/lib/python3.12/site-packages/airflow/example_dags/tutorial.py for tasks to queue
[2024-07-10T01:09:21.256+0000] {logging_mixin.py:188} INFO - [2024-07-10T01:09:21.255+0000] {dagbag.py:545} INFO - Filling up the DagBag from /home/airflow/.local/lib/python3.12/site-packages/airflow/example_dags/tutorial.py
[2024-07-10T01:09:21.262+0000] {processor.py:840} INFO - DAG(s) 'tutorial' retrieved from /home/airflow/.local/lib/python3.12/site-packages/airflow/example_dags/tutorial.py
[2024-07-10T01:09:21.282+0000] {logging_mixin.py:188} INFO - [2024-07-10T01:09:21.282+0000] {dag.py:3096} INFO - Sync 1 DAGs
[2024-07-10T01:09:21.306+0000] {logging_mixin.py:188} INFO - [2024-07-10T01:09:21.306+0000] {dag.py:3954} INFO - Setting next_dagrun for tutorial to 2024-07-09 00:00:00+00:00, run_after=2024-07-10 00:00:00+00:00
[2024-07-10T01:09:21.330+0000] {processor.py:183} INFO - Processing /home/airflow/.local/lib/python3.12/site-packages/airflow/example_dags/tutorial.py took 0.084 seconds
[2024-07-10T01:09:51.473+0000] {processor.py:161} INFO - Started process (PID=618) to work on /home/airflow/.local/lib/python3.12/site-packages/airflow/example_dags/tutorial.py
[2024-07-10T01:09:51.474+0000] {processor.py:830} INFO - Processing file /home/airflow/.local/lib/python3.12/site-packages/airflow/example_dags/tutorial.py for tasks to queue
[2024-07-10T01:09:51.476+0000] {logging_mixin.py:188} INFO - [2024-07-10T01:09:51.475+0000] {dagbag.py:545} INFO - Filling up the DagBag from /home/airflow/.local/lib/python3.12/site-packages/airflow/example_dags/tutorial.py
[2024-07-10T01:09:51.481+0000] {processor.py:840} INFO - DAG(s) 'tutorial' retrieved from /home/airflow/.local/lib/python3.12/site-packages/airflow/example_dags/tutorial.py
[2024-07-10T01:09:51.502+0000] {logging_mixin.py:188} INFO - [2024-07-10T01:09:51.502+0000] {dag.py:3096} INFO - Sync 1 DAGs
[2024-07-10T01:09:51.527+0000] {logging_mixin.py:188} INFO - [2024-07-10T01:09:51.527+0000] {dag.py:3954} INFO - Setting next_dagrun for tutorial to 2024-07-09 00:00:00+00:00, run_after=2024-07-10 00:00:00+00:00
[2024-07-10T01:09:51.549+0000] {processor.py:183} INFO - Processing /home/airflow/.local/lib/python3.12/site-packages/airflow/example_dags/tutorial.py took 0.082 seconds
