[2024-07-10T01:05:14.181+0000] {processor.py:161} INFO - Started process (PID=83) to work on /home/airflow/.local/lib/python3.12/site-packages/airflow/example_dags/tutorial_dag.py
[2024-07-10T01:05:14.183+0000] {processor.py:830} INFO - Processing file /home/airflow/.local/lib/python3.12/site-packages/airflow/example_dags/tutorial_dag.py for tasks to queue
[2024-07-10T01:05:14.192+0000] {logging_mixin.py:188} INFO - [2024-07-10T01:05:14.191+0000] {dagbag.py:545} INFO - Filling up the DagBag from /home/airflow/.local/lib/python3.12/site-packages/airflow/example_dags/tutorial_dag.py
[2024-07-10T01:05:14.205+0000] {processor.py:840} INFO - DAG(s) 'tutorial_dag' retrieved from /home/airflow/.local/lib/python3.12/site-packages/airflow/example_dags/tutorial_dag.py
[2024-07-10T01:05:14.676+0000] {logging_mixin.py:188} INFO - [2024-07-10T01:05:14.675+0000] {override.py:1829} INFO - Created Permission View: can read on DAG:tutorial_dag
[2024-07-10T01:05:14.714+0000] {logging_mixin.py:188} INFO - [2024-07-10T01:05:14.713+0000] {override.py:1829} INFO - Created Permission View: can edit on DAG:tutorial_dag
[2024-07-10T01:05:14.738+0000] {logging_mixin.py:188} INFO - [2024-07-10T01:05:14.737+0000] {override.py:1829} INFO - Created Permission View: can delete on DAG:tutorial_dag
[2024-07-10T01:05:14.740+0000] {logging_mixin.py:188} INFO - [2024-07-10T01:05:14.740+0000] {dag.py:3096} INFO - Sync 1 DAGs
[2024-07-10T01:05:14.783+0000] {logging_mixin.py:188} INFO - [2024-07-10T01:05:14.782+0000] {dag.py:3118} INFO - Creating ORM DAG for tutorial_dag
[2024-07-10T01:05:14.785+0000] {logging_mixin.py:188} INFO - [2024-07-10T01:05:14.784+0000] {dag.py:3954} INFO - Setting next_dagrun for tutorial_dag to None, run_after=None
[2024-07-10T01:05:14.848+0000] {processor.py:183} INFO - Processing /home/airflow/.local/lib/python3.12/site-packages/airflow/example_dags/tutorial_dag.py took 0.680 seconds
[2024-07-10T01:05:44.909+0000] {processor.py:161} INFO - Started process (PID=141) to work on /home/airflow/.local/lib/python3.12/site-packages/airflow/example_dags/tutorial_dag.py
[2024-07-10T01:05:44.910+0000] {processor.py:830} INFO - Processing file /home/airflow/.local/lib/python3.12/site-packages/airflow/example_dags/tutorial_dag.py for tasks to queue
[2024-07-10T01:05:44.911+0000] {logging_mixin.py:188} INFO - [2024-07-10T01:05:44.911+0000] {dagbag.py:545} INFO - Filling up the DagBag from /home/airflow/.local/lib/python3.12/site-packages/airflow/example_dags/tutorial_dag.py
[2024-07-10T01:05:44.916+0000] {processor.py:840} INFO - DAG(s) 'tutorial_dag' retrieved from /home/airflow/.local/lib/python3.12/site-packages/airflow/example_dags/tutorial_dag.py
[2024-07-10T01:05:44.939+0000] {logging_mixin.py:188} INFO - [2024-07-10T01:05:44.939+0000] {dag.py:3096} INFO - Sync 1 DAGs
[2024-07-10T01:05:44.954+0000] {logging_mixin.py:188} INFO - [2024-07-10T01:05:44.953+0000] {dag.py:3954} INFO - Setting next_dagrun for tutorial_dag to None, run_after=None
[2024-07-10T01:05:44.991+0000] {processor.py:183} INFO - Processing /home/airflow/.local/lib/python3.12/site-packages/airflow/example_dags/tutorial_dag.py took 0.087 seconds
[2024-07-10T01:06:15.586+0000] {processor.py:161} INFO - Started process (PID=199) to work on /home/airflow/.local/lib/python3.12/site-packages/airflow/example_dags/tutorial_dag.py
[2024-07-10T01:06:15.587+0000] {processor.py:830} INFO - Processing file /home/airflow/.local/lib/python3.12/site-packages/airflow/example_dags/tutorial_dag.py for tasks to queue
[2024-07-10T01:06:15.589+0000] {logging_mixin.py:188} INFO - [2024-07-10T01:06:15.589+0000] {dagbag.py:545} INFO - Filling up the DagBag from /home/airflow/.local/lib/python3.12/site-packages/airflow/example_dags/tutorial_dag.py
[2024-07-10T01:06:15.594+0000] {processor.py:840} INFO - DAG(s) 'tutorial_dag' retrieved from /home/airflow/.local/lib/python3.12/site-packages/airflow/example_dags/tutorial_dag.py
[2024-07-10T01:06:15.613+0000] {logging_mixin.py:188} INFO - [2024-07-10T01:06:15.613+0000] {dag.py:3096} INFO - Sync 1 DAGs
[2024-07-10T01:06:15.628+0000] {logging_mixin.py:188} INFO - [2024-07-10T01:06:15.627+0000] {dag.py:3954} INFO - Setting next_dagrun for tutorial_dag to None, run_after=None
[2024-07-10T01:06:15.663+0000] {processor.py:183} INFO - Processing /home/airflow/.local/lib/python3.12/site-packages/airflow/example_dags/tutorial_dag.py took 0.083 seconds
[2024-07-10T01:06:46.005+0000] {processor.py:161} INFO - Started process (PID=257) to work on /home/airflow/.local/lib/python3.12/site-packages/airflow/example_dags/tutorial_dag.py
[2024-07-10T01:06:46.006+0000] {processor.py:830} INFO - Processing file /home/airflow/.local/lib/python3.12/site-packages/airflow/example_dags/tutorial_dag.py for tasks to queue
[2024-07-10T01:06:46.008+0000] {logging_mixin.py:188} INFO - [2024-07-10T01:06:46.008+0000] {dagbag.py:545} INFO - Filling up the DagBag from /home/airflow/.local/lib/python3.12/site-packages/airflow/example_dags/tutorial_dag.py
[2024-07-10T01:06:46.012+0000] {processor.py:840} INFO - DAG(s) 'tutorial_dag' retrieved from /home/airflow/.local/lib/python3.12/site-packages/airflow/example_dags/tutorial_dag.py
[2024-07-10T01:06:46.032+0000] {logging_mixin.py:188} INFO - [2024-07-10T01:06:46.032+0000] {dag.py:3096} INFO - Sync 1 DAGs
[2024-07-10T01:06:46.045+0000] {logging_mixin.py:188} INFO - [2024-07-10T01:06:46.045+0000] {dag.py:3954} INFO - Setting next_dagrun for tutorial_dag to None, run_after=None
[2024-07-10T01:06:46.197+0000] {processor.py:183} INFO - Processing /home/airflow/.local/lib/python3.12/site-packages/airflow/example_dags/tutorial_dag.py took 0.197 seconds
[2024-07-10T01:07:17.147+0000] {processor.py:161} INFO - Started process (PID=315) to work on /home/airflow/.local/lib/python3.12/site-packages/airflow/example_dags/tutorial_dag.py
[2024-07-10T01:07:17.148+0000] {processor.py:830} INFO - Processing file /home/airflow/.local/lib/python3.12/site-packages/airflow/example_dags/tutorial_dag.py for tasks to queue
[2024-07-10T01:07:17.150+0000] {logging_mixin.py:188} INFO - [2024-07-10T01:07:17.150+0000] {dagbag.py:545} INFO - Filling up the DagBag from /home/airflow/.local/lib/python3.12/site-packages/airflow/example_dags/tutorial_dag.py
[2024-07-10T01:07:17.155+0000] {processor.py:840} INFO - DAG(s) 'tutorial_dag' retrieved from /home/airflow/.local/lib/python3.12/site-packages/airflow/example_dags/tutorial_dag.py
[2024-07-10T01:07:17.178+0000] {logging_mixin.py:188} INFO - [2024-07-10T01:07:17.178+0000] {dag.py:3096} INFO - Sync 1 DAGs
[2024-07-10T01:07:17.193+0000] {logging_mixin.py:188} INFO - [2024-07-10T01:07:17.193+0000] {dag.py:3954} INFO - Setting next_dagrun for tutorial_dag to None, run_after=None
[2024-07-10T01:07:17.213+0000] {processor.py:183} INFO - Processing /home/airflow/.local/lib/python3.12/site-packages/airflow/example_dags/tutorial_dag.py took 0.071 seconds
[2024-07-10T01:07:47.381+0000] {processor.py:161} INFO - Started process (PID=372) to work on /home/airflow/.local/lib/python3.12/site-packages/airflow/example_dags/tutorial_dag.py
[2024-07-10T01:07:47.382+0000] {processor.py:830} INFO - Processing file /home/airflow/.local/lib/python3.12/site-packages/airflow/example_dags/tutorial_dag.py for tasks to queue
[2024-07-10T01:07:47.384+0000] {logging_mixin.py:188} INFO - [2024-07-10T01:07:47.383+0000] {dagbag.py:545} INFO - Filling up the DagBag from /home/airflow/.local/lib/python3.12/site-packages/airflow/example_dags/tutorial_dag.py
[2024-07-10T01:07:47.388+0000] {processor.py:840} INFO - DAG(s) 'tutorial_dag' retrieved from /home/airflow/.local/lib/python3.12/site-packages/airflow/example_dags/tutorial_dag.py
[2024-07-10T01:07:47.409+0000] {logging_mixin.py:188} INFO - [2024-07-10T01:07:47.409+0000] {dag.py:3096} INFO - Sync 1 DAGs
[2024-07-10T01:07:47.423+0000] {logging_mixin.py:188} INFO - [2024-07-10T01:07:47.423+0000] {dag.py:3954} INFO - Setting next_dagrun for tutorial_dag to None, run_after=None
[2024-07-10T01:07:47.443+0000] {processor.py:183} INFO - Processing /home/airflow/.local/lib/python3.12/site-packages/airflow/example_dags/tutorial_dag.py took 0.067 seconds
[2024-07-10T01:08:17.754+0000] {processor.py:161} INFO - Started process (PID=430) to work on /home/airflow/.local/lib/python3.12/site-packages/airflow/example_dags/tutorial_dag.py
[2024-07-10T01:08:17.755+0000] {processor.py:830} INFO - Processing file /home/airflow/.local/lib/python3.12/site-packages/airflow/example_dags/tutorial_dag.py for tasks to queue
[2024-07-10T01:08:17.757+0000] {logging_mixin.py:188} INFO - [2024-07-10T01:08:17.756+0000] {dagbag.py:545} INFO - Filling up the DagBag from /home/airflow/.local/lib/python3.12/site-packages/airflow/example_dags/tutorial_dag.py
[2024-07-10T01:08:17.761+0000] {processor.py:840} INFO - DAG(s) 'tutorial_dag' retrieved from /home/airflow/.local/lib/python3.12/site-packages/airflow/example_dags/tutorial_dag.py
[2024-07-10T01:08:17.782+0000] {logging_mixin.py:188} INFO - [2024-07-10T01:08:17.781+0000] {dag.py:3096} INFO - Sync 1 DAGs
[2024-07-10T01:08:17.796+0000] {logging_mixin.py:188} INFO - [2024-07-10T01:08:17.795+0000] {dag.py:3954} INFO - Setting next_dagrun for tutorial_dag to None, run_after=None
[2024-07-10T01:08:17.817+0000] {processor.py:183} INFO - Processing /home/airflow/.local/lib/python3.12/site-packages/airflow/example_dags/tutorial_dag.py took 0.068 seconds
[2024-07-10T01:08:48.017+0000] {processor.py:161} INFO - Started process (PID=488) to work on /home/airflow/.local/lib/python3.12/site-packages/airflow/example_dags/tutorial_dag.py
[2024-07-10T01:08:48.018+0000] {processor.py:830} INFO - Processing file /home/airflow/.local/lib/python3.12/site-packages/airflow/example_dags/tutorial_dag.py for tasks to queue
[2024-07-10T01:08:48.020+0000] {logging_mixin.py:188} INFO - [2024-07-10T01:08:48.020+0000] {dagbag.py:545} INFO - Filling up the DagBag from /home/airflow/.local/lib/python3.12/site-packages/airflow/example_dags/tutorial_dag.py
[2024-07-10T01:08:48.027+0000] {processor.py:840} INFO - DAG(s) 'tutorial_dag' retrieved from /home/airflow/.local/lib/python3.12/site-packages/airflow/example_dags/tutorial_dag.py
[2024-07-10T01:08:48.051+0000] {logging_mixin.py:188} INFO - [2024-07-10T01:08:48.050+0000] {dag.py:3096} INFO - Sync 1 DAGs
[2024-07-10T01:08:48.078+0000] {logging_mixin.py:188} INFO - [2024-07-10T01:08:48.078+0000] {dag.py:3954} INFO - Setting next_dagrun for tutorial_dag to None, run_after=None
[2024-07-10T01:08:48.106+0000] {processor.py:183} INFO - Processing /home/airflow/.local/lib/python3.12/site-packages/airflow/example_dags/tutorial_dag.py took 0.095 seconds
[2024-07-10T01:09:18.205+0000] {processor.py:161} INFO - Started process (PID=546) to work on /home/airflow/.local/lib/python3.12/site-packages/airflow/example_dags/tutorial_dag.py
[2024-07-10T01:09:18.206+0000] {processor.py:830} INFO - Processing file /home/airflow/.local/lib/python3.12/site-packages/airflow/example_dags/tutorial_dag.py for tasks to queue
[2024-07-10T01:09:18.208+0000] {logging_mixin.py:188} INFO - [2024-07-10T01:09:18.208+0000] {dagbag.py:545} INFO - Filling up the DagBag from /home/airflow/.local/lib/python3.12/site-packages/airflow/example_dags/tutorial_dag.py
[2024-07-10T01:09:18.212+0000] {processor.py:840} INFO - DAG(s) 'tutorial_dag' retrieved from /home/airflow/.local/lib/python3.12/site-packages/airflow/example_dags/tutorial_dag.py
[2024-07-10T01:09:18.235+0000] {logging_mixin.py:188} INFO - [2024-07-10T01:09:18.234+0000] {dag.py:3096} INFO - Sync 1 DAGs
[2024-07-10T01:09:18.252+0000] {logging_mixin.py:188} INFO - [2024-07-10T01:09:18.252+0000] {dag.py:3954} INFO - Setting next_dagrun for tutorial_dag to None, run_after=None
[2024-07-10T01:09:18.277+0000] {processor.py:183} INFO - Processing /home/airflow/.local/lib/python3.12/site-packages/airflow/example_dags/tutorial_dag.py took 0.078 seconds
[2024-07-10T01:09:48.609+0000] {processor.py:161} INFO - Started process (PID=604) to work on /home/airflow/.local/lib/python3.12/site-packages/airflow/example_dags/tutorial_dag.py
[2024-07-10T01:09:48.610+0000] {processor.py:830} INFO - Processing file /home/airflow/.local/lib/python3.12/site-packages/airflow/example_dags/tutorial_dag.py for tasks to queue
[2024-07-10T01:09:48.611+0000] {logging_mixin.py:188} INFO - [2024-07-10T01:09:48.611+0000] {dagbag.py:545} INFO - Filling up the DagBag from /home/airflow/.local/lib/python3.12/site-packages/airflow/example_dags/tutorial_dag.py
[2024-07-10T01:09:48.616+0000] {processor.py:840} INFO - DAG(s) 'tutorial_dag' retrieved from /home/airflow/.local/lib/python3.12/site-packages/airflow/example_dags/tutorial_dag.py
[2024-07-10T01:09:48.636+0000] {logging_mixin.py:188} INFO - [2024-07-10T01:09:48.636+0000] {dag.py:3096} INFO - Sync 1 DAGs
[2024-07-10T01:09:48.650+0000] {logging_mixin.py:188} INFO - [2024-07-10T01:09:48.650+0000] {dag.py:3954} INFO - Setting next_dagrun for tutorial_dag to None, run_after=None
[2024-07-10T01:09:48.674+0000] {processor.py:183} INFO - Processing /home/airflow/.local/lib/python3.12/site-packages/airflow/example_dags/tutorial_dag.py took 0.070 seconds
