[2024-07-10T01:04:26.677+0000] {processor.py:161} INFO - Started process (PID=41) to work on /home/airflow/.local/lib/python3.12/site-packages/airflow/example_dags/tutorial_objectstorage.py
[2024-07-10T01:04:26.679+0000] {processor.py:830} INFO - Processing file /home/airflow/.local/lib/python3.12/site-packages/airflow/example_dags/tutorial_objectstorage.py for tasks to queue
[2024-07-10T01:04:26.687+0000] {logging_mixin.py:188} INFO - [2024-07-10T01:04:26.684+0000] {dagbag.py:545} INFO - Filling up the DagBag from /home/airflow/.local/lib/python3.12/site-packages/airflow/example_dags/tutorial_objectstorage.py
[2024-07-10T01:04:26.753+0000] {processor.py:840} INFO - DAG(s) 'tutorial_objectstorage' retrieved from /home/airflow/.local/lib/python3.12/site-packages/airflow/example_dags/tutorial_objectstorage.py
[2024-07-10T01:04:27.939+0000] {logging_mixin.py:188} INFO - [2024-07-10T01:04:27.937+0000] {override.py:1829} INFO - Created Permission View: can read on DAG:tutorial_objectstorage
[2024-07-10T01:04:28.128+0000] {logging_mixin.py:188} INFO - [2024-07-10T01:04:28.128+0000] {override.py:1829} INFO - Created Permission View: can edit on DAG:tutorial_objectstorage
[2024-07-10T01:04:28.300+0000] {logging_mixin.py:188} INFO - [2024-07-10T01:04:28.299+0000] {override.py:1829} INFO - Created Permission View: can delete on DAG:tutorial_objectstorage
[2024-07-10T01:04:28.301+0000] {logging_mixin.py:188} INFO - [2024-07-10T01:04:28.301+0000] {dag.py:3096} INFO - Sync 1 DAGs
[2024-07-10T01:04:28.343+0000] {logging_mixin.py:188} INFO - [2024-07-10T01:04:28.342+0000] {dag.py:3118} INFO - Creating ORM DAG for tutorial_objectstorage
[2024-07-10T01:04:28.347+0000] {logging_mixin.py:188} INFO - [2024-07-10T01:04:28.347+0000] {dag.py:3954} INFO - Setting next_dagrun for tutorial_objectstorage to None, run_after=None
[2024-07-10T01:04:28.558+0000] {processor.py:183} INFO - Processing /home/airflow/.local/lib/python3.12/site-packages/airflow/example_dags/tutorial_objectstorage.py took 1.896 seconds
[2024-07-10T01:05:17.414+0000] {processor.py:161} INFO - Started process (PID=106) to work on /home/airflow/.local/lib/python3.12/site-packages/airflow/example_dags/tutorial_objectstorage.py
[2024-07-10T01:05:17.416+0000] {processor.py:830} INFO - Processing file /home/airflow/.local/lib/python3.12/site-packages/airflow/example_dags/tutorial_objectstorage.py for tasks to queue
[2024-07-10T01:05:17.418+0000] {logging_mixin.py:188} INFO - [2024-07-10T01:05:17.418+0000] {dagbag.py:545} INFO - Filling up the DagBag from /home/airflow/.local/lib/python3.12/site-packages/airflow/example_dags/tutorial_objectstorage.py
[2024-07-10T01:05:17.425+0000] {processor.py:840} INFO - DAG(s) 'tutorial_objectstorage' retrieved from /home/airflow/.local/lib/python3.12/site-packages/airflow/example_dags/tutorial_objectstorage.py
[2024-07-10T01:05:17.450+0000] {logging_mixin.py:188} INFO - [2024-07-10T01:05:17.449+0000] {dag.py:3096} INFO - Sync 1 DAGs
[2024-07-10T01:05:17.466+0000] {logging_mixin.py:188} INFO - [2024-07-10T01:05:17.466+0000] {dag.py:3954} INFO - Setting next_dagrun for tutorial_objectstorage to None, run_after=None
[2024-07-10T01:05:17.488+0000] {processor.py:183} INFO - Processing /home/airflow/.local/lib/python3.12/site-packages/airflow/example_dags/tutorial_objectstorage.py took 0.080 seconds
[2024-07-10T01:05:48.120+0000] {processor.py:161} INFO - Started process (PID=159) to work on /home/airflow/.local/lib/python3.12/site-packages/airflow/example_dags/tutorial_objectstorage.py
[2024-07-10T01:05:48.121+0000] {processor.py:830} INFO - Processing file /home/airflow/.local/lib/python3.12/site-packages/airflow/example_dags/tutorial_objectstorage.py for tasks to queue
[2024-07-10T01:05:48.123+0000] {logging_mixin.py:188} INFO - [2024-07-10T01:05:48.122+0000] {dagbag.py:545} INFO - Filling up the DagBag from /home/airflow/.local/lib/python3.12/site-packages/airflow/example_dags/tutorial_objectstorage.py
[2024-07-10T01:05:48.129+0000] {processor.py:840} INFO - DAG(s) 'tutorial_objectstorage' retrieved from /home/airflow/.local/lib/python3.12/site-packages/airflow/example_dags/tutorial_objectstorage.py
[2024-07-10T01:05:48.147+0000] {logging_mixin.py:188} INFO - [2024-07-10T01:05:48.147+0000] {dag.py:3096} INFO - Sync 1 DAGs
[2024-07-10T01:05:48.164+0000] {logging_mixin.py:188} INFO - [2024-07-10T01:05:48.163+0000] {dag.py:3954} INFO - Setting next_dagrun for tutorial_objectstorage to None, run_after=None
[2024-07-10T01:05:48.204+0000] {processor.py:183} INFO - Processing /home/airflow/.local/lib/python3.12/site-packages/airflow/example_dags/tutorial_objectstorage.py took 0.089 seconds
[2024-07-10T01:06:18.601+0000] {processor.py:161} INFO - Started process (PID=217) to work on /home/airflow/.local/lib/python3.12/site-packages/airflow/example_dags/tutorial_objectstorage.py
[2024-07-10T01:06:18.602+0000] {processor.py:830} INFO - Processing file /home/airflow/.local/lib/python3.12/site-packages/airflow/example_dags/tutorial_objectstorage.py for tasks to queue
[2024-07-10T01:06:18.604+0000] {logging_mixin.py:188} INFO - [2024-07-10T01:06:18.604+0000] {dagbag.py:545} INFO - Filling up the DagBag from /home/airflow/.local/lib/python3.12/site-packages/airflow/example_dags/tutorial_objectstorage.py
[2024-07-10T01:06:18.611+0000] {processor.py:840} INFO - DAG(s) 'tutorial_objectstorage' retrieved from /home/airflow/.local/lib/python3.12/site-packages/airflow/example_dags/tutorial_objectstorage.py
[2024-07-10T01:06:18.633+0000] {logging_mixin.py:188} INFO - [2024-07-10T01:06:18.633+0000] {dag.py:3096} INFO - Sync 1 DAGs
[2024-07-10T01:06:18.646+0000] {logging_mixin.py:188} INFO - [2024-07-10T01:06:18.646+0000] {dag.py:3954} INFO - Setting next_dagrun for tutorial_objectstorage to None, run_after=None
[2024-07-10T01:06:18.740+0000] {processor.py:183} INFO - Processing /home/airflow/.local/lib/python3.12/site-packages/airflow/example_dags/tutorial_objectstorage.py took 0.147 seconds
[2024-07-10T01:06:48.985+0000] {processor.py:161} INFO - Started process (PID=275) to work on /home/airflow/.local/lib/python3.12/site-packages/airflow/example_dags/tutorial_objectstorage.py
[2024-07-10T01:06:48.986+0000] {processor.py:830} INFO - Processing file /home/airflow/.local/lib/python3.12/site-packages/airflow/example_dags/tutorial_objectstorage.py for tasks to queue
[2024-07-10T01:06:48.988+0000] {logging_mixin.py:188} INFO - [2024-07-10T01:06:48.988+0000] {dagbag.py:545} INFO - Filling up the DagBag from /home/airflow/.local/lib/python3.12/site-packages/airflow/example_dags/tutorial_objectstorage.py
[2024-07-10T01:06:48.995+0000] {processor.py:840} INFO - DAG(s) 'tutorial_objectstorage' retrieved from /home/airflow/.local/lib/python3.12/site-packages/airflow/example_dags/tutorial_objectstorage.py
[2024-07-10T01:06:49.017+0000] {logging_mixin.py:188} INFO - [2024-07-10T01:06:49.017+0000] {dag.py:3096} INFO - Sync 1 DAGs
[2024-07-10T01:06:49.032+0000] {logging_mixin.py:188} INFO - [2024-07-10T01:06:49.032+0000] {dag.py:3954} INFO - Setting next_dagrun for tutorial_objectstorage to None, run_after=None
[2024-07-10T01:06:49.062+0000] {processor.py:183} INFO - Processing /home/airflow/.local/lib/python3.12/site-packages/airflow/example_dags/tutorial_objectstorage.py took 0.083 seconds
[2024-07-10T01:07:19.143+0000] {processor.py:161} INFO - Started process (PID=331) to work on /home/airflow/.local/lib/python3.12/site-packages/airflow/example_dags/tutorial_objectstorage.py
[2024-07-10T01:07:19.144+0000] {processor.py:830} INFO - Processing file /home/airflow/.local/lib/python3.12/site-packages/airflow/example_dags/tutorial_objectstorage.py for tasks to queue
[2024-07-10T01:07:19.146+0000] {logging_mixin.py:188} INFO - [2024-07-10T01:07:19.146+0000] {dagbag.py:545} INFO - Filling up the DagBag from /home/airflow/.local/lib/python3.12/site-packages/airflow/example_dags/tutorial_objectstorage.py
[2024-07-10T01:07:19.154+0000] {processor.py:840} INFO - DAG(s) 'tutorial_objectstorage' retrieved from /home/airflow/.local/lib/python3.12/site-packages/airflow/example_dags/tutorial_objectstorage.py
[2024-07-10T01:07:19.176+0000] {logging_mixin.py:188} INFO - [2024-07-10T01:07:19.176+0000] {dag.py:3096} INFO - Sync 1 DAGs
[2024-07-10T01:07:19.192+0000] {logging_mixin.py:188} INFO - [2024-07-10T01:07:19.191+0000] {dag.py:3954} INFO - Setting next_dagrun for tutorial_objectstorage to None, run_after=None
[2024-07-10T01:07:19.213+0000] {processor.py:183} INFO - Processing /home/airflow/.local/lib/python3.12/site-packages/airflow/example_dags/tutorial_objectstorage.py took 0.074 seconds
[2024-07-10T01:07:49.300+0000] {processor.py:161} INFO - Started process (PID=389) to work on /home/airflow/.local/lib/python3.12/site-packages/airflow/example_dags/tutorial_objectstorage.py
[2024-07-10T01:07:49.301+0000] {processor.py:830} INFO - Processing file /home/airflow/.local/lib/python3.12/site-packages/airflow/example_dags/tutorial_objectstorage.py for tasks to queue
[2024-07-10T01:07:49.303+0000] {logging_mixin.py:188} INFO - [2024-07-10T01:07:49.302+0000] {dagbag.py:545} INFO - Filling up the DagBag from /home/airflow/.local/lib/python3.12/site-packages/airflow/example_dags/tutorial_objectstorage.py
[2024-07-10T01:07:49.310+0000] {processor.py:840} INFO - DAG(s) 'tutorial_objectstorage' retrieved from /home/airflow/.local/lib/python3.12/site-packages/airflow/example_dags/tutorial_objectstorage.py
[2024-07-10T01:07:49.330+0000] {logging_mixin.py:188} INFO - [2024-07-10T01:07:49.329+0000] {dag.py:3096} INFO - Sync 1 DAGs
[2024-07-10T01:07:49.344+0000] {logging_mixin.py:188} INFO - [2024-07-10T01:07:49.343+0000] {dag.py:3954} INFO - Setting next_dagrun for tutorial_objectstorage to None, run_after=None
[2024-07-10T01:07:49.365+0000] {processor.py:183} INFO - Processing /home/airflow/.local/lib/python3.12/site-packages/airflow/example_dags/tutorial_objectstorage.py took 0.072 seconds
[2024-07-10T01:08:19.496+0000] {processor.py:161} INFO - Started process (PID=441) to work on /home/airflow/.local/lib/python3.12/site-packages/airflow/example_dags/tutorial_objectstorage.py
[2024-07-10T01:08:19.498+0000] {processor.py:830} INFO - Processing file /home/airflow/.local/lib/python3.12/site-packages/airflow/example_dags/tutorial_objectstorage.py for tasks to queue
[2024-07-10T01:08:19.500+0000] {logging_mixin.py:188} INFO - [2024-07-10T01:08:19.499+0000] {dagbag.py:545} INFO - Filling up the DagBag from /home/airflow/.local/lib/python3.12/site-packages/airflow/example_dags/tutorial_objectstorage.py
[2024-07-10T01:08:19.506+0000] {processor.py:840} INFO - DAG(s) 'tutorial_objectstorage' retrieved from /home/airflow/.local/lib/python3.12/site-packages/airflow/example_dags/tutorial_objectstorage.py
[2024-07-10T01:08:19.526+0000] {logging_mixin.py:188} INFO - [2024-07-10T01:08:19.525+0000] {dag.py:3096} INFO - Sync 1 DAGs
[2024-07-10T01:08:19.541+0000] {logging_mixin.py:188} INFO - [2024-07-10T01:08:19.540+0000] {dag.py:3954} INFO - Setting next_dagrun for tutorial_objectstorage to None, run_after=None
[2024-07-10T01:08:19.562+0000] {processor.py:183} INFO - Processing /home/airflow/.local/lib/python3.12/site-packages/airflow/example_dags/tutorial_objectstorage.py took 0.072 seconds
[2024-07-10T01:08:49.659+0000] {processor.py:161} INFO - Started process (PID=499) to work on /home/airflow/.local/lib/python3.12/site-packages/airflow/example_dags/tutorial_objectstorage.py
[2024-07-10T01:08:49.660+0000] {processor.py:830} INFO - Processing file /home/airflow/.local/lib/python3.12/site-packages/airflow/example_dags/tutorial_objectstorage.py for tasks to queue
[2024-07-10T01:08:49.662+0000] {logging_mixin.py:188} INFO - [2024-07-10T01:08:49.662+0000] {dagbag.py:545} INFO - Filling up the DagBag from /home/airflow/.local/lib/python3.12/site-packages/airflow/example_dags/tutorial_objectstorage.py
[2024-07-10T01:08:49.671+0000] {processor.py:840} INFO - DAG(s) 'tutorial_objectstorage' retrieved from /home/airflow/.local/lib/python3.12/site-packages/airflow/example_dags/tutorial_objectstorage.py
[2024-07-10T01:08:49.692+0000] {logging_mixin.py:188} INFO - [2024-07-10T01:08:49.692+0000] {dag.py:3096} INFO - Sync 1 DAGs
[2024-07-10T01:08:49.708+0000] {logging_mixin.py:188} INFO - [2024-07-10T01:08:49.707+0000] {dag.py:3954} INFO - Setting next_dagrun for tutorial_objectstorage to None, run_after=None
[2024-07-10T01:08:49.729+0000] {processor.py:183} INFO - Processing /home/airflow/.local/lib/python3.12/site-packages/airflow/example_dags/tutorial_objectstorage.py took 0.077 seconds
[2024-07-10T01:09:20.096+0000] {processor.py:161} INFO - Started process (PID=557) to work on /home/airflow/.local/lib/python3.12/site-packages/airflow/example_dags/tutorial_objectstorage.py
[2024-07-10T01:09:20.097+0000] {processor.py:830} INFO - Processing file /home/airflow/.local/lib/python3.12/site-packages/airflow/example_dags/tutorial_objectstorage.py for tasks to queue
[2024-07-10T01:09:20.100+0000] {logging_mixin.py:188} INFO - [2024-07-10T01:09:20.099+0000] {dagbag.py:545} INFO - Filling up the DagBag from /home/airflow/.local/lib/python3.12/site-packages/airflow/example_dags/tutorial_objectstorage.py
[2024-07-10T01:09:20.107+0000] {processor.py:840} INFO - DAG(s) 'tutorial_objectstorage' retrieved from /home/airflow/.local/lib/python3.12/site-packages/airflow/example_dags/tutorial_objectstorage.py
[2024-07-10T01:09:20.136+0000] {logging_mixin.py:188} INFO - [2024-07-10T01:09:20.136+0000] {dag.py:3096} INFO - Sync 1 DAGs
[2024-07-10T01:09:20.156+0000] {logging_mixin.py:188} INFO - [2024-07-10T01:09:20.155+0000] {dag.py:3954} INFO - Setting next_dagrun for tutorial_objectstorage to None, run_after=None
[2024-07-10T01:09:20.190+0000] {processor.py:183} INFO - Processing /home/airflow/.local/lib/python3.12/site-packages/airflow/example_dags/tutorial_objectstorage.py took 0.100 seconds
[2024-07-10T01:09:50.356+0000] {processor.py:161} INFO - Started process (PID=615) to work on /home/airflow/.local/lib/python3.12/site-packages/airflow/example_dags/tutorial_objectstorage.py
[2024-07-10T01:09:50.358+0000] {processor.py:830} INFO - Processing file /home/airflow/.local/lib/python3.12/site-packages/airflow/example_dags/tutorial_objectstorage.py for tasks to queue
[2024-07-10T01:09:50.360+0000] {logging_mixin.py:188} INFO - [2024-07-10T01:09:50.360+0000] {dagbag.py:545} INFO - Filling up the DagBag from /home/airflow/.local/lib/python3.12/site-packages/airflow/example_dags/tutorial_objectstorage.py
[2024-07-10T01:09:50.367+0000] {processor.py:840} INFO - DAG(s) 'tutorial_objectstorage' retrieved from /home/airflow/.local/lib/python3.12/site-packages/airflow/example_dags/tutorial_objectstorage.py
[2024-07-10T01:09:50.390+0000] {logging_mixin.py:188} INFO - [2024-07-10T01:09:50.389+0000] {dag.py:3096} INFO - Sync 1 DAGs
[2024-07-10T01:09:50.406+0000] {logging_mixin.py:188} INFO - [2024-07-10T01:09:50.406+0000] {dag.py:3954} INFO - Setting next_dagrun for tutorial_objectstorage to None, run_after=None
[2024-07-10T01:09:50.431+0000] {processor.py:183} INFO - Processing /home/airflow/.local/lib/python3.12/site-packages/airflow/example_dags/tutorial_objectstorage.py took 0.081 seconds
